<?xml version="1.0" encoding="UTF-8"?>
<!-- Generated by org.testng.reporters.JUnitXMLReporter -->
<testsuite ignored="0" hostname="Mugunth-DESKTOP-8V8CNVQ" failures="0" tests="3" name="Smoke Test cases" time="227.818" errors="0" timestamp="2021-11-19T22:23:58 IST">
  <testcase classname="com.eagle.TestCases.LoginTest" name="VerifyLoginPage_Test" time="37.404"/>
  <testcase classname="com.eagle.TestCases.ComparisonTest" name="DeleteComparisonFirstCard_Test" time="75.463"/>
  <testcase classname="com.eagle.TestCases.ComparisonTest" name="DeleteComparisonSecondCard_Test" time="107.726"/>
</testsuite> <!-- Smoke Test cases -->
