<?xml version="1.0" encoding="UTF-8"?>
<!-- Generated by org.testng.reporters.JUnitXMLReporter -->
<testsuite ignored="1" hostname="Mugunth-DESKTOP-8V8CNVQ" failures="0" tests="2" name="Smoke Test cases" time="81.814" errors="0" timestamp="2021-12-14T20:33:50 IST">
  <testcase classname="com.eagle.TestCases.LoginTest" name="VerifyLoginPage_Test" time="31.046"/>
  <testcase classname="com.eagle.TestCases.SetTest" name="CreateSet_Test" time="42.841"/>
  <testcase classname="com.eagle.TestCases.BaseTest" name="@AfterSuite closeApplication" time="0.0">
    <ignored/>
  </testcase> <!-- @AfterSuite closeApplication -->
</testsuite> <!-- Smoke Test cases -->
