<?xml version="1.0" encoding="UTF-8"?>
<!-- Generated by org.testng.reporters.JUnitXMLReporter -->
<testsuite ignored="6" hostname="Mugunth-DESKTOP-8V8CNVQ" failures="0" tests="79" name="Smoke Test cases" time="6191.564" errors="0" timestamp="2021-12-22T14:29:21 IST">
  <testcase classname="com.eagle.TestCases.LoginTest" name="VerifyLoginPage_Test" time="27.02"/>
  <testcase classname="com.eagle.TestCases.HomeTest" name="VerifyLogoVisibility_Test" time="0.046"/>
  <testcase classname="com.eagle.TestCases.HomeTest" name="VerifyDashboard_Test" time="0.24"/>
  <testcase classname="com.eagle.TestCases.HomeTest" name="VerifyUserProfile" time="0.754"/>
  <testcase classname="com.eagle.TestCases.HomeTest" name="VerifyCopyRights" time="0.086"/>
  <testcase classname="com.eagle.TestCases.HomeTest" name="CreateGlobalSearch_Test" time="4.829"/>
  <testcase classname="com.eagle.TestCases.HomeTest" name="VerifySavedSearches_Test" time="3.203"/>
  <testcase classname="com.eagle.TestCases.SetTest" name="CreateSet_Test" time="29.099"/>
  <testcase classname="com.eagle.TestCases.SetTest" name="ViewSet_Test" time="1.563"/>
  <testcase classname="com.eagle.TestCases.SetTest" name="CreateSetFromFile_Test" time="19.117"/>
  <testcase classname="com.eagle.TestCases.SetTest" name="CreateSetFromSet_Test" time="49.103"/>
  <testcase classname="com.eagle.TestCases.SetTest" name="SearchInSetExpand_Test" time="122.61"/>
  <testcase classname="com.eagle.TestCases.SetTest" name="SetExpandAddFromCatalog_Test" time="273.241"/>
  <testcase classname="com.eagle.TestCases.SetTest" name="SetExpandAddFromSet_Test" time="180.697"/>
  <testcase classname="com.eagle.TestCases.SetTest" name="SetExpandAddFromFile_Test" time="157.055"/>
  <testcase classname="com.eagle.TestCases.SetTest" name="DeleteCardInSetExpand_Test" time="47.858"/>
  <testcase classname="com.eagle.TestCases.SetTest" name="RemoveItemsfromSet_Test" time="63.507"/>
  <testcase classname="com.eagle.TestCases.SetTest" name="GridChangesInSet_Test" time="61.236"/>
  <testcase classname="com.eagle.TestCases.SetTest" name="CreateAndDeleteSet_Test" time="33.757"/>
  <testcase classname="com.eagle.TestCases.SetTest" name="CreateAndShareSet_Test" time="44.925"/>
  <testcase classname="com.eagle.TestCases.SetTest" name="DeleteSet_Test" time="5.673"/>
  <testcase classname="com.eagle.TestCases.SetTest" name="ShareSet_Test" time="6.0"/>
  <testcase classname="com.eagle.TestCases.SetTest" name="SortColumnSet_Test" time="91.855"/>
  <testcase classname="com.eagle.TestCases.SetTest" name="FilterSet_Test" time="130.808"/>
  <testcase classname="com.eagle.TestCases.SetTest" name="FilterMultiSet_Test" time="194.148"/>
  <testcase classname="com.eagle.TestCases.ExplorationTest" name="CreateExplorationFromSearch_Test" time="41.441"/>
  <testcase classname="com.eagle.TestCases.ExplorationTest" name="CreateExplorationFromSetInitally_Test" time="97.22"/>
  <testcase classname="com.eagle.TestCases.ExplorationTest" name="CreateExplorationFromSet_Test" time="66.787"/>
  <testcase classname="com.eagle.TestCases.ExplorationTest" name="CreateExplorationFromFile_Test" time="41.205"/>
  <testcase classname="com.eagle.TestCases.ExplorationTest" name="SearchInExplorationExpand_Test" time="141.887"/>
  <testcase classname="com.eagle.TestCases.ExplorationTest" name="DeleteCardInExplorationExpand_Test" time="95.183"/>
  <testcase classname="com.eagle.TestCases.ExplorationTest" name="DeleteExplorationFirstCard_Test" time="35.489"/>
  <testcase classname="com.eagle.TestCases.ExplorationTest" name="DeleteExplorationSecondCard_Test" time="61.785"/>
  <testcase classname="com.eagle.TestCases.ExplorationTest" name="ExplorationExpandAddFromCatalog_Test" time="347.36"/>
  <testcase classname="com.eagle.TestCases.ExplorationTest" name="ExplorationExpandAddFromSet_Test" time="125.609"/>
  <testcase classname="com.eagle.TestCases.ExplorationTest" name="ExplorationExpandAddFromFile_Test" time="101.592"/>
  <testcase classname="com.eagle.TestCases.ExplorationTest" name="ExplorationCreateARelationCard_Test" time="56.913"/>
  <testcase classname="com.eagle.TestCases.ExplorationTest" name="ExplorationCreateTwoRelationCard_Test" time="163.005"/>
  <testcase classname="com.eagle.TestCases.ExplorationTest" name="CreateAndDeleteExploration_Test" time="40.219"/>
  <testcase classname="com.eagle.TestCases.ExplorationTest" name="CreateAndShareExploration_Test" time="50.875"/>
  <testcase classname="com.eagle.TestCases.ExplorationTest" name="DeleteExploration_Test" time="4.88"/>
  <testcase classname="com.eagle.TestCases.ExplorationTest" name="ShareExploration_Test" time="8.192"/>
  <testcase classname="com.eagle.TestCases.ExplorationTest" name="RemoveItemsfromExploration_Test" time="47.686"/>
  <testcase classname="com.eagle.TestCases.ExplorationTest" name="SortColumnExploration_Test" time="615.275"/>
  <testcase classname="com.eagle.TestCases.ExplorationTest" name="FilterExploration_Test" time="119.34"/>
  <testcase classname="com.eagle.TestCases.ExplorationTest" name="FilterMultiExploration_Test" time="185.212"/>
  <testcase classname="com.eagle.TestCases.ComparisonTest" name="CreateComparisonWithContol_Test" time="22.224"/>
  <testcase classname="com.eagle.TestCases.ComparisonTest" name="CreateComparisonFromSet_Test" time="63.545"/>
  <testcase classname="com.eagle.TestCases.ComparisonTest" name="CreateComparisonFromFile_Test" time="43.27"/>
  <testcase classname="com.eagle.TestCases.ComparisonTest" name="CreateComparisonWithContolandCase_Test" time="61.245"/>
  <testcase classname="com.eagle.TestCases.ComparisonTest" name="createComparisonWithControlandCaseRunComparison_Test" time="71.037"/>
  <testcase classname="com.eagle.TestCases.ComparisonTest" name="updateComparisonWithCaseCard_Test" time="33.618"/>
  <testcase classname="com.eagle.TestCases.ComparisonTest" name="SearchInComparisonExpand_Test" time="97.766"/>
  <testcase classname="com.eagle.TestCases.ComparisonTest" name="DeleteCardInComparisonExpand_Test" time="62.424"/>
  <testcase classname="com.eagle.TestCases.ComparisonTest" name="DeleteComparisonFirstCard_Test" time="41.262"/>
  <testcase classname="com.eagle.TestCases.ComparisonTest" name="DeleteComparisonSecondCard_Test" time="111.497"/>
  <testcase classname="com.eagle.TestCases.ComparisonTest" name="ComparisonExpandAddFromCatalog_Test" time="69.665"/>
  <testcase classname="com.eagle.TestCases.ComparisonTest" name="ComparisonExpandAddFromSet_Test" time="389.456"/>
  <testcase classname="com.eagle.TestCases.ComparisonTest" name="ComparisonExpandAddFromFile_Test" time="144.269"/>
  <testcase classname="com.eagle.TestCases.ComparisonTest" name="ComparisonCreateMultipleCaseCards_Test" time="88.487"/>
  <testcase classname="com.eagle.TestCases.ComparisonTest" name="ComparisonCreateMultipleCaseCardsRunComparison_Test" time="130.213"/>
  <testcase classname="com.eagle.TestCases.ComparisonTest" name="CreateAndDeleteComparison_Test" time="41.504"/>
  <testcase classname="com.eagle.TestCases.ComparisonTest" name="CreateAndShareComparison_Test" time="54.383"/>
  <testcase classname="com.eagle.TestCases.ComparisonTest" name="DeleteComparison_Test" time="5.164"/>
  <testcase classname="com.eagle.TestCases.ComparisonTest" name="ShareComparison_Test" time="6.765"/>
  <testcase classname="com.eagle.TestCases.ComparisonTest" name="RemoveItemsfromComparison_Test" time="54.431"/>
  <testcase classname="com.eagle.TestCases.ComparisonTest" name="ChangeControlAndCase_Test" time="83.048"/>
  <testcase classname="com.eagle.TestCases.ComparisonTest" name="SortColumnComparison_Test" time="83.944"/>
  <testcase classname="com.eagle.TestCases.ComparisonTest" name="FilterComparison_Test" time="145.63"/>
  <testcase classname="com.eagle.TestCases.ComparisonTest" name="FilterMultiComparison_Test" time="160.059"/>
  <testcase classname="com.eagle.TestCases.InvestigationTest" name="CreateInvestigation_Test" time="1.419"/>
  <testcase classname="com.eagle.TestCases.InvestigationTest" name="ViewInvestigation_Test" time="4.393"/>
  <testcase classname="com.eagle.TestCases.InvestigationTest" name="EditInvestigation_Test" time="0.088"/>
  <testcase classname="com.eagle.TestCases.InvestigationTest" name="LinkSetWithInvestigation_Test" time="36.973"/>
  <testcase classname="com.eagle.TestCases.InvestigationTest" name="LinkExplorationWithInvestigation_Test" time="30.678"/>
  <testcase classname="com.eagle.TestCases.InvestigationTest" name="LinkComparisonWithInvestigation_Test" time="35.481"/>
  <testcase classname="com.eagle.TestCases.InvestigationTest" name="ShareInvestigation_Test" time="0.083"/>
  <testcase classname="com.eagle.TestCases.InvestigationTest" name="DeleteInvestigation_Test" time="3.318"/>
  <testcase classname="com.eagle.TestCases.LogoutTest" name="VerifyLogout_Test" time="6.533"/>
  <testcase classname="com.eagle.TestCases.BaseTest" name="@AfterSuite closeApplication" time="0.0">
    <ignored/>
  </testcase> <!-- @AfterSuite closeApplication -->
  <testcase classname="com.eagle.TestCases.BaseTest" name="@AfterSuite closeApplication" time="0.0">
    <ignored/>
  </testcase> <!-- @AfterSuite closeApplication -->
  <testcase classname="com.eagle.TestCases.BaseTest" name="@AfterSuite closeApplication" time="0.0">
    <ignored/>
  </testcase> <!-- @AfterSuite closeApplication -->
  <testcase classname="com.eagle.TestCases.BaseTest" name="@AfterSuite closeApplication" time="0.0">
    <ignored/>
  </testcase> <!-- @AfterSuite closeApplication -->
  <testcase classname="com.eagle.TestCases.BaseTest" name="@AfterSuite closeApplication" time="0.0">
    <ignored/>
  </testcase> <!-- @AfterSuite closeApplication -->
  <testcase classname="com.eagle.TestCases.BaseTest" name="@AfterSuite closeApplication" time="0.0">
    <ignored/>
  </testcase> <!-- @AfterSuite closeApplication -->
</testsuite> <!-- Smoke Test cases -->
