<?xml version="1.0" encoding="UTF-8"?>
<!-- Generated by org.testng.reporters.JUnitXMLReporter -->
<testsuite ignored="2" hostname="Mugunth-DESKTOP-8V8CNVQ" failures="0" tests="4" name="Smoke Test cases" time="84.706" errors="0" timestamp="2022-02-14T20:17:50 IST">
  <testcase classname="com.eagle.TestCases.LoginTest" name="VerifyLoginPage_Test" time="47.734"/>
  <testcase classname="com.eagle.TestCases.AnalysisTest" name="VerifyNumericalValueAnalysis_Test" time="12.114"/>
  <testcase classname="com.eagle.TestCases.AnalysisTest" name="VerifyCategoticalValueAnalysis_Test" time="8.498"/>
  <testcase classname="com.eagle.TestCases.LogoutTest" name="VerifyLogout_Test" time="6.862"/>
  <testcase classname="com.eagle.TestCases.BaseTest" name="@AfterSuite closeApplication" time="0.0">
    <ignored/>
  </testcase> <!-- @AfterSuite closeApplication -->
  <testcase classname="com.eagle.TestCases.BaseTest" name="@AfterSuite closeApplication" time="0.0">
    <ignored/>
  </testcase> <!-- @AfterSuite closeApplication -->
</testsuite> <!-- Smoke Test cases -->
