<?xml version="1.0" encoding="UTF-8"?>
<!-- Generated by org.testng.reporters.JUnitXMLReporter -->
<testsuite ignored="0" hostname="Divya-Devanathan" failures="0" tests="6" name="Smoke Test cases" time="44.051" errors="0" timestamp="2021-11-15T13:31:08 IST">
  <testcase classname="com.eagle.TestCases.LoginTest" name="VerifyLogin_Test" time="31.316"/>
  <testcase classname="com.eagle.TestCases.HomeTest" name="VerifyLogoVisibility_Test" time="0.03"/>
  <testcase classname="com.eagle.TestCases.HomeTest" name="VerifyDashboard_Test" time="0.258"/>
  <testcase classname="com.eagle.TestCases.HomeTest" name="VerifyUserProfile" time="1.142"/>
  <testcase classname="com.eagle.TestCases.HomeTest" name="VerifyCopyRights" time="0.07"/>
  <testcase classname="com.eagle.TestCases.LogoutTest" name="VerifyLogout_Test" time="4.354"/>
</testsuite> <!-- Smoke Test cases -->
