<?xml version="1.0" encoding="UTF-8"?>
<!-- Generated by org.testng.reporters.JUnitXMLReporter -->
<testsuite ignored="0" hostname="Mugunth-DESKTOP-8V8CNVQ" failures="0" tests="79" name="Smoke Test cases" time="73.226" errors="0" timestamp="2021-12-14T00:42:54 IST">
  <testcase classname="com.eagle.TestCases.SetTest" name="@BeforeClass beforeClass" time="2.38">
    <failure type="org.openqa.selenium.ElementClickInterceptedException" message="element click intercepted: Element &amp;lt;i data-icon-name=&amp;quot;DocumentSet&amp;quot; role=&amp;quot;presentation&amp;quot; aria-hidden=&amp;quot;true&amp;quot; class=&amp;quot;ms-Icon root-37 css-59 ms-Button-icon icon-50&amp;quot; style=&amp;quot;font-family: FabricMDL2Icons-7;&amp;quot;&amp;gt;...&amp;lt;/i&amp;gt; is not clickable at point (30, 415). Other element would receive the click: &amp;lt;div class=&amp;quot;ms-Overlay root-145&amp;quot;&amp;gt;&amp;lt;/div&amp;gt;
  (Session info: chrome=96.0.4664.93)
Build info: version: &amp;apos;3.141.59&amp;apos;, revision: &amp;apos;e82be7d358&amp;apos;, time: &amp;apos;2018-11-14T08:17:03&amp;apos;
System info: host: &amp;apos;MUGUNTH-DESKTOP&amp;apos;, ip: &amp;apos;172.17.200.17&amp;apos;, os.name: &amp;apos;Windows 10&amp;apos;, os.arch: &amp;apos;amd64&amp;apos;, os.version: &amp;apos;10.0&amp;apos;, java.version: &amp;apos;15.0.2&amp;apos;
Driver info: org.openqa.selenium.chrome.ChromeDriver
Capabilities {acceptInsecureCerts: false, browserName: chrome, browserVersion: 96.0.4664.93, chrome: {chromedriverVersion: 96.0.4664.45 (76e4c1bb2ab46..., userDataDir: C:\Users\MUGUNT~1\AppData\L...}, goog:chromeOptions: {debuggerAddress: localhost:56137}, javascriptEnabled: true, networkConnectionEnabled: false, pageLoadStrategy: normal, platform: WINDOWS, platformName: WINDOWS, proxy: Proxy(), setWindowRect: true, strictFileInteractability: false, timeouts: {implicit: 0, pageLoad: 300000, script: 30000}, unhandledPromptBehavior: dismiss and notify, webauthn:extension:credBlob: true, webauthn:extension:largeBlob: true, webauthn:virtualAuthenticators: true}
Session ID: 61937378231ae9aea83a164a38cd15cf">
      <![CDATA[org.openqa.selenium.ElementClickInterceptedException: element click intercepted: Element <i data-icon-name="DocumentSet" role="presentation" aria-hidden="true" class="ms-Icon root-37 css-59 ms-Button-icon icon-50" style="font-family: FabricMDL2Icons-7;">...</i> is not clickable at point (30, 415). Other element would receive the click: <div class="ms-Overlay root-145"></div>
  (Session info: chrome=96.0.4664.93)
Build info: version: '3.141.59', revision: 'e82be7d358', time: '2018-11-14T08:17:03'
System info: host: 'MUGUNTH-DESKTOP', ip: '172.17.200.17', os.name: 'Windows 10', os.arch: 'amd64', os.version: '10.0', java.version: '15.0.2'
Driver info: org.openqa.selenium.chrome.ChromeDriver
Capabilities {acceptInsecureCerts: false, browserName: chrome, browserVersion: 96.0.4664.93, chrome: {chromedriverVersion: 96.0.4664.45 (76e4c1bb2ab46..., userDataDir: C:\Users\MUGUNT~1\AppData\L...}, goog:chromeOptions: {debuggerAddress: localhost:56137}, javascriptEnabled: true, networkConnectionEnabled: false, pageLoadStrategy: normal, platform: WINDOWS, platformName: WINDOWS, proxy: Proxy(), setWindowRect: true, strictFileInteractability: false, timeouts: {implicit: 0, pageLoad: 300000, script: 30000}, unhandledPromptBehavior: dismiss and notify, webauthn:extension:credBlob: true, webauthn:extension:largeBlob: true, webauthn:virtualAuthenticators: true}
Session ID: 61937378231ae9aea83a164a38cd15cf
at org.openqa.selenium.remote.http.W3CHttpResponseCodec.createException(W3CHttpResponseCodec.java:187)
at org.openqa.selenium.remote.http.W3CHttpResponseCodec.decode(W3CHttpResponseCodec.java:122)
at org.openqa.selenium.remote.http.W3CHttpResponseCodec.decode(W3CHttpResponseCodec.java:49)
at org.openqa.selenium.remote.HttpCommandExecutor.execute(HttpCommandExecutor.java:158)
at org.openqa.selenium.remote.service.DriverCommandExecutor.execute(DriverCommandExecutor.java:83)
at org.openqa.selenium.remote.RemoteWebDriver.execute(RemoteWebDriver.java:552)
at org.openqa.selenium.remote.RemoteWebElement.execute(RemoteWebElement.java:285)
at org.openqa.selenium.remote.RemoteWebElement.click(RemoteWebElement.java:84)
at org.openqa.selenium.support.pagefactory.internal.LocatingElementHandler.invoke(LocatingElementHandler.java:51)
at com.sun.proxy.$Proxy12.click(Unknown Source)
at com.eagle.pages.BasePage.click(BasePage.java:55)
at com.eagle.pages.SetPage.<init>(SetPage.java:292)
at com.eagle.TestCases.SetTest.beforeClass(SetTest.java:27)
at java.base/java.util.ArrayList.forEach(ArrayList.java:1511)
... Removed 33 stack frames]]>
    </failure>
  </testcase> <!-- @BeforeClass beforeClass -->
  <testcase classname="com.eagle.TestCases.ExplorationTest" name="@BeforeClass beforeClass" time="2.382">
    <failure type="org.openqa.selenium.ElementClickInterceptedException" message="element click intercepted: Element &amp;lt;i data-icon-name=&amp;quot;Relationship&amp;quot; role=&amp;quot;presentation&amp;quot; aria-hidden=&amp;quot;true&amp;quot; class=&amp;quot;ms-Icon root-37 css-57 ms-Button-icon icon-50&amp;quot; style=&amp;quot;font-family: FabricMDL2Icons-8;&amp;quot;&amp;gt;...&amp;lt;/i&amp;gt; is not clickable at point (30, 295). Other element would receive the click: &amp;lt;div class=&amp;quot;ms-Overlay root-145&amp;quot;&amp;gt;&amp;lt;/div&amp;gt;
  (Session info: chrome=96.0.4664.93)
Build info: version: &amp;apos;3.141.59&amp;apos;, revision: &amp;apos;e82be7d358&amp;apos;, time: &amp;apos;2018-11-14T08:17:03&amp;apos;
System info: host: &amp;apos;MUGUNTH-DESKTOP&amp;apos;, ip: &amp;apos;172.17.200.17&amp;apos;, os.name: &amp;apos;Windows 10&amp;apos;, os.arch: &amp;apos;amd64&amp;apos;, os.version: &amp;apos;10.0&amp;apos;, java.version: &amp;apos;15.0.2&amp;apos;
Driver info: org.openqa.selenium.chrome.ChromeDriver
Capabilities {acceptInsecureCerts: false, browserName: chrome, browserVersion: 96.0.4664.93, chrome: {chromedriverVersion: 96.0.4664.45 (76e4c1bb2ab46..., userDataDir: C:\Users\MUGUNT~1\AppData\L...}, goog:chromeOptions: {debuggerAddress: localhost:56137}, javascriptEnabled: true, networkConnectionEnabled: false, pageLoadStrategy: normal, platform: WINDOWS, platformName: WINDOWS, proxy: Proxy(), setWindowRect: true, strictFileInteractability: false, timeouts: {implicit: 0, pageLoad: 300000, script: 30000}, unhandledPromptBehavior: dismiss and notify, webauthn:extension:credBlob: true, webauthn:extension:largeBlob: true, webauthn:virtualAuthenticators: true}
Session ID: 61937378231ae9aea83a164a38cd15cf">
      <![CDATA[org.openqa.selenium.ElementClickInterceptedException: element click intercepted: Element <i data-icon-name="Relationship" role="presentation" aria-hidden="true" class="ms-Icon root-37 css-57 ms-Button-icon icon-50" style="font-family: FabricMDL2Icons-8;">...</i> is not clickable at point (30, 295). Other element would receive the click: <div class="ms-Overlay root-145"></div>
  (Session info: chrome=96.0.4664.93)
Build info: version: '3.141.59', revision: 'e82be7d358', time: '2018-11-14T08:17:03'
System info: host: 'MUGUNTH-DESKTOP', ip: '172.17.200.17', os.name: 'Windows 10', os.arch: 'amd64', os.version: '10.0', java.version: '15.0.2'
Driver info: org.openqa.selenium.chrome.ChromeDriver
Capabilities {acceptInsecureCerts: false, browserName: chrome, browserVersion: 96.0.4664.93, chrome: {chromedriverVersion: 96.0.4664.45 (76e4c1bb2ab46..., userDataDir: C:\Users\MUGUNT~1\AppData\L...}, goog:chromeOptions: {debuggerAddress: localhost:56137}, javascriptEnabled: true, networkConnectionEnabled: false, pageLoadStrategy: normal, platform: WINDOWS, platformName: WINDOWS, proxy: Proxy(), setWindowRect: true, strictFileInteractability: false, timeouts: {implicit: 0, pageLoad: 300000, script: 30000}, unhandledPromptBehavior: dismiss and notify, webauthn:extension:credBlob: true, webauthn:extension:largeBlob: true, webauthn:virtualAuthenticators: true}
Session ID: 61937378231ae9aea83a164a38cd15cf
at org.openqa.selenium.remote.http.W3CHttpResponseCodec.createException(W3CHttpResponseCodec.java:187)
at org.openqa.selenium.remote.http.W3CHttpResponseCodec.decode(W3CHttpResponseCodec.java:122)
at org.openqa.selenium.remote.http.W3CHttpResponseCodec.decode(W3CHttpResponseCodec.java:49)
at org.openqa.selenium.remote.HttpCommandExecutor.execute(HttpCommandExecutor.java:158)
at org.openqa.selenium.remote.service.DriverCommandExecutor.execute(DriverCommandExecutor.java:83)
at org.openqa.selenium.remote.RemoteWebDriver.execute(RemoteWebDriver.java:552)
at org.openqa.selenium.remote.RemoteWebElement.execute(RemoteWebElement.java:285)
at org.openqa.selenium.remote.RemoteWebElement.click(RemoteWebElement.java:84)
at org.openqa.selenium.support.pagefactory.internal.LocatingElementHandler.invoke(LocatingElementHandler.java:51)
at com.sun.proxy.$Proxy12.click(Unknown Source)
at com.eagle.pages.BasePage.click(BasePage.java:55)
at com.eagle.pages.ExplorationPage.<init>(ExplorationPage.java:328)
at com.eagle.TestCases.ExplorationTest.beforeClass(ExplorationTest.java:25)
at java.base/java.util.ArrayList.forEach(ArrayList.java:1511)
... Removed 33 stack frames]]>
    </failure>
  </testcase> <!-- @BeforeClass beforeClass -->
  <testcase classname="com.eagle.TestCases.ComparisonTest" name="@BeforeClass beforeClass" time="2.347">
    <failure type="org.openqa.selenium.ElementClickInterceptedException" message="element click intercepted: Element &amp;lt;i data-icon-name=&amp;quot;BranchCompare&amp;quot; role=&amp;quot;presentation&amp;quot; aria-hidden=&amp;quot;true&amp;quot; class=&amp;quot;ms-Icon root-37 css-58 ms-Button-icon icon-50&amp;quot; style=&amp;quot;font-family: FabricMDL2Icons-10;&amp;quot;&amp;gt;...&amp;lt;/i&amp;gt; is not clickable at point (30, 355). Other element would receive the click: &amp;lt;div class=&amp;quot;ms-Overlay root-145&amp;quot;&amp;gt;&amp;lt;/div&amp;gt;
  (Session info: chrome=96.0.4664.93)
Build info: version: &amp;apos;3.141.59&amp;apos;, revision: &amp;apos;e82be7d358&amp;apos;, time: &amp;apos;2018-11-14T08:17:03&amp;apos;
System info: host: &amp;apos;MUGUNTH-DESKTOP&amp;apos;, ip: &amp;apos;172.17.200.17&amp;apos;, os.name: &amp;apos;Windows 10&amp;apos;, os.arch: &amp;apos;amd64&amp;apos;, os.version: &amp;apos;10.0&amp;apos;, java.version: &amp;apos;15.0.2&amp;apos;
Driver info: org.openqa.selenium.chrome.ChromeDriver
Capabilities {acceptInsecureCerts: false, browserName: chrome, browserVersion: 96.0.4664.93, chrome: {chromedriverVersion: 96.0.4664.45 (76e4c1bb2ab46..., userDataDir: C:\Users\MUGUNT~1\AppData\L...}, goog:chromeOptions: {debuggerAddress: localhost:56137}, javascriptEnabled: true, networkConnectionEnabled: false, pageLoadStrategy: normal, platform: WINDOWS, platformName: WINDOWS, proxy: Proxy(), setWindowRect: true, strictFileInteractability: false, timeouts: {implicit: 0, pageLoad: 300000, script: 30000}, unhandledPromptBehavior: dismiss and notify, webauthn:extension:credBlob: true, webauthn:extension:largeBlob: true, webauthn:virtualAuthenticators: true}
Session ID: 61937378231ae9aea83a164a38cd15cf">
      <![CDATA[org.openqa.selenium.ElementClickInterceptedException: element click intercepted: Element <i data-icon-name="BranchCompare" role="presentation" aria-hidden="true" class="ms-Icon root-37 css-58 ms-Button-icon icon-50" style="font-family: FabricMDL2Icons-10;">...</i> is not clickable at point (30, 355). Other element would receive the click: <div class="ms-Overlay root-145"></div>
  (Session info: chrome=96.0.4664.93)
Build info: version: '3.141.59', revision: 'e82be7d358', time: '2018-11-14T08:17:03'
System info: host: 'MUGUNTH-DESKTOP', ip: '172.17.200.17', os.name: 'Windows 10', os.arch: 'amd64', os.version: '10.0', java.version: '15.0.2'
Driver info: org.openqa.selenium.chrome.ChromeDriver
Capabilities {acceptInsecureCerts: false, browserName: chrome, browserVersion: 96.0.4664.93, chrome: {chromedriverVersion: 96.0.4664.45 (76e4c1bb2ab46..., userDataDir: C:\Users\MUGUNT~1\AppData\L...}, goog:chromeOptions: {debuggerAddress: localhost:56137}, javascriptEnabled: true, networkConnectionEnabled: false, pageLoadStrategy: normal, platform: WINDOWS, platformName: WINDOWS, proxy: Proxy(), setWindowRect: true, strictFileInteractability: false, timeouts: {implicit: 0, pageLoad: 300000, script: 30000}, unhandledPromptBehavior: dismiss and notify, webauthn:extension:credBlob: true, webauthn:extension:largeBlob: true, webauthn:virtualAuthenticators: true}
Session ID: 61937378231ae9aea83a164a38cd15cf
at org.openqa.selenium.remote.http.W3CHttpResponseCodec.createException(W3CHttpResponseCodec.java:187)
at org.openqa.selenium.remote.http.W3CHttpResponseCodec.decode(W3CHttpResponseCodec.java:122)
at org.openqa.selenium.remote.http.W3CHttpResponseCodec.decode(W3CHttpResponseCodec.java:49)
at org.openqa.selenium.remote.HttpCommandExecutor.execute(HttpCommandExecutor.java:158)
at org.openqa.selenium.remote.service.DriverCommandExecutor.execute(DriverCommandExecutor.java:83)
at org.openqa.selenium.remote.RemoteWebDriver.execute(RemoteWebDriver.java:552)
at org.openqa.selenium.remote.RemoteWebElement.execute(RemoteWebElement.java:285)
at org.openqa.selenium.remote.RemoteWebElement.click(RemoteWebElement.java:84)
at org.openqa.selenium.support.pagefactory.internal.LocatingElementHandler.invoke(LocatingElementHandler.java:51)
at com.sun.proxy.$Proxy12.click(Unknown Source)
at com.eagle.pages.BasePage.click(BasePage.java:55)
at com.eagle.pages.ComparisonPage.<init>(ComparisonPage.java:367)
at com.eagle.TestCases.ComparisonTest.beforeClass(ComparisonTest.java:26)
at java.base/java.util.ArrayList.forEach(ArrayList.java:1511)
... Removed 33 stack frames]]>
    </failure>
  </testcase> <!-- @BeforeClass beforeClass -->
  <testcase classname="com.eagle.TestCases.LoginTest" name="VerifyLoginPage_Test" time="30.395"/>
  <testcase classname="com.eagle.TestCases.HomeTest" name="VerifyLogoVisibility_Test" time="0.04"/>
  <testcase classname="com.eagle.TestCases.HomeTest" name="VerifyDashboard_Test" time="0.283"/>
  <testcase classname="com.eagle.TestCases.HomeTest" name="VerifyUserProfile" time="0.891"/>
  <testcase classname="com.eagle.TestCases.HomeTest" name="VerifyCopyRights" time="0.111"/>
  <testcase classname="com.eagle.TestCases.HomeTest" name="CreateGlobalSearch_Test" time="4.843"/>
  <testcase classname="com.eagle.TestCases.HomeTest" name="VerifySavedSearches_Test" time="4.118"/>
  <testcase classname="com.eagle.TestCases.SetTest" name="CreateSet_Test" time="0.0">
    <skipped/>
  </testcase> <!-- CreateSet_Test -->
  <testcase classname="com.eagle.TestCases.SetTest" name="ViewSet_Test" time="0.0">
    <skipped/>
  </testcase> <!-- ViewSet_Test -->
  <testcase classname="com.eagle.TestCases.SetTest" name="CreateSetFromFile_Test" time="0.0">
    <skipped/>
  </testcase> <!-- CreateSetFromFile_Test -->
  <testcase classname="com.eagle.TestCases.SetTest" name="CreateSetFromSet_Test" time="0.0">
    <skipped/>
  </testcase> <!-- CreateSetFromSet_Test -->
  <testcase classname="com.eagle.TestCases.SetTest" name="SearchInSetExpand_Test" time="0.0">
    <skipped/>
  </testcase> <!-- SearchInSetExpand_Test -->
  <testcase classname="com.eagle.TestCases.SetTest" name="SetExpandAddFromCatalog_Test" time="0.0">
    <skipped/>
  </testcase> <!-- SetExpandAddFromCatalog_Test -->
  <testcase classname="com.eagle.TestCases.SetTest" name="SetExpandAddFromSet_Test" time="0.0">
    <skipped/>
  </testcase> <!-- SetExpandAddFromSet_Test -->
  <testcase classname="com.eagle.TestCases.SetTest" name="SetExpandAddFromFile_Test" time="0.0">
    <skipped/>
  </testcase> <!-- SetExpandAddFromFile_Test -->
  <testcase classname="com.eagle.TestCases.SetTest" name="DeleteCardInSetExpand_Test" time="0.0">
    <skipped/>
  </testcase> <!-- DeleteCardInSetExpand_Test -->
  <testcase classname="com.eagle.TestCases.SetTest" name="RemoveItemsfromSet_Test" time="0.0">
    <skipped/>
  </testcase> <!-- RemoveItemsfromSet_Test -->
  <testcase classname="com.eagle.TestCases.SetTest" name="GridChangesInSet_Test" time="0.0">
    <skipped/>
  </testcase> <!-- GridChangesInSet_Test -->
  <testcase classname="com.eagle.TestCases.SetTest" name="CreateAndDeleteSet_Test" time="0.0">
    <skipped/>
  </testcase> <!-- CreateAndDeleteSet_Test -->
  <testcase classname="com.eagle.TestCases.SetTest" name="CreateAndShareSet_Test" time="0.0">
    <skipped/>
  </testcase> <!-- CreateAndShareSet_Test -->
  <testcase classname="com.eagle.TestCases.SetTest" name="DeleteSet_Test" time="0.0">
    <skipped/>
  </testcase> <!-- DeleteSet_Test -->
  <testcase classname="com.eagle.TestCases.SetTest" name="ShareSet_Test" time="0.0">
    <skipped/>
  </testcase> <!-- ShareSet_Test -->
  <testcase classname="com.eagle.TestCases.SetTest" name="SortColumnSet_Test" time="0.0">
    <skipped/>
  </testcase> <!-- SortColumnSet_Test -->
  <testcase classname="com.eagle.TestCases.SetTest" name="FilterSet_Test" time="0.0">
    <skipped/>
  </testcase> <!-- FilterSet_Test -->
  <testcase classname="com.eagle.TestCases.SetTest" name="FilterMultiSet_Test" time="0.0">
    <skipped/>
  </testcase> <!-- FilterMultiSet_Test -->
  <testcase classname="com.eagle.TestCases.ExplorationTest" name="CreateExplorationFromSearch_Test" time="0.0">
    <skipped/>
  </testcase> <!-- CreateExplorationFromSearch_Test -->
  <testcase classname="com.eagle.TestCases.ExplorationTest" name="CreateExplorationFromSetInitally_Test" time="0.0">
    <skipped/>
  </testcase> <!-- CreateExplorationFromSetInitally_Test -->
  <testcase classname="com.eagle.TestCases.ExplorationTest" name="CreateExplorationFromSet_Test" time="0.0">
    <skipped/>
  </testcase> <!-- CreateExplorationFromSet_Test -->
  <testcase classname="com.eagle.TestCases.ExplorationTest" name="CreateExplorationFromFile_Test" time="0.0">
    <skipped/>
  </testcase> <!-- CreateExplorationFromFile_Test -->
  <testcase classname="com.eagle.TestCases.ExplorationTest" name="SearchInExplorationExpand_Test" time="0.0">
    <skipped/>
  </testcase> <!-- SearchInExplorationExpand_Test -->
  <testcase classname="com.eagle.TestCases.ExplorationTest" name="DeleteCardInExplorationExpand_Test" time="0.0">
    <skipped/>
  </testcase> <!-- DeleteCardInExplorationExpand_Test -->
  <testcase classname="com.eagle.TestCases.ExplorationTest" name="DeleteExplorationFirstCard_Test" time="0.0">
    <skipped/>
  </testcase> <!-- DeleteExplorationFirstCard_Test -->
  <testcase classname="com.eagle.TestCases.ExplorationTest" name="DeleteExplorationSecondCard_Test" time="0.0">
    <skipped/>
  </testcase> <!-- DeleteExplorationSecondCard_Test -->
  <testcase classname="com.eagle.TestCases.ExplorationTest" name="ExplorationExpandAddFromCatalog_Test" time="0.0">
    <skipped/>
  </testcase> <!-- ExplorationExpandAddFromCatalog_Test -->
  <testcase classname="com.eagle.TestCases.ExplorationTest" name="ExplorationExpandAddFromSet_Test" time="0.0">
    <skipped/>
  </testcase> <!-- ExplorationExpandAddFromSet_Test -->
  <testcase classname="com.eagle.TestCases.ExplorationTest" name="ExplorationExpandAddFromFile_Test" time="0.0">
    <skipped/>
  </testcase> <!-- ExplorationExpandAddFromFile_Test -->
  <testcase classname="com.eagle.TestCases.ExplorationTest" name="ExplorationCreateARelationCard_Test" time="0.0">
    <skipped/>
  </testcase> <!-- ExplorationCreateARelationCard_Test -->
  <testcase classname="com.eagle.TestCases.ExplorationTest" name="ExplorationCreateTwoRelationCard_Test" time="0.0">
    <skipped/>
  </testcase> <!-- ExplorationCreateTwoRelationCard_Test -->
  <testcase classname="com.eagle.TestCases.ExplorationTest" name="CreateAndDeleteExploration_Test" time="0.0">
    <skipped/>
  </testcase> <!-- CreateAndDeleteExploration_Test -->
  <testcase classname="com.eagle.TestCases.ExplorationTest" name="CreateAndShareExploration_Test" time="0.0">
    <skipped/>
  </testcase> <!-- CreateAndShareExploration_Test -->
  <testcase classname="com.eagle.TestCases.ExplorationTest" name="DeleteExploration_Test" time="0.0">
    <skipped/>
  </testcase> <!-- DeleteExploration_Test -->
  <testcase classname="com.eagle.TestCases.ExplorationTest" name="ShareExploration_Test" time="0.0">
    <skipped/>
  </testcase> <!-- ShareExploration_Test -->
  <testcase classname="com.eagle.TestCases.ExplorationTest" name="RemoveItemsfromExploration_Test" time="0.0">
    <skipped/>
  </testcase> <!-- RemoveItemsfromExploration_Test -->
  <testcase classname="com.eagle.TestCases.ExplorationTest" name="SortColumnExploration_Test" time="0.0">
    <skipped/>
  </testcase> <!-- SortColumnExploration_Test -->
  <testcase classname="com.eagle.TestCases.ExplorationTest" name="FilterExploration_Test" time="0.0">
    <skipped/>
  </testcase> <!-- FilterExploration_Test -->
  <testcase classname="com.eagle.TestCases.ExplorationTest" name="FilterMultiComparison_Test" time="0.0">
    <skipped/>
  </testcase> <!-- FilterMultiComparison_Test -->
  <testcase classname="com.eagle.TestCases.ComparisonTest" name="CreateComparisonWithContol_Test" time="0.0">
    <skipped/>
  </testcase> <!-- CreateComparisonWithContol_Test -->
  <testcase classname="com.eagle.TestCases.ComparisonTest" name="CreateComparisonFromSet_Test" time="0.0">
    <skipped/>
  </testcase> <!-- CreateComparisonFromSet_Test -->
  <testcase classname="com.eagle.TestCases.ComparisonTest" name="CreateComparisonFromFile_Test" time="0.0">
    <skipped/>
  </testcase> <!-- CreateComparisonFromFile_Test -->
  <testcase classname="com.eagle.TestCases.ComparisonTest" name="CreateComparisonWithContolandCase_Test" time="0.0">
    <skipped/>
  </testcase> <!-- CreateComparisonWithContolandCase_Test -->
  <testcase classname="com.eagle.TestCases.ComparisonTest" name="createComparisonWithControlandCaseRunComparison_Test" time="0.0">
    <skipped/>
  </testcase> <!-- createComparisonWithControlandCaseRunComparison_Test -->
  <testcase classname="com.eagle.TestCases.ComparisonTest" name="updateComparisonWithCaseCard_Test" time="0.0">
    <skipped/>
  </testcase> <!-- updateComparisonWithCaseCard_Test -->
  <testcase classname="com.eagle.TestCases.ComparisonTest" name="SearchInComparisonExpand_Test" time="0.0">
    <skipped/>
  </testcase> <!-- SearchInComparisonExpand_Test -->
  <testcase classname="com.eagle.TestCases.ComparisonTest" name="DeleteCardInComparisonExpand_Test" time="0.0">
    <skipped/>
  </testcase> <!-- DeleteCardInComparisonExpand_Test -->
  <testcase classname="com.eagle.TestCases.ComparisonTest" name="DeleteComparisonFirstCard_Test" time="0.0">
    <skipped/>
  </testcase> <!-- DeleteComparisonFirstCard_Test -->
  <testcase classname="com.eagle.TestCases.ComparisonTest" name="DeleteComparisonSecondCard_Test" time="0.0">
    <skipped/>
  </testcase> <!-- DeleteComparisonSecondCard_Test -->
  <testcase classname="com.eagle.TestCases.ComparisonTest" name="ComparisonExpandAddFromCatalog_Test" time="0.0">
    <skipped/>
  </testcase> <!-- ComparisonExpandAddFromCatalog_Test -->
  <testcase classname="com.eagle.TestCases.ComparisonTest" name="ComparisonExpandAddFromSet_Test" time="0.0">
    <skipped/>
  </testcase> <!-- ComparisonExpandAddFromSet_Test -->
  <testcase classname="com.eagle.TestCases.ComparisonTest" name="ComparisonExpandAddFromFile_Test" time="0.0">
    <skipped/>
  </testcase> <!-- ComparisonExpandAddFromFile_Test -->
  <testcase classname="com.eagle.TestCases.ComparisonTest" name="ComparisonCreateMultipleCaseCards_Test" time="0.0">
    <skipped/>
  </testcase> <!-- ComparisonCreateMultipleCaseCards_Test -->
  <testcase classname="com.eagle.TestCases.ComparisonTest" name="ComparisonCreateMultipleCaseCardsRunComparison_Test" time="0.0">
    <skipped/>
  </testcase> <!-- ComparisonCreateMultipleCaseCardsRunComparison_Test -->
  <testcase classname="com.eagle.TestCases.ComparisonTest" name="CreateAndDeleteComparison_Test" time="0.0">
    <skipped/>
  </testcase> <!-- CreateAndDeleteComparison_Test -->
  <testcase classname="com.eagle.TestCases.ComparisonTest" name="CreateAndShareComparison_Test" time="0.0">
    <skipped/>
  </testcase> <!-- CreateAndShareComparison_Test -->
  <testcase classname="com.eagle.TestCases.ComparisonTest" name="DeleteComparison_Test" time="0.0">
    <skipped/>
  </testcase> <!-- DeleteComparison_Test -->
  <testcase classname="com.eagle.TestCases.ComparisonTest" name="ShareComparison_Test" time="0.0">
    <skipped/>
  </testcase> <!-- ShareComparison_Test -->
  <testcase classname="com.eagle.TestCases.ComparisonTest" name="RemoveItemsfromComparison_Test" time="0.0">
    <skipped/>
  </testcase> <!-- RemoveItemsfromComparison_Test -->
  <testcase classname="com.eagle.TestCases.ComparisonTest" name="ChangeControlAndCase_Test" time="0.0">
    <skipped/>
  </testcase> <!-- ChangeControlAndCase_Test -->
  <testcase classname="com.eagle.TestCases.ComparisonTest" name="SortColumnComparison_Test" time="0.0">
    <skipped/>
  </testcase> <!-- SortColumnComparison_Test -->
  <testcase classname="com.eagle.TestCases.ComparisonTest" name="FilterComparison_Test" time="0.0">
    <skipped/>
  </testcase> <!-- FilterComparison_Test -->
  <testcase classname="com.eagle.TestCases.ComparisonTest" name="FilterMultiComparison_Test" time="0.0">
    <skipped/>
  </testcase> <!-- FilterMultiComparison_Test -->
  <testcase classname="com.eagle.TestCases.InvestigationTest" name="CreateInvestigation_Test" time="2.535"/>
  <testcase classname="com.eagle.TestCases.InvestigationTest" name="ViewInvestigation_Test" time="2.6"/>
  <testcase classname="com.eagle.TestCases.InvestigationTest" name="EditInvestigation_Test" time="0.121"/>
  <testcase classname="com.eagle.TestCases.InvestigationTest" name="LinkSetWithInvestigation_Test" time="2.458"/>
  <testcase classname="com.eagle.TestCases.InvestigationTest" name="LinkExplorationWithInvestigation_Test" time="2.427"/>
  <testcase classname="com.eagle.TestCases.InvestigationTest" name="LinkComparisonWithInvestigation_Test" time="2.471"/>
  <testcase classname="com.eagle.TestCases.InvestigationTest" name="ShareInvestigation_Test" time="0.11"/>
  <testcase classname="com.eagle.TestCases.InvestigationTest" name="DeleteInvestigation_Test" time="2.455"/>
  <testcase classname="com.eagle.TestCases.LogoutTest" name="VerifyLogout_Test" time="2.47"/>
</testsuite> <!-- Smoke Test cases -->
