<?xml version="1.0" encoding="UTF-8"?>
<!-- Generated by org.testng.reporters.JUnitXMLReporter -->
<testsuite ignored="7" hostname="Mugunth-DESKTOP-8V8CNVQ" failures="0" tests="92" name="Smoke Test cases" time="6756.083" errors="0" timestamp="2022-05-02T16:36:30 IST">
  <testcase classname="com.eagle.TestCases.LoginTest" name="VerifyLoginPage_Test" time="51.274"/>
  <testcase classname="com.eagle.TestCases.HomeTest" name="VerifyLogoVisibility_Test" time="0.046"/>
  <testcase classname="com.eagle.TestCases.HomeTest" name="VerifyDashboard_Test" time="0.12"/>
  <testcase classname="com.eagle.TestCases.HomeTest" name="VerifyUserProfile" time="0.677"/>
  <testcase classname="com.eagle.TestCases.HomeTest" name="VerifyCopyRights" time="0.067"/>
  <testcase classname="com.eagle.TestCases.HomeTest" name="CreateGlobalSearch_Test" time="15.536"/>
  <testcase classname="com.eagle.TestCases.HomeTest" name="VerifySavedSearches_Test" time="3.296"/>
  <testcase classname="com.eagle.TestCases.HomeTest" name="VerifyContactHelpDesk_Test" time="2.683"/>
  <testcase classname="com.eagle.TestCases.HomeTest" name="VerifyUserManual_Test" time="0.511"/>
  <testcase classname="com.eagle.TestCases.HomeTest" name="VerifyFAQ_Test" time="17.295"/>
  <testcase classname="com.eagle.TestCases.SetTest" name="CreateSet_Test" time="69.913"/>
  <testcase classname="com.eagle.TestCases.SetTest" name="ViewSet_Test" time="3.594"/>
  <testcase classname="com.eagle.TestCases.SetTest" name="CreateSetFromFile_Test" time="21.793"/>
  <testcase classname="com.eagle.TestCases.SetTest" name="CreateSetFromSet_Test" time="36.252"/>
  <testcase classname="com.eagle.TestCases.SetTest" name="SearchInSetExpand_Test" time="55.153"/>
  <testcase classname="com.eagle.TestCases.SetTest" name="SetExpandAddFromCatalog_Test" time="226.5"/>
  <testcase classname="com.eagle.TestCases.SetTest" name="SetExpandAddFromSet_Test" time="420.716"/>
  <testcase classname="com.eagle.TestCases.SetTest" name="SetExpandAddFromFile_Test" time="95.955"/>
  <testcase classname="com.eagle.TestCases.SetTest" name="DeleteCardInSetExpand_Test" time="20.653"/>
  <testcase classname="com.eagle.TestCases.SetTest" name="RemoveItemsfromSet_Test" time="48.78"/>
  <testcase classname="com.eagle.TestCases.SetTest" name="GridChangesInSet_Test" time="25.444"/>
  <testcase classname="com.eagle.TestCases.SetTest" name="CreateAndDeleteSet_Test" time="26.705"/>
  <testcase classname="com.eagle.TestCases.SetTest" name="CreateAndShareSet_Test" time="44.625"/>
  <testcase classname="com.eagle.TestCases.SetTest" name="SortColumnSet_Test" time="62.598"/>
  <testcase classname="com.eagle.TestCases.SetTest" name="FilterSet_Test" time="64.431"/>
  <testcase classname="com.eagle.TestCases.SetTest" name="FilterMultiSet_Test" time="97.74"/>
  <testcase classname="com.eagle.TestCases.ExplorationTest" name="CreateExplorationFromSearch_Test" time="22.337"/>
  <testcase classname="com.eagle.TestCases.ExplorationTest" name="CreateExplorationFromSetInitally_Test" time="95.759"/>
  <testcase classname="com.eagle.TestCases.ExplorationTest" name="CreateExplorationFromSet_Test" time="42.441"/>
  <testcase classname="com.eagle.TestCases.ExplorationTest" name="CreateExplorationFromFile_Test" time="21.501"/>
  <testcase classname="com.eagle.TestCases.ExplorationTest" name="SearchInExplorationExpand_Test" time="60.666"/>
  <testcase classname="com.eagle.TestCases.ExplorationTest" name="DeleteCardInExplorationExpand_Test" time="38.98"/>
  <testcase classname="com.eagle.TestCases.ExplorationTest" name="DeleteExplorationFirstCard_Test" time="22.053"/>
  <testcase classname="com.eagle.TestCases.ExplorationTest" name="DeleteExplorationSecondCard_Test" time="48.1"/>
  <testcase classname="com.eagle.TestCases.ExplorationTest" name="ExplorationExpandAddFromCatalog_Test" time="376.859"/>
  <testcase classname="com.eagle.TestCases.ExplorationTest" name="ExplorationExpandAddFromSet_Test" time="318.335"/>
  <testcase classname="com.eagle.TestCases.ExplorationTest" name="ExplorationExpandAddFromFile_Test" time="115.692"/>
  <testcase classname="com.eagle.TestCases.ExplorationTest" name="ExplorationCreateARelationCard_Test" time="44.157"/>
  <testcase classname="com.eagle.TestCases.ExplorationTest" name="ExplorationCreateTwoRelationCard_Test" time="112.235"/>
  <testcase classname="com.eagle.TestCases.ExplorationTest" name="CreateAndDeleteExploration_Test" time="27.226"/>
  <testcase classname="com.eagle.TestCases.ExplorationTest" name="CreateAndShareExploration_Test" time="36.209"/>
  <testcase classname="com.eagle.TestCases.ExplorationTest" name="RemoveItemsfromExploration_Test" time="43.993"/>
  <testcase classname="com.eagle.TestCases.ExplorationTest" name="SortColumnExploration_Test" time="78.349"/>
  <testcase classname="com.eagle.TestCases.ExplorationTest" name="FilterExploration_Test" time="73.597"/>
  <testcase classname="com.eagle.TestCases.ExplorationTest" name="FilterMultiExploration_Test" time="92.005"/>
  <testcase classname="com.eagle.TestCases.ComparisonTest" name="CreateComparisonWithContol_Test" time="23.588"/>
  <testcase classname="com.eagle.TestCases.ComparisonTest" name="CreateComparisonFromSet_Test" time="41.989"/>
  <testcase classname="com.eagle.TestCases.ComparisonTest" name="CreateComparisonFromFile_Test" time="25.261"/>
  <testcase classname="com.eagle.TestCases.ComparisonTest" name="CreateComparisonWithContolandCase_Test" time="48.006"/>
  <testcase classname="com.eagle.TestCases.ComparisonTest" name="createComparisonWithControlandCaseRunComparison_Test" time="75.959"/>
  <testcase classname="com.eagle.TestCases.ComparisonTest" name="updateComparisonWithCaseCard_Test" time="39.181"/>
  <testcase classname="com.eagle.TestCases.ComparisonTest" name="SearchInComparisonExpand_Test" time="62.52"/>
  <testcase classname="com.eagle.TestCases.ComparisonTest" name="DeleteCardInComparisonExpand_Test" time="29.957"/>
  <testcase classname="com.eagle.TestCases.ComparisonTest" name="DeleteComparisonFirstCard_Test" time="25.552"/>
  <testcase classname="com.eagle.TestCases.ComparisonTest" name="DeleteComparisonSecondCard_Test" time="42.965"/>
  <testcase classname="com.eagle.TestCases.ComparisonTest" name="ComparisonExpandAddFromCatalog_Test" time="1838.512"/>
  <testcase classname="com.eagle.TestCases.ComparisonTest" name="ComparisonExpandAddFromSet_Test" time="367.47"/>
  <testcase classname="com.eagle.TestCases.ComparisonTest" name="ComparisonExpandAddFromFile_Test" time="122.0"/>
  <testcase classname="com.eagle.TestCases.ComparisonTest" name="ComparisonCreateMultipleCaseCards_Test" time="64.754"/>
  <testcase classname="com.eagle.TestCases.ComparisonTest" name="ComparisonCreateMultipleCaseCardsRunComparison_Test" time="82.383"/>
  <testcase classname="com.eagle.TestCases.ComparisonTest" name="CreateAndDeleteComparison_Test" time="29.452"/>
  <testcase classname="com.eagle.TestCases.ComparisonTest" name="CreateAndShareComparison_Test" time="42.658"/>
  <testcase classname="com.eagle.TestCases.ComparisonTest" name="RemoveItemsfromComparison_Test" time="47.739"/>
  <testcase classname="com.eagle.TestCases.ComparisonTest" name="ChangeControlAndCase_Test" time="59.617"/>
  <testcase classname="com.eagle.TestCases.ComparisonTest" name="SortColumnComparison_Test" time="83.085"/>
  <testcase classname="com.eagle.TestCases.ComparisonTest" name="FilterComparison_Test" time="78.301"/>
  <testcase classname="com.eagle.TestCases.ComparisonTest" name="FilterMultiComparison_Test" time="84.41"/>
  <testcase classname="com.eagle.TestCases.InvestigationTest" name="CreateInvestigation_Test" time="1.28"/>
  <testcase classname="com.eagle.TestCases.InvestigationTest" name="ViewInvestigation_Test" time="10.203"/>
  <testcase classname="com.eagle.TestCases.InvestigationTest" name="EditInvestigation_Test" time="4.965"/>
  <testcase classname="com.eagle.TestCases.InvestigationTest" name="LinkSetWithInvestigation_Test" time="28.624"/>
  <testcase classname="com.eagle.TestCases.InvestigationTest" name="LinkExplorationWithInvestigation_Test" time="28.137"/>
  <testcase classname="com.eagle.TestCases.InvestigationTest" name="LinkComparisonWithInvestigation_Test" time="31.91"/>
  <testcase classname="com.eagle.TestCases.InvestigationTest" name="ShareInvestigation_Test" time="16.822"/>
  <testcase classname="com.eagle.TestCases.InvestigationTest" name="DeleteInvestigation_Test" time="3.738"/>
  <testcase classname="com.eagle.TestCases.AnalysisTest" name="CreateAnalysis_Test" time="13.818"/>
  <testcase classname="com.eagle.TestCases.AnalysisTest" name="CreateAnalysisMandatoryCheck_Test" time="6.221"/>
  <testcase classname="com.eagle.TestCases.AnalysisTest" name="AnalysisNameAndDescEditInList_Test" time="19.698"/>
  <testcase classname="com.eagle.TestCases.AnalysisTest" name="AnalysisNameAndDescEditInPage_Test" time="92.303"/>
  <testcase classname="com.eagle.TestCases.AnalysisTest" name="CreateAndDeleteAnalysis_Test" time="14.749"/>
  <testcase classname="com.eagle.TestCases.AnalysisTest" name="VerifyGraphCanvas_Test" time="15.001"/>
  <testcase classname="com.eagle.TestCases.AnalysisTest" name="VerifyResizingOfGraph_Test" time="19.374"/>
  <testcase classname="com.eagle.TestCases.AnalysisTest" name="EntitiesAndFeatureSelectionVerificationInGraph_Test" time="2.479"/>
  <testcase classname="com.eagle.TestCases.AnalysisTest" name="PlotWithOneNumericalFeature_Test" time="2.466"/>
  <testcase classname="com.eagle.TestCases.AnalysisTest" name="PlotWithOneCategoricalFeature_Test" time="2.47"/>
  <testcase classname="com.eagle.TestCases.AnalysisTest" name="PlotWithOneCategoricalandOneNumericalFeature_Test" time="2.398"/>
  <testcase classname="com.eagle.TestCases.AnalysisTest" name="PlotWithTwoNumericalFeature_Test" time="2.487"/>
  <testcase classname="com.eagle.TestCases.AnalysisTest" name="PlotWithTwoCategoricalFeature_Test" time="2.437"/>
  <testcase classname="com.eagle.TestCases.AnalysisTest" name="PlotWithTwoNumericalandOneCategoricalFeatures_Test" time="2.543"/>
  <testcase classname="com.eagle.TestCases.AnalysisTest" name="PlotWithThreeNumericalFeatures_Test" time="2.478"/>
  <testcase classname="com.eagle.TestCases.AnalysisTest" name="PlotWithThreeNumericalandOneCategoricalFeatures_Test" time="2.469"/>
  <testcase classname="com.eagle.TestCases.LogoutTest" name="VerifyLogout_Test" time="2.507"/>
  <testcase classname="com.eagle.TestCases.BaseTest" name="@AfterSuite closeApplication" time="0.0">
    <ignored/>
  </testcase> <!-- @AfterSuite closeApplication -->
  <testcase classname="com.eagle.TestCases.BaseTest" name="@AfterSuite closeApplication" time="0.0">
    <ignored/>
  </testcase> <!-- @AfterSuite closeApplication -->
  <testcase classname="com.eagle.TestCases.BaseTest" name="@AfterSuite closeApplication" time="0.0">
    <ignored/>
  </testcase> <!-- @AfterSuite closeApplication -->
  <testcase classname="com.eagle.TestCases.BaseTest" name="@AfterSuite closeApplication" time="0.0">
    <ignored/>
  </testcase> <!-- @AfterSuite closeApplication -->
  <testcase classname="com.eagle.TestCases.BaseTest" name="@AfterSuite closeApplication" time="0.0">
    <ignored/>
  </testcase> <!-- @AfterSuite closeApplication -->
  <testcase classname="com.eagle.TestCases.BaseTest" name="@AfterSuite closeApplication" time="0.0">
    <ignored/>
  </testcase> <!-- @AfterSuite closeApplication -->
  <testcase classname="com.eagle.TestCases.BaseTest" name="@AfterSuite closeApplication" time="0.0">
    <ignored/>
  </testcase> <!-- @AfterSuite closeApplication -->
</testsuite> <!-- Smoke Test cases -->
