<?xml version="1.0" encoding="UTF-8"?>
<!-- Generated by org.testng.reporters.JUnitXMLReporter -->
<testsuite ignored="6" hostname="Mugunth-DESKTOP-8V8CNVQ" failures="15" tests="79" name="Smoke Test cases" time="4.336" errors="0" timestamp="2021-12-23T13:11:48 IST">
  <testcase classname="com.eagle.TestCases.BaseTest" name="@BeforeClass launchApplication" time="3.337">
    <failure type="org.openqa.selenium.WebDriverException" message="unknown error: cannot determine loading status
from disconnected: received Inspector.detached event
  (Session info: chrome=96.0.4664.110)
Build info: version: &amp;apos;3.141.59&amp;apos;, revision: &amp;apos;e82be7d358&amp;apos;, time: &amp;apos;2018-11-14T08:17:03&amp;apos;
System info: host: &amp;apos;MUGUNTH-DESKTOP&amp;apos;, ip: &amp;apos;172.17.200.17&amp;apos;, os.name: &amp;apos;Windows 10&amp;apos;, os.arch: &amp;apos;amd64&amp;apos;, os.version: &amp;apos;10.0&amp;apos;, java.version: &amp;apos;15.0.2&amp;apos;
Driver info: org.openqa.selenium.chrome.ChromeDriver
Capabilities {acceptInsecureCerts: false, browserName: chrome, browserVersion: 96.0.4664.110, chrome: {chromedriverVersion: 96.0.4664.45 (76e4c1bb2ab46..., userDataDir: C:\Users\MUGUNT~1\AppData\L...}, goog:chromeOptions: {debuggerAddress: localhost:58885}, javascriptEnabled: true, networkConnectionEnabled: false, pageLoadStrategy: normal, platform: WINDOWS, platformName: WINDOWS, proxy: Proxy(), setWindowRect: true, strictFileInteractability: false, timeouts: {implicit: 0, pageLoad: 300000, script: 30000}, unhandledPromptBehavior: dismiss and notify, webauthn:extension:credBlob: true, webauthn:extension:largeBlob: true, webauthn:virtualAuthenticators: true}
Session ID: 3ee98751277903ecd0ffe4a7c17f05e7">
      <![CDATA[org.openqa.selenium.WebDriverException: unknown error: cannot determine loading status
from disconnected: received Inspector.detached event
  (Session info: chrome=96.0.4664.110)
Build info: version: '3.141.59', revision: 'e82be7d358', time: '2018-11-14T08:17:03'
System info: host: 'MUGUNTH-DESKTOP', ip: '172.17.200.17', os.name: 'Windows 10', os.arch: 'amd64', os.version: '10.0', java.version: '15.0.2'
Driver info: org.openqa.selenium.chrome.ChromeDriver
Capabilities {acceptInsecureCerts: false, browserName: chrome, browserVersion: 96.0.4664.110, chrome: {chromedriverVersion: 96.0.4664.45 (76e4c1bb2ab46..., userDataDir: C:\Users\MUGUNT~1\AppData\L...}, goog:chromeOptions: {debuggerAddress: localhost:58885}, javascriptEnabled: true, networkConnectionEnabled: false, pageLoadStrategy: normal, platform: WINDOWS, platformName: WINDOWS, proxy: Proxy(), setWindowRect: true, strictFileInteractability: false, timeouts: {implicit: 0, pageLoad: 300000, script: 30000}, unhandledPromptBehavior: dismiss and notify, webauthn:extension:credBlob: true, webauthn:extension:largeBlob: true, webauthn:virtualAuthenticators: true}
Session ID: 3ee98751277903ecd0ffe4a7c17f05e7
at org.openqa.selenium.remote.http.W3CHttpResponseCodec.createException(W3CHttpResponseCodec.java:187)
at org.openqa.selenium.remote.http.W3CHttpResponseCodec.decode(W3CHttpResponseCodec.java:122)
at org.openqa.selenium.remote.http.W3CHttpResponseCodec.decode(W3CHttpResponseCodec.java:49)
at org.openqa.selenium.remote.HttpCommandExecutor.execute(HttpCommandExecutor.java:158)
at org.openqa.selenium.remote.service.DriverCommandExecutor.execute(DriverCommandExecutor.java:83)
at org.openqa.selenium.remote.RemoteWebDriver.execute(RemoteWebDriver.java:552)
at org.openqa.selenium.remote.RemoteWebDriver.get(RemoteWebDriver.java:277)
at com.eagle.TestCases.BaseTest.launchApplication(BaseTest.java:82)
at java.base/java.util.ArrayList.forEach(ArrayList.java:1511)
... Removed 30 stack frames]]>
    </failure>
  </testcase> <!-- @BeforeClass launchApplication -->
  <testcase classname="com.eagle.TestCases.LoginTest" name="@BeforeClass beforeClass" time="-1.6402453074E9">
    <skipped/>
  </testcase> <!-- @BeforeClass beforeClass -->
  <testcase classname="com.eagle.TestCases.SetTest" name="@BeforeClass beforeClass" time="0.003">
    <failure type="java.lang.NullPointerException">
      <![CDATA[java.lang.NullPointerException
at java.base/java.util.Objects.requireNonNull(Objects.java:208)
at org.openqa.selenium.support.ui.FluentWait.<init>(FluentWait.java:115)
at org.openqa.selenium.support.ui.WebDriverWait.<init>(WebDriverWait.java:102)
at org.openqa.selenium.support.ui.WebDriverWait.<init>(WebDriverWait.java:45)
at com.eagle.pages.SetPage.<init>(SetPage.java:279)
at com.eagle.TestCases.SetTest.beforeClass(SetTest.java:28)
at java.base/java.util.ArrayList.forEach(ArrayList.java:1511)
... Removed 25 stack frames]]>
    </failure>
  </testcase> <!-- @BeforeClass beforeClass -->
  <testcase classname="com.eagle.TestCases.ExplorationTest" name="@BeforeClass beforeClass" time="0.002">
    <failure type="java.lang.NullPointerException">
      <![CDATA[java.lang.NullPointerException
at java.base/java.util.Objects.requireNonNull(Objects.java:208)
at org.openqa.selenium.support.ui.FluentWait.<init>(FluentWait.java:115)
at org.openqa.selenium.support.ui.WebDriverWait.<init>(WebDriverWait.java:102)
at org.openqa.selenium.support.ui.WebDriverWait.<init>(WebDriverWait.java:45)
at com.eagle.pages.ExplorationPage.<init>(ExplorationPage.java:325)
at com.eagle.TestCases.ExplorationTest.beforeClass(ExplorationTest.java:25)
at java.base/java.util.ArrayList.forEach(ArrayList.java:1511)
... Removed 25 stack frames]]>
    </failure>
  </testcase> <!-- @BeforeClass beforeClass -->
  <testcase classname="com.eagle.TestCases.ComparisonTest" name="@BeforeClass beforeClass" time="0.003">
    <failure type="java.lang.NullPointerException">
      <![CDATA[java.lang.NullPointerException
at java.base/java.util.Objects.requireNonNull(Objects.java:208)
at org.openqa.selenium.support.ui.FluentWait.<init>(FluentWait.java:115)
at org.openqa.selenium.support.ui.WebDriverWait.<init>(WebDriverWait.java:102)
at org.openqa.selenium.support.ui.WebDriverWait.<init>(WebDriverWait.java:45)
at com.eagle.pages.ComparisonPage.<init>(ComparisonPage.java:363)
at com.eagle.TestCases.ComparisonTest.beforeClass(ComparisonTest.java:25)
at java.base/java.util.ArrayList.forEach(ArrayList.java:1511)
... Removed 25 stack frames]]>
    </failure>
  </testcase> <!-- @BeforeClass beforeClass -->
  <testcase classname="com.eagle.TestCases.LoginTest" name="VerifyLoginPage_Test" time="0.0">
    <skipped/>
  </testcase> <!-- VerifyLoginPage_Test -->
  <testcase classname="com.eagle.TestCases.HomeTest" name="VerifyLogoVisibility_Test" time="0.002">
    <failure type="java.lang.NullPointerException" message="Cannot invoke &amp;quot;org.openqa.selenium.TakesScreenshot.getScreenshotAs(org.openqa.selenium.OutputType)&amp;quot; because &amp;quot;ts&amp;quot; is null">
      <![CDATA[java.lang.NullPointerException: Cannot invoke "org.openqa.selenium.TakesScreenshot.getScreenshotAs(org.openqa.selenium.OutputType)" because "ts" is null
at com.eagle.pages.HomePage.captureScreenshot(HomePage.java:245)
at com.eagle.TestCases.HomeTest.VerifyLogoVisibility_Test(HomeTest.java:28)
at java.base/java.util.ArrayList.forEach(ArrayList.java:1511)
... Removed 27 stack frames]]>
    </failure>
  </testcase> <!-- VerifyLogoVisibility_Test -->
  <testcase classname="com.eagle.TestCases.HomeTest" name="VerifyDashboard_Test" time="0.0">
    <failure type="java.lang.NullPointerException" message="Cannot invoke &amp;quot;org.openqa.selenium.TakesScreenshot.getScreenshotAs(org.openqa.selenium.OutputType)&amp;quot; because &amp;quot;ts&amp;quot; is null">
      <![CDATA[java.lang.NullPointerException: Cannot invoke "org.openqa.selenium.TakesScreenshot.getScreenshotAs(org.openqa.selenium.OutputType)" because "ts" is null
at com.eagle.pages.HomePage.captureScreenshot(HomePage.java:245)
at com.eagle.TestCases.HomeTest.VerifyDashboard_Test(HomeTest.java:40)
at java.base/java.util.ArrayList.forEach(ArrayList.java:1511)
... Removed 27 stack frames]]>
    </failure>
  </testcase> <!-- VerifyDashboard_Test -->
  <testcase classname="com.eagle.TestCases.HomeTest" name="VerifyUserProfile" time="0.004">
    <failure type="java.lang.NullPointerException" message="Cannot invoke &amp;quot;org.openqa.selenium.TakesScreenshot.getScreenshotAs(org.openqa.selenium.OutputType)&amp;quot; because &amp;quot;ts&amp;quot; is null">
      <![CDATA[java.lang.NullPointerException: Cannot invoke "org.openqa.selenium.TakesScreenshot.getScreenshotAs(org.openqa.selenium.OutputType)" because "ts" is null
at com.eagle.pages.HomePage.captureScreenshot(HomePage.java:245)
at com.eagle.TestCases.HomeTest.VerifyUserProfile(HomeTest.java:52)
at java.base/java.util.ArrayList.forEach(ArrayList.java:1511)
... Removed 27 stack frames]]>
    </failure>
  </testcase> <!-- VerifyUserProfile -->
  <testcase classname="com.eagle.TestCases.HomeTest" name="VerifyCopyRights" time="0.001">
    <failure type="java.lang.NullPointerException" message="Cannot invoke &amp;quot;org.openqa.selenium.TakesScreenshot.getScreenshotAs(org.openqa.selenium.OutputType)&amp;quot; because &amp;quot;ts&amp;quot; is null">
      <![CDATA[java.lang.NullPointerException: Cannot invoke "org.openqa.selenium.TakesScreenshot.getScreenshotAs(org.openqa.selenium.OutputType)" because "ts" is null
at com.eagle.pages.HomePage.captureScreenshot(HomePage.java:245)
at com.eagle.TestCases.HomeTest.VerifyCopyRights(HomeTest.java:64)
at java.base/java.util.ArrayList.forEach(ArrayList.java:1511)
... Removed 27 stack frames]]>
    </failure>
  </testcase> <!-- VerifyCopyRights -->
  <testcase classname="com.eagle.TestCases.HomeTest" name="CreateGlobalSearch_Test" time="0.002">
    <failure type="java.lang.NullPointerException" message="Cannot invoke &amp;quot;org.openqa.selenium.TakesScreenshot.getScreenshotAs(org.openqa.selenium.OutputType)&amp;quot; because &amp;quot;ts&amp;quot; is null">
      <![CDATA[java.lang.NullPointerException: Cannot invoke "org.openqa.selenium.TakesScreenshot.getScreenshotAs(org.openqa.selenium.OutputType)" because "ts" is null
at com.eagle.pages.HomePage.captureScreenshot(HomePage.java:245)
at com.eagle.TestCases.HomeTest.CreateGlobalSearch_Test(HomeTest.java:76)
at java.base/java.util.ArrayList.forEach(ArrayList.java:1511)
... Removed 27 stack frames]]>
    </failure>
  </testcase> <!-- CreateGlobalSearch_Test -->
  <testcase classname="com.eagle.TestCases.HomeTest" name="VerifySavedSearches_Test" time="0.001">
    <failure type="java.lang.NullPointerException" message="Cannot invoke &amp;quot;org.openqa.selenium.TakesScreenshot.getScreenshotAs(org.openqa.selenium.OutputType)&amp;quot; because &amp;quot;ts&amp;quot; is null">
      <![CDATA[java.lang.NullPointerException: Cannot invoke "org.openqa.selenium.TakesScreenshot.getScreenshotAs(org.openqa.selenium.OutputType)" because "ts" is null
at com.eagle.pages.HomePage.captureScreenshot(HomePage.java:245)
at com.eagle.TestCases.HomeTest.VerifySavedSearches_Test(HomeTest.java:88)
at java.base/java.util.ArrayList.forEach(ArrayList.java:1511)
... Removed 27 stack frames]]>
    </failure>
  </testcase> <!-- VerifySavedSearches_Test -->
  <testcase classname="com.eagle.TestCases.SetTest" name="CreateSet_Test" time="0.0">
    <skipped/>
  </testcase> <!-- CreateSet_Test -->
  <testcase classname="com.eagle.TestCases.SetTest" name="ViewSet_Test" time="0.0">
    <skipped/>
  </testcase> <!-- ViewSet_Test -->
  <testcase classname="com.eagle.TestCases.SetTest" name="CreateSetFromFile_Test" time="0.0">
    <skipped/>
  </testcase> <!-- CreateSetFromFile_Test -->
  <testcase classname="com.eagle.TestCases.SetTest" name="CreateSetFromSet_Test" time="0.0">
    <skipped/>
  </testcase> <!-- CreateSetFromSet_Test -->
  <testcase classname="com.eagle.TestCases.SetTest" name="SearchInSetExpand_Test" time="0.0">
    <skipped/>
  </testcase> <!-- SearchInSetExpand_Test -->
  <testcase classname="com.eagle.TestCases.SetTest" name="SetExpandAddFromCatalog_Test" time="0.0">
    <skipped/>
  </testcase> <!-- SetExpandAddFromCatalog_Test -->
  <testcase classname="com.eagle.TestCases.SetTest" name="SetExpandAddFromSet_Test" time="0.0">
    <skipped/>
  </testcase> <!-- SetExpandAddFromSet_Test -->
  <testcase classname="com.eagle.TestCases.SetTest" name="SetExpandAddFromFile_Test" time="0.0">
    <skipped/>
  </testcase> <!-- SetExpandAddFromFile_Test -->
  <testcase classname="com.eagle.TestCases.SetTest" name="DeleteCardInSetExpand_Test" time="0.0">
    <skipped/>
  </testcase> <!-- DeleteCardInSetExpand_Test -->
  <testcase classname="com.eagle.TestCases.SetTest" name="RemoveItemsfromSet_Test" time="0.0">
    <skipped/>
  </testcase> <!-- RemoveItemsfromSet_Test -->
  <testcase classname="com.eagle.TestCases.SetTest" name="GridChangesInSet_Test" time="0.0">
    <skipped/>
  </testcase> <!-- GridChangesInSet_Test -->
  <testcase classname="com.eagle.TestCases.SetTest" name="CreateAndDeleteSet_Test" time="0.0">
    <skipped/>
  </testcase> <!-- CreateAndDeleteSet_Test -->
  <testcase classname="com.eagle.TestCases.SetTest" name="CreateAndShareSet_Test" time="0.0">
    <skipped/>
  </testcase> <!-- CreateAndShareSet_Test -->
  <testcase classname="com.eagle.TestCases.SetTest" name="DeleteSet_Test" time="0.0">
    <skipped/>
  </testcase> <!-- DeleteSet_Test -->
  <testcase classname="com.eagle.TestCases.SetTest" name="ShareSet_Test" time="0.0">
    <skipped/>
  </testcase> <!-- ShareSet_Test -->
  <testcase classname="com.eagle.TestCases.SetTest" name="SortColumnSet_Test" time="0.0">
    <skipped/>
  </testcase> <!-- SortColumnSet_Test -->
  <testcase classname="com.eagle.TestCases.SetTest" name="FilterSet_Test" time="0.0">
    <skipped/>
  </testcase> <!-- FilterSet_Test -->
  <testcase classname="com.eagle.TestCases.SetTest" name="FilterMultiSet_Test" time="0.0">
    <skipped/>
  </testcase> <!-- FilterMultiSet_Test -->
  <testcase classname="com.eagle.TestCases.ExplorationTest" name="CreateExplorationFromSearch_Test" time="0.0">
    <skipped/>
  </testcase> <!-- CreateExplorationFromSearch_Test -->
  <testcase classname="com.eagle.TestCases.ExplorationTest" name="CreateExplorationFromSetInitally_Test" time="0.0">
    <skipped/>
  </testcase> <!-- CreateExplorationFromSetInitally_Test -->
  <testcase classname="com.eagle.TestCases.ExplorationTest" name="CreateExplorationFromSet_Test" time="0.0">
    <skipped/>
  </testcase> <!-- CreateExplorationFromSet_Test -->
  <testcase classname="com.eagle.TestCases.ExplorationTest" name="CreateExplorationFromFile_Test" time="0.0">
    <skipped/>
  </testcase> <!-- CreateExplorationFromFile_Test -->
  <testcase classname="com.eagle.TestCases.ExplorationTest" name="SearchInExplorationExpand_Test" time="0.0">
    <skipped/>
  </testcase> <!-- SearchInExplorationExpand_Test -->
  <testcase classname="com.eagle.TestCases.ExplorationTest" name="DeleteCardInExplorationExpand_Test" time="0.0">
    <skipped/>
  </testcase> <!-- DeleteCardInExplorationExpand_Test -->
  <testcase classname="com.eagle.TestCases.ExplorationTest" name="DeleteExplorationFirstCard_Test" time="0.0">
    <skipped/>
  </testcase> <!-- DeleteExplorationFirstCard_Test -->
  <testcase classname="com.eagle.TestCases.ExplorationTest" name="DeleteExplorationSecondCard_Test" time="0.0">
    <skipped/>
  </testcase> <!-- DeleteExplorationSecondCard_Test -->
  <testcase classname="com.eagle.TestCases.ExplorationTest" name="ExplorationExpandAddFromCatalog_Test" time="0.0">
    <skipped/>
  </testcase> <!-- ExplorationExpandAddFromCatalog_Test -->
  <testcase classname="com.eagle.TestCases.ExplorationTest" name="ExplorationExpandAddFromSet_Test" time="0.0">
    <skipped/>
  </testcase> <!-- ExplorationExpandAddFromSet_Test -->
  <testcase classname="com.eagle.TestCases.ExplorationTest" name="ExplorationExpandAddFromFile_Test" time="0.0">
    <skipped/>
  </testcase> <!-- ExplorationExpandAddFromFile_Test -->
  <testcase classname="com.eagle.TestCases.ExplorationTest" name="ExplorationCreateARelationCard_Test" time="0.0">
    <skipped/>
  </testcase> <!-- ExplorationCreateARelationCard_Test -->
  <testcase classname="com.eagle.TestCases.ExplorationTest" name="ExplorationCreateTwoRelationCard_Test" time="0.0">
    <skipped/>
  </testcase> <!-- ExplorationCreateTwoRelationCard_Test -->
  <testcase classname="com.eagle.TestCases.ExplorationTest" name="CreateAndDeleteExploration_Test" time="0.0">
    <skipped/>
  </testcase> <!-- CreateAndDeleteExploration_Test -->
  <testcase classname="com.eagle.TestCases.ExplorationTest" name="CreateAndShareExploration_Test" time="0.0">
    <skipped/>
  </testcase> <!-- CreateAndShareExploration_Test -->
  <testcase classname="com.eagle.TestCases.ExplorationTest" name="DeleteExploration_Test" time="0.0">
    <skipped/>
  </testcase> <!-- DeleteExploration_Test -->
  <testcase classname="com.eagle.TestCases.ExplorationTest" name="ShareExploration_Test" time="0.0">
    <skipped/>
  </testcase> <!-- ShareExploration_Test -->
  <testcase classname="com.eagle.TestCases.ExplorationTest" name="RemoveItemsfromExploration_Test" time="0.0">
    <skipped/>
  </testcase> <!-- RemoveItemsfromExploration_Test -->
  <testcase classname="com.eagle.TestCases.ExplorationTest" name="SortColumnExploration_Test" time="0.0">
    <skipped/>
  </testcase> <!-- SortColumnExploration_Test -->
  <testcase classname="com.eagle.TestCases.ExplorationTest" name="FilterExploration_Test" time="0.0">
    <skipped/>
  </testcase> <!-- FilterExploration_Test -->
  <testcase classname="com.eagle.TestCases.ExplorationTest" name="FilterMultiExploration_Test" time="0.0">
    <skipped/>
  </testcase> <!-- FilterMultiExploration_Test -->
  <testcase classname="com.eagle.TestCases.ComparisonTest" name="CreateComparisonWithContol_Test" time="0.0">
    <skipped/>
  </testcase> <!-- CreateComparisonWithContol_Test -->
  <testcase classname="com.eagle.TestCases.ComparisonTest" name="CreateComparisonFromSet_Test" time="0.0">
    <skipped/>
  </testcase> <!-- CreateComparisonFromSet_Test -->
  <testcase classname="com.eagle.TestCases.ComparisonTest" name="CreateComparisonFromFile_Test" time="0.0">
    <skipped/>
  </testcase> <!-- CreateComparisonFromFile_Test -->
  <testcase classname="com.eagle.TestCases.ComparisonTest" name="CreateComparisonWithContolandCase_Test" time="0.0">
    <skipped/>
  </testcase> <!-- CreateComparisonWithContolandCase_Test -->
  <testcase classname="com.eagle.TestCases.ComparisonTest" name="createComparisonWithControlandCaseRunComparison_Test" time="0.0">
    <skipped/>
  </testcase> <!-- createComparisonWithControlandCaseRunComparison_Test -->
  <testcase classname="com.eagle.TestCases.ComparisonTest" name="updateComparisonWithCaseCard_Test" time="0.0">
    <skipped/>
  </testcase> <!-- updateComparisonWithCaseCard_Test -->
  <testcase classname="com.eagle.TestCases.ComparisonTest" name="SearchInComparisonExpand_Test" time="0.0">
    <skipped/>
  </testcase> <!-- SearchInComparisonExpand_Test -->
  <testcase classname="com.eagle.TestCases.ComparisonTest" name="DeleteCardInComparisonExpand_Test" time="0.0">
    <skipped/>
  </testcase> <!-- DeleteCardInComparisonExpand_Test -->
  <testcase classname="com.eagle.TestCases.ComparisonTest" name="DeleteComparisonFirstCard_Test" time="0.0">
    <skipped/>
  </testcase> <!-- DeleteComparisonFirstCard_Test -->
  <testcase classname="com.eagle.TestCases.ComparisonTest" name="DeleteComparisonSecondCard_Test" time="0.0">
    <skipped/>
  </testcase> <!-- DeleteComparisonSecondCard_Test -->
  <testcase classname="com.eagle.TestCases.ComparisonTest" name="ComparisonExpandAddFromCatalog_Test" time="0.0">
    <skipped/>
  </testcase> <!-- ComparisonExpandAddFromCatalog_Test -->
  <testcase classname="com.eagle.TestCases.ComparisonTest" name="ComparisonExpandAddFromSet_Test" time="0.0">
    <skipped/>
  </testcase> <!-- ComparisonExpandAddFromSet_Test -->
  <testcase classname="com.eagle.TestCases.ComparisonTest" name="ComparisonExpandAddFromFile_Test" time="0.0">
    <skipped/>
  </testcase> <!-- ComparisonExpandAddFromFile_Test -->
  <testcase classname="com.eagle.TestCases.ComparisonTest" name="ComparisonCreateMultipleCaseCards_Test" time="0.0">
    <skipped/>
  </testcase> <!-- ComparisonCreateMultipleCaseCards_Test -->
  <testcase classname="com.eagle.TestCases.ComparisonTest" name="ComparisonCreateMultipleCaseCardsRunComparison_Test" time="0.0">
    <skipped/>
  </testcase> <!-- ComparisonCreateMultipleCaseCardsRunComparison_Test -->
  <testcase classname="com.eagle.TestCases.ComparisonTest" name="CreateAndDeleteComparison_Test" time="0.0">
    <skipped/>
  </testcase> <!-- CreateAndDeleteComparison_Test -->
  <testcase classname="com.eagle.TestCases.ComparisonTest" name="CreateAndShareComparison_Test" time="0.0">
    <skipped/>
  </testcase> <!-- CreateAndShareComparison_Test -->
  <testcase classname="com.eagle.TestCases.ComparisonTest" name="DeleteComparison_Test" time="0.0">
    <skipped/>
  </testcase> <!-- DeleteComparison_Test -->
  <testcase classname="com.eagle.TestCases.ComparisonTest" name="ShareComparison_Test" time="0.0">
    <skipped/>
  </testcase> <!-- ShareComparison_Test -->
  <testcase classname="com.eagle.TestCases.ComparisonTest" name="RemoveItemsfromComparison_Test" time="0.0">
    <skipped/>
  </testcase> <!-- RemoveItemsfromComparison_Test -->
  <testcase classname="com.eagle.TestCases.ComparisonTest" name="ChangeControlAndCase_Test" time="0.0">
    <skipped/>
  </testcase> <!-- ChangeControlAndCase_Test -->
  <testcase classname="com.eagle.TestCases.ComparisonTest" name="SortColumnComparison_Test" time="0.0">
    <skipped/>
  </testcase> <!-- SortColumnComparison_Test -->
  <testcase classname="com.eagle.TestCases.ComparisonTest" name="FilterComparison_Test" time="0.0">
    <skipped/>
  </testcase> <!-- FilterComparison_Test -->
  <testcase classname="com.eagle.TestCases.ComparisonTest" name="FilterMultiComparison_Test" time="0.0">
    <skipped/>
  </testcase> <!-- FilterMultiComparison_Test -->
  <testcase classname="com.eagle.TestCases.InvestigationTest" name="CreateInvestigation_Test" time="0.002">
    <failure type="java.lang.NullPointerException" message="Cannot invoke &amp;quot;org.openqa.selenium.TakesScreenshot.getScreenshotAs(org.openqa.selenium.OutputType)&amp;quot; because &amp;quot;ts&amp;quot; is null">
      <![CDATA[java.lang.NullPointerException: Cannot invoke "org.openqa.selenium.TakesScreenshot.getScreenshotAs(org.openqa.selenium.OutputType)" because "ts" is null
at com.eagle.pages.InvestigationPage.captureScreenshot(InvestigationPage.java:290)
at com.eagle.TestCases.InvestigationTest.CreateInvestigation_Test(InvestigationTest.java:46)
at java.base/java.util.ArrayList.forEach(ArrayList.java:1511)
... Removed 27 stack frames]]>
    </failure>
  </testcase> <!-- CreateInvestigation_Test -->
  <testcase classname="com.eagle.TestCases.InvestigationTest" name="ViewInvestigation_Test" time="0.001">
    <failure type="java.lang.NullPointerException" message="Cannot invoke &amp;quot;org.openqa.selenium.TakesScreenshot.getScreenshotAs(org.openqa.selenium.OutputType)&amp;quot; because &amp;quot;ts&amp;quot; is null">
      <![CDATA[java.lang.NullPointerException: Cannot invoke "org.openqa.selenium.TakesScreenshot.getScreenshotAs(org.openqa.selenium.OutputType)" because "ts" is null
at com.eagle.pages.InvestigationPage.captureScreenshot(InvestigationPage.java:290)
at com.eagle.TestCases.InvestigationTest.ViewInvestigation_Test(InvestigationTest.java:65)
at java.base/java.util.ArrayList.forEach(ArrayList.java:1511)
... Removed 27 stack frames]]>
    </failure>
  </testcase> <!-- ViewInvestigation_Test -->
  <testcase classname="com.eagle.TestCases.InvestigationTest" name="EditInvestigation_Test" time="0.001">
    <failure type="java.lang.NullPointerException" message="Cannot invoke &amp;quot;org.openqa.selenium.TakesScreenshot.getScreenshotAs(org.openqa.selenium.OutputType)&amp;quot; because &amp;quot;ts&amp;quot; is null">
      <![CDATA[java.lang.NullPointerException: Cannot invoke "org.openqa.selenium.TakesScreenshot.getScreenshotAs(org.openqa.selenium.OutputType)" because "ts" is null
at com.eagle.pages.InvestigationPage.captureScreenshot(InvestigationPage.java:290)
at com.eagle.TestCases.InvestigationTest.EditInvestigation_Test(InvestigationTest.java:87)
at java.base/java.util.ArrayList.forEach(ArrayList.java:1511)
... Removed 27 stack frames]]>
    </failure>
  </testcase> <!-- EditInvestigation_Test -->
  <testcase classname="com.eagle.TestCases.InvestigationTest" name="LinkSetWithInvestigation_Test" time="0.0">
    <failure type="java.lang.NullPointerException" message="Cannot invoke &amp;quot;org.openqa.selenium.TakesScreenshot.getScreenshotAs(org.openqa.selenium.OutputType)&amp;quot; because &amp;quot;ts&amp;quot; is null">
      <![CDATA[java.lang.NullPointerException: Cannot invoke "org.openqa.selenium.TakesScreenshot.getScreenshotAs(org.openqa.selenium.OutputType)" because "ts" is null
at com.eagle.pages.InvestigationPage.captureScreenshot(InvestigationPage.java:290)
at com.eagle.TestCases.InvestigationTest.LinkSetWithInvestigation_Test(InvestigationTest.java:110)
at java.base/java.util.ArrayList.forEach(ArrayList.java:1511)
... Removed 27 stack frames]]>
    </failure>
  </testcase> <!-- LinkSetWithInvestigation_Test -->
  <testcase classname="com.eagle.TestCases.InvestigationTest" name="LinkExplorationWithInvestigation_Test" time="0.001">
    <failure type="java.lang.NullPointerException" message="Cannot invoke &amp;quot;org.openqa.selenium.TakesScreenshot.getScreenshotAs(org.openqa.selenium.OutputType)&amp;quot; because &amp;quot;ts&amp;quot; is null">
      <![CDATA[java.lang.NullPointerException: Cannot invoke "org.openqa.selenium.TakesScreenshot.getScreenshotAs(org.openqa.selenium.OutputType)" because "ts" is null
at com.eagle.pages.InvestigationPage.captureScreenshot(InvestigationPage.java:290)
at com.eagle.TestCases.InvestigationTest.LinkExplorationWithInvestigation_Test(InvestigationTest.java:134)
at java.base/java.util.ArrayList.forEach(ArrayList.java:1511)
... Removed 27 stack frames]]>
    </failure>
  </testcase> <!-- LinkExplorationWithInvestigation_Test -->
  <testcase classname="com.eagle.TestCases.InvestigationTest" name="LinkComparisonWithInvestigation_Test" time="0.001">
    <failure type="java.lang.NullPointerException" message="Cannot invoke &amp;quot;org.openqa.selenium.TakesScreenshot.getScreenshotAs(org.openqa.selenium.OutputType)&amp;quot; because &amp;quot;ts&amp;quot; is null">
      <![CDATA[java.lang.NullPointerException: Cannot invoke "org.openqa.selenium.TakesScreenshot.getScreenshotAs(org.openqa.selenium.OutputType)" because "ts" is null
at com.eagle.pages.InvestigationPage.captureScreenshot(InvestigationPage.java:290)
at com.eagle.TestCases.InvestigationTest.LinkComparisonWithInvestigation_Test(InvestigationTest.java:158)
at java.base/java.util.ArrayList.forEach(ArrayList.java:1511)
... Removed 27 stack frames]]>
    </failure>
  </testcase> <!-- LinkComparisonWithInvestigation_Test -->
  <testcase classname="com.eagle.TestCases.InvestigationTest" name="ShareInvestigation_Test" time="0.002">
    <failure type="java.lang.NullPointerException" message="Cannot invoke &amp;quot;org.openqa.selenium.TakesScreenshot.getScreenshotAs(org.openqa.selenium.OutputType)&amp;quot; because &amp;quot;ts&amp;quot; is null">
      <![CDATA[java.lang.NullPointerException: Cannot invoke "org.openqa.selenium.TakesScreenshot.getScreenshotAs(org.openqa.selenium.OutputType)" because "ts" is null
at com.eagle.pages.InvestigationPage.captureScreenshot(InvestigationPage.java:290)
at com.eagle.TestCases.InvestigationTest.ShareInvestigation_Test(InvestigationTest.java:181)
at java.base/java.util.ArrayList.forEach(ArrayList.java:1511)
... Removed 27 stack frames]]>
    </failure>
  </testcase> <!-- ShareInvestigation_Test -->
  <testcase classname="com.eagle.TestCases.InvestigationTest" name="DeleteInvestigation_Test" time="0.001">
    <failure type="java.lang.NullPointerException" message="Cannot invoke &amp;quot;org.openqa.selenium.TakesScreenshot.getScreenshotAs(org.openqa.selenium.OutputType)&amp;quot; because &amp;quot;ts&amp;quot; is null">
      <![CDATA[java.lang.NullPointerException: Cannot invoke "org.openqa.selenium.TakesScreenshot.getScreenshotAs(org.openqa.selenium.OutputType)" because "ts" is null
at com.eagle.pages.InvestigationPage.captureScreenshot(InvestigationPage.java:290)
at com.eagle.TestCases.InvestigationTest.DeleteInvestigation_Test(InvestigationTest.java:202)
at java.base/java.util.ArrayList.forEach(ArrayList.java:1511)
... Removed 27 stack frames]]>
    </failure>
  </testcase> <!-- DeleteInvestigation_Test -->
  <testcase classname="com.eagle.TestCases.LogoutTest" name="VerifyLogout_Test" time="0.001">
    <failure type="java.lang.NullPointerException" message="Cannot invoke &amp;quot;org.openqa.selenium.TakesScreenshot.getScreenshotAs(org.openqa.selenium.OutputType)&amp;quot; because &amp;quot;ts&amp;quot; is null">
      <![CDATA[java.lang.NullPointerException: Cannot invoke "org.openqa.selenium.TakesScreenshot.getScreenshotAs(org.openqa.selenium.OutputType)" because "ts" is null
at com.eagle.pages.HomePage.captureScreenshot(HomePage.java:245)
at com.eagle.TestCases.LogoutTest.VerifyLogout_Test(LogoutTest.java:29)
at java.base/java.util.ArrayList.forEach(ArrayList.java:1511)
... Removed 27 stack frames]]>
    </failure>
  </testcase> <!-- VerifyLogout_Test -->
  <testcase classname="com.eagle.TestCases.BaseTest" name="@AfterSuite closeApplication" time="0.0">
    <ignored/>
  </testcase> <!-- @AfterSuite closeApplication -->
  <testcase classname="com.eagle.TestCases.BaseTest" name="@AfterSuite closeApplication" time="0.0">
    <ignored/>
  </testcase> <!-- @AfterSuite closeApplication -->
  <testcase classname="com.eagle.TestCases.BaseTest" name="@AfterSuite closeApplication" time="0.0">
    <ignored/>
  </testcase> <!-- @AfterSuite closeApplication -->
  <testcase classname="com.eagle.TestCases.BaseTest" name="@AfterSuite closeApplication" time="0.0">
    <ignored/>
  </testcase> <!-- @AfterSuite closeApplication -->
  <testcase classname="com.eagle.TestCases.BaseTest" name="@AfterSuite closeApplication" time="0.0">
    <ignored/>
  </testcase> <!-- @AfterSuite closeApplication -->
  <testcase classname="com.eagle.TestCases.BaseTest" name="@AfterSuite closeApplication" time="0.0">
    <ignored/>
  </testcase> <!-- @AfterSuite closeApplication -->
</testsuite> <!-- Smoke Test cases -->
