<?xml version="1.0" encoding="UTF-8"?>
<!-- Generated by org.testng.reporters.JUnitXMLReporter -->
<testsuite ignored="0" hostname="Mugunth-DESKTOP-8V8CNVQ" failures="0" tests="2" name="Smoke Test cases" time="230.0" errors="0" timestamp="2021-11-25T10:32:32 IST">
  <testcase classname="com.eagle.TestCases.LoginTest" name="VerifyLoginPage_Test" time="47.278"/>
  <testcase classname="com.eagle.TestCases.ComparisonTest" name="ChangeControlAndCase_Test" time="174.66"/>
</testsuite> <!-- Smoke Test cases -->
