<?xml version="1.0" encoding="UTF-8"?>
<!-- Generated by org.testng.reporters.JUnitXMLReporter -->
<testsuite ignored="2" hostname="Mugunth-DESKTOP-8V8CNVQ" failures="0" tests="4" name="Smoke Test cases" time="75.76" errors="0" timestamp="2022-02-04T12:23:30 IST">
  <testcase classname="com.eagle.TestCases.LoginTest" name="VerifyLoginPage_Test" time="47.848"/>
  <testcase classname="com.eagle.TestCases.AnalysisTest" name="AnalysisNameAndDescEditInList_Test" time="5.941"/>
  <testcase classname="com.eagle.TestCases.AnalysisTest" name="CreateAndDeleteAnalysis_Test" time="3.982"/>
  <testcase classname="com.eagle.TestCases.LogoutTest" name="VerifyLogout_Test" time="7.606"/>
  <testcase classname="com.eagle.TestCases.BaseTest" name="@AfterSuite closeApplication" time="0.0">
    <ignored/>
  </testcase> <!-- @AfterSuite closeApplication -->
  <testcase classname="com.eagle.TestCases.BaseTest" name="@AfterSuite closeApplication" time="0.0">
    <ignored/>
  </testcase> <!-- @AfterSuite closeApplication -->
</testsuite> <!-- Smoke Test cases -->
