<?xml version="1.0" encoding="UTF-8"?>
<!-- Generated by org.testng.reporters.JUnitXMLReporter -->
<testsuite ignored="1" hostname="Mugunth-DESKTOP-8V8CNVQ" failures="0" tests="10" name="Smoke Test cases" time="96.778" errors="0" timestamp="2022-01-11T18:03:29 IST">
  <testcase classname="com.eagle.TestCases.LoginTest" name="VerifyLoginPage_Test" time="60.11"/>
  <testcase classname="com.eagle.TestCases.HomeTest" name="VerifyLogoVisibility_Test" time="0.045"/>
  <testcase classname="com.eagle.TestCases.HomeTest" name="VerifyDashboard_Test" time="0.119"/>
  <testcase classname="com.eagle.TestCases.HomeTest" name="VerifyUserProfile" time="0.588"/>
  <testcase classname="com.eagle.TestCases.HomeTest" name="VerifyCopyRights" time="0.075"/>
  <testcase classname="com.eagle.TestCases.HomeTest" name="CreateGlobalSearch_Test" time="4.508"/>
  <testcase classname="com.eagle.TestCases.HomeTest" name="VerifySavedSearches_Test" time="4.359"/>
  <testcase classname="com.eagle.TestCases.HomeTest" name="VerifyContactHelpDesk_Test" time="18.235"/>
  <testcase classname="com.eagle.TestCases.HomeTest" name="VerifyUserManual_Test" time="0.582"/>
  <testcase classname="com.eagle.TestCases.HomeTest" name="VerifyFAQ_Test" time="0.309"/>
  <testcase classname="com.eagle.TestCases.BaseTest" name="@AfterSuite closeApplication" time="0.0">
    <ignored/>
  </testcase> <!-- @AfterSuite closeApplication -->
</testsuite> <!-- Smoke Test cases -->
