<?xml version="1.0" encoding="UTF-8"?>
<!-- Generated by org.testng.reporters.JUnitXMLReporter -->
<testsuite ignored="2" hostname="QA-team" failures="0" tests="18" name="Smoke Test cases" time="992.672" errors="0" timestamp="2022-04-26T08:45:38 UTC">
  <testcase classname="com.eagle.TestCases.LoginTest" name="VerifyLoginPage_Test" time="50.383"/>
  <testcase classname="com.eagle.TestCases.AnalysisTest" name="CreateAnalysis_Test" time="14.511"/>
  <testcase classname="com.eagle.TestCases.AnalysisTest" name="CreateAnalysisMandatoryCheck_Test" time="6.996"/>
  <testcase classname="com.eagle.TestCases.AnalysisTest" name="AnalysisNameAndDescEditInList_Test" time="19.06"/>
  <testcase classname="com.eagle.TestCases.AnalysisTest" name="AnalysisNameAndDescEditInPage_Test" time="91.177"/>
  <testcase classname="com.eagle.TestCases.AnalysisTest" name="CreateAndDeleteAnalysis_Test" time="14.227"/>
  <testcase classname="com.eagle.TestCases.AnalysisTest" name="VerifyGraphCanvas_Test" time="14.354"/>
  <testcase classname="com.eagle.TestCases.AnalysisTest" name="VerifyResizingOfGraph_Test" time="15.239"/>
  <testcase classname="com.eagle.TestCases.AnalysisTest" name="EntitiesAndFeatureSelectionVerificationInGraph_Test" time="58.717"/>
  <testcase classname="com.eagle.TestCases.AnalysisTest" name="PlotWithOneNumericalFeature_Test" time="87.042"/>
  <testcase classname="com.eagle.TestCases.AnalysisTest" name="PlotWithOneCategoricalFeature_Test" time="77.555"/>
  <testcase classname="com.eagle.TestCases.AnalysisTest" name="PlotWithOneCategoricalandOneNumericalFeature_Test" time="84.772"/>
  <testcase classname="com.eagle.TestCases.AnalysisTest" name="PlotWithTwoNumericalFeature_Test" time="73.976"/>
  <testcase classname="com.eagle.TestCases.AnalysisTest" name="PlotWithTwoCategoricalFeature_Test" time="111.036"/>
  <testcase classname="com.eagle.TestCases.AnalysisTest" name="PlotWithTwoNumericalandOneCategoricalFeatures_Test" time="92.238"/>
  <testcase classname="com.eagle.TestCases.AnalysisTest" name="PlotWithThreeNumericalFeatures_Test" time="76.864"/>
  <testcase classname="com.eagle.TestCases.AnalysisTest" name="PlotWithThreeNumericalandOneCategoricalFeatures_Test" time="91.479"/>
  <testcase classname="com.eagle.TestCases.LogoutTest" name="VerifyLogout_Test" time="3.459"/>
  <testcase classname="com.eagle.TestCases.BaseTest" name="@AfterSuite closeApplication" time="0.0">
    <ignored/>
  </testcase> <!-- @AfterSuite closeApplication -->
  <testcase classname="com.eagle.TestCases.BaseTest" name="@AfterSuite closeApplication" time="0.0">
    <ignored/>
  </testcase> <!-- @AfterSuite closeApplication -->
</testsuite> <!-- Smoke Test cases -->
