<?xml version="1.0" encoding="UTF-8"?>
<!-- Generated by org.testng.reporters.JUnitXMLReporter -->
<testsuite ignored="2" hostname="Mugunth-DESKTOP-8V8CNVQ" failures="0" tests="4" name="Smoke Test cases" time="419.134" errors="0" timestamp="2022-01-05T22:31:05 IST">
  <testcase classname="com.eagle.TestCases.LoginTest" name="VerifyLoginPage_Test" time="90.452"/>
  <testcase classname="com.eagle.TestCases.ExplorationTest" name="ExplorationCreateARelationCard_Test" time="91.418"/>
  <testcase classname="com.eagle.TestCases.ExplorationTest" name="ExplorationCreateTwoRelationCard_Test" time="220.754"/>
  <testcase classname="com.eagle.TestCases.LogoutTest" name="VerifyLogout_Test" time="6.187"/>
  <testcase classname="com.eagle.TestCases.BaseTest" name="@AfterSuite closeApplication" time="0.0">
    <ignored/>
  </testcase> <!-- @AfterSuite closeApplication -->
  <testcase classname="com.eagle.TestCases.BaseTest" name="@AfterSuite closeApplication" time="0.0">
    <ignored/>
  </testcase> <!-- @AfterSuite closeApplication -->
</testsuite> <!-- Smoke Test cases -->
