<?xml version="1.0" encoding="UTF-8"?>
<!-- Generated by org.testng.reporters.JUnitXMLReporter -->
<testsuite ignored="0" hostname="Mugunth-DESKTOP-8V8CNVQ" failures="0" tests="2" name="Smoke Test cases" time="146.722" errors="0" timestamp="2021-11-18T11:42:24 IST">
  <testcase classname="com.eagle.TestCases.LoginTest" name="VerifyLoginPage_Test" time="37.882"/>
  <testcase classname="com.eagle.TestCases.ExplorationTest" name="ExplorationExpandAddFromSet_Test" time="101.614"/>
</testsuite> <!-- Smoke Test cases -->
