<?xml version="1.0" encoding="UTF-8"?>
<!-- Generated by org.testng.reporters.JUnitXMLReporter -->
<testsuite ignored="6" hostname="Mugunth-DESKTOP-8V8CNVQ" failures="0" tests="79" name="Smoke Test cases" time="265.329" errors="0" timestamp="2021-12-15T12:43:50 IST">
  <testcase classname="com.eagle.TestCases.LoginTest" name="VerifyLoginPage_Test" time="27.89"/>
  <testcase classname="com.eagle.TestCases.HomeTest" name="VerifyLogoVisibility_Test" time="0.028"/>
  <testcase classname="com.eagle.TestCases.HomeTest" name="VerifyDashboard_Test" time="0.133"/>
  <testcase classname="com.eagle.TestCases.HomeTest" name="VerifyUserProfile" time="0.54"/>
  <testcase classname="com.eagle.TestCases.HomeTest" name="VerifyCopyRights" time="0.07"/>
  <testcase classname="com.eagle.TestCases.HomeTest" name="CreateGlobalSearch_Test" time="3.643"/>
  <testcase classname="com.eagle.TestCases.HomeTest" name="VerifySavedSearches_Test" time="2.462"/>
  <testcase classname="com.eagle.TestCases.SetTest" name="CreateSet_Test" time="38.015"/>
  <testcase classname="com.eagle.TestCases.SetTest" name="ViewSet_Test" time="0.115"/>
  <testcase classname="com.eagle.TestCases.SetTest" name="CreateSetFromFile_Test" time="0.086"/>
  <testcase classname="com.eagle.TestCases.SetTest" name="CreateSetFromSet_Test" time="0.101"/>
  <testcase classname="com.eagle.TestCases.SetTest" name="SearchInSetExpand_Test" time="0.116"/>
  <testcase classname="com.eagle.TestCases.SetTest" name="SetExpandAddFromCatalog_Test" time="0.097"/>
  <testcase classname="com.eagle.TestCases.SetTest" name="SetExpandAddFromSet_Test" time="0.097"/>
  <testcase classname="com.eagle.TestCases.SetTest" name="SetExpandAddFromFile_Test" time="0.08"/>
  <testcase classname="com.eagle.TestCases.SetTest" name="DeleteCardInSetExpand_Test" time="0.107"/>
  <testcase classname="com.eagle.TestCases.SetTest" name="RemoveItemsfromSet_Test" time="0.113"/>
  <testcase classname="com.eagle.TestCases.SetTest" name="GridChangesInSet_Test" time="0.108"/>
  <testcase classname="com.eagle.TestCases.SetTest" name="CreateAndDeleteSet_Test" time="0.099"/>
  <testcase classname="com.eagle.TestCases.SetTest" name="CreateAndShareSet_Test" time="0.098"/>
  <testcase classname="com.eagle.TestCases.SetTest" name="DeleteSet_Test" time="0.085"/>
  <testcase classname="com.eagle.TestCases.SetTest" name="ShareSet_Test" time="0.096"/>
  <testcase classname="com.eagle.TestCases.SetTest" name="SortColumnSet_Test" time="0.1"/>
  <testcase classname="com.eagle.TestCases.SetTest" name="FilterSet_Test" time="0.102"/>
  <testcase classname="com.eagle.TestCases.SetTest" name="FilterMultiSet_Test" time="0.094"/>
  <testcase classname="com.eagle.TestCases.ExplorationTest" name="CreateExplorationFromSearch_Test" time="78.39"/>
  <testcase classname="com.eagle.TestCases.ExplorationTest" name="CreateExplorationFromSetInitally_Test" time="0.129"/>
  <testcase classname="com.eagle.TestCases.ExplorationTest" name="CreateExplorationFromSet_Test" time="0.126"/>
  <testcase classname="com.eagle.TestCases.ExplorationTest" name="CreateExplorationFromFile_Test" time="0.107"/>
  <testcase classname="com.eagle.TestCases.ExplorationTest" name="SearchInExplorationExpand_Test" time="0.081"/>
  <testcase classname="com.eagle.TestCases.ExplorationTest" name="DeleteCardInExplorationExpand_Test" time="0.08"/>
  <testcase classname="com.eagle.TestCases.ExplorationTest" name="DeleteExplorationFirstCard_Test" time="0.076"/>
  <testcase classname="com.eagle.TestCases.ExplorationTest" name="DeleteExplorationSecondCard_Test" time="0.079"/>
  <testcase classname="com.eagle.TestCases.ExplorationTest" name="ExplorationExpandAddFromCatalog_Test" time="0.079"/>
  <testcase classname="com.eagle.TestCases.ExplorationTest" name="ExplorationExpandAddFromSet_Test" time="0.084"/>
  <testcase classname="com.eagle.TestCases.ExplorationTest" name="ExplorationExpandAddFromFile_Test" time="0.078"/>
  <testcase classname="com.eagle.TestCases.ExplorationTest" name="ExplorationCreateARelationCard_Test" time="0.074"/>
  <testcase classname="com.eagle.TestCases.ExplorationTest" name="ExplorationCreateTwoRelationCard_Test" time="0.083"/>
  <testcase classname="com.eagle.TestCases.ExplorationTest" name="CreateAndDeleteExploration_Test" time="0.075"/>
  <testcase classname="com.eagle.TestCases.ExplorationTest" name="CreateAndShareExploration_Test" time="0.078"/>
  <testcase classname="com.eagle.TestCases.ExplorationTest" name="DeleteExploration_Test" time="0.08"/>
  <testcase classname="com.eagle.TestCases.ExplorationTest" name="ShareExploration_Test" time="0.077"/>
  <testcase classname="com.eagle.TestCases.ExplorationTest" name="RemoveItemsfromExploration_Test" time="0.078"/>
  <testcase classname="com.eagle.TestCases.ExplorationTest" name="SortColumnExploration_Test" time="0.08"/>
  <testcase classname="com.eagle.TestCases.ExplorationTest" name="FilterExploration_Test" time="0.086"/>
  <testcase classname="com.eagle.TestCases.ExplorationTest" name="FilterMultiComparison_Test" time="0.087"/>
  <testcase classname="com.eagle.TestCases.ComparisonTest" name="CreateComparisonWithContol_Test" time="89.528"/>
  <testcase classname="com.eagle.TestCases.ComparisonTest" name="CreateComparisonFromSet_Test" time="0.077"/>
  <testcase classname="com.eagle.TestCases.ComparisonTest" name="CreateComparisonFromFile_Test" time="0.074"/>
  <testcase classname="com.eagle.TestCases.ComparisonTest" name="CreateComparisonWithContolandCase_Test" time="0.086"/>
  <testcase classname="com.eagle.TestCases.ComparisonTest" name="createComparisonWithControlandCaseRunComparison_Test" time="0.08"/>
  <testcase classname="com.eagle.TestCases.ComparisonTest" name="updateComparisonWithCaseCard_Test" time="0.08"/>
  <testcase classname="com.eagle.TestCases.ComparisonTest" name="SearchInComparisonExpand_Test" time="0.084"/>
  <testcase classname="com.eagle.TestCases.ComparisonTest" name="DeleteCardInComparisonExpand_Test" time="0.08"/>
  <testcase classname="com.eagle.TestCases.ComparisonTest" name="DeleteComparisonFirstCard_Test" time="0.078"/>
  <testcase classname="com.eagle.TestCases.ComparisonTest" name="DeleteComparisonSecondCard_Test" time="0.085"/>
  <testcase classname="com.eagle.TestCases.ComparisonTest" name="ComparisonExpandAddFromCatalog_Test" time="0.093"/>
  <testcase classname="com.eagle.TestCases.ComparisonTest" name="ComparisonExpandAddFromSet_Test" time="0.068"/>
  <testcase classname="com.eagle.TestCases.ComparisonTest" name="ComparisonExpandAddFromFile_Test" time="0.084"/>
  <testcase classname="com.eagle.TestCases.ComparisonTest" name="ComparisonCreateMultipleCaseCards_Test" time="0.08"/>
  <testcase classname="com.eagle.TestCases.ComparisonTest" name="ComparisonCreateMultipleCaseCardsRunComparison_Test" time="0.104"/>
  <testcase classname="com.eagle.TestCases.ComparisonTest" name="CreateAndDeleteComparison_Test" time="0.081"/>
  <testcase classname="com.eagle.TestCases.ComparisonTest" name="CreateAndShareComparison_Test" time="0.079"/>
  <testcase classname="com.eagle.TestCases.ComparisonTest" name="DeleteComparison_Test" time="0.082"/>
  <testcase classname="com.eagle.TestCases.ComparisonTest" name="ShareComparison_Test" time="0.082"/>
  <testcase classname="com.eagle.TestCases.ComparisonTest" name="RemoveItemsfromComparison_Test" time="0.111"/>
  <testcase classname="com.eagle.TestCases.ComparisonTest" name="ChangeControlAndCase_Test" time="0.07"/>
  <testcase classname="com.eagle.TestCases.ComparisonTest" name="SortColumnComparison_Test" time="0.105"/>
  <testcase classname="com.eagle.TestCases.ComparisonTest" name="FilterComparison_Test" time="0.079"/>
  <testcase classname="com.eagle.TestCases.ComparisonTest" name="FilterMultiComparison_Test" time="0.078"/>
  <testcase classname="com.eagle.TestCases.InvestigationTest" name="CreateInvestigation_Test" time="1.286"/>
  <testcase classname="com.eagle.TestCases.InvestigationTest" name="ViewInvestigation_Test" time="0.105"/>
  <testcase classname="com.eagle.TestCases.InvestigationTest" name="EditInvestigation_Test" time="0.101"/>
  <testcase classname="com.eagle.TestCases.InvestigationTest" name="LinkSetWithInvestigation_Test" time="0.102"/>
  <testcase classname="com.eagle.TestCases.InvestigationTest" name="LinkExplorationWithInvestigation_Test" time="0.113"/>
  <testcase classname="com.eagle.TestCases.InvestigationTest" name="LinkComparisonWithInvestigation_Test" time="0.081"/>
  <testcase classname="com.eagle.TestCases.InvestigationTest" name="ShareInvestigation_Test" time="0.064"/>
  <testcase classname="com.eagle.TestCases.InvestigationTest" name="DeleteInvestigation_Test" time="3.821"/>
  <testcase classname="com.eagle.TestCases.LogoutTest" name="VerifyLogout_Test" time="4.919"/>
  <testcase classname="com.eagle.TestCases.BaseTest" name="@AfterSuite closeApplication" time="0.0">
    <ignored/>
  </testcase> <!-- @AfterSuite closeApplication -->
  <testcase classname="com.eagle.TestCases.BaseTest" name="@AfterSuite closeApplication" time="0.0">
    <ignored/>
  </testcase> <!-- @AfterSuite closeApplication -->
  <testcase classname="com.eagle.TestCases.BaseTest" name="@AfterSuite closeApplication" time="0.0">
    <ignored/>
  </testcase> <!-- @AfterSuite closeApplication -->
  <testcase classname="com.eagle.TestCases.BaseTest" name="@AfterSuite closeApplication" time="0.0">
    <ignored/>
  </testcase> <!-- @AfterSuite closeApplication -->
  <testcase classname="com.eagle.TestCases.BaseTest" name="@AfterSuite closeApplication" time="0.0">
    <ignored/>
  </testcase> <!-- @AfterSuite closeApplication -->
  <testcase classname="com.eagle.TestCases.BaseTest" name="@AfterSuite closeApplication" time="0.0">
    <ignored/>
  </testcase> <!-- @AfterSuite closeApplication -->
</testsuite> <!-- Smoke Test cases -->
