<?xml version="1.0" encoding="UTF-8"?>
<!-- Generated by org.testng.reporters.JUnitXMLReporter -->
<testsuite ignored="1" hostname="Mugunth-DESKTOP-8V8CNVQ" failures="0" tests="4" name="Smoke Test cases" time="275.615" errors="0" timestamp="2022-01-09T12:39:01 IST">
  <testcase classname="com.eagle.TestCases.LoginTest" name="VerifyLoginPage_Test" time="80.016"/>
  <testcase classname="com.eagle.TestCases.HomeTest" name="VerifyContactHelpDesk_Test" time="15.734"/>
  <testcase classname="com.eagle.TestCases.HomeTest" name="VerifyUserManual_Test" time="77.336"/>
  <testcase classname="com.eagle.TestCases.HomeTest" name="VerifyFAQ_Test" time="92.399"/>
  <testcase classname="com.eagle.TestCases.BaseTest" name="@AfterSuite closeApplication" time="0.0">
    <ignored/>
  </testcase> <!-- @AfterSuite closeApplication -->
</testsuite> <!-- Smoke Test cases -->
