<?xml version="1.0" encoding="UTF-8"?>
<!-- Generated by org.testng.reporters.JUnitXMLReporter -->
<testsuite ignored="6" hostname="Mugunth-DESKTOP-8V8CNVQ" failures="1" tests="79" name="Smoke Test cases" time="830.742" errors="0" timestamp="2021-12-16T15:08:07 IST">
  <testcase classname="com.eagle.TestCases.ExplorationTest" name="@BeforeClass beforeClass" time="2.346">
    <failure type="org.openqa.selenium.ElementClickInterceptedException" message="element click intercepted: Element &amp;lt;i data-icon-name=&amp;quot;Relationship&amp;quot; role=&amp;quot;presentation&amp;quot; aria-hidden=&amp;quot;true&amp;quot; class=&amp;quot;ms-Icon root-37 css-57 ms-Button-icon icon-50&amp;quot; style=&amp;quot;font-family: FabricMDL2Icons-8;&amp;quot;&amp;gt;...&amp;lt;/i&amp;gt; is not clickable at point (30, 295). Other element would receive the click: &amp;lt;div class=&amp;quot;ms-Overlay ms-Overlay--dark root-327&amp;quot;&amp;gt;&amp;lt;/div&amp;gt;
  (Session info: chrome=96.0.4664.93)
Build info: version: &amp;apos;3.141.59&amp;apos;, revision: &amp;apos;e82be7d358&amp;apos;, time: &amp;apos;2018-11-14T08:17:03&amp;apos;
System info: host: &amp;apos;MUGUNTH-DESKTOP&amp;apos;, ip: &amp;apos;172.17.200.17&amp;apos;, os.name: &amp;apos;Windows 10&amp;apos;, os.arch: &amp;apos;amd64&amp;apos;, os.version: &amp;apos;10.0&amp;apos;, java.version: &amp;apos;15.0.2&amp;apos;
Driver info: org.openqa.selenium.chrome.ChromeDriver
Capabilities {acceptInsecureCerts: false, browserName: chrome, browserVersion: 96.0.4664.93, chrome: {chromedriverVersion: 96.0.4664.45 (76e4c1bb2ab46..., userDataDir: C:\Users\MUGUNT~1\AppData\L...}, goog:chromeOptions: {debuggerAddress: localhost:52064}, javascriptEnabled: true, networkConnectionEnabled: false, pageLoadStrategy: normal, platform: WINDOWS, platformName: WINDOWS, proxy: Proxy(), setWindowRect: true, strictFileInteractability: false, timeouts: {implicit: 0, pageLoad: 300000, script: 30000}, unhandledPromptBehavior: dismiss and notify, webauthn:extension:credBlob: true, webauthn:extension:largeBlob: true, webauthn:virtualAuthenticators: true}
Session ID: 1b2404b939e87ba96014b1183d55373a">
      <![CDATA[org.openqa.selenium.ElementClickInterceptedException: element click intercepted: Element <i data-icon-name="Relationship" role="presentation" aria-hidden="true" class="ms-Icon root-37 css-57 ms-Button-icon icon-50" style="font-family: FabricMDL2Icons-8;">...</i> is not clickable at point (30, 295). Other element would receive the click: <div class="ms-Overlay ms-Overlay--dark root-327"></div>
  (Session info: chrome=96.0.4664.93)
Build info: version: '3.141.59', revision: 'e82be7d358', time: '2018-11-14T08:17:03'
System info: host: 'MUGUNTH-DESKTOP', ip: '172.17.200.17', os.name: 'Windows 10', os.arch: 'amd64', os.version: '10.0', java.version: '15.0.2'
Driver info: org.openqa.selenium.chrome.ChromeDriver
Capabilities {acceptInsecureCerts: false, browserName: chrome, browserVersion: 96.0.4664.93, chrome: {chromedriverVersion: 96.0.4664.45 (76e4c1bb2ab46..., userDataDir: C:\Users\MUGUNT~1\AppData\L...}, goog:chromeOptions: {debuggerAddress: localhost:52064}, javascriptEnabled: true, networkConnectionEnabled: false, pageLoadStrategy: normal, platform: WINDOWS, platformName: WINDOWS, proxy: Proxy(), setWindowRect: true, strictFileInteractability: false, timeouts: {implicit: 0, pageLoad: 300000, script: 30000}, unhandledPromptBehavior: dismiss and notify, webauthn:extension:credBlob: true, webauthn:extension:largeBlob: true, webauthn:virtualAuthenticators: true}
Session ID: 1b2404b939e87ba96014b1183d55373a
at org.openqa.selenium.remote.http.W3CHttpResponseCodec.createException(W3CHttpResponseCodec.java:187)
at org.openqa.selenium.remote.http.W3CHttpResponseCodec.decode(W3CHttpResponseCodec.java:122)
at org.openqa.selenium.remote.http.W3CHttpResponseCodec.decode(W3CHttpResponseCodec.java:49)
at org.openqa.selenium.remote.HttpCommandExecutor.execute(HttpCommandExecutor.java:158)
at org.openqa.selenium.remote.service.DriverCommandExecutor.execute(DriverCommandExecutor.java:83)
at org.openqa.selenium.remote.RemoteWebDriver.execute(RemoteWebDriver.java:552)
at org.openqa.selenium.remote.RemoteWebElement.execute(RemoteWebElement.java:285)
at org.openqa.selenium.remote.RemoteWebElement.click(RemoteWebElement.java:84)
at org.openqa.selenium.support.pagefactory.internal.LocatingElementHandler.invoke(LocatingElementHandler.java:51)
at com.sun.proxy.$Proxy14.click(Unknown Source)
at com.eagle.pages.BasePage.click(BasePage.java:55)
at com.eagle.pages.ExplorationPage.<init>(ExplorationPage.java:332)
at com.eagle.TestCases.ExplorationTest.beforeClass(ExplorationTest.java:25)
at java.base/java.util.ArrayList.forEach(ArrayList.java:1511)
... Removed 32 stack frames]]>
    </failure>
  </testcase> <!-- @BeforeClass beforeClass -->
  <testcase classname="com.eagle.TestCases.ComparisonTest" name="@BeforeClass beforeClass" time="2.418">
    <failure type="org.openqa.selenium.ElementClickInterceptedException" message="element click intercepted: Element &amp;lt;i data-icon-name=&amp;quot;BranchCompare&amp;quot; role=&amp;quot;presentation&amp;quot; aria-hidden=&amp;quot;true&amp;quot; class=&amp;quot;ms-Icon root-37 css-58 ms-Button-icon icon-50&amp;quot; style=&amp;quot;font-family: FabricMDL2Icons-10;&amp;quot;&amp;gt;...&amp;lt;/i&amp;gt; is not clickable at point (30, 355). Other element would receive the click: &amp;lt;div class=&amp;quot;ms-Overlay ms-Overlay--dark root-327&amp;quot;&amp;gt;&amp;lt;/div&amp;gt;
  (Session info: chrome=96.0.4664.93)
Build info: version: &amp;apos;3.141.59&amp;apos;, revision: &amp;apos;e82be7d358&amp;apos;, time: &amp;apos;2018-11-14T08:17:03&amp;apos;
System info: host: &amp;apos;MUGUNTH-DESKTOP&amp;apos;, ip: &amp;apos;172.17.200.17&amp;apos;, os.name: &amp;apos;Windows 10&amp;apos;, os.arch: &amp;apos;amd64&amp;apos;, os.version: &amp;apos;10.0&amp;apos;, java.version: &amp;apos;15.0.2&amp;apos;
Driver info: org.openqa.selenium.chrome.ChromeDriver
Capabilities {acceptInsecureCerts: false, browserName: chrome, browserVersion: 96.0.4664.93, chrome: {chromedriverVersion: 96.0.4664.45 (76e4c1bb2ab46..., userDataDir: C:\Users\MUGUNT~1\AppData\L...}, goog:chromeOptions: {debuggerAddress: localhost:52064}, javascriptEnabled: true, networkConnectionEnabled: false, pageLoadStrategy: normal, platform: WINDOWS, platformName: WINDOWS, proxy: Proxy(), setWindowRect: true, strictFileInteractability: false, timeouts: {implicit: 0, pageLoad: 300000, script: 30000}, unhandledPromptBehavior: dismiss and notify, webauthn:extension:credBlob: true, webauthn:extension:largeBlob: true, webauthn:virtualAuthenticators: true}
Session ID: 1b2404b939e87ba96014b1183d55373a">
      <![CDATA[org.openqa.selenium.ElementClickInterceptedException: element click intercepted: Element <i data-icon-name="BranchCompare" role="presentation" aria-hidden="true" class="ms-Icon root-37 css-58 ms-Button-icon icon-50" style="font-family: FabricMDL2Icons-10;">...</i> is not clickable at point (30, 355). Other element would receive the click: <div class="ms-Overlay ms-Overlay--dark root-327"></div>
  (Session info: chrome=96.0.4664.93)
Build info: version: '3.141.59', revision: 'e82be7d358', time: '2018-11-14T08:17:03'
System info: host: 'MUGUNTH-DESKTOP', ip: '172.17.200.17', os.name: 'Windows 10', os.arch: 'amd64', os.version: '10.0', java.version: '15.0.2'
Driver info: org.openqa.selenium.chrome.ChromeDriver
Capabilities {acceptInsecureCerts: false, browserName: chrome, browserVersion: 96.0.4664.93, chrome: {chromedriverVersion: 96.0.4664.45 (76e4c1bb2ab46..., userDataDir: C:\Users\MUGUNT~1\AppData\L...}, goog:chromeOptions: {debuggerAddress: localhost:52064}, javascriptEnabled: true, networkConnectionEnabled: false, pageLoadStrategy: normal, platform: WINDOWS, platformName: WINDOWS, proxy: Proxy(), setWindowRect: true, strictFileInteractability: false, timeouts: {implicit: 0, pageLoad: 300000, script: 30000}, unhandledPromptBehavior: dismiss and notify, webauthn:extension:credBlob: true, webauthn:extension:largeBlob: true, webauthn:virtualAuthenticators: true}
Session ID: 1b2404b939e87ba96014b1183d55373a
at org.openqa.selenium.remote.http.W3CHttpResponseCodec.createException(W3CHttpResponseCodec.java:187)
at org.openqa.selenium.remote.http.W3CHttpResponseCodec.decode(W3CHttpResponseCodec.java:122)
at org.openqa.selenium.remote.http.W3CHttpResponseCodec.decode(W3CHttpResponseCodec.java:49)
at org.openqa.selenium.remote.HttpCommandExecutor.execute(HttpCommandExecutor.java:158)
at org.openqa.selenium.remote.service.DriverCommandExecutor.execute(DriverCommandExecutor.java:83)
at org.openqa.selenium.remote.RemoteWebDriver.execute(RemoteWebDriver.java:552)
at org.openqa.selenium.remote.RemoteWebElement.execute(RemoteWebElement.java:285)
at org.openqa.selenium.remote.RemoteWebElement.click(RemoteWebElement.java:84)
at org.openqa.selenium.support.pagefactory.internal.LocatingElementHandler.invoke(LocatingElementHandler.java:51)
at com.sun.proxy.$Proxy14.click(Unknown Source)
at com.eagle.pages.BasePage.click(BasePage.java:55)
at com.eagle.pages.ComparisonPage.<init>(ComparisonPage.java:370)
at com.eagle.TestCases.ComparisonTest.beforeClass(ComparisonTest.java:26)
at java.base/java.util.ArrayList.forEach(ArrayList.java:1511)
... Removed 32 stack frames]]>
    </failure>
  </testcase> <!-- @BeforeClass beforeClass -->
  <testcase classname="com.eagle.TestCases.LoginTest" name="VerifyLoginPage_Test" time="36.487"/>
  <testcase classname="com.eagle.TestCases.HomeTest" name="VerifyLogoVisibility_Test" time="0.07">
    <failure type="java.lang.AssertionError" message="expected [true] but found [false]">
      <![CDATA[java.lang.AssertionError: expected [true] but found [false]
at com.eagle.pages.HomePage.verifyLogoVisibility(HomePage.java:143)
at com.eagle.TestCases.HomeTest.VerifyLogoVisibility_Test(HomeTest.java:24)
at java.base/java.util.ArrayList.forEach(ArrayList.java:1511)
... Removed 31 stack frames]]>
    </failure>
  </testcase> <!-- VerifyLogoVisibility_Test -->
  <testcase classname="com.eagle.TestCases.HomeTest" name="VerifyDashboard_Test" time="0.332"/>
  <testcase classname="com.eagle.TestCases.HomeTest" name="VerifyUserProfile" time="5.636"/>
  <testcase classname="com.eagle.TestCases.HomeTest" name="VerifyCopyRights" time="0.167"/>
  <testcase classname="com.eagle.TestCases.HomeTest" name="CreateGlobalSearch_Test" time="4.28"/>
  <testcase classname="com.eagle.TestCases.HomeTest" name="VerifySavedSearches_Test" time="3.724"/>
  <testcase classname="com.eagle.TestCases.SetTest" name="CreateSet_Test" time="43.004"/>
  <testcase classname="com.eagle.TestCases.SetTest" name="ViewSet_Test" time="1.532"/>
  <testcase classname="com.eagle.TestCases.SetTest" name="CreateSetFromFile_Test" time="23.789"/>
  <testcase classname="com.eagle.TestCases.SetTest" name="CreateSetFromSet_Test" time="58.206"/>
  <testcase classname="com.eagle.TestCases.SetTest" name="SearchInSetExpand_Test" time="70.318"/>
  <testcase classname="com.eagle.TestCases.SetTest" name="SetExpandAddFromCatalog_Test" time="109.88"/>
  <testcase classname="com.eagle.TestCases.SetTest" name="SetExpandAddFromSet_Test" time="196.858"/>
  <testcase classname="com.eagle.TestCases.SetTest" name="SetExpandAddFromFile_Test" time="73.278"/>
  <testcase classname="com.eagle.TestCases.SetTest" name="DeleteCardInSetExpand_Test" time="28.444"/>
  <testcase classname="com.eagle.TestCases.SetTest" name="RemoveItemsfromSet_Test" time="64.737"/>
  <testcase classname="com.eagle.TestCases.SetTest" name="GridChangesInSet_Test" time="59.847"/>
  <testcase classname="com.eagle.TestCases.SetTest" name="CreateAndDeleteSet_Test" time="2.553"/>
  <testcase classname="com.eagle.TestCases.SetTest" name="CreateAndShareSet_Test" time="2.513"/>
  <testcase classname="com.eagle.TestCases.SetTest" name="DeleteSet_Test" time="2.558"/>
  <testcase classname="com.eagle.TestCases.SetTest" name="ShareSet_Test" time="2.595"/>
  <testcase classname="com.eagle.TestCases.SetTest" name="SortColumnSet_Test" time="2.506"/>
  <testcase classname="com.eagle.TestCases.SetTest" name="FilterSet_Test" time="2.521"/>
  <testcase classname="com.eagle.TestCases.SetTest" name="FilterMultiSet_Test" time="2.607"/>
  <testcase classname="com.eagle.TestCases.ExplorationTest" name="CreateExplorationFromSearch_Test" time="0.0">
    <skipped/>
  </testcase> <!-- CreateExplorationFromSearch_Test -->
  <testcase classname="com.eagle.TestCases.ExplorationTest" name="CreateExplorationFromSetInitally_Test" time="0.0">
    <skipped/>
  </testcase> <!-- CreateExplorationFromSetInitally_Test -->
  <testcase classname="com.eagle.TestCases.ExplorationTest" name="CreateExplorationFromSet_Test" time="0.0">
    <skipped/>
  </testcase> <!-- CreateExplorationFromSet_Test -->
  <testcase classname="com.eagle.TestCases.ExplorationTest" name="CreateExplorationFromFile_Test" time="0.0">
    <skipped/>
  </testcase> <!-- CreateExplorationFromFile_Test -->
  <testcase classname="com.eagle.TestCases.ExplorationTest" name="SearchInExplorationExpand_Test" time="0.0">
    <skipped/>
  </testcase> <!-- SearchInExplorationExpand_Test -->
  <testcase classname="com.eagle.TestCases.ExplorationTest" name="DeleteCardInExplorationExpand_Test" time="0.0">
    <skipped/>
  </testcase> <!-- DeleteCardInExplorationExpand_Test -->
  <testcase classname="com.eagle.TestCases.ExplorationTest" name="DeleteExplorationFirstCard_Test" time="0.0">
    <skipped/>
  </testcase> <!-- DeleteExplorationFirstCard_Test -->
  <testcase classname="com.eagle.TestCases.ExplorationTest" name="DeleteExplorationSecondCard_Test" time="0.0">
    <skipped/>
  </testcase> <!-- DeleteExplorationSecondCard_Test -->
  <testcase classname="com.eagle.TestCases.ExplorationTest" name="ExplorationExpandAddFromCatalog_Test" time="0.0">
    <skipped/>
  </testcase> <!-- ExplorationExpandAddFromCatalog_Test -->
  <testcase classname="com.eagle.TestCases.ExplorationTest" name="ExplorationExpandAddFromSet_Test" time="0.0">
    <skipped/>
  </testcase> <!-- ExplorationExpandAddFromSet_Test -->
  <testcase classname="com.eagle.TestCases.ExplorationTest" name="ExplorationExpandAddFromFile_Test" time="0.0">
    <skipped/>
  </testcase> <!-- ExplorationExpandAddFromFile_Test -->
  <testcase classname="com.eagle.TestCases.ExplorationTest" name="ExplorationCreateARelationCard_Test" time="0.0">
    <skipped/>
  </testcase> <!-- ExplorationCreateARelationCard_Test -->
  <testcase classname="com.eagle.TestCases.ExplorationTest" name="ExplorationCreateTwoRelationCard_Test" time="0.0">
    <skipped/>
  </testcase> <!-- ExplorationCreateTwoRelationCard_Test -->
  <testcase classname="com.eagle.TestCases.ExplorationTest" name="CreateAndDeleteExploration_Test" time="0.0">
    <skipped/>
  </testcase> <!-- CreateAndDeleteExploration_Test -->
  <testcase classname="com.eagle.TestCases.ExplorationTest" name="CreateAndShareExploration_Test" time="0.0">
    <skipped/>
  </testcase> <!-- CreateAndShareExploration_Test -->
  <testcase classname="com.eagle.TestCases.ExplorationTest" name="DeleteExploration_Test" time="0.0">
    <skipped/>
  </testcase> <!-- DeleteExploration_Test -->
  <testcase classname="com.eagle.TestCases.ExplorationTest" name="ShareExploration_Test" time="0.0">
    <skipped/>
  </testcase> <!-- ShareExploration_Test -->
  <testcase classname="com.eagle.TestCases.ExplorationTest" name="RemoveItemsfromExploration_Test" time="0.0">
    <skipped/>
  </testcase> <!-- RemoveItemsfromExploration_Test -->
  <testcase classname="com.eagle.TestCases.ExplorationTest" name="SortColumnExploration_Test" time="0.0">
    <skipped/>
  </testcase> <!-- SortColumnExploration_Test -->
  <testcase classname="com.eagle.TestCases.ExplorationTest" name="FilterExploration_Test" time="0.0">
    <skipped/>
  </testcase> <!-- FilterExploration_Test -->
  <testcase classname="com.eagle.TestCases.ExplorationTest" name="FilterMultiComparison_Test" time="0.0">
    <skipped/>
  </testcase> <!-- FilterMultiComparison_Test -->
  <testcase classname="com.eagle.TestCases.ComparisonTest" name="CreateComparisonWithContol_Test" time="0.0">
    <skipped/>
  </testcase> <!-- CreateComparisonWithContol_Test -->
  <testcase classname="com.eagle.TestCases.ComparisonTest" name="CreateComparisonFromSet_Test" time="0.0">
    <skipped/>
  </testcase> <!-- CreateComparisonFromSet_Test -->
  <testcase classname="com.eagle.TestCases.ComparisonTest" name="CreateComparisonFromFile_Test" time="0.001">
    <skipped/>
  </testcase> <!-- CreateComparisonFromFile_Test -->
  <testcase classname="com.eagle.TestCases.ComparisonTest" name="CreateComparisonWithContolandCase_Test" time="0.0">
    <skipped/>
  </testcase> <!-- CreateComparisonWithContolandCase_Test -->
  <testcase classname="com.eagle.TestCases.ComparisonTest" name="createComparisonWithControlandCaseRunComparison_Test" time="0.0">
    <skipped/>
  </testcase> <!-- createComparisonWithControlandCaseRunComparison_Test -->
  <testcase classname="com.eagle.TestCases.ComparisonTest" name="updateComparisonWithCaseCard_Test" time="0.0">
    <skipped/>
  </testcase> <!-- updateComparisonWithCaseCard_Test -->
  <testcase classname="com.eagle.TestCases.ComparisonTest" name="SearchInComparisonExpand_Test" time="0.0">
    <skipped/>
  </testcase> <!-- SearchInComparisonExpand_Test -->
  <testcase classname="com.eagle.TestCases.ComparisonTest" name="DeleteCardInComparisonExpand_Test" time="0.0">
    <skipped/>
  </testcase> <!-- DeleteCardInComparisonExpand_Test -->
  <testcase classname="com.eagle.TestCases.ComparisonTest" name="DeleteComparisonFirstCard_Test" time="0.0">
    <skipped/>
  </testcase> <!-- DeleteComparisonFirstCard_Test -->
  <testcase classname="com.eagle.TestCases.ComparisonTest" name="DeleteComparisonSecondCard_Test" time="0.0">
    <skipped/>
  </testcase> <!-- DeleteComparisonSecondCard_Test -->
  <testcase classname="com.eagle.TestCases.ComparisonTest" name="ComparisonExpandAddFromCatalog_Test" time="0.0">
    <skipped/>
  </testcase> <!-- ComparisonExpandAddFromCatalog_Test -->
  <testcase classname="com.eagle.TestCases.ComparisonTest" name="ComparisonExpandAddFromSet_Test" time="0.0">
    <skipped/>
  </testcase> <!-- ComparisonExpandAddFromSet_Test -->
  <testcase classname="com.eagle.TestCases.ComparisonTest" name="ComparisonExpandAddFromFile_Test" time="0.0">
    <skipped/>
  </testcase> <!-- ComparisonExpandAddFromFile_Test -->
  <testcase classname="com.eagle.TestCases.ComparisonTest" name="ComparisonCreateMultipleCaseCards_Test" time="0.0">
    <skipped/>
  </testcase> <!-- ComparisonCreateMultipleCaseCards_Test -->
  <testcase classname="com.eagle.TestCases.ComparisonTest" name="ComparisonCreateMultipleCaseCardsRunComparison_Test" time="0.0">
    <skipped/>
  </testcase> <!-- ComparisonCreateMultipleCaseCardsRunComparison_Test -->
  <testcase classname="com.eagle.TestCases.ComparisonTest" name="CreateAndDeleteComparison_Test" time="0.0">
    <skipped/>
  </testcase> <!-- CreateAndDeleteComparison_Test -->
  <testcase classname="com.eagle.TestCases.ComparisonTest" name="CreateAndShareComparison_Test" time="0.0">
    <skipped/>
  </testcase> <!-- CreateAndShareComparison_Test -->
  <testcase classname="com.eagle.TestCases.ComparisonTest" name="DeleteComparison_Test" time="0.0">
    <skipped/>
  </testcase> <!-- DeleteComparison_Test -->
  <testcase classname="com.eagle.TestCases.ComparisonTest" name="ShareComparison_Test" time="0.0">
    <skipped/>
  </testcase> <!-- ShareComparison_Test -->
  <testcase classname="com.eagle.TestCases.ComparisonTest" name="RemoveItemsfromComparison_Test" time="0.0">
    <skipped/>
  </testcase> <!-- RemoveItemsfromComparison_Test -->
  <testcase classname="com.eagle.TestCases.ComparisonTest" name="ChangeControlAndCase_Test" time="0.0">
    <skipped/>
  </testcase> <!-- ChangeControlAndCase_Test -->
  <testcase classname="com.eagle.TestCases.ComparisonTest" name="SortColumnComparison_Test" time="0.0">
    <skipped/>
  </testcase> <!-- SortColumnComparison_Test -->
  <testcase classname="com.eagle.TestCases.ComparisonTest" name="FilterComparison_Test" time="0.0">
    <skipped/>
  </testcase> <!-- FilterComparison_Test -->
  <testcase classname="com.eagle.TestCases.ComparisonTest" name="FilterMultiComparison_Test" time="0.0">
    <skipped/>
  </testcase> <!-- FilterMultiComparison_Test -->
  <testcase classname="com.eagle.TestCases.InvestigationTest" name="CreateInvestigation_Test" time="2.486"/>
  <testcase classname="com.eagle.TestCases.InvestigationTest" name="ViewInvestigation_Test" time="2.535"/>
  <testcase classname="com.eagle.TestCases.InvestigationTest" name="EditInvestigation_Test" time="0.186"/>
  <testcase classname="com.eagle.TestCases.InvestigationTest" name="LinkSetWithInvestigation_Test" time="2.608"/>
  <testcase classname="com.eagle.TestCases.InvestigationTest" name="LinkExplorationWithInvestigation_Test" time="2.505"/>
  <testcase classname="com.eagle.TestCases.InvestigationTest" name="LinkComparisonWithInvestigation_Test" time="2.427"/>
  <testcase classname="com.eagle.TestCases.InvestigationTest" name="ShareInvestigation_Test" time="0.112"/>
  <testcase classname="com.eagle.TestCases.InvestigationTest" name="DeleteInvestigation_Test" time="2.355"/>
  <testcase classname="com.eagle.TestCases.LogoutTest" name="VerifyLogout_Test" time="2.364"/>
  <testcase classname="com.eagle.TestCases.BaseTest" name="@AfterSuite closeApplication" time="0.0">
    <ignored/>
  </testcase> <!-- @AfterSuite closeApplication -->
  <testcase classname="com.eagle.TestCases.BaseTest" name="@AfterSuite closeApplication" time="0.0">
    <ignored/>
  </testcase> <!-- @AfterSuite closeApplication -->
  <testcase classname="com.eagle.TestCases.BaseTest" name="@AfterSuite closeApplication" time="0.0">
    <ignored/>
  </testcase> <!-- @AfterSuite closeApplication -->
  <testcase classname="com.eagle.TestCases.BaseTest" name="@AfterSuite closeApplication" time="0.0">
    <ignored/>
  </testcase> <!-- @AfterSuite closeApplication -->
  <testcase classname="com.eagle.TestCases.BaseTest" name="@AfterSuite closeApplication" time="0.0">
    <ignored/>
  </testcase> <!-- @AfterSuite closeApplication -->
  <testcase classname="com.eagle.TestCases.BaseTest" name="@AfterSuite closeApplication" time="0.0">
    <ignored/>
  </testcase> <!-- @AfterSuite closeApplication -->
</testsuite> <!-- Smoke Test cases -->
