<?xml version="1.0" encoding="UTF-8"?>
<!-- Generated by org.testng.reporters.JUnitXMLReporter -->
<testsuite ignored="5" hostname="Mugunth-DESKTOP-8V8CNVQ" failures="0" tests="27" name="Smoke Test cases" time="1652.22" errors="0" timestamp="2022-01-05T08:50:50 IST">
  <testcase classname="com.eagle.TestCases.LoginTest" name="VerifyLoginPage_Test" time="121.791"/>
  <testcase classname="com.eagle.TestCases.HomeTest" name="VerifyLogoVisibility_Test" time="0.078"/>
  <testcase classname="com.eagle.TestCases.HomeTest" name="VerifyDashboard_Test" time="0.228"/>
  <testcase classname="com.eagle.TestCases.HomeTest" name="VerifyUserProfile" time="0.837"/>
  <testcase classname="com.eagle.TestCases.HomeTest" name="VerifyCopyRights" time="0.107"/>
  <testcase classname="com.eagle.TestCases.HomeTest" name="CreateGlobalSearch_Test" time="4.945"/>
  <testcase classname="com.eagle.TestCases.HomeTest" name="VerifySavedSearches_Test" time="4.436"/>
  <testcase classname="com.eagle.TestCases.ExplorationTest" name="DeleteExplorationFirstCard_Test" time="42.254"/>
  <testcase classname="com.eagle.TestCases.ExplorationTest" name="DeleteExplorationSecondCard_Test" time="26.943"/>
  <testcase classname="com.eagle.TestCases.ExplorationTest" name="ExplorationExpandAddFromFile_Test" time="170.593"/>
  <testcase classname="com.eagle.TestCases.ExplorationTest" name="ExplorationCreateARelationCard_Test" time="27.051"/>
  <testcase classname="com.eagle.TestCases.ExplorationTest" name="ExplorationCreateTwoRelationCard_Test" time="38.02"/>
  <testcase classname="com.eagle.TestCases.ExplorationTest" name="CreateAndDeleteExploration_Test" time="56.135"/>
  <testcase classname="com.eagle.TestCases.ExplorationTest" name="CreateAndShareExploration_Test" time="77.379"/>
  <testcase classname="com.eagle.TestCases.ExplorationTest" name="DeleteExploration_Test" time="107.958"/>
  <testcase classname="com.eagle.TestCases.ExplorationTest" name="ShareExploration_Test" time="10.468"/>
  <testcase classname="com.eagle.TestCases.ExplorationTest" name="RemoveItemsfromExploration_Test" time="54.24"/>
  <testcase classname="com.eagle.TestCases.ExplorationTest" name="SortColumnExploration_Test" time="95.195"/>
  <testcase classname="com.eagle.TestCases.ExplorationTest" name="FilterExploration_Test" time="121.272"/>
  <testcase classname="com.eagle.TestCases.ExplorationTest" name="FilterMultiExploration_Test" time="185.941"/>
  <testcase classname="com.eagle.TestCases.ComparisonTest" name="updateComparisonWithCaseCard_Test" time="39.547"/>
  <testcase classname="com.eagle.TestCases.ComparisonTest" name="ComparisonExpandAddFromFile_Test" time="164.847"/>
  <testcase classname="com.eagle.TestCases.ComparisonTest" name="ComparisonCreateMultipleCaseCards_Test" time="90.935"/>
  <testcase classname="com.eagle.TestCases.ComparisonTest" name="ComparisonCreateMultipleCaseCardsRunComparison_Test" time="112.063"/>
  <testcase classname="com.eagle.TestCases.InvestigationTest" name="ShareInvestigation_Test" time="74.877"/>
  <testcase classname="com.eagle.TestCases.InvestigationTest" name="DeleteInvestigation_Test" time="4.602"/>
  <testcase classname="com.eagle.TestCases.LogoutTest" name="VerifyLogout_Test" time="7.267"/>
  <testcase classname="com.eagle.TestCases.BaseTest" name="@AfterSuite closeApplication" time="0.0">
    <ignored/>
  </testcase> <!-- @AfterSuite closeApplication -->
  <testcase classname="com.eagle.TestCases.BaseTest" name="@AfterSuite closeApplication" time="0.0">
    <ignored/>
  </testcase> <!-- @AfterSuite closeApplication -->
  <testcase classname="com.eagle.TestCases.BaseTest" name="@AfterSuite closeApplication" time="0.0">
    <ignored/>
  </testcase> <!-- @AfterSuite closeApplication -->
  <testcase classname="com.eagle.TestCases.BaseTest" name="@AfterSuite closeApplication" time="0.0">
    <ignored/>
  </testcase> <!-- @AfterSuite closeApplication -->
  <testcase classname="com.eagle.TestCases.BaseTest" name="@AfterSuite closeApplication" time="0.0">
    <ignored/>
  </testcase> <!-- @AfterSuite closeApplication -->
</testsuite> <!-- Smoke Test cases -->
