<?xml version="1.0" encoding="UTF-8"?>
<!-- Generated by org.testng.reporters.JUnitXMLReporter -->
<testsuite ignored="2" hostname="Mugunth-DESKTOP-8V8CNVQ" failures="0" tests="11" name="Smoke Test cases" time="131.498" errors="0" timestamp="2022-01-17T16:36:46 IST">
  <testcase classname="com.eagle.TestCases.LoginTest" name="VerifyLoginPage_Test" time="61.183"/>
  <testcase classname="com.eagle.TestCases.HomeTest" name="VerifyLogoVisibility_Test" time="0.085"/>
  <testcase classname="com.eagle.TestCases.HomeTest" name="VerifyDashboard_Test" time="0.208"/>
  <testcase classname="com.eagle.TestCases.HomeTest" name="VerifyUserProfile" time="0.908"/>
  <testcase classname="com.eagle.TestCases.HomeTest" name="VerifyCopyRights" time="0.117"/>
  <testcase classname="com.eagle.TestCases.HomeTest" name="CreateGlobalSearch_Test" time="5.995"/>
  <testcase classname="com.eagle.TestCases.HomeTest" name="VerifySavedSearches_Test" time="5.119"/>
  <testcase classname="com.eagle.TestCases.HomeTest" name="VerifyContactHelpDesk_Test" time="19.839"/>
  <testcase classname="com.eagle.TestCases.HomeTest" name="VerifyUserManual_Test" time="1.037"/>
  <testcase classname="com.eagle.TestCases.HomeTest" name="VerifyFAQ_Test" time="18.83"/>
  <testcase classname="com.eagle.TestCases.LogoutTest" name="VerifyLogout_Test" time="8.129"/>
  <testcase classname="com.eagle.TestCases.BaseTest" name="@AfterSuite closeApplication" time="0.0">
    <ignored/>
  </testcase> <!-- @AfterSuite closeApplication -->
  <testcase classname="com.eagle.TestCases.BaseTest" name="@AfterSuite closeApplication" time="0.0">
    <ignored/>
  </testcase> <!-- @AfterSuite closeApplication -->
</testsuite> <!-- Smoke Test cases -->
