<?xml version="1.0" encoding="UTF-8"?>
<!-- Generated by org.testng.reporters.JUnitXMLReporter -->
<testsuite ignored="0" hostname="Mugunth-DESKTOP-8V8CNVQ" failures="0" tests="19" name="Smoke Test cases" time="1887.926" errors="0" timestamp="2021-12-10T09:18:34 IST">
  <testcase classname="com.eagle.TestCases.LoginTest" name="VerifyLoginPage_Test" time="36.662"/>
  <testcase classname="com.eagle.TestCases.SetTest" name="CreateSet_Test" time="70.574"/>
  <testcase classname="com.eagle.TestCases.SetTest" name="ViewSet_Test" time="2.17"/>
  <testcase classname="com.eagle.TestCases.SetTest" name="CreateSetFromFile_Test" time="22.402"/>
  <testcase classname="com.eagle.TestCases.SetTest" name="CreateSetFromSet_Test" time="68.024"/>
  <testcase classname="com.eagle.TestCases.SetTest" name="SearchInSetExpand_Test" time="133.132"/>
  <testcase classname="com.eagle.TestCases.SetTest" name="SetExpandAddFromCatalog_Test" time="318.002"/>
  <testcase classname="com.eagle.TestCases.SetTest" name="SetExpandAddFromSet_Test" time="239.37"/>
  <testcase classname="com.eagle.TestCases.SetTest" name="SetExpandAddFromFile_Test" time="170.163"/>
  <testcase classname="com.eagle.TestCases.SetTest" name="DeleteCardInSetExpand_Test" time="94.033"/>
  <testcase classname="com.eagle.TestCases.SetTest" name="RemoveItemsfromSet_Test" time="74.812"/>
  <testcase classname="com.eagle.TestCases.SetTest" name="GridChangesInSet_Test" time="100.639"/>
  <testcase classname="com.eagle.TestCases.SetTest" name="CreateAndDeleteSet_Test" time="43.595"/>
  <testcase classname="com.eagle.TestCases.SetTest" name="CreateAndShareSet_Test" time="54.493"/>
  <testcase classname="com.eagle.TestCases.SetTest" name="DeleteSet_Test" time="107.549"/>
  <testcase classname="com.eagle.TestCases.SetTest" name="ShareSet_Test" time="16.462"/>
  <testcase classname="com.eagle.TestCases.SetTest" name="SortColumnSet_Test" time="102.095"/>
  <testcase classname="com.eagle.TestCases.SetTest" name="FilterSet_Test" time="145.082"/>
  <testcase classname="com.eagle.TestCases.SetTest" name="FilterMultiSet_Test" time="71.54"/>
</testsuite> <!-- Smoke Test cases -->
