<?xml version="1.0" encoding="UTF-8"?>
<!-- Generated by org.testng.reporters.JUnitXMLReporter -->
<testsuite ignored="0" hostname="Divya-Devanathan" failures="0" tests="1" name="Test" time="0.048" errors="0" timestamp="2021-09-13T14:39:32 IST">
  <testcase classname="com.eagle.TestCases.BaseTest" name="@BeforeClass launchApplication" time="0.007">
    <failure type="java.lang.Error" message="Unresolved compilation problems: 
	Syntax error, insert &amp;quot;VariableDeclarators&amp;quot; to complete LocalVariableDeclaration
	Syntax error, insert &amp;quot;;&amp;quot; to complete LocalVariableDeclarationStatement
	test_Login_Correct cannot be resolved
">
      <![CDATA[java.lang.Error: Unresolved compilation problems: 
Syntax error, insert "VariableDeclarators" to complete LocalVariableDeclaration
Syntax error, insert ";" to complete LocalVariableDeclarationStatement
test_Login_Correct cannot be resolved

at com.eagle.TestCases.BaseTest.launchApplication(BaseTest.java:40)
at java.base/java.util.ArrayList.forEach(ArrayList.java:1511)
... Removed 25 stack frames]]>
    </failure>
  </testcase> <!-- @BeforeClass launchApplication -->
  <testcase classname="com.eagle.TestCases.SetTest" name="test_CreateInvestigation_Correct" time="0.0">
    <skipped/>
  </testcase> <!-- test_CreateInvestigation_Correct -->
</testsuite> <!-- Test -->
