<?xml version="1.0" encoding="UTF-8"?>
<testng-results ignored="2" total="5" passed="3" failed="0" skipped="0">
  <reporter-output>
  </reporter-output>
  <suite started-at="2022-03-08T13:08:29 IST" name="SmokeTestingSuite" finished-at="2022-03-08T13:10:18 IST" duration-ms="108766">
    <groups>
    </groups>
    <test started-at="2022-03-08T13:08:29 IST" name="Smoke Test cases" finished-at="2022-03-08T13:10:18 IST" duration-ms="108766">
      <class name="com.eagle.TestCases.LoginTest">
        <test-method is-config="true" signature="launchApplication()[pri:0, instance:com.eagle.TestCases.LoginTest@4659191b]" started-at="2022-03-08T13:08:29 IST" name="launchApplication" finished-at="2022-03-08T13:08:37 IST" duration-ms="8489" status="PASS">
          <reporter-output>
          </reporter-output>
        </test-method> <!-- launchApplication -->
        <test-method is-config="true" signature="beforeClass()[pri:0, instance:com.eagle.TestCases.LoginTest@4659191b]" started-at="2022-03-08T13:08:37 IST" name="beforeClass" finished-at="2022-03-08T13:08:38 IST" duration-ms="45" status="PASS">
          <reporter-output>
          </reporter-output>
        </test-method> <!-- beforeClass -->
        <test-method signature="VerifyLoginPage_Test()[pri:0, instance:com.eagle.TestCases.LoginTest@4659191b]" started-at="2022-03-08T13:08:38 IST" name="VerifyLoginPage_Test" description="Login with valid credentials" finished-at="2022-03-08T13:09:25 IST" duration-ms="47899" status="PASS">
          <reporter-output>
          </reporter-output>
        </test-method> <!-- VerifyLoginPage_Test -->
        <test-method is-config="true" signature="closeApplication()[pri:0, instance:com.eagle.TestCases.LoginTest@4659191b]" started-at="2022-03-08T13:10:18 IST" name="closeApplication" finished-at="2022-03-08T13:10:19 IST" duration-ms="731" status="FAIL">
          <exception class="java.io.FileNotFoundException">
            <message>
              <![CDATA[\data_scientist\Resources\TestReport\html.pdf (The system cannot find the path specified)]]>
            </message>
            <full-stacktrace>
              <![CDATA[java.io.FileNotFoundException: \data_scientist\Resources\TestReport\html.pdf (The system cannot find the path specified)
at java.base/java.io.FileOutputStream.open0(Native Method)
at java.base/java.io.FileOutputStream.open(FileOutputStream.java:291)
at java.base/java.io.FileOutputStream.<init>(FileOutputStream.java:234)
at java.base/java.io.FileOutputStream.<init>(FileOutputStream.java:123)
at com.eagle.TestCases.BaseTest.generatePDFFromHTML(BaseTest.java:119)
at com.eagle.TestCases.BaseTest.closeApplication(BaseTest.java:94)
at java.base/jdk.internal.reflect.NativeMethodAccessorImpl.invoke0(Native Method)
at java.base/jdk.internal.reflect.NativeMethodAccessorImpl.invoke(NativeMethodAccessorImpl.java:64)
at java.base/jdk.internal.reflect.DelegatingMethodAccessorImpl.invoke(DelegatingMethodAccessorImpl.java:43)
at java.base/java.lang.reflect.Method.invoke(Method.java:564)
at org.testng.internal.MethodInvocationHelper.invokeMethod(MethodInvocationHelper.java:133)
at org.testng.internal.MethodInvocationHelper.invokeMethodConsideringTimeout(MethodInvocationHelper.java:62)
at org.testng.internal.ConfigInvoker.invokeConfigurationMethod(ConfigInvoker.java:385)
at org.testng.internal.ConfigInvoker.invokeConfigurations(ConfigInvoker.java:321)
at org.testng.SuiteRunner.privateRun(SuiteRunner.java:344)
at org.testng.SuiteRunner.run(SuiteRunner.java:276)
at org.testng.SuiteRunnerWorker.runSuite(SuiteRunnerWorker.java:53)
at org.testng.SuiteRunnerWorker.run(SuiteRunnerWorker.java:96)
at org.testng.TestNG.runSuitesSequentially(TestNG.java:1212)
at org.testng.TestNG.runSuitesLocally(TestNG.java:1134)
at org.testng.TestNG.runSuites(TestNG.java:1063)
at org.testng.TestNG.run(TestNG.java:1031)
at org.testng.remote.AbstractRemoteTestNG.run(AbstractRemoteTestNG.java:115)
at org.testng.remote.RemoteTestNG.initAndRun(RemoteTestNG.java:251)
at org.testng.remote.RemoteTestNG.main(RemoteTestNG.java:77)
]]>
            </full-stacktrace>
          </exception> <!-- java.io.FileNotFoundException -->
          <reporter-output>
          </reporter-output>
        </test-method> <!-- closeApplication -->
      </class> <!-- com.eagle.TestCases.LoginTest -->
      <class name="com.eagle.TestCases.AnalysisTest">
        <test-method is-config="true" signature="launchApplication()[pri:0, instance:com.eagle.TestCases.AnalysisTest@5677323c]" started-at="2022-03-08T13:09:25 IST" name="launchApplication" finished-at="2022-03-08T13:09:25 IST" duration-ms="0" status="PASS">
          <reporter-output>
          </reporter-output>
        </test-method> <!-- launchApplication -->
        <test-method is-config="true" signature="beforeClass()[pri:0, instance:com.eagle.TestCases.AnalysisTest@5677323c]" started-at="2022-03-08T13:09:25 IST" name="beforeClass" finished-at="2022-03-08T13:09:25 IST" duration-ms="19" status="PASS">
          <reporter-output>
          </reporter-output>
        </test-method> <!-- beforeClass -->
        <test-method signature="VerifySelectingFeaturesInAnalysis_Test()[pri:7, instance:com.eagle.TestCases.AnalysisTest@5677323c]" started-at="2022-03-08T13:09:25 IST" name="VerifySelectingFeaturesInAnalysis_Test" description="Verify selection of features in Analysis" finished-at="2022-03-08T13:10:13 IST" duration-ms="47067" status="PASS">
          <reporter-output>
          </reporter-output>
        </test-method> <!-- VerifySelectingFeaturesInAnalysis_Test -->
      </class> <!-- com.eagle.TestCases.AnalysisTest -->
      <class name="com.eagle.TestCases.LogoutTest">
        <test-method is-config="true" signature="launchApplication()[pri:0, instance:com.eagle.TestCases.LogoutTest@18df8434]" started-at="2022-03-08T13:10:13 IST" name="launchApplication" finished-at="2022-03-08T13:10:13 IST" duration-ms="1" status="PASS">
          <reporter-output>
          </reporter-output>
        </test-method> <!-- launchApplication -->
        <test-method is-config="true" signature="beforeClass()[pri:0, instance:com.eagle.TestCases.LogoutTest@18df8434]" started-at="2022-03-08T13:10:13 IST" name="beforeClass" finished-at="2022-03-08T13:10:13 IST" duration-ms="5" status="PASS">
          <reporter-output>
          </reporter-output>
        </test-method> <!-- beforeClass -->
        <test-method signature="VerifyLogout_Test()[pri:0, instance:com.eagle.TestCases.LogoutTest@18df8434]" started-at="2022-03-08T13:10:13 IST" name="VerifyLogout_Test" description="Logout functionality verification" finished-at="2022-03-08T13:10:18 IST" duration-ms="5199" status="PASS">
          <reporter-output>
          </reporter-output>
        </test-method> <!-- VerifyLogout_Test -->
      </class> <!-- com.eagle.TestCases.LogoutTest -->
    </test> <!-- Smoke Test cases -->
  </suite> <!-- SmokeTestingSuite -->
</testng-results>
