<?xml version="1.0" encoding="UTF-8"?>
<testng-results ignored="7" total="99" passed="92" failed="0" skipped="0">
  <reporter-output>
  </reporter-output>
  <suite started-at="2022-04-23T08:28:12 UTC" name="SmokeTestingSuite" finished-at="2022-04-23T09:29:43 UTC" duration-ms="3690510">
    <groups>
    </groups>
    <test started-at="2022-04-23T08:28:12 UTC" name="Smoke Test cases" finished-at="2022-04-23T09:29:43 UTC" duration-ms="3690510">
      <class name="com.eagle.TestCases.LoginTest">
        <test-method is-config="true" signature="launchApplication()[pri:0, instance:com.eagle.TestCases.LoginTest@783a467b]" started-at="2022-04-23T08:28:12 UTC" name="launchApplication" finished-at="2022-04-23T08:28:19 UTC" duration-ms="7177" status="PASS">
          <reporter-output>
          </reporter-output>
        </test-method> <!-- launchApplication -->
        <test-method is-config="true" signature="beforeClass()[pri:0, instance:com.eagle.TestCases.LoginTest@783a467b]" started-at="2022-04-23T08:28:19 UTC" name="beforeClass" finished-at="2022-04-23T08:28:19 UTC" duration-ms="131" status="PASS">
          <reporter-output>
          </reporter-output>
        </test-method> <!-- beforeClass -->
        <test-method signature="VerifyLoginPage_Test()[pri:0, instance:com.eagle.TestCases.LoginTest@783a467b]" started-at="2022-04-23T08:28:19 UTC" name="VerifyLoginPage_Test" description="Login with valid credentials" finished-at="2022-04-23T08:29:07 UTC" duration-ms="47840" status="PASS">
          <reporter-output>
          </reporter-output>
        </test-method> <!-- VerifyLoginPage_Test -->
        <test-method is-config="true" signature="closeApplication()[pri:0, instance:com.eagle.TestCases.LoginTest@783a467b]" started-at="2022-04-23T09:29:43 UTC" name="closeApplication" finished-at="2022-04-23T09:29:44 UTC" duration-ms="372" status="PASS">
          <reporter-output>
          </reporter-output>
        </test-method> <!-- closeApplication -->
      </class> <!-- com.eagle.TestCases.LoginTest -->
      <class name="com.eagle.TestCases.SetTest">
        <test-method is-config="true" signature="launchApplication()[pri:0, instance:com.eagle.TestCases.SetTest@793f29ff]" started-at="2022-04-23T08:30:03 UTC" name="launchApplication" finished-at="2022-04-23T08:30:03 UTC" duration-ms="1" status="PASS">
          <reporter-output>
          </reporter-output>
        </test-method> <!-- launchApplication -->
        <test-method is-config="true" signature="beforeClass()[pri:0, instance:com.eagle.TestCases.SetTest@793f29ff]" started-at="2022-04-23T08:30:03 UTC" name="beforeClass" finished-at="2022-04-23T08:30:05 UTC" duration-ms="2087" status="PASS">
          <reporter-output>
          </reporter-output>
        </test-method> <!-- beforeClass -->
        <test-method signature="CreateSet_Test()[pri:0, instance:com.eagle.TestCases.SetTest@793f29ff]" started-at="2022-04-23T08:30:05 UTC" name="CreateSet_Test" description="Create Set" finished-at="2022-04-23T08:30:26 UTC" duration-ms="21062" status="PASS">
          <reporter-output>
          </reporter-output>
        </test-method> <!-- CreateSet_Test -->
        <test-method signature="ViewSet_Test()[pri:1, instance:com.eagle.TestCases.SetTest@793f29ff]" started-at="2022-04-23T08:30:26 UTC" name="ViewSet_Test" description="View Set" finished-at="2022-04-23T08:30:28 UTC" duration-ms="1453" status="PASS">
          <reporter-output>
          </reporter-output>
        </test-method> <!-- ViewSet_Test -->
        <test-method signature="CreateSetFromFile_Test()[pri:2, instance:com.eagle.TestCases.SetTest@793f29ff]" started-at="2022-04-23T08:30:28 UTC" name="CreateSetFromFile_Test" description="Create Set From File" finished-at="2022-04-23T08:30:46 UTC" duration-ms="18463" status="PASS">
          <reporter-output>
          </reporter-output>
        </test-method> <!-- CreateSetFromFile_Test -->
        <test-method signature="CreateSetFromSet_Test()[pri:3, instance:com.eagle.TestCases.SetTest@793f29ff]" started-at="2022-04-23T08:30:46 UTC" name="CreateSetFromSet_Test" description="Create Set From Another Set" finished-at="2022-04-23T08:31:19 UTC" duration-ms="32142" status="PASS">
          <reporter-output>
          </reporter-output>
        </test-method> <!-- CreateSetFromSet_Test -->
        <test-method signature="SearchInSetExpand_Test()[pri:4, instance:com.eagle.TestCases.SetTest@793f29ff]" started-at="2022-04-23T08:31:19 UTC" name="SearchInSetExpand_Test" description="Search A Text In Set Expand" finished-at="2022-04-23T08:32:10 UTC" duration-ms="51573" status="PASS">
          <reporter-output>
          </reporter-output>
        </test-method> <!-- SearchInSetExpand_Test -->
        <test-method signature="SetExpandAddFromCatalog_Test()[pri:5, instance:com.eagle.TestCases.SetTest@793f29ff]" started-at="2022-04-23T08:32:10 UTC" name="SetExpandAddFromCatalog_Test" description="Set - Expand and add items from Catalog" finished-at="2022-04-23T08:33:13 UTC" duration-ms="63073" status="PASS">
          <reporter-output>
          </reporter-output>
        </test-method> <!-- SetExpandAddFromCatalog_Test -->
        <test-method signature="SetExpandAddFromSet_Test()[pri:6, instance:com.eagle.TestCases.SetTest@793f29ff]" started-at="2022-04-23T08:33:13 UTC" name="SetExpandAddFromSet_Test" description="Set - Expand and add items from Set" finished-at="2022-04-23T08:34:36 UTC" duration-ms="82641" status="PASS">
          <reporter-output>
          </reporter-output>
        </test-method> <!-- SetExpandAddFromSet_Test -->
        <test-method signature="SetExpandAddFromFile_Test()[pri:7, instance:com.eagle.TestCases.SetTest@793f29ff]" started-at="2022-04-23T08:34:36 UTC" name="SetExpandAddFromFile_Test" description="Set - Expand and add items from File" finished-at="2022-04-23T08:36:06 UTC" duration-ms="90453" status="PASS">
          <reporter-output>
          </reporter-output>
        </test-method> <!-- SetExpandAddFromFile_Test -->
        <test-method signature="DeleteCardInSetExpand_Test()[pri:8, instance:com.eagle.TestCases.SetTest@793f29ff]" started-at="2022-04-23T08:36:06 UTC" name="DeleteCardInSetExpand_Test" description="Delete Card in Set Expand" finished-at="2022-04-23T08:36:37 UTC" duration-ms="31190" status="PASS">
          <reporter-output>
          </reporter-output>
        </test-method> <!-- DeleteCardInSetExpand_Test -->
        <test-method signature="RemoveItemsfromSet_Test()[pri:9, instance:com.eagle.TestCases.SetTest@793f29ff]" started-at="2022-04-23T08:36:37 UTC" name="RemoveItemsfromSet_Test" description="Remove items from Set Expand" finished-at="2022-04-23T08:37:08 UTC" duration-ms="30114" status="PASS">
          <reporter-output>
          </reporter-output>
        </test-method> <!-- RemoveItemsfromSet_Test -->
        <test-method signature="GridChangesInSet_Test()[pri:10, instance:com.eagle.TestCases.SetTest@793f29ff]" started-at="2022-04-23T08:37:08 UTC" name="GridChangesInSet_Test" description="Modify Grid Settings in Set Expand" finished-at="2022-04-23T08:37:44 UTC" duration-ms="36251" status="PASS">
          <reporter-output>
          </reporter-output>
        </test-method> <!-- GridChangesInSet_Test -->
        <test-method signature="CreateAndDeleteSet_Test()[pri:11, instance:com.eagle.TestCases.SetTest@793f29ff]" started-at="2022-04-23T08:37:44 UTC" name="CreateAndDeleteSet_Test" description="Create And Delete A Set" finished-at="2022-04-23T08:38:07 UTC" duration-ms="22851" status="PASS">
          <reporter-output>
          </reporter-output>
        </test-method> <!-- CreateAndDeleteSet_Test -->
        <test-method signature="CreateAndShareSet_Test()[pri:12, instance:com.eagle.TestCases.SetTest@793f29ff]" started-at="2022-04-23T08:38:07 UTC" name="CreateAndShareSet_Test" description="Create And Share A Set" finished-at="2022-04-23T08:38:41 UTC" duration-ms="34179" status="PASS">
          <reporter-output>
          </reporter-output>
        </test-method> <!-- CreateAndShareSet_Test -->
        <test-method signature="SortColumnSet_Test()[pri:15, instance:com.eagle.TestCases.SetTest@793f29ff]" started-at="2022-04-23T08:38:41 UTC" name="SortColumnSet_Test" description="Sorting a column in a Set" finished-at="2022-04-23T08:39:10 UTC" duration-ms="29075" status="PASS">
          <reporter-output>
          </reporter-output>
        </test-method> <!-- SortColumnSet_Test -->
        <test-method signature="FilterSet_Test()[pri:16, instance:com.eagle.TestCases.SetTest@793f29ff]" started-at="2022-04-23T08:39:10 UTC" name="FilterSet_Test" description="Filtering a set with one filter" finished-at="2022-04-23T08:40:10 UTC" duration-ms="59857" status="PASS">
          <reporter-output>
          </reporter-output>
        </test-method> <!-- FilterSet_Test -->
        <test-method signature="FilterMultiSet_Test()[pri:17, instance:com.eagle.TestCases.SetTest@793f29ff]" started-at="2022-04-23T08:40:10 UTC" name="FilterMultiSet_Test" description="Filtering a set with 2 filters" finished-at="2022-04-23T08:41:29 UTC" duration-ms="78806" status="PASS">
          <reporter-output>
          </reporter-output>
        </test-method> <!-- FilterMultiSet_Test -->
      </class> <!-- com.eagle.TestCases.SetTest -->
      <class name="com.eagle.TestCases.AnalysisTest">
        <test-method is-config="true" signature="beforeClass()[pri:0, instance:com.eagle.TestCases.AnalysisTest@117159c0]" started-at="2022-04-23T09:17:03 UTC" name="beforeClass" finished-at="2022-04-23T09:17:06 UTC" duration-ms="2530" status="PASS">
          <reporter-output>
          </reporter-output>
        </test-method> <!-- beforeClass -->
        <test-method is-config="true" signature="launchApplication()[pri:0, instance:com.eagle.TestCases.AnalysisTest@117159c0]" started-at="2022-04-23T09:17:03 UTC" name="launchApplication" finished-at="2022-04-23T09:17:03 UTC" duration-ms="0" status="PASS">
          <reporter-output>
          </reporter-output>
        </test-method> <!-- launchApplication -->
        <test-method signature="CreateAnalysis_Test()[pri:0, instance:com.eagle.TestCases.AnalysisTest@117159c0]" started-at="2022-04-23T09:17:06 UTC" name="CreateAnalysis_Test" description="Create Analysis" finished-at="2022-04-23T09:17:17 UTC" duration-ms="11106" status="PASS">
          <reporter-output>
          </reporter-output>
        </test-method> <!-- CreateAnalysis_Test -->
        <test-method signature="CreateAnalysisMandatoryCheck_Test()[pri:1, instance:com.eagle.TestCases.AnalysisTest@117159c0]" started-at="2022-04-23T09:17:17 UTC" name="CreateAnalysisMandatoryCheck_Test" description="Check mandatory fields before create Analysis" finished-at="2022-04-23T09:17:24 UTC" duration-ms="6745" status="PASS">
          <reporter-output>
          </reporter-output>
        </test-method> <!-- CreateAnalysisMandatoryCheck_Test -->
        <test-method signature="AnalysisNameAndDescEditInList_Test()[pri:2, instance:com.eagle.TestCases.AnalysisTest@117159c0]" started-at="2022-04-23T09:17:24 UTC" name="AnalysisNameAndDescEditInList_Test" description="Edit Analysis Name and Description from Analysis List" finished-at="2022-04-23T09:17:32 UTC" duration-ms="7758" status="PASS">
          <reporter-output>
          </reporter-output>
        </test-method> <!-- AnalysisNameAndDescEditInList_Test -->
        <test-method signature="AnalysisNameAndDescEditInPage_Test()[pri:3, instance:com.eagle.TestCases.AnalysisTest@117159c0]" started-at="2022-04-23T09:17:32 UTC" name="AnalysisNameAndDescEditInPage_Test" description="Edit Analysis Name and Description from Analysis Page" finished-at="2022-04-23T09:19:01 UTC" duration-ms="89174" status="PASS">
          <reporter-output>
          </reporter-output>
        </test-method> <!-- AnalysisNameAndDescEditInPage_Test -->
        <test-method signature="CreateAndDeleteAnalysis_Test()[pri:4, instance:com.eagle.TestCases.AnalysisTest@117159c0]" started-at="2022-04-23T09:19:01 UTC" name="CreateAndDeleteAnalysis_Test" description="Create and Delete Analysis" finished-at="2022-04-23T09:19:13 UTC" duration-ms="12460" status="PASS">
          <reporter-output>
          </reporter-output>
        </test-method> <!-- CreateAndDeleteAnalysis_Test -->
        <test-method signature="VerifyGraphCanvas_Test()[pri:5, instance:com.eagle.TestCases.AnalysisTest@117159c0]" started-at="2022-04-23T09:19:13 UTC" name="VerifyGraphCanvas_Test" description="Verifying the graph canvas" finished-at="2022-04-23T09:19:24 UTC" duration-ms="11167" status="PASS">
          <reporter-output>
          </reporter-output>
        </test-method> <!-- VerifyGraphCanvas_Test -->
        <test-method signature="VerifyResizingOfGraph_Test()[pri:6, instance:com.eagle.TestCases.AnalysisTest@117159c0]" started-at="2022-04-23T09:19:24 UTC" name="VerifyResizingOfGraph_Test" description="Verifying resizing of graph canvas" finished-at="2022-04-23T09:19:37 UTC" duration-ms="12386" status="PASS">
          <reporter-output>
          </reporter-output>
        </test-method> <!-- VerifyResizingOfGraph_Test -->
        <test-method signature="EntitiesAndFeatureSelectionVerificationInGraph_Test()[pri:7, instance:com.eagle.TestCases.AnalysisTest@117159c0]" started-at="2022-04-23T09:19:37 UTC" name="EntitiesAndFeatureSelectionVerificationInGraph_Test" description="Verify Graph - entities and features selection and verifying the same in My Selection and Dataframe" finished-at="2022-04-23T09:20:30 UTC" duration-ms="53105" status="PASS">
          <reporter-output>
          </reporter-output>
        </test-method> <!-- EntitiesAndFeatureSelectionVerificationInGraph_Test -->
        <test-method signature="PlotWithOneNumericalFeature_Test()[pri:8, instance:com.eagle.TestCases.AnalysisTest@117159c0]" started-at="2022-04-23T09:20:30 UTC" name="PlotWithOneNumericalFeature_Test" description="Verify Graph with one numeric value" finished-at="2022-04-23T09:21:33 UTC" duration-ms="62802" status="PASS">
          <reporter-output>
          </reporter-output>
        </test-method> <!-- PlotWithOneNumericalFeature_Test -->
        <test-method signature="PlotWithOneCategoricalFeature_Test()[pri:9, instance:com.eagle.TestCases.AnalysisTest@117159c0]" started-at="2022-04-23T09:21:33 UTC" name="PlotWithOneCategoricalFeature_Test" description="Verify Graph with one categorical value" finished-at="2022-04-23T09:22:53 UTC" duration-ms="79945" status="PASS">
          <reporter-output>
          </reporter-output>
        </test-method> <!-- PlotWithOneCategoricalFeature_Test -->
        <test-method signature="PlotWithOneCategoricalandOneNumericalFeature_Test()[pri:10, instance:com.eagle.TestCases.AnalysisTest@117159c0]" started-at="2022-04-23T09:22:53 UTC" name="PlotWithOneCategoricalandOneNumericalFeature_Test" description="Verify Graph with one categorical and one numerical value" finished-at="2022-04-23T09:23:55 UTC" duration-ms="62809" status="PASS">
          <reporter-output>
          </reporter-output>
        </test-method> <!-- PlotWithOneCategoricalandOneNumericalFeature_Test -->
        <test-method signature="PlotWithTwoNumericalFeature_Test()[pri:11, instance:com.eagle.TestCases.AnalysisTest@117159c0]" started-at="2022-04-23T09:23:55 UTC" name="PlotWithTwoNumericalFeature_Test" description="Verify Graph with two numerical values" finished-at="2022-04-23T09:24:51 UTC" duration-ms="55337" status="PASS">
          <reporter-output>
          </reporter-output>
        </test-method> <!-- PlotWithTwoNumericalFeature_Test -->
        <test-method signature="PlotWithTwoCategoricalFeature_Test()[pri:12, instance:com.eagle.TestCases.AnalysisTest@117159c0]" started-at="2022-04-23T09:24:51 UTC" name="PlotWithTwoCategoricalFeature_Test" description="Verify Graph with two categorical values" finished-at="2022-04-23T09:26:12 UTC" duration-ms="80976" status="PASS">
          <reporter-output>
          </reporter-output>
        </test-method> <!-- PlotWithTwoCategoricalFeature_Test -->
        <test-method signature="PlotWithTwoNumericalandOneCategoricalFeatures_Test()[pri:13, instance:com.eagle.TestCases.AnalysisTest@117159c0]" started-at="2022-04-23T09:26:12 UTC" name="PlotWithTwoNumericalandOneCategoricalFeatures_Test" description="Verify Graph with two categorical and one numerical values" finished-at="2022-04-23T09:27:27 UTC" duration-ms="75003" status="PASS">
          <reporter-output>
          </reporter-output>
        </test-method> <!-- PlotWithTwoNumericalandOneCategoricalFeatures_Test -->
        <test-method signature="PlotWithThreeNumericalFeatures_Test()[pri:14, instance:com.eagle.TestCases.AnalysisTest@117159c0]" started-at="2022-04-23T09:27:27 UTC" name="PlotWithThreeNumericalFeatures_Test" description="Verify Graph with three numerical values" finished-at="2022-04-23T09:28:24 UTC" duration-ms="57442" status="PASS">
          <reporter-output>
          </reporter-output>
        </test-method> <!-- PlotWithThreeNumericalFeatures_Test -->
        <test-method signature="PlotWithThreeNumericalandOneCategoricalFeatures_Test()[pri:15, instance:com.eagle.TestCases.AnalysisTest@117159c0]" started-at="2022-04-23T09:28:24 UTC" name="PlotWithThreeNumericalandOneCategoricalFeatures_Test" description="Verify Graph with three numerical and one Categorical values" finished-at="2022-04-23T09:29:39 UTC" duration-ms="74984" status="PASS">
          <reporter-output>
          </reporter-output>
        </test-method> <!-- PlotWithThreeNumericalandOneCategoricalFeatures_Test -->
      </class> <!-- com.eagle.TestCases.AnalysisTest -->
      <class name="com.eagle.TestCases.LogoutTest">
        <test-method is-config="true" signature="launchApplication()[pri:0, instance:com.eagle.TestCases.LogoutTest@3e27ba32]" started-at="2022-04-23T09:29:39 UTC" name="launchApplication" finished-at="2022-04-23T09:29:39 UTC" duration-ms="1" status="PASS">
          <reporter-output>
          </reporter-output>
        </test-method> <!-- launchApplication -->
        <test-method is-config="true" signature="beforeClass()[pri:0, instance:com.eagle.TestCases.LogoutTest@3e27ba32]" started-at="2022-04-23T09:29:39 UTC" name="beforeClass" finished-at="2022-04-23T09:29:39 UTC" duration-ms="1" status="PASS">
          <reporter-output>
          </reporter-output>
        </test-method> <!-- beforeClass -->
        <test-method signature="VerifyLogout_Test()[pri:0, instance:com.eagle.TestCases.LogoutTest@3e27ba32]" started-at="2022-04-23T09:29:39 UTC" name="VerifyLogout_Test" description="Logout functionality verification" finished-at="2022-04-23T09:29:43 UTC" duration-ms="3427" status="PASS">
          <reporter-output>
          </reporter-output>
        </test-method> <!-- VerifyLogout_Test -->
      </class> <!-- com.eagle.TestCases.LogoutTest -->
      <class name="com.eagle.TestCases.HomeTest">
        <test-method is-config="true" signature="beforeClass()[pri:0, instance:com.eagle.TestCases.HomeTest@5d0bf09b]" started-at="2022-04-23T08:29:07 UTC" name="beforeClass" finished-at="2022-04-23T08:29:07 UTC" duration-ms="42" status="PASS">
          <reporter-output>
          </reporter-output>
        </test-method> <!-- beforeClass -->
        <test-method is-config="true" signature="launchApplication()[pri:0, instance:com.eagle.TestCases.HomeTest@5d0bf09b]" started-at="2022-04-23T08:29:07 UTC" name="launchApplication" finished-at="2022-04-23T08:29:07 UTC" duration-ms="0" status="PASS">
          <reporter-output>
          </reporter-output>
        </test-method> <!-- launchApplication -->
        <test-method signature="VerifyLogoVisibility_Test()[pri:0, instance:com.eagle.TestCases.HomeTest@5d0bf09b]" started-at="2022-04-23T08:29:07 UTC" name="VerifyLogoVisibility_Test" description="Check the visibility of Logo" finished-at="2022-04-23T08:29:07 UTC" duration-ms="100" status="PASS">
          <reporter-output>
          </reporter-output>
        </test-method> <!-- VerifyLogoVisibility_Test -->
        <test-method signature="VerifyDashboard_Test()[pri:1, instance:com.eagle.TestCases.HomeTest@5d0bf09b]" started-at="2022-04-23T08:29:07 UTC" name="VerifyDashboard_Test" description="Check if dashBoard displays all the components" finished-at="2022-04-23T08:29:08 UTC" duration-ms="186" status="PASS">
          <reporter-output>
          </reporter-output>
        </test-method> <!-- VerifyDashboard_Test -->
        <test-method signature="VerifyUserProfile()[pri:2, instance:com.eagle.TestCases.HomeTest@5d0bf09b]" started-at="2022-04-23T08:29:08 UTC" name="VerifyUserProfile" description="Check for user information in profile" finished-at="2022-04-23T08:29:08 UTC" duration-ms="807" status="PASS">
          <reporter-output>
          </reporter-output>
        </test-method> <!-- VerifyUserProfile -->
        <test-method signature="VerifyCopyRights()[pri:3, instance:com.eagle.TestCases.HomeTest@5d0bf09b]" started-at="2022-04-23T08:29:08 UTC" name="VerifyCopyRights" description="Check for copyright and other links" finished-at="2022-04-23T08:29:09 UTC" duration-ms="95" status="PASS">
          <reporter-output>
          </reporter-output>
        </test-method> <!-- VerifyCopyRights -->
        <test-method signature="CreateGlobalSearch_Test()[pri:4, instance:com.eagle.TestCases.HomeTest@5d0bf09b]" started-at="2022-04-23T08:29:09 UTC" name="CreateGlobalSearch_Test" description="Search and Save the Global search" finished-at="2022-04-23T08:29:24 UTC" duration-ms="15615" status="PASS">
          <reporter-output>
          </reporter-output>
        </test-method> <!-- CreateGlobalSearch_Test -->
        <test-method signature="VerifySavedSearches_Test()[pri:5, instance:com.eagle.TestCases.HomeTest@5d0bf09b]" started-at="2022-04-23T08:29:24 UTC" name="VerifySavedSearches_Test" description="Verify Saved Searches" finished-at="2022-04-23T08:29:28 UTC" duration-ms="3394" status="PASS">
          <reporter-output>
          </reporter-output>
        </test-method> <!-- VerifySavedSearches_Test -->
        <test-method signature="VerifyContactHelpDesk_Test()[pri:6, instance:com.eagle.TestCases.HomeTest@5d0bf09b]" started-at="2022-04-23T08:29:28 UTC" name="VerifyContactHelpDesk_Test" description="Verify Contact help Desk" finished-at="2022-04-23T08:29:45 UTC" duration-ms="17611" status="PASS">
          <reporter-output>
          </reporter-output>
        </test-method> <!-- VerifyContactHelpDesk_Test -->
        <test-method signature="VerifyUserManual_Test()[pri:7, instance:com.eagle.TestCases.HomeTest@5d0bf09b]" started-at="2022-04-23T08:29:45 UTC" name="VerifyUserManual_Test" description="Verify User Manual" finished-at="2022-04-23T08:29:46 UTC" duration-ms="690" status="PASS">
          <reporter-output>
          </reporter-output>
        </test-method> <!-- VerifyUserManual_Test -->
        <test-method signature="VerifyFAQ_Test()[pri:8, instance:com.eagle.TestCases.HomeTest@5d0bf09b]" started-at="2022-04-23T08:29:46 UTC" name="VerifyFAQ_Test" description="Verify FAQ" finished-at="2022-04-23T08:30:03 UTC" duration-ms="17460" status="PASS">
          <reporter-output>
          </reporter-output>
        </test-method> <!-- VerifyFAQ_Test -->
      </class> <!-- com.eagle.TestCases.HomeTest -->
      <class name="com.eagle.TestCases.InvestigationTest">
        <test-method is-config="true" signature="launchApplication()[pri:0, instance:com.eagle.TestCases.InvestigationTest@54422e18]" started-at="2022-04-23T09:15:17 UTC" name="launchApplication" finished-at="2022-04-23T09:15:17 UTC" duration-ms="0" status="PASS">
          <reporter-output>
          </reporter-output>
        </test-method> <!-- launchApplication -->
        <test-method is-config="true" signature="beforeClass()[pri:0, instance:com.eagle.TestCases.InvestigationTest@54422e18]" started-at="2022-04-23T09:15:17 UTC" name="beforeClass" finished-at="2022-04-23T09:15:17 UTC" duration-ms="2" status="PASS">
          <reporter-output>
          </reporter-output>
        </test-method> <!-- beforeClass -->
        <test-method signature="CreateInvestigation_Test()[pri:0, instance:com.eagle.TestCases.InvestigationTest@54422e18]" started-at="2022-04-23T09:15:17 UTC" name="CreateInvestigation_Test" description="Create Investigation" finished-at="2022-04-23T09:15:19 UTC" duration-ms="1414" status="PASS">
          <reporter-output>
          </reporter-output>
        </test-method> <!-- CreateInvestigation_Test -->
        <test-method signature="ViewInvestigation_Test()[pri:1, instance:com.eagle.TestCases.InvestigationTest@54422e18]" started-at="2022-04-23T09:15:19 UTC" name="ViewInvestigation_Test" description="View Investigation" finished-at="2022-04-23T09:15:20 UTC" duration-ms="1533" status="PASS">
          <reporter-output>
          </reporter-output>
        </test-method> <!-- ViewInvestigation_Test -->
        <test-method signature="EditInvestigation_Test()[pri:2, instance:com.eagle.TestCases.InvestigationTest@54422e18]" started-at="2022-04-23T09:15:20 UTC" name="EditInvestigation_Test" description="Edit Investigation" finished-at="2022-04-23T09:15:25 UTC" duration-ms="4123" status="PASS">
          <reporter-output>
          </reporter-output>
        </test-method> <!-- EditInvestigation_Test -->
        <test-method signature="LinkSetWithInvestigation_Test()[pri:3, instance:com.eagle.TestCases.InvestigationTest@54422e18]" started-at="2022-04-23T09:15:25 UTC" name="LinkSetWithInvestigation_Test" description="Link Set With Investigation" finished-at="2022-04-23T09:15:50 UTC" duration-ms="25825" status="PASS">
          <reporter-output>
          </reporter-output>
        </test-method> <!-- LinkSetWithInvestigation_Test -->
        <test-method signature="LinkExplorationWithInvestigation_Test()[pri:4, instance:com.eagle.TestCases.InvestigationTest@54422e18]" started-at="2022-04-23T09:15:50 UTC" name="LinkExplorationWithInvestigation_Test" description="Link Exploration With Investigation" finished-at="2022-04-23T09:16:16 UTC" duration-ms="25848" status="PASS">
          <reporter-output>
          </reporter-output>
        </test-method> <!-- LinkExplorationWithInvestigation_Test -->
        <test-method signature="LinkComparisonWithInvestigation_Test()[pri:5, instance:com.eagle.TestCases.InvestigationTest@54422e18]" started-at="2022-04-23T09:16:16 UTC" name="LinkComparisonWithInvestigation_Test" description="Link Comparison With Investigation" finished-at="2022-04-23T09:16:46 UTC" duration-ms="29331" status="PASS">
          <reporter-output>
          </reporter-output>
        </test-method> <!-- LinkComparisonWithInvestigation_Test -->
        <test-method signature="ShareInvestigation_Test()[pri:6, instance:com.eagle.TestCases.InvestigationTest@54422e18]" started-at="2022-04-23T09:16:46 UTC" name="ShareInvestigation_Test" description="Share Investigation" finished-at="2022-04-23T09:17:01 UTC" duration-ms="15078" status="PASS">
          <reporter-output>
          </reporter-output>
        </test-method> <!-- ShareInvestigation_Test -->
        <test-method signature="DeleteInvestigation_Test()[pri:7, instance:com.eagle.TestCases.InvestigationTest@54422e18]" started-at="2022-04-23T09:17:01 UTC" name="DeleteInvestigation_Test" description="Delete Investigation" finished-at="2022-04-23T09:17:03 UTC" duration-ms="2780" status="PASS">
          <reporter-output>
          </reporter-output>
        </test-method> <!-- DeleteInvestigation_Test -->
      </class> <!-- com.eagle.TestCases.InvestigationTest -->
      <class name="com.eagle.TestCases.ComparisonTest">
        <test-method is-config="true" signature="launchApplication()[pri:0, instance:com.eagle.TestCases.ComparisonTest@543295b0]" started-at="2022-04-23T08:57:18 UTC" name="launchApplication" finished-at="2022-04-23T08:57:18 UTC" duration-ms="0" status="PASS">
          <reporter-output>
          </reporter-output>
        </test-method> <!-- launchApplication -->
        <test-method is-config="true" signature="beforeClass()[pri:0, instance:com.eagle.TestCases.ComparisonTest@543295b0]" started-at="2022-04-23T08:57:18 UTC" name="beforeClass" finished-at="2022-04-23T08:57:21 UTC" duration-ms="2476" status="PASS">
          <reporter-output>
          </reporter-output>
        </test-method> <!-- beforeClass -->
        <test-method signature="CreateComparisonWithContol_Test()[pri:0, instance:com.eagle.TestCases.ComparisonTest@543295b0]" started-at="2022-04-23T08:57:21 UTC" name="CreateComparisonWithContol_Test" description="Create Comparison with a control and Verify" finished-at="2022-04-23T08:57:41 UTC" duration-ms="20367" status="PASS">
          <reporter-output>
          </reporter-output>
        </test-method> <!-- CreateComparisonWithContol_Test -->
        <test-method signature="CreateComparisonFromSet_Test()[pri:1, instance:com.eagle.TestCases.ComparisonTest@543295b0]" started-at="2022-04-23T08:57:41 UTC" name="CreateComparisonFromSet_Test" description="Create Comparison From Set" finished-at="2022-04-23T08:58:20 UTC" duration-ms="38687" status="PASS">
          <reporter-output>
          </reporter-output>
        </test-method> <!-- CreateComparisonFromSet_Test -->
        <test-method signature="CreateComparisonFromFile_Test()[pri:2, instance:com.eagle.TestCases.ComparisonTest@543295b0]" started-at="2022-04-23T08:58:20 UTC" name="CreateComparisonFromFile_Test" description="Create Comparison From File" finished-at="2022-04-23T08:58:43 UTC" duration-ms="23048" status="PASS">
          <reporter-output>
          </reporter-output>
        </test-method> <!-- CreateComparisonFromFile_Test -->
        <test-method signature="CreateComparisonWithContolandCase_Test()[pri:3, instance:com.eagle.TestCases.ComparisonTest@543295b0]" started-at="2022-04-23T08:58:43 UTC" name="CreateComparisonWithContolandCase_Test" description="Create Comparison with Control and Case and Verify" finished-at="2022-04-23T08:59:21 UTC" duration-ms="38122" status="PASS">
          <reporter-output>
          </reporter-output>
        </test-method> <!-- CreateComparisonWithContolandCase_Test -->
        <test-method signature="createComparisonWithControlandCaseRunComparison_Test()[pri:4, instance:com.eagle.TestCases.ComparisonTest@543295b0]" started-at="2022-04-23T08:59:21 UTC" name="createComparisonWithControlandCaseRunComparison_Test" description="Create Comparison with Control &amp; Case and Run Comparison" finished-at="2022-04-23T09:00:03 UTC" duration-ms="41590" status="PASS">
          <reporter-output>
          </reporter-output>
        </test-method> <!-- createComparisonWithControlandCaseRunComparison_Test -->
        <test-method signature="updateComparisonWithCaseCard_Test()[pri:5, instance:com.eagle.TestCases.ComparisonTest@543295b0]" started-at="2022-04-23T09:00:03 UTC" name="updateComparisonWithCaseCard_Test" description="Update an Existing Comparison with a case Card" finished-at="2022-04-23T09:00:25 UTC" duration-ms="22361" status="PASS">
          <reporter-output>
          </reporter-output>
        </test-method> <!-- updateComparisonWithCaseCard_Test -->
        <test-method signature="SearchInComparisonExpand_Test()[pri:6, instance:com.eagle.TestCases.ComparisonTest@543295b0]" started-at="2022-04-23T09:00:25 UTC" name="SearchInComparisonExpand_Test" description="Search A Text In Comparison Expand" finished-at="2022-04-23T09:01:11 UTC" duration-ms="45543" status="PASS">
          <reporter-output>
          </reporter-output>
        </test-method> <!-- SearchInComparisonExpand_Test -->
        <test-method signature="DeleteCardInComparisonExpand_Test()[pri:7, instance:com.eagle.TestCases.ComparisonTest@543295b0]" started-at="2022-04-23T09:01:11 UTC" name="DeleteCardInComparisonExpand_Test" description="Delete Card in Comparison Expand" finished-at="2022-04-23T09:01:36 UTC" duration-ms="25164" status="PASS">
          <reporter-output>
          </reporter-output>
        </test-method> <!-- DeleteCardInComparisonExpand_Test -->
        <test-method signature="DeleteComparisonFirstCard_Test()[pri:8, instance:com.eagle.TestCases.ComparisonTest@543295b0]" started-at="2022-04-23T09:01:36 UTC" name="DeleteComparisonFirstCard_Test" description="Delete The first Card in Comparison" finished-at="2022-04-23T09:01:56 UTC" duration-ms="20187" status="PASS">
          <reporter-output>
          </reporter-output>
        </test-method> <!-- DeleteComparisonFirstCard_Test -->
        <test-method signature="DeleteComparisonSecondCard_Test()[pri:9, instance:com.eagle.TestCases.ComparisonTest@543295b0]" started-at="2022-04-23T09:01:56 UTC" name="DeleteComparisonSecondCard_Test" description="Delete The Second Card in Comparison" finished-at="2022-04-23T09:02:35 UTC" duration-ms="38721" status="PASS">
          <reporter-output>
          </reporter-output>
        </test-method> <!-- DeleteComparisonSecondCard_Test -->
        <test-method signature="ComparisonExpandAddFromCatalog_Test()[pri:10, instance:com.eagle.TestCases.ComparisonTest@543295b0]" started-at="2022-04-23T09:02:35 UTC" name="ComparisonExpandAddFromCatalog_Test" description="Comparison - Expand and add items from Catalog" finished-at="2022-04-23T09:03:28 UTC" duration-ms="53313" status="PASS">
          <reporter-output>
          </reporter-output>
        </test-method> <!-- ComparisonExpandAddFromCatalog_Test -->
        <test-method signature="ComparisonExpandAddFromSet_Test()[pri:11, instance:com.eagle.TestCases.ComparisonTest@543295b0]" started-at="2022-04-23T09:03:28 UTC" name="ComparisonExpandAddFromSet_Test" description="Comparison - Expand and add items from Set" finished-at="2022-04-23T09:06:12 UTC" duration-ms="163550" status="PASS">
          <reporter-output>
          </reporter-output>
        </test-method> <!-- ComparisonExpandAddFromSet_Test -->
        <test-method signature="ComparisonExpandAddFromFile_Test()[pri:12, instance:com.eagle.TestCases.ComparisonTest@543295b0]" started-at="2022-04-23T09:06:12 UTC" name="ComparisonExpandAddFromFile_Test" description="Comparison - Expand and add items from File" finished-at="2022-04-23T09:08:01 UTC" duration-ms="109682" status="PASS">
          <reporter-output>
          </reporter-output>
        </test-method> <!-- ComparisonExpandAddFromFile_Test -->
        <test-method signature="ComparisonCreateMultipleCaseCards_Test()[pri:13, instance:com.eagle.TestCases.ComparisonTest@543295b0]" started-at="2022-04-23T09:08:01 UTC" name="ComparisonCreateMultipleCaseCards_Test" description="Comparison - Create with multiple Case Cards" finished-at="2022-04-23T09:08:59 UTC" duration-ms="58081" status="PASS">
          <reporter-output>
          </reporter-output>
        </test-method> <!-- ComparisonCreateMultipleCaseCards_Test -->
        <test-method signature="ComparisonCreateMultipleCaseCardsRunComparison_Test()[pri:14, instance:com.eagle.TestCases.ComparisonTest@543295b0]" started-at="2022-04-23T09:08:59 UTC" name="ComparisonCreateMultipleCaseCardsRunComparison_Test" description="Comparison - Create with multiple Case Cards and Run Comparison" finished-at="2022-04-23T09:10:14 UTC" duration-ms="75005" status="PASS">
          <reporter-output>
          </reporter-output>
        </test-method> <!-- ComparisonCreateMultipleCaseCardsRunComparison_Test -->
        <test-method signature="CreateAndDeleteComparison_Test()[pri:15, instance:com.eagle.TestCases.ComparisonTest@543295b0]" started-at="2022-04-23T09:10:14 UTC" name="CreateAndDeleteComparison_Test" description="Create And Delete An Comparison" finished-at="2022-04-23T09:10:40 UTC" duration-ms="25436" status="PASS">
          <reporter-output>
          </reporter-output>
        </test-method> <!-- CreateAndDeleteComparison_Test -->
        <test-method signature="CreateAndShareComparison_Test()[pri:16, instance:com.eagle.TestCases.ComparisonTest@543295b0]" started-at="2022-04-23T09:10:40 UTC" name="CreateAndShareComparison_Test" description="Create And Share An Comparison" finished-at="2022-04-23T09:11:18 UTC" duration-ms="38423" status="PASS">
          <reporter-output>
          </reporter-output>
        </test-method> <!-- CreateAndShareComparison_Test -->
        <test-method signature="RemoveItemsfromComparison_Test()[pri:19, instance:com.eagle.TestCases.ComparisonTest@543295b0]" started-at="2022-04-23T09:11:18 UTC" name="RemoveItemsfromComparison_Test" description="Remove items from Comparison Expand" finished-at="2022-04-23T09:12:02 UTC" duration-ms="44289" status="PASS">
          <reporter-output>
          </reporter-output>
        </test-method> <!-- RemoveItemsfromComparison_Test -->
        <test-method signature="ChangeControlAndCase_Test()[pri:20, instance:com.eagle.TestCases.ComparisonTest@543295b0]" started-at="2022-04-23T09:12:02 UTC" name="ChangeControlAndCase_Test" description="Interchange Control and Case sets in the Comparison" finished-at="2022-04-23T09:12:56 UTC" duration-ms="53540" status="PASS">
          <reporter-output>
          </reporter-output>
        </test-method> <!-- ChangeControlAndCase_Test -->
        <test-method signature="SortColumnComparison_Test()[pri:21, instance:com.eagle.TestCases.ComparisonTest@543295b0]" started-at="2022-04-23T09:12:56 UTC" name="SortColumnComparison_Test" description="Sorting a column in a Comparison" finished-at="2022-04-23T09:13:30 UTC" duration-ms="34522" status="PASS">
          <reporter-output>
          </reporter-output>
        </test-method> <!-- SortColumnComparison_Test -->
        <test-method signature="FilterComparison_Test()[pri:22, instance:com.eagle.TestCases.ComparisonTest@543295b0]" started-at="2022-04-23T09:13:30 UTC" name="FilterComparison_Test" description="Filtering a Comparison with one filter" finished-at="2022-04-23T09:14:15 UTC" duration-ms="44277" status="PASS">
          <reporter-output>
          </reporter-output>
        </test-method> <!-- FilterComparison_Test -->
        <test-method signature="FilterMultiComparison_Test()[pri:23, instance:com.eagle.TestCases.ComparisonTest@543295b0]" started-at="2022-04-23T09:14:15 UTC" name="FilterMultiComparison_Test" description="Filtering a Comparison with 2 filters" finished-at="2022-04-23T09:15:17 UTC" duration-ms="62680" status="PASS">
          <reporter-output>
          </reporter-output>
        </test-method> <!-- FilterMultiComparison_Test -->
      </class> <!-- com.eagle.TestCases.ComparisonTest -->
      <class name="com.eagle.TestCases.ExplorationTest">
        <test-method is-config="true" signature="launchApplication()[pri:0, instance:com.eagle.TestCases.ExplorationTest@563f38c4]" started-at="2022-04-23T08:41:29 UTC" name="launchApplication" finished-at="2022-04-23T08:41:29 UTC" duration-ms="0" status="PASS">
          <reporter-output>
          </reporter-output>
        </test-method> <!-- launchApplication -->
        <test-method is-config="true" signature="beforeClass()[pri:0, instance:com.eagle.TestCases.ExplorationTest@563f38c4]" started-at="2022-04-23T08:41:29 UTC" name="beforeClass" finished-at="2022-04-23T08:41:32 UTC" duration-ms="3222" status="PASS">
          <reporter-output>
          </reporter-output>
        </test-method> <!-- beforeClass -->
        <test-method signature="CreateExplorationFromSearch_Test()[pri:0, instance:com.eagle.TestCases.ExplorationTest@563f38c4]" started-at="2022-04-23T08:41:32 UTC" name="CreateExplorationFromSearch_Test" description="Create Exploration From Search" finished-at="2022-04-23T08:41:51 UTC" duration-ms="19154" status="PASS">
          <reporter-output>
          </reporter-output>
        </test-method> <!-- CreateExplorationFromSearch_Test -->
        <test-method signature="CreateExplorationFromSetInitally_Test()[pri:1, instance:com.eagle.TestCases.ExplorationTest@563f38c4]" started-at="2022-04-23T08:41:51 UTC" name="CreateExplorationFromSetInitally_Test" description="Create Exploration From Set Initally" finished-at="2022-04-23T08:43:14 UTC" duration-ms="82691" status="PASS">
          <reporter-output>
          </reporter-output>
        </test-method> <!-- CreateExplorationFromSetInitally_Test -->
        <test-method signature="CreateExplorationFromSet_Test()[pri:2, instance:com.eagle.TestCases.ExplorationTest@563f38c4]" started-at="2022-04-23T08:43:14 UTC" name="CreateExplorationFromSet_Test" description="Create Exploration From Set After clicking From Search" finished-at="2022-04-23T08:43:50 UTC" duration-ms="36582" status="PASS">
          <reporter-output>
          </reporter-output>
        </test-method> <!-- CreateExplorationFromSet_Test -->
        <test-method signature="CreateExplorationFromFile_Test()[pri:3, instance:com.eagle.TestCases.ExplorationTest@563f38c4]" started-at="2022-04-23T08:43:50 UTC" name="CreateExplorationFromFile_Test" description="Create Exploration From File After clicking From Search" finished-at="2022-04-23T08:44:09 UTC" duration-ms="18494" status="PASS">
          <reporter-output>
          </reporter-output>
        </test-method> <!-- CreateExplorationFromFile_Test -->
        <test-method signature="SearchInExplorationExpand_Test()[pri:4, instance:com.eagle.TestCases.ExplorationTest@563f38c4]" started-at="2022-04-23T08:44:09 UTC" name="SearchInExplorationExpand_Test" description="Search A Text In Exploration Expand" finished-at="2022-04-23T08:44:53 UTC" duration-ms="44254" status="PASS">
          <reporter-output>
          </reporter-output>
        </test-method> <!-- SearchInExplorationExpand_Test -->
        <test-method signature="DeleteCardInExplorationExpand_Test()[pri:5, instance:com.eagle.TestCases.ExplorationTest@563f38c4]" started-at="2022-04-23T08:44:53 UTC" name="DeleteCardInExplorationExpand_Test" description="Delete Card in Exploration Expand" finished-at="2022-04-23T08:45:16 UTC" duration-ms="23173" status="PASS">
          <reporter-output>
          </reporter-output>
        </test-method> <!-- DeleteCardInExplorationExpand_Test -->
        <test-method signature="DeleteExplorationFirstCard_Test()[pri:6, instance:com.eagle.TestCases.ExplorationTest@563f38c4]" started-at="2022-04-23T08:45:16 UTC" name="DeleteExplorationFirstCard_Test" description="Delete The first Card in Exploration" finished-at="2022-04-23T08:45:35 UTC" duration-ms="19015" status="PASS">
          <reporter-output>
          </reporter-output>
        </test-method> <!-- DeleteExplorationFirstCard_Test -->
        <test-method signature="DeleteExplorationSecondCard_Test()[pri:7, instance:com.eagle.TestCases.ExplorationTest@563f38c4]" started-at="2022-04-23T08:45:35 UTC" name="DeleteExplorationSecondCard_Test" description="Delete The Second Card in Exploration" finished-at="2022-04-23T08:46:21 UTC" duration-ms="45325" status="PASS">
          <reporter-output>
          </reporter-output>
        </test-method> <!-- DeleteExplorationSecondCard_Test -->
        <test-method signature="ExplorationExpandAddFromCatalog_Test()[pri:8, instance:com.eagle.TestCases.ExplorationTest@563f38c4]" started-at="2022-04-23T08:46:21 UTC" name="ExplorationExpandAddFromCatalog_Test" description="Exploration - Expand and add items from Catalog" finished-at="2022-04-23T08:47:18 UTC" duration-ms="57002" status="PASS">
          <reporter-output>
          </reporter-output>
        </test-method> <!-- ExplorationExpandAddFromCatalog_Test -->
        <test-method signature="ExplorationExpandAddFromSet_Test()[pri:9, instance:com.eagle.TestCases.ExplorationTest@563f38c4]" started-at="2022-04-23T08:47:18 UTC" name="ExplorationExpandAddFromSet_Test" description="Exploration - Expand and add items from Set" finished-at="2022-04-23T08:49:00 UTC" duration-ms="102772" status="PASS">
          <reporter-output>
          </reporter-output>
        </test-method> <!-- ExplorationExpandAddFromSet_Test -->
        <test-method signature="ExplorationExpandAddFromFile_Test()[pri:10, instance:com.eagle.TestCases.ExplorationTest@563f38c4]" started-at="2022-04-23T08:49:00 UTC" name="ExplorationExpandAddFromFile_Test" description="Exploration - Expand and add items from File" finished-at="2022-04-23T08:50:38 UTC" duration-ms="97414" status="PASS">
          <reporter-output>
          </reporter-output>
        </test-method> <!-- ExplorationExpandAddFromFile_Test -->
        <test-method signature="ExplorationCreateARelationCard_Test()[pri:11, instance:com.eagle.TestCases.ExplorationTest@563f38c4]" started-at="2022-04-23T08:50:38 UTC" name="ExplorationCreateARelationCard_Test" description="Exploration - Create with one additional relation Card" finished-at="2022-04-23T08:51:20 UTC" duration-ms="41937" status="PASS">
          <reporter-output>
          </reporter-output>
        </test-method> <!-- ExplorationCreateARelationCard_Test -->
        <test-method signature="ExplorationCreateTwoRelationCard_Test()[pri:12, instance:com.eagle.TestCases.ExplorationTest@563f38c4]" started-at="2022-04-23T08:51:20 UTC" name="ExplorationCreateTwoRelationCard_Test" description="Exploration - Create with 2 additional relation Card" finished-at="2022-04-23T08:53:03 UTC" duration-ms="103344" status="PASS">
          <reporter-output>
          </reporter-output>
        </test-method> <!-- ExplorationCreateTwoRelationCard_Test -->
        <test-method signature="CreateAndDeleteExploration_Test()[pri:13, instance:com.eagle.TestCases.ExplorationTest@563f38c4]" started-at="2022-04-23T08:53:03 UTC" name="CreateAndDeleteExploration_Test" description="Create And Delete An Exploration" finished-at="2022-04-23T08:53:28 UTC" duration-ms="24762" status="PASS">
          <reporter-output>
          </reporter-output>
        </test-method> <!-- CreateAndDeleteExploration_Test -->
        <test-method signature="CreateAndShareExploration_Test()[pri:14, instance:com.eagle.TestCases.ExplorationTest@563f38c4]" started-at="2022-04-23T08:53:28 UTC" name="CreateAndShareExploration_Test" description="Create And Share An Exploration" finished-at="2022-04-23T08:53:55 UTC" duration-ms="27390" status="PASS">
          <reporter-output>
          </reporter-output>
        </test-method> <!-- CreateAndShareExploration_Test -->
        <test-method signature="RemoveItemsfromExploration_Test()[pri:17, instance:com.eagle.TestCases.ExplorationTest@563f38c4]" started-at="2022-04-23T08:53:55 UTC" name="RemoveItemsfromExploration_Test" description="Remove items from Exploration Expand" finished-at="2022-04-23T08:54:36 UTC" duration-ms="40819" status="PASS">
          <reporter-output>
          </reporter-output>
        </test-method> <!-- RemoveItemsfromExploration_Test -->
        <test-method signature="SortColumnExploration_Test()[pri:18, instance:com.eagle.TestCases.ExplorationTest@563f38c4]" started-at="2022-04-23T08:54:36 UTC" name="SortColumnExploration_Test" description="Sorting a column in an Exploration" finished-at="2022-04-23T08:55:21 UTC" duration-ms="45480" status="PASS">
          <reporter-output>
          </reporter-output>
        </test-method> <!-- SortColumnExploration_Test -->
        <test-method signature="FilterExploration_Test()[pri:19, instance:com.eagle.TestCases.ExplorationTest@563f38c4]" started-at="2022-04-23T08:55:21 UTC" name="FilterExploration_Test" description="Filtering an Exploration with one filter" finished-at="2022-04-23T08:56:18 UTC" duration-ms="56787" status="PASS">
          <reporter-output>
          </reporter-output>
        </test-method> <!-- FilterExploration_Test -->
        <test-method signature="FilterMultiExploration_Test()[pri:20, instance:com.eagle.TestCases.ExplorationTest@563f38c4]" started-at="2022-04-23T08:56:18 UTC" name="FilterMultiExploration_Test" description="Filtering an Exploration with 2 filters" finished-at="2022-04-23T08:57:18 UTC" duration-ms="60102" status="PASS">
          <reporter-output>
          </reporter-output>
        </test-method> <!-- FilterMultiExploration_Test -->
      </class> <!-- com.eagle.TestCases.ExplorationTest -->
    </test> <!-- Smoke Test cases -->
  </suite> <!-- SmokeTestingSuite -->
</testng-results>
