<?xml version="1.0" encoding="UTF-8"?>
<testng-results ignored="0" total="8" passed="8" failed="0" skipped="0">
  <reporter-output>
  </reporter-output>
<<<<<<< Updated upstream
<<<<<<< HEAD
  <suite started-at="2021-11-02T17:04:08 IST" name="Default suite" finished-at="2021-11-02T17:04:25 IST" duration-ms="16769">
    <groups>
    </groups>
    <test started-at="2021-11-02T17:04:08 IST" name="Default test" finished-at="2021-11-02T17:04:25 IST" duration-ms="16769">
      <class name="com.eagle.TestCases.ExplorationTest">
        <test-method is-config="true" signature="launchApplication()[pri:0, instance:com.eagle.TestCases.ExplorationTest@3f6b0be5]" started-at="2021-11-02T17:04:08 IST" name="launchApplication" finished-at="2021-11-02T17:04:13 IST" duration-ms="4461" status="PASS">
          <reporter-output>
          </reporter-output>
        </test-method> <!-- launchApplication -->
        <test-method signature="test_Exploration_Correct()[pri:0, instance:com.eagle.TestCases.ExplorationTest@3f6b0be5]" started-at="2021-11-02T17:04:13 IST" name="test_Exploration_Correct" finished-at="2021-11-02T17:04:25 IST" duration-ms="12264" status="FAIL">
          <exception class="org.openqa.selenium.WebDriverException">
            <message>
              <![CDATA[chrome not reachable
  (Session info: chrome=94.0.4606.81)
Build info: version: '3.14.0', revision: 'aacccce0', time: '2018-08-02T20:19:58.91Z'
System info: host: 'MUGUNTH-DESKTOP', ip: '192.168.1.5', os.name: 'Windows 10', os.arch: 'amd64', os.version: '10.0', java.version: '15.0.2'
Driver info: org.openqa.selenium.chrome.ChromeDriver
Capabilities {acceptInsecureCerts: false, browserName: chrome, browserVersion: 94.0.4606.81, chrome: {chromedriverVersion: 94.0.4606.41 (333e85df3c9b6..., userDataDir: C:\Users\MUGUNT~1\AppData\L...}, goog:chromeOptions: {debuggerAddress: localhost:53583}, javascriptEnabled: true, networkConnectionEnabled: false, pageLoadStrategy: normal, platform: WINDOWS, platformName: WINDOWS, proxy: Proxy(), setWindowRect: true, strictFileInteractability: false, timeouts: {implicit: 0, pageLoad: 300000, script: 30000}, unhandledPromptBehavior: dismiss and notify, webauthn:extension:credBlob: true, webauthn:extension:largeBlob: true, webauthn:virtualAuthenticators: true}
Session ID: 38df2cf5e6654238b90c2c0143545696
*** Element info: {Using=name, value=email}]]>
            </message>
            <full-stacktrace>
              <![CDATA[org.openqa.selenium.WebDriverException: chrome not reachable
  (Session info: chrome=94.0.4606.81)
Build info: version: '3.14.0', revision: 'aacccce0', time: '2018-08-02T20:19:58.91Z'
System info: host: 'MUGUNTH-DESKTOP', ip: '192.168.1.5', os.name: 'Windows 10', os.arch: 'amd64', os.version: '10.0', java.version: '15.0.2'
Driver info: org.openqa.selenium.chrome.ChromeDriver
Capabilities {acceptInsecureCerts: false, browserName: chrome, browserVersion: 94.0.4606.81, chrome: {chromedriverVersion: 94.0.4606.41 (333e85df3c9b6..., userDataDir: C:\Users\MUGUNT~1\AppData\L...}, goog:chromeOptions: {debuggerAddress: localhost:53583}, javascriptEnabled: true, networkConnectionEnabled: false, pageLoadStrategy: normal, platform: WINDOWS, platformName: WINDOWS, proxy: Proxy(), setWindowRect: true, strictFileInteractability: false, timeouts: {implicit: 0, pageLoad: 300000, script: 30000}, unhandledPromptBehavior: dismiss and notify, webauthn:extension:credBlob: true, webauthn:extension:largeBlob: true, webauthn:virtualAuthenticators: true}
Session ID: 38df2cf5e6654238b90c2c0143545696
*** Element info: {Using=name, value=email}
at java.base/jdk.internal.reflect.NativeConstructorAccessorImpl.newInstance0(Native Method)
at java.base/jdk.internal.reflect.NativeConstructorAccessorImpl.newInstance(NativeConstructorAccessorImpl.java:64)
at java.base/jdk.internal.reflect.DelegatingConstructorAccessorImpl.newInstance(DelegatingConstructorAccessorImpl.java:45)
at java.base/java.lang.reflect.Constructor.newInstanceWithCaller(Constructor.java:500)
at java.base/java.lang.reflect.Constructor.newInstance(Constructor.java:481)
at org.openqa.selenium.remote.http.W3CHttpResponseCodec.createException(W3CHttpResponseCodec.java:187)
at org.openqa.selenium.remote.http.W3CHttpResponseCodec.decode(W3CHttpResponseCodec.java:122)
at org.openqa.selenium.remote.http.W3CHttpResponseCodec.decode(W3CHttpResponseCodec.java:49)
at org.openqa.selenium.remote.HttpCommandExecutor.execute(HttpCommandExecutor.java:158)
at org.openqa.selenium.remote.service.DriverCommandExecutor.execute(DriverCommandExecutor.java:83)
at org.openqa.selenium.remote.RemoteWebDriver.execute(RemoteWebDriver.java:548)
at org.openqa.selenium.remote.RemoteWebDriver.findElement(RemoteWebDriver.java:322)
at org.openqa.selenium.remote.RemoteWebDriver.findElementByName(RemoteWebDriver.java:400)
at org.openqa.selenium.By$ByName.findElement(By.java:284)
at org.openqa.selenium.remote.RemoteWebDriver.findElement(RemoteWebDriver.java:314)
at org.openqa.selenium.support.pagefactory.DefaultElementLocator.findElement(DefaultElementLocator.java:69)
at org.openqa.selenium.support.pagefactory.internal.LocatingElementHandler.invoke(LocatingElementHandler.java:38)
=======
  <suite started-at="2021-10-21T12:06:59 IST" name="Default suite" finished-at="2021-10-21T12:08:02 IST" duration-ms="62919">
=======
  <suite started-at="2021-11-08T11:51:54 IST" name="SmokeTestingSuite" finished-at="2021-11-08T11:55:14 IST" duration-ms="199985">
>>>>>>> Stashed changes
    <groups>
    </groups>
    <test started-at="2021-11-08T11:51:54 IST" name="Smoke Test cases" finished-at="2021-11-08T11:55:14 IST" duration-ms="199985">
      <class name="com.eagle.TestCases.InvestigationTest">
        <test-method is-config="true" signature="launchApplication()[pri:0, instance:com.eagle.TestCases.InvestigationTest@209da20d]" started-at="2021-11-08T11:51:54 IST" name="launchApplication" finished-at="2021-11-08T11:52:00 IST" duration-ms="6394" status="PASS">
          <reporter-output>
          </reporter-output>
        </test-method> <!-- launchApplication -->
<<<<<<< Updated upstream
        <test-method signature="test_CreateInvestigation_Correct()[pri:0, instance:com.eagle.TestCases.InvestigationTest@3232a28a]" started-at="2021-10-21T12:07:07 IST" name="test_CreateInvestigation_Correct" finished-at="2021-10-21T12:08:02 IST" duration-ms="55502" status="FAIL">
          <exception class="java.lang.NullPointerException">
            <message>
              <![CDATA[Cannot invoke "Object.getClass()" because "obj" is null]]>
            </message>
            <full-stacktrace>
              <![CDATA[java.lang.NullPointerException: Cannot invoke "Object.getClass()" because "obj" is null
at java.base/java.lang.reflect.Method.invoke(Method.java:557)
at org.openqa.selenium.support.pagefactory.internal.LocatingElementHandler.invoke(LocatingElementHandler.java:51)
>>>>>>> 25196e871b9570c956aec9ab998bcbea2dd9df90
at com.sun.proxy.$Proxy11.isDisplayed(Unknown Source)
at org.openqa.selenium.support.ui.ExpectedConditions.elementIfVisible(ExpectedConditions.java:315)
at org.openqa.selenium.support.ui.ExpectedConditions.access$100(ExpectedConditions.java:44)
at org.openqa.selenium.support.ui.ExpectedConditions$10.apply(ExpectedConditions.java:301)
at org.openqa.selenium.support.ui.ExpectedConditions$10.apply(ExpectedConditions.java:298)
at org.openqa.selenium.support.ui.FluentWait.until(FluentWait.java:260)
<<<<<<< HEAD
at com.eagle.pages.Page.click(Page.java:43)
at com.eagle.pages.Page.enterUserPass(Page.java:35)
at com.eagle.pages.LoginPage.setCredentials(LoginPage.java:36)
at com.eagle.pages.LoginPage.loginTo(LoginPage.java:51)
at com.eagle.TestCases.ExplorationTest.test_Exploration_Correct(ExplorationTest.java:21)
=======
at com.eagle.pages.Page.click(Page.java:41)
at com.eagle.pages.InvestigationPage.deleteInvestigation(InvestigationPage.java:237)
at com.eagle.TestCases.InvestigationTest.test_CreateInvestigation_Correct(InvestigationTest.java:56)
>>>>>>> 25196e871b9570c956aec9ab998bcbea2dd9df90
at java.base/jdk.internal.reflect.NativeMethodAccessorImpl.invoke0(Native Method)
at java.base/jdk.internal.reflect.NativeMethodAccessorImpl.invoke(NativeMethodAccessorImpl.java:64)
at java.base/jdk.internal.reflect.DelegatingMethodAccessorImpl.invoke(DelegatingMethodAccessorImpl.java:43)
at java.base/java.lang.reflect.Method.invoke(Method.java:564)
at org.testng.internal.MethodInvocationHelper.invokeMethod(MethodInvocationHelper.java:133)
at org.testng.internal.TestInvoker.invokeMethod(TestInvoker.java:598)
at org.testng.internal.TestInvoker.invokeTestMethod(TestInvoker.java:173)
at org.testng.internal.MethodRunner.runInSequence(MethodRunner.java:46)
at org.testng.internal.TestInvoker$MethodInvocationAgent.invoke(TestInvoker.java:824)
at org.testng.internal.TestInvoker.invokeTestMethods(TestInvoker.java:146)
at org.testng.internal.TestMethodWorker.invokeTestMethods(TestMethodWorker.java:146)
at org.testng.internal.TestMethodWorker.run(TestMethodWorker.java:128)
at java.base/java.util.ArrayList.forEach(ArrayList.java:1511)
at org.testng.TestRunner.privateRun(TestRunner.java:794)
at org.testng.TestRunner.run(TestRunner.java:596)
at org.testng.SuiteRunner.runTest(SuiteRunner.java:377)
at org.testng.SuiteRunner.runSequentially(SuiteRunner.java:371)
at org.testng.SuiteRunner.privateRun(SuiteRunner.java:332)
at org.testng.SuiteRunner.run(SuiteRunner.java:276)
at org.testng.SuiteRunnerWorker.runSuite(SuiteRunnerWorker.java:53)
at org.testng.SuiteRunnerWorker.run(SuiteRunnerWorker.java:96)
at org.testng.TestNG.runSuitesSequentially(TestNG.java:1212)
at org.testng.TestNG.runSuitesLocally(TestNG.java:1134)
at org.testng.TestNG.runSuites(TestNG.java:1063)
at org.testng.TestNG.run(TestNG.java:1031)
at org.testng.remote.AbstractRemoteTestNG.run(AbstractRemoteTestNG.java:115)
at org.testng.remote.RemoteTestNG.initAndRun(RemoteTestNG.java:251)
at org.testng.remote.RemoteTestNG.main(RemoteTestNG.java:77)
]]>
            </full-stacktrace>
<<<<<<< HEAD
          </exception> <!-- org.openqa.selenium.WebDriverException -->
          <reporter-output>
          </reporter-output>
        </test-method> <!-- test_Exploration_Correct -->
      </class> <!-- com.eagle.TestCases.ExplorationTest -->
=======
          </exception> <!-- java.lang.NullPointerException -->
=======
        <test-method is-config="true" signature="beforeMethod()[pri:0, instance:com.eagle.TestCases.InvestigationTest@209da20d]" started-at="2021-11-08T11:52:00 IST" name="beforeMethod" finished-at="2021-11-08T11:52:31 IST" duration-ms="30522" status="PASS">
>>>>>>> Stashed changes
          <reporter-output>
          </reporter-output>
        </test-method> <!-- beforeMethod -->
        <test-method signature="CreateInvestigation_Test()[pri:0, instance:com.eagle.TestCases.InvestigationTest@209da20d]" started-at="2021-11-08T11:52:31 IST" name="CreateInvestigation_Test" description="Create Investigation" finished-at="2021-11-08T11:52:33 IST" duration-ms="2323" status="PASS">
          <reporter-output>
          </reporter-output>
        </test-method> <!-- CreateInvestigation_Test -->
        <test-method signature="ViewInvestigation_Test()[pri:1, instance:com.eagle.TestCases.InvestigationTest@209da20d]" started-at="2021-11-08T11:52:33 IST" name="ViewInvestigation_Test" description="View Investigation" finished-at="2021-11-08T11:52:37 IST" duration-ms="3321" status="PASS">
          <reporter-output>
          </reporter-output>
        </test-method> <!-- ViewInvestigation_Test -->
        <test-method signature="EditInvestigation_Test()[pri:2, instance:com.eagle.TestCases.InvestigationTest@209da20d]" started-at="2021-11-08T11:52:37 IST" name="EditInvestigation_Test" description="Edit Investigation" finished-at="2021-11-08T11:52:44 IST" duration-ms="6938" status="PASS">
          <reporter-output>
          </reporter-output>
        </test-method> <!-- EditInvestigation_Test -->
        <test-method signature="LinkSetWithInvestigation_Test()[pri:3, instance:com.eagle.TestCases.InvestigationTest@209da20d]" started-at="2021-11-08T11:52:44 IST" name="LinkSetWithInvestigation_Test" description="Link Set With Investigation" finished-at="2021-11-08T11:52:58 IST" duration-ms="14264" status="PASS">
          <reporter-output>
          </reporter-output>
        </test-method> <!-- LinkSetWithInvestigation_Test -->
        <test-method signature="LinkExplorationWithInvestigation_Test()[pri:4, instance:com.eagle.TestCases.InvestigationTest@209da20d]" started-at="2021-11-08T11:52:58 IST" name="LinkExplorationWithInvestigation_Test" description="Link Exploration With Investigation" finished-at="2021-11-08T11:52:58 IST" duration-ms="2" status="PASS">
          <reporter-output>
          </reporter-output>
        </test-method> <!-- LinkExplorationWithInvestigation_Test -->
        <test-method signature="LinkComparisonWithInvestigation_Test()[pri:5, instance:com.eagle.TestCases.InvestigationTest@209da20d]" started-at="2021-11-08T11:52:58 IST" name="LinkComparisonWithInvestigation_Test" description="Link Comparison With Investigation" finished-at="2021-11-08T11:52:58 IST" duration-ms="2" status="PASS">
          <reporter-output>
          </reporter-output>
        </test-method> <!-- LinkComparisonWithInvestigation_Test -->
        <test-method signature="ShareInvestigation_Test()[pri:6, instance:com.eagle.TestCases.InvestigationTest@209da20d]" started-at="2021-11-08T11:52:58 IST" name="ShareInvestigation_Test" description="Share Investigation" finished-at="2021-11-08T11:54:05 IST" duration-ms="67468" status="PASS">
          <reporter-output>
          </reporter-output>
        </test-method> <!-- ShareInvestigation_Test -->
        <test-method signature="DeleteInvestigation_Test()[pri:7, instance:com.eagle.TestCases.InvestigationTest@209da20d]" started-at="2021-11-08T11:54:05 IST" name="DeleteInvestigation_Test" description="Delete Investigation" finished-at="2021-11-08T11:55:13 IST" duration-ms="68067" status="PASS">
          <reporter-output>
          </reporter-output>
        </test-method> <!-- DeleteInvestigation_Test -->
        <test-method is-config="true" signature="tearDown()[pri:0, instance:com.eagle.TestCases.InvestigationTest@209da20d]" started-at="2021-11-08T11:55:13 IST" name="tearDown" finished-at="2021-11-08T11:55:14 IST" duration-ms="637" status="PASS">
          <reporter-output>
          </reporter-output>
        </test-method> <!-- tearDown -->
      </class> <!-- com.eagle.TestCases.InvestigationTest -->
<<<<<<< Updated upstream
>>>>>>> 25196e871b9570c956aec9ab998bcbea2dd9df90
    </test> <!-- Default test -->
  </suite> <!-- Default suite -->
=======
    </test> <!-- Smoke Test cases -->
  </suite> <!-- SmokeTestingSuite -->
>>>>>>> Stashed changes
</testng-results>
