<?xml version="1.0" encoding="UTF-8"?>
<testng-results ignored="0" total="1" passed="1" failed="0" skipped="0">
  <reporter-output>
  </reporter-output>
  <suite started-at="2021-10-19T14:37:09 IST" name="Default suite" finished-at="2021-10-19T14:37:41 IST" duration-ms="31946">
    <groups>
    </groups>
    <test started-at="2021-10-19T14:37:09 IST" name="Default test" finished-at="2021-10-19T14:37:41 IST" duration-ms="31946">
      <class name="com.eagle.TestCases.InvestigationTest">
        <test-method is-config="true" signature="launchApplication()[pri:0, instance:com.eagle.TestCases.InvestigationTest@3232a28a]" started-at="2021-10-19T14:37:09 IST" name="launchApplication" finished-at="2021-10-19T14:37:16 IST" duration-ms="6378" status="PASS">
          <reporter-output>
          </reporter-output>
        </test-method> <!-- launchApplication -->
        <test-method signature="test_CreateInvestigation_Correct()[pri:0, instance:com.eagle.TestCases.InvestigationTest@3232a28a]" started-at="2021-10-19T14:37:16 IST" name="test_CreateInvestigation_Correct" finished-at="2021-10-19T14:37:41 IST" duration-ms="25521" status="PASS">
          <reporter-output>
          </reporter-output>
        </test-method> <!-- test_CreateInvestigation_Correct -->
      </class> <!-- com.eagle.TestCases.InvestigationTest -->
    </test> <!-- Default test -->
  </suite> <!-- Default suite -->
</testng-results>
