<?xml version="1.0" encoding="UTF-8"?>
<testng-results ignored="2" total="13" passed="11" failed="0" skipped="0">
  <reporter-output>
  </reporter-output>
  <suite started-at="2022-01-17T16:34:35 IST" name="SmokeTestingSuite" finished-at="2022-01-17T16:36:46 IST" duration-ms="131498">
    <groups>
    </groups>
    <test started-at="2022-01-17T16:34:35 IST" name="Smoke Test cases" finished-at="2022-01-17T16:36:46 IST" duration-ms="131498">
      <class name="com.eagle.TestCases.LoginTest">
        <test-method is-config="true" signature="launchApplication()[pri:0, instance:com.eagle.TestCases.LoginTest@6253c26]" started-at="2022-01-17T16:34:35 IST" name="launchApplication" finished-at="2022-01-17T16:34:44 IST" duration-ms="9059" status="PASS">
          <reporter-output>
          </reporter-output>
        </test-method> <!-- launchApplication -->
        <test-method is-config="true" signature="beforeClass()[pri:0, instance:com.eagle.TestCases.LoginTest@6253c26]" started-at="2022-01-17T16:34:44 IST" name="beforeClass" finished-at="2022-01-17T16:34:44 IST" duration-ms="55" status="PASS">
          <reporter-output>
          </reporter-output>
        </test-method> <!-- beforeClass -->
        <test-method signature="VerifyLoginPage_Test()[pri:0, instance:com.eagle.TestCases.LoginTest@6253c26]" started-at="2022-01-17T16:34:44 IST" name="VerifyLoginPage_Test" description="Login with valid credentials" finished-at="2022-01-17T16:35:45 IST" duration-ms="61183" status="PASS">
          <reporter-output>
          </reporter-output>
        </test-method> <!-- VerifyLoginPage_Test -->
        <test-method is-config="true" signature="closeApplication()[pri:0, instance:com.eagle.TestCases.LoginTest@6253c26]" started-at="2022-01-17T16:36:46 IST" name="closeApplication" finished-at="2022-01-17T16:36:46 IST" duration-ms="0" status="PASS">
          <reporter-output>
          </reporter-output>
        </test-method> <!-- closeApplication -->
      </class> <!-- com.eagle.TestCases.LoginTest -->
      <class name="com.eagle.TestCases.LogoutTest">
        <test-method is-config="true" signature="beforeClass()[pri:0, instance:com.eagle.TestCases.LogoutTest@5d534f5d]" started-at="2022-01-17T16:36:37 IST" name="beforeClass" finished-at="2022-01-17T16:36:37 IST" duration-ms="2" status="PASS">
          <reporter-output>
          </reporter-output>
        </test-method> <!-- beforeClass -->
        <test-method is-config="true" signature="launchApplication()[pri:0, instance:com.eagle.TestCases.LogoutTest@5d534f5d]" started-at="2022-01-17T16:36:37 IST" name="launchApplication" finished-at="2022-01-17T16:36:37 IST" duration-ms="0" status="PASS">
          <reporter-output>
          </reporter-output>
        </test-method> <!-- launchApplication -->
        <test-method signature="VerifyLogout_Test()[pri:0, instance:com.eagle.TestCases.LogoutTest@5d534f5d]" started-at="2022-01-17T16:36:37 IST" name="VerifyLogout_Test" description="Logout functionality verification" finished-at="2022-01-17T16:36:45 IST" duration-ms="8129" status="PASS">
          <reporter-output>
          </reporter-output>
        </test-method> <!-- VerifyLogout_Test -->
        <test-method is-config="true" signature="afterClass()[pri:0, instance:com.eagle.TestCases.LogoutTest@5d534f5d]" started-at="2022-01-17T16:36:45 IST" name="afterClass" finished-at="2022-01-17T16:36:46 IST" duration-ms="835" status="PASS">
          <reporter-output>
          </reporter-output>
        </test-method> <!-- afterClass -->
      </class> <!-- com.eagle.TestCases.LogoutTest -->
      <class name="com.eagle.TestCases.HomeTest">
        <test-method is-config="true" signature="launchApplication()[pri:0, instance:com.eagle.TestCases.HomeTest@576d5deb]" started-at="2022-01-17T16:35:45 IST" name="launchApplication" finished-at="2022-01-17T16:35:45 IST" duration-ms="1" status="PASS">
          <reporter-output>
          </reporter-output>
        </test-method> <!-- launchApplication -->
        <test-method is-config="true" signature="beforeClass()[pri:0, instance:com.eagle.TestCases.HomeTest@576d5deb]" started-at="2022-01-17T16:35:45 IST" name="beforeClass" finished-at="2022-01-17T16:35:45 IST" duration-ms="25" status="PASS">
          <reporter-output>
          </reporter-output>
        </test-method> <!-- beforeClass -->
        <test-method signature="VerifyLogoVisibility_Test()[pri:0, instance:com.eagle.TestCases.HomeTest@576d5deb]" started-at="2022-01-17T16:35:45 IST" name="VerifyLogoVisibility_Test" description="Check the visibility of Logo" finished-at="2022-01-17T16:35:45 IST" duration-ms="85" status="PASS">
          <reporter-output>
          </reporter-output>
        </test-method> <!-- VerifyLogoVisibility_Test -->
        <test-method signature="VerifyDashboard_Test()[pri:1, instance:com.eagle.TestCases.HomeTest@576d5deb]" started-at="2022-01-17T16:35:45 IST" name="VerifyDashboard_Test" description="Check if dashBoard displays all the components" finished-at="2022-01-17T16:35:45 IST" duration-ms="208" status="PASS">
          <reporter-output>
          </reporter-output>
        </test-method> <!-- VerifyDashboard_Test -->
        <test-method signature="VerifyUserProfile()[pri:2, instance:com.eagle.TestCases.HomeTest@576d5deb]" started-at="2022-01-17T16:35:45 IST" name="VerifyUserProfile" description="Check for user information in profile" finished-at="2022-01-17T16:35:46 IST" duration-ms="908" status="PASS">
          <reporter-output>
          </reporter-output>
        </test-method> <!-- VerifyUserProfile -->
        <test-method signature="VerifyCopyRights()[pri:3, instance:com.eagle.TestCases.HomeTest@576d5deb]" started-at="2022-01-17T16:35:46 IST" name="VerifyCopyRights" description="Check for copyright and other links" finished-at="2022-01-17T16:35:46 IST" duration-ms="117" status="PASS">
          <reporter-output>
          </reporter-output>
        </test-method> <!-- VerifyCopyRights -->
        <test-method signature="CreateGlobalSearch_Test()[pri:4, instance:com.eagle.TestCases.HomeTest@576d5deb]" started-at="2022-01-17T16:35:46 IST" name="CreateGlobalSearch_Test" description="Search and Save the Global search" finished-at="2022-01-17T16:35:52 IST" duration-ms="5995" status="PASS">
          <reporter-output>
          </reporter-output>
        </test-method> <!-- CreateGlobalSearch_Test -->
        <test-method signature="VerifySavedSearches_Test()[pri:5, instance:com.eagle.TestCases.HomeTest@576d5deb]" started-at="2022-01-17T16:35:52 IST" name="VerifySavedSearches_Test" description="Verify Saved Searches" finished-at="2022-01-17T16:35:57 IST" duration-ms="5119" status="PASS">
          <reporter-output>
          </reporter-output>
        </test-method> <!-- VerifySavedSearches_Test -->
        <test-method signature="VerifyContactHelpDesk_Test()[pri:6, instance:com.eagle.TestCases.HomeTest@576d5deb]" started-at="2022-01-17T16:35:57 IST" name="VerifyContactHelpDesk_Test" description="Verify Contact help Desk" finished-at="2022-01-17T16:36:17 IST" duration-ms="19839" status="PASS">
          <reporter-output>
          </reporter-output>
        </test-method> <!-- VerifyContactHelpDesk_Test -->
        <test-method signature="VerifyUserManual_Test()[pri:7, instance:com.eagle.TestCases.HomeTest@576d5deb]" started-at="2022-01-17T16:36:17 IST" name="VerifyUserManual_Test" description="Verify User Manual" finished-at="2022-01-17T16:36:18 IST" duration-ms="1037" status="PASS">
          <reporter-output>
          </reporter-output>
        </test-method> <!-- VerifyUserManual_Test -->
        <test-method signature="VerifyFAQ_Test()[pri:8, instance:com.eagle.TestCases.HomeTest@576d5deb]" started-at="2022-01-17T16:36:18 IST" name="VerifyFAQ_Test" description="Verify FAQ" finished-at="2022-01-17T16:36:37 IST" duration-ms="18830" status="PASS">
          <reporter-output>
          </reporter-output>
        </test-method> <!-- VerifyFAQ_Test -->
      </class> <!-- com.eagle.TestCases.HomeTest -->
    </test> <!-- Smoke Test cases -->
  </suite> <!-- SmokeTestingSuite -->
</testng-results>
