<?xml version="1.0" encoding="UTF-8"?>
<testng-results ignored="2" total="12" passed="10" failed="0" skipped="0">
  <reporter-output>
  </reporter-output>
  <suite started-at="2021-12-23T19:03:25 IST" name="SmokeTestingSuite" finished-at="2021-12-23T19:06:21 IST" duration-ms="175512">
    <groups>
    </groups>
    <test started-at="2021-12-23T19:03:25 IST" name="Smoke Test cases" finished-at="2021-12-23T19:06:21 IST" duration-ms="175512">
      <class name="com.eagle.TestCases.LoginTest">
        <test-method is-config="true" signature="launchApplication()[pri:0, instance:com.eagle.TestCases.LoginTest@67f639d3]" started-at="2021-12-23T19:03:25 IST" name="launchApplication" finished-at="2021-12-23T19:03:33 IST" duration-ms="7438" status="PASS">
          <reporter-output>
          </reporter-output>
        </test-method> <!-- launchApplication -->
        <test-method is-config="true" signature="beforeClass()[pri:0, instance:com.eagle.TestCases.LoginTest@67f639d3]" started-at="2021-12-23T19:03:33 IST" name="beforeClass" finished-at="2021-12-23T19:03:33 IST" duration-ms="38" status="PASS">
          <reporter-output>
          </reporter-output>
        </test-method> <!-- beforeClass -->
        <test-method signature="VerifyLoginPage_Test()[pri:0, instance:com.eagle.TestCases.LoginTest@67f639d3]" started-at="2021-12-23T19:03:33 IST" name="VerifyLoginPage_Test" description="Login with valid credentials" finished-at="2021-12-23T19:03:58 IST" duration-ms="25358" status="PASS">
          <reporter-output>
          </reporter-output>
        </test-method> <!-- VerifyLoginPage_Test -->
        <test-method is-config="true" signature="closeApplication()[pri:0, instance:com.eagle.TestCases.LoginTest@67f639d3]" started-at="2021-12-23T19:06:21 IST" name="closeApplication" finished-at="2021-12-23T19:06:21 IST" duration-ms="0" status="PASS">
          <reporter-output>
          </reporter-output>
        </test-method> <!-- closeApplication -->
      </class> <!-- com.eagle.TestCases.LoginTest -->
      <class name="com.eagle.TestCases.LogoutTest">
        <test-method is-config="true" signature="launchApplication()[pri:0, instance:com.eagle.TestCases.LogoutTest@576d5deb]" started-at="2021-12-23T19:06:14 IST" name="launchApplication" finished-at="2021-12-23T19:06:14 IST" duration-ms="1" status="PASS">
          <reporter-output>
          </reporter-output>
        </test-method> <!-- launchApplication -->
        <test-method is-config="true" signature="beforeClass()[pri:0, instance:com.eagle.TestCases.LogoutTest@576d5deb]" started-at="2021-12-23T19:06:14 IST" name="beforeClass" finished-at="2021-12-23T19:06:14 IST" duration-ms="2" status="PASS">
          <reporter-output>
          </reporter-output>
        </test-method> <!-- beforeClass -->
        <test-method signature="VerifyLogout_Test()[pri:0, instance:com.eagle.TestCases.LogoutTest@576d5deb]" started-at="2021-12-23T19:06:14 IST" name="VerifyLogout_Test" description="Logout functionality verification" finished-at="2021-12-23T19:06:20 IST" duration-ms="6155" status="PASS">
          <reporter-output>
          </reporter-output>
        </test-method> <!-- VerifyLogout_Test -->
        <test-method is-config="true" signature="afterClass()[pri:0, instance:com.eagle.TestCases.LogoutTest@576d5deb]" started-at="2021-12-23T19:06:20 IST" name="afterClass" finished-at="2021-12-23T19:06:21 IST" duration-ms="651" status="PASS">
          <reporter-output>
          </reporter-output>
        </test-method> <!-- afterClass -->
      </class> <!-- com.eagle.TestCases.LogoutTest -->
      <class name="com.eagle.TestCases.InvestigationTest">
        <test-method is-config="true" signature="launchApplication()[pri:0, instance:com.eagle.TestCases.InvestigationTest@5e600dd5]" started-at="2021-12-23T19:03:58 IST" name="launchApplication" finished-at="2021-12-23T19:03:58 IST" duration-ms="1" status="PASS">
          <reporter-output>
          </reporter-output>
        </test-method> <!-- launchApplication -->
        <test-method is-config="true" signature="beforeClass()[pri:0, instance:com.eagle.TestCases.InvestigationTest@5e600dd5]" started-at="2021-12-23T19:03:58 IST" name="beforeClass" finished-at="2021-12-23T19:03:58 IST" duration-ms="7" status="PASS">
          <reporter-output>
          </reporter-output>
        </test-method> <!-- beforeClass -->
        <test-method signature="CreateInvestigation_Test()[pri:0, instance:com.eagle.TestCases.InvestigationTest@5e600dd5]" started-at="2021-12-23T19:03:58 IST" name="CreateInvestigation_Test" description="Create Investigation" finished-at="2021-12-23T19:04:00 IST" duration-ms="1577" status="PASS">
          <reporter-output>
          </reporter-output>
        </test-method> <!-- CreateInvestigation_Test -->
        <test-method signature="ViewInvestigation_Test()[pri:1, instance:com.eagle.TestCases.InvestigationTest@5e600dd5]" started-at="2021-12-23T19:04:00 IST" name="ViewInvestigation_Test" description="View Investigation" finished-at="2021-12-23T19:04:15 IST" duration-ms="14981" status="PASS">
          <reporter-output>
          </reporter-output>
        </test-method> <!-- ViewInvestigation_Test -->
        <test-method signature="EditInvestigation_Test()[pri:2, instance:com.eagle.TestCases.InvestigationTest@5e600dd5]" started-at="2021-12-23T19:04:15 IST" name="EditInvestigation_Test" description="Edit Investigation" finished-at="2021-12-23T19:04:20 IST" duration-ms="4913" status="PASS">
          <reporter-output>
          </reporter-output>
        </test-method> <!-- EditInvestigation_Test -->
        <test-method signature="LinkSetWithInvestigation_Test()[pri:3, instance:com.eagle.TestCases.InvestigationTest@5e600dd5]" started-at="2021-12-23T19:04:20 IST" name="LinkSetWithInvestigation_Test" description="Link Set With Investigation" finished-at="2021-12-23T19:04:49 IST" duration-ms="29680" status="PASS">
          <reporter-output>
          </reporter-output>
        </test-method> <!-- LinkSetWithInvestigation_Test -->
        <test-method signature="LinkExplorationWithInvestigation_Test()[pri:4, instance:com.eagle.TestCases.InvestigationTest@5e600dd5]" started-at="2021-12-23T19:04:49 IST" name="LinkExplorationWithInvestigation_Test" description="Link Exploration With Investigation" finished-at="2021-12-23T19:05:21 IST" duration-ms="31573" status="PASS">
          <reporter-output>
          </reporter-output>
        </test-method> <!-- LinkExplorationWithInvestigation_Test -->
        <test-method signature="LinkComparisonWithInvestigation_Test()[pri:5, instance:com.eagle.TestCases.InvestigationTest@5e600dd5]" started-at="2021-12-23T19:05:21 IST" name="LinkComparisonWithInvestigation_Test" description="Link Comparison With Investigation" finished-at="2021-12-23T19:05:57 IST" duration-ms="36469" status="PASS">
          <reporter-output>
          </reporter-output>
        </test-method> <!-- LinkComparisonWithInvestigation_Test -->
        <test-method signature="ShareInvestigation_Test()[pri:6, instance:com.eagle.TestCases.InvestigationTest@5e600dd5]" started-at="2021-12-23T19:05:57 IST" name="ShareInvestigation_Test" description="Share Investigation" finished-at="2021-12-23T19:06:10 IST" duration-ms="12949" status="PASS">
          <reporter-output>
          </reporter-output>
        </test-method> <!-- ShareInvestigation_Test -->
        <test-method signature="DeleteInvestigation_Test()[pri:7, instance:com.eagle.TestCases.InvestigationTest@5e600dd5]" started-at="2021-12-23T19:06:10 IST" name="DeleteInvestigation_Test" description="Delete Investigation" finished-at="2021-12-23T19:06:14 IST" duration-ms="3667" status="PASS">
          <reporter-output>
          </reporter-output>
        </test-method> <!-- DeleteInvestigation_Test -->
      </class> <!-- com.eagle.TestCases.InvestigationTest -->
    </test> <!-- Smoke Test cases -->
  </suite> <!-- SmokeTestingSuite -->
</testng-results>
