<?xml version="1.0" encoding="UTF-8"?>
<testng-results ignored="6" total="28" passed="22" failed="0" skipped="0">
  <reporter-output>
  </reporter-output>
  <suite started-at="2022-01-06T11:48:20 IST" name="SmokeTestingSuite" finished-at="2022-01-06T12:05:32 IST" duration-ms="1032191">
    <groups>
    </groups>
    <test started-at="2022-01-06T11:48:20 IST" name="Smoke Test cases" finished-at="2022-01-06T12:05:32 IST" duration-ms="1032191">
      <class name="com.eagle.TestCases.LoginTest">
        <test-method is-config="true" signature="launchApplication()[pri:0, instance:com.eagle.TestCases.LoginTest@1151e434]" started-at="2022-01-06T11:48:20 IST" name="launchApplication" finished-at="2022-01-06T11:48:30 IST" duration-ms="9521" status="PASS">
          <reporter-output>
          </reporter-output>
        </test-method> <!-- launchApplication -->
        <test-method is-config="true" signature="beforeClass()[pri:0, instance:com.eagle.TestCases.LoginTest@1151e434]" started-at="2022-01-06T11:48:30 IST" name="beforeClass" finished-at="2022-01-06T11:48:30 IST" duration-ms="53" status="PASS">
          <reporter-output>
          </reporter-output>
        </test-method> <!-- beforeClass -->
        <test-method signature="VerifyLoginPage_Test()[pri:0, instance:com.eagle.TestCases.LoginTest@1151e434]" started-at="2022-01-06T11:48:30 IST" name="VerifyLoginPage_Test" description="Login with valid credentials" finished-at="2022-01-06T11:49:45 IST" duration-ms="74882" status="PASS">
          <reporter-output>
          </reporter-output>
        </test-method> <!-- VerifyLoginPage_Test -->
        <test-method is-config="true" signature="closeApplication()[pri:0, instance:com.eagle.TestCases.LoginTest@1151e434]" started-at="2022-01-06T12:05:33 IST" name="closeApplication" finished-at="2022-01-06T12:05:33 IST" duration-ms="0" status="PASS">
          <reporter-output>
          </reporter-output>
        </test-method> <!-- closeApplication -->
      </class> <!-- com.eagle.TestCases.LoginTest -->
      <class name="com.eagle.TestCases.SetTest">
        <test-method is-config="true" signature="launchApplication()[pri:0, instance:com.eagle.TestCases.SetTest@18df8434]" started-at="2022-01-06T11:49:56 IST" name="launchApplication" finished-at="2022-01-06T11:49:56 IST" duration-ms="0" status="PASS">
          <reporter-output>
          </reporter-output>
        </test-method> <!-- launchApplication -->
        <test-method is-config="true" signature="beforeClass()[pri:0, instance:com.eagle.TestCases.SetTest@18df8434]" started-at="2022-01-06T11:49:56 IST" name="beforeClass" finished-at="2022-01-06T11:49:56 IST" duration-ms="455" status="PASS">
          <reporter-output>
          </reporter-output>
        </test-method> <!-- beforeClass -->
        <test-method signature="SetExpandAddFromFile_Test()[pri:7, instance:com.eagle.TestCases.SetTest@18df8434]" started-at="2022-01-06T11:49:56 IST" name="SetExpandAddFromFile_Test" description="Set - Expand and add items from File" finished-at="2022-01-06T11:52:42 IST" duration-ms="165976" status="PASS">
          <reporter-output>
          </reporter-output>
        </test-method> <!-- SetExpandAddFromFile_Test -->
        <test-method signature="DeleteCardInSetExpand_Test()[pri:8, instance:com.eagle.TestCases.SetTest@18df8434]" started-at="2022-01-06T11:52:42 IST" name="DeleteCardInSetExpand_Test" description="Delete Card in Set Expand" finished-at="2022-01-06T11:54:13 IST" duration-ms="91214" status="PASS">
          <reporter-output>
          </reporter-output>
        </test-method> <!-- DeleteCardInSetExpand_Test -->
      </class> <!-- com.eagle.TestCases.SetTest -->
      <class name="com.eagle.TestCases.LogoutTest">
        <test-method is-config="true" signature="beforeClass()[pri:0, instance:com.eagle.TestCases.LogoutTest@1e0b4072]" started-at="2022-01-06T12:05:27 IST" name="beforeClass" finished-at="2022-01-06T12:05:27 IST" duration-ms="1" status="PASS">
          <reporter-output>
          </reporter-output>
        </test-method> <!-- beforeClass -->
        <test-method is-config="true" signature="launchApplication()[pri:0, instance:com.eagle.TestCases.LogoutTest@1e0b4072]" started-at="2022-01-06T12:05:27 IST" name="launchApplication" finished-at="2022-01-06T12:05:27 IST" duration-ms="0" status="PASS">
          <reporter-output>
          </reporter-output>
        </test-method> <!-- launchApplication -->
        <test-method signature="VerifyLogout_Test()[pri:0, instance:com.eagle.TestCases.LogoutTest@1e0b4072]" started-at="2022-01-06T12:05:27 IST" name="VerifyLogout_Test" description="Logout functionality verification" finished-at="2022-01-06T12:05:32 IST" duration-ms="5214" status="PASS">
          <reporter-output>
          </reporter-output>
        </test-method> <!-- VerifyLogout_Test -->
        <test-method is-config="true" signature="afterClass()[pri:0, instance:com.eagle.TestCases.LogoutTest@1e0b4072]" started-at="2022-01-06T12:05:32 IST" name="afterClass" finished-at="2022-01-06T12:05:32 IST" duration-ms="709" status="PASS">
          <reporter-output>
          </reporter-output>
        </test-method> <!-- afterClass -->
      </class> <!-- com.eagle.TestCases.LogoutTest -->
      <class name="com.eagle.TestCases.InvestigationTest">
        <test-method is-config="true" signature="launchApplication()[pri:0, instance:com.eagle.TestCases.InvestigationTest@4686afc2]" started-at="2022-01-06T12:03:02 IST" name="launchApplication" finished-at="2022-01-06T12:03:02 IST" duration-ms="0" status="PASS">
          <reporter-output>
          </reporter-output>
        </test-method> <!-- launchApplication -->
        <test-method is-config="true" signature="beforeClass()[pri:0, instance:com.eagle.TestCases.InvestigationTest@4686afc2]" started-at="2022-01-06T12:03:02 IST" name="beforeClass" finished-at="2022-01-06T12:03:02 IST" duration-ms="4" status="PASS">
          <reporter-output>
          </reporter-output>
        </test-method> <!-- beforeClass -->
        <test-method signature="CreateInvestigation_Test()[pri:0, instance:com.eagle.TestCases.InvestigationTest@4686afc2]" started-at="2022-01-06T12:03:02 IST" name="CreateInvestigation_Test" description="Create Investigation" finished-at="2022-01-06T12:03:04 IST" duration-ms="1418" status="PASS">
          <reporter-output>
          </reporter-output>
        </test-method> <!-- CreateInvestigation_Test -->
        <test-method signature="ViewInvestigation_Test()[pri:1, instance:com.eagle.TestCases.InvestigationTest@4686afc2]" started-at="2022-01-06T12:03:04 IST" name="ViewInvestigation_Test" description="View Investigation" finished-at="2022-01-06T12:03:11 IST" duration-ms="7630" status="PASS">
          <reporter-output>
          </reporter-output>
        </test-method> <!-- ViewInvestigation_Test -->
        <test-method signature="EditInvestigation_Test()[pri:2, instance:com.eagle.TestCases.InvestigationTest@4686afc2]" started-at="2022-01-06T12:03:11 IST" name="EditInvestigation_Test" description="Edit Investigation" finished-at="2022-01-06T12:03:17 IST" duration-ms="5788" status="PASS">
          <reporter-output>
          </reporter-output>
        </test-method> <!-- EditInvestigation_Test -->
        <test-method signature="LinkSetWithInvestigation_Test()[pri:3, instance:com.eagle.TestCases.InvestigationTest@4686afc2]" started-at="2022-01-06T12:03:17 IST" name="LinkSetWithInvestigation_Test" description="Link Set With Investigation" finished-at="2022-01-06T12:03:50 IST" duration-ms="32344" status="PASS">
          <reporter-output>
          </reporter-output>
        </test-method> <!-- LinkSetWithInvestigation_Test -->
        <test-method signature="LinkExplorationWithInvestigation_Test()[pri:4, instance:com.eagle.TestCases.InvestigationTest@4686afc2]" started-at="2022-01-06T12:03:50 IST" name="LinkExplorationWithInvestigation_Test" description="Link Exploration With Investigation" finished-at="2022-01-06T12:04:24 IST" duration-ms="34619" status="PASS">
          <reporter-output>
          </reporter-output>
        </test-method> <!-- LinkExplorationWithInvestigation_Test -->
        <test-method signature="LinkComparisonWithInvestigation_Test()[pri:5, instance:com.eagle.TestCases.InvestigationTest@4686afc2]" started-at="2022-01-06T12:04:24 IST" name="LinkComparisonWithInvestigation_Test" description="Link Comparison With Investigation" finished-at="2022-01-06T12:05:04 IST" duration-ms="39756" status="PASS">
          <reporter-output>
          </reporter-output>
        </test-method> <!-- LinkComparisonWithInvestigation_Test -->
        <test-method signature="ShareInvestigation_Test()[pri:6, instance:com.eagle.TestCases.InvestigationTest@4686afc2]" started-at="2022-01-06T12:05:04 IST" name="ShareInvestigation_Test" description="Share Investigation" finished-at="2022-01-06T12:05:23 IST" duration-ms="18906" status="PASS">
          <reporter-output>
          </reporter-output>
        </test-method> <!-- ShareInvestigation_Test -->
        <test-method signature="DeleteInvestigation_Test()[pri:7, instance:com.eagle.TestCases.InvestigationTest@4686afc2]" started-at="2022-01-06T12:05:23 IST" name="DeleteInvestigation_Test" description="Delete Investigation" finished-at="2022-01-06T12:05:27 IST" duration-ms="3652" status="PASS">
          <reporter-output>
          </reporter-output>
        </test-method> <!-- DeleteInvestigation_Test -->
      </class> <!-- com.eagle.TestCases.InvestigationTest -->
      <class name="com.eagle.TestCases.HomeTest">
        <test-method is-config="true" signature="launchApplication()[pri:0, instance:com.eagle.TestCases.HomeTest@5824a83d]" started-at="2022-01-06T11:49:45 IST" name="launchApplication" finished-at="2022-01-06T11:49:45 IST" duration-ms="0" status="PASS">
          <reporter-output>
          </reporter-output>
        </test-method> <!-- launchApplication -->
        <test-method is-config="true" signature="beforeClass()[pri:0, instance:com.eagle.TestCases.HomeTest@5824a83d]" started-at="2022-01-06T11:49:45 IST" name="beforeClass" finished-at="2022-01-06T11:49:45 IST" duration-ms="18" status="PASS">
          <reporter-output>
          </reporter-output>
        </test-method> <!-- beforeClass -->
        <test-method signature="VerifyLogoVisibility_Test()[pri:0, instance:com.eagle.TestCases.HomeTest@5824a83d]" started-at="2022-01-06T11:49:45 IST" name="VerifyLogoVisibility_Test" description="Check the visibility of Logo" finished-at="2022-01-06T11:49:45 IST" duration-ms="86" status="PASS">
          <reporter-output>
          </reporter-output>
        </test-method> <!-- VerifyLogoVisibility_Test -->
        <test-method signature="VerifyDashboard_Test()[pri:1, instance:com.eagle.TestCases.HomeTest@5824a83d]" started-at="2022-01-06T11:49:45 IST" name="VerifyDashboard_Test" description="Check if dashBoard displays all the components" finished-at="2022-01-06T11:49:45 IST" duration-ms="257" status="PASS">
          <reporter-output>
          </reporter-output>
        </test-method> <!-- VerifyDashboard_Test -->
        <test-method signature="VerifyUserProfile()[pri:2, instance:com.eagle.TestCases.HomeTest@5824a83d]" started-at="2022-01-06T11:49:45 IST" name="VerifyUserProfile" description="Check for user information in profile" finished-at="2022-01-06T11:49:46 IST" duration-ms="863" status="PASS">
          <reporter-output>
          </reporter-output>
        </test-method> <!-- VerifyUserProfile -->
        <test-method signature="VerifyCopyRights()[pri:3, instance:com.eagle.TestCases.HomeTest@5824a83d]" started-at="2022-01-06T11:49:46 IST" name="VerifyCopyRights" description="Check for copyright and other links" finished-at="2022-01-06T11:49:46 IST" duration-ms="105" status="PASS">
          <reporter-output>
          </reporter-output>
        </test-method> <!-- VerifyCopyRights -->
        <test-method signature="CreateGlobalSearch_Test()[pri:4, instance:com.eagle.TestCases.HomeTest@5824a83d]" started-at="2022-01-06T11:49:46 IST" name="CreateGlobalSearch_Test" description="Search and Save the Global search" finished-at="2022-01-06T11:49:51 IST" duration-ms="4902" status="PASS">
          <reporter-output>
          </reporter-output>
        </test-method> <!-- CreateGlobalSearch_Test -->
        <test-method signature="VerifySavedSearches_Test()[pri:5, instance:com.eagle.TestCases.HomeTest@5824a83d]" started-at="2022-01-06T11:49:51 IST" name="VerifySavedSearches_Test" description="Verify Saved Searches" finished-at="2022-01-06T11:49:56 IST" duration-ms="4657" status="PASS">
          <reporter-output>
          </reporter-output>
        </test-method> <!-- VerifySavedSearches_Test -->
      </class> <!-- com.eagle.TestCases.HomeTest -->
      <class name="com.eagle.TestCases.ComparisonTest">
        <test-method is-config="true" signature="launchApplication()[pri:0, instance:com.eagle.TestCases.ComparisonTest@229c6181]" started-at="2022-01-06T11:58:15 IST" name="launchApplication" finished-at="2022-01-06T11:58:15 IST" duration-ms="0" status="PASS">
          <reporter-output>
          </reporter-output>
        </test-method> <!-- launchApplication -->
        <test-method is-config="true" signature="beforeClass()[pri:0, instance:com.eagle.TestCases.ComparisonTest@229c6181]" started-at="2022-01-06T11:58:15 IST" name="beforeClass" finished-at="2022-01-06T11:58:20 IST" duration-ms="5230" status="PASS">
          <reporter-output>
          </reporter-output>
        </test-method> <!-- beforeClass -->
        <test-method signature="ComparisonExpandAddFromFile_Test()[pri:12, instance:com.eagle.TestCases.ComparisonTest@229c6181]" started-at="2022-01-06T11:58:20 IST" name="ComparisonExpandAddFromFile_Test" description="Comparison - Expand and add items from File" finished-at="2022-01-06T12:01:24 IST" duration-ms="183240" status="PASS">
          <reporter-output>
          </reporter-output>
        </test-method> <!-- ComparisonExpandAddFromFile_Test -->
        <test-method signature="ComparisonCreateMultipleCaseCards_Test()[pri:13, instance:com.eagle.TestCases.ComparisonTest@229c6181]" started-at="2022-01-06T12:01:24 IST" name="ComparisonCreateMultipleCaseCards_Test" description="Comparison - Create with multiple Case Cards" finished-at="2022-01-06T12:03:02 IST" duration-ms="98668" status="PASS">
          <reporter-output>
          </reporter-output>
        </test-method> <!-- ComparisonCreateMultipleCaseCards_Test -->
      </class> <!-- com.eagle.TestCases.ComparisonTest -->
      <class name="com.eagle.TestCases.ExplorationTest">
        <test-method is-config="true" signature="launchApplication()[pri:0, instance:com.eagle.TestCases.ExplorationTest@4d154ccd]" started-at="2022-01-06T11:54:13 IST" name="launchApplication" finished-at="2022-01-06T11:54:13 IST" duration-ms="0" status="PASS">
          <reporter-output>
          </reporter-output>
        </test-method> <!-- launchApplication -->
        <test-method is-config="true" signature="beforeClass()[pri:0, instance:com.eagle.TestCases.ExplorationTest@4d154ccd]" started-at="2022-01-06T11:54:13 IST" name="beforeClass" finished-at="2022-01-06T11:54:14 IST" duration-ms="391" status="PASS">
          <reporter-output>
          </reporter-output>
        </test-method> <!-- beforeClass -->
        <test-method signature="ExplorationExpandAddFromFile_Test()[pri:10, instance:com.eagle.TestCases.ExplorationTest@4d154ccd]" started-at="2022-01-06T11:54:14 IST" name="ExplorationExpandAddFromFile_Test" description="Exploration - Expand and add items from File" finished-at="2022-01-06T11:56:55 IST" duration-ms="160901" status="PASS">
          <reporter-output>
          </reporter-output>
        </test-method> <!-- ExplorationExpandAddFromFile_Test -->
        <test-method signature="ExplorationCreateARelationCard_Test()[pri:11, instance:com.eagle.TestCases.ExplorationTest@4d154ccd]" started-at="2022-01-06T11:56:55 IST" name="ExplorationCreateARelationCard_Test" description="Exploration - Create with one additional relation Card" finished-at="2022-01-06T11:58:15 IST" duration-ms="80637" status="PASS">
          <reporter-output>
          </reporter-output>
        </test-method> <!-- ExplorationCreateARelationCard_Test -->
      </class> <!-- com.eagle.TestCases.ExplorationTest -->
    </test> <!-- Smoke Test cases -->
  </suite> <!-- SmokeTestingSuite -->
</testng-results>
