<?xml version="1.0" encoding="UTF-8"?>
<testng-results ignored="0" total="1" passed="1" failed="0" skipped="0">
  <reporter-output>
  </reporter-output>
  <suite started-at="2022-01-04T04:48:53 UTC" name="SmokeTestingSuite" finished-at="2022-01-04T04:49:28 UTC" duration-ms="34480">
    <groups>
    </groups>
    <test started-at="2022-01-04T04:48:53 UTC" name="Smoke Test cases" finished-at="2022-01-04T04:49:28 UTC" duration-ms="34480">
      <class name="com.eagle.TestCases.LoginTest">
        <test-method is-config="true" signature="launchApplication()[pri:0, instance:com.eagle.TestCases.LoginTest@74751b3]" started-at="2022-01-04T04:48:53 UTC" name="launchApplication" finished-at="2022-01-04T04:48:58 UTC" duration-ms="5152" status="PASS">
          <reporter-output>
          </reporter-output>
        </test-method> <!-- launchApplication -->
        <test-method is-config="true" signature="beforeClass()[pri:0, instance:com.eagle.TestCases.LoginTest@74751b3]" started-at="2022-01-04T04:48:58 UTC" name="beforeClass" finished-at="2022-01-04T04:48:58 UTC" duration-ms="47" status="PASS">
          <reporter-output>
          </reporter-output>
        </test-method> <!-- beforeClass -->
        <test-method signature="VerifyLoginPage_Test()[pri:0, instance:com.eagle.TestCases.LoginTest@74751b3]" started-at="2022-01-04T04:48:58 UTC" name="VerifyLoginPage_Test" description="Login with valid credentials" finished-at="2022-01-04T04:49:28 UTC" duration-ms="29221" status="PASS">
          <reporter-output>
          </reporter-output>
        </test-method> <!-- VerifyLoginPage_Test -->
        <test-method is-config="true" signature="closeApplication()[pri:0, instance:com.eagle.TestCases.LoginTest@74751b3]" started-at="2022-01-04T04:49:29 UTC" name="closeApplication" finished-at="2022-01-04T04:49:29 UTC" duration-ms="627" status="PASS">
          <reporter-output>
          </reporter-output>
        </test-method> <!-- closeApplication -->
      </class> <!-- com.eagle.TestCases.LoginTest -->
    </test> <!-- Smoke Test cases -->
  </suite> <!-- SmokeTestingSuite -->
</testng-results>
