<?xml version="1.0" encoding="UTF-8"?>
<testng-results ignored="6" total="85" passed="79" failed="0" skipped="0">
  <reporter-output>
  </reporter-output>
  <suite started-at="2021-12-15T12:39:24 IST" name="SmokeTestingSuite" finished-at="2021-12-15T12:43:49 IST" duration-ms="265329">
    <groups>
    </groups>
    <test started-at="2021-12-15T12:39:24 IST" name="Smoke Test cases" finished-at="2021-12-15T12:43:49 IST" duration-ms="265329">
      <class name="com.eagle.TestCases.LoginTest">
        <test-method is-config="true" signature="launchApplication()[pri:0, instance:com.eagle.TestCases.LoginTest@65c7a252]" started-at="2021-12-15T12:39:24 IST" name="launchApplication" finished-at="2021-12-15T12:39:30 IST" duration-ms="5983" status="PASS">
          <reporter-output>
          </reporter-output>
        </test-method> <!-- launchApplication -->
        <test-method is-config="true" signature="beforeClass()[pri:0, instance:com.eagle.TestCases.LoginTest@65c7a252]" started-at="2021-12-15T12:39:30 IST" name="beforeClass" finished-at="2021-12-15T12:39:30 IST" duration-ms="14" status="PASS">
          <reporter-output>
          </reporter-output>
        </test-method> <!-- beforeClass -->
        <test-method signature="VerifyLoginPage_Test()[pri:0, instance:com.eagle.TestCases.LoginTest@65c7a252]" started-at="2021-12-15T12:39:30 IST" name="VerifyLoginPage_Test" description="Login with valid credentials" finished-at="2021-12-15T12:39:58 IST" duration-ms="27890" status="PASS">
          <reporter-output>
          </reporter-output>
        </test-method> <!-- VerifyLoginPage_Test -->
        <test-method is-config="true" signature="closeApplication()[pri:0, instance:com.eagle.TestCases.LoginTest@65c7a252]" started-at="2021-12-15T12:43:50 IST" name="closeApplication" finished-at="2021-12-15T12:43:50 IST" duration-ms="0" status="PASS">
          <reporter-output>
          </reporter-output>
        </test-method> <!-- closeApplication -->
      </class> <!-- com.eagle.TestCases.LoginTest -->
      <class name="com.eagle.TestCases.SetTest">
        <test-method is-config="true" signature="launchApplication()[pri:0, instance:com.eagle.TestCases.SetTest@1530c739]" started-at="2021-12-15T12:40:05 IST" name="launchApplication" finished-at="2021-12-15T12:40:05 IST" duration-ms="0" status="PASS">
          <reporter-output>
          </reporter-output>
        </test-method> <!-- launchApplication -->
        <test-method is-config="true" signature="beforeClass()[pri:0, instance:com.eagle.TestCases.SetTest@1530c739]" started-at="2021-12-15T12:40:05 IST" name="beforeClass" finished-at="2021-12-15T12:40:06 IST" duration-ms="1390" status="PASS">
          <reporter-output>
          </reporter-output>
        </test-method> <!-- beforeClass -->
        <test-method is-config="true" signature="getValueFromExcel()[pri:0, instance:com.eagle.TestCases.SetTest@1530c739]" started-at="2021-12-15T12:40:06 IST" name="getValueFromExcel" finished-at="2021-12-15T12:40:06 IST" duration-ms="3" status="PASS">
          <reporter-output>
          </reporter-output>
        </test-method> <!-- getValueFromExcel -->
        <test-method signature="CreateSet_Test()[pri:0, instance:com.eagle.TestCases.SetTest@1530c739]" started-at="2021-12-15T12:40:06 IST" name="CreateSet_Test" description="Create Set" finished-at="2021-12-15T12:40:44 IST" duration-ms="38015" status="PASS">
          <reporter-output>
          </reporter-output>
        </test-method> <!-- CreateSet_Test -->
        <test-method signature="ViewSet_Test()[pri:1, instance:com.eagle.TestCases.SetTest@1530c739]" started-at="2021-12-15T12:40:44 IST" name="ViewSet_Test" description="View Set" finished-at="2021-12-15T12:40:45 IST" duration-ms="115" status="PASS">
          <reporter-output>
          </reporter-output>
        </test-method> <!-- ViewSet_Test -->
        <test-method is-config="true" signature="getValueFromExcel()[pri:0, instance:com.eagle.TestCases.SetTest@1530c739]" started-at="2021-12-15T12:40:44 IST" name="getValueFromExcel" finished-at="2021-12-15T12:40:44 IST" duration-ms="0" status="PASS">
          <reporter-output>
          </reporter-output>
        </test-method> <!-- getValueFromExcel -->
        <test-method is-config="true" signature="getValueFromExcel()[pri:0, instance:com.eagle.TestCases.SetTest@1530c739]" started-at="2021-12-15T12:40:45 IST" name="getValueFromExcel" finished-at="2021-12-15T12:40:45 IST" duration-ms="0" status="PASS">
          <reporter-output>
          </reporter-output>
        </test-method> <!-- getValueFromExcel -->
        <test-method signature="CreateSetFromFile_Test()[pri:2, instance:com.eagle.TestCases.SetTest@1530c739]" started-at="2021-12-15T12:40:45 IST" name="CreateSetFromFile_Test" description="Create Set From File" finished-at="2021-12-15T12:40:45 IST" duration-ms="86" status="PASS">
          <reporter-output>
          </reporter-output>
        </test-method> <!-- CreateSetFromFile_Test -->
        <test-method signature="CreateSetFromSet_Test()[pri:3, instance:com.eagle.TestCases.SetTest@1530c739]" started-at="2021-12-15T12:40:45 IST" name="CreateSetFromSet_Test" description="Create Set From Another Set" finished-at="2021-12-15T12:40:45 IST" duration-ms="101" status="PASS">
          <reporter-output>
          </reporter-output>
        </test-method> <!-- CreateSetFromSet_Test -->
        <test-method is-config="true" signature="getValueFromExcel()[pri:0, instance:com.eagle.TestCases.SetTest@1530c739]" started-at="2021-12-15T12:40:45 IST" name="getValueFromExcel" finished-at="2021-12-15T12:40:45 IST" duration-ms="0" status="PASS">
          <reporter-output>
          </reporter-output>
        </test-method> <!-- getValueFromExcel -->
        <test-method is-config="true" signature="getValueFromExcel()[pri:0, instance:com.eagle.TestCases.SetTest@1530c739]" started-at="2021-12-15T12:40:45 IST" name="getValueFromExcel" finished-at="2021-12-15T12:40:45 IST" duration-ms="1" status="PASS">
          <reporter-output>
          </reporter-output>
        </test-method> <!-- getValueFromExcel -->
        <test-method signature="SearchInSetExpand_Test()[pri:4, instance:com.eagle.TestCases.SetTest@1530c739]" started-at="2021-12-15T12:40:45 IST" name="SearchInSetExpand_Test" description="Search A Text In Set Expand" finished-at="2021-12-15T12:40:45 IST" duration-ms="116" status="PASS">
          <reporter-output>
          </reporter-output>
        </test-method> <!-- SearchInSetExpand_Test -->
        <test-method is-config="true" signature="getValueFromExcel()[pri:0, instance:com.eagle.TestCases.SetTest@1530c739]" started-at="2021-12-15T12:40:45 IST" name="getValueFromExcel" finished-at="2021-12-15T12:40:45 IST" duration-ms="0" status="PASS">
          <reporter-output>
          </reporter-output>
        </test-method> <!-- getValueFromExcel -->
        <test-method signature="SetExpandAddFromCatalog_Test()[pri:5, instance:com.eagle.TestCases.SetTest@1530c739]" started-at="2021-12-15T12:40:45 IST" name="SetExpandAddFromCatalog_Test" description="Set - Expand and add items from Catalog" finished-at="2021-12-15T12:40:45 IST" duration-ms="97" status="PASS">
          <reporter-output>
          </reporter-output>
        </test-method> <!-- SetExpandAddFromCatalog_Test -->
        <test-method is-config="true" signature="getValueFromExcel()[pri:0, instance:com.eagle.TestCases.SetTest@1530c739]" started-at="2021-12-15T12:40:45 IST" name="getValueFromExcel" finished-at="2021-12-15T12:40:45 IST" duration-ms="1" status="PASS">
          <reporter-output>
          </reporter-output>
        </test-method> <!-- getValueFromExcel -->
        <test-method signature="SetExpandAddFromSet_Test()[pri:6, instance:com.eagle.TestCases.SetTest@1530c739]" started-at="2021-12-15T12:40:45 IST" name="SetExpandAddFromSet_Test" description="Set - Expand and add items from Set" finished-at="2021-12-15T12:40:45 IST" duration-ms="97" status="PASS">
          <reporter-output>
          </reporter-output>
        </test-method> <!-- SetExpandAddFromSet_Test -->
        <test-method is-config="true" signature="getValueFromExcel()[pri:0, instance:com.eagle.TestCases.SetTest@1530c739]" started-at="2021-12-15T12:40:45 IST" name="getValueFromExcel" finished-at="2021-12-15T12:40:45 IST" duration-ms="1" status="PASS">
          <reporter-output>
          </reporter-output>
        </test-method> <!-- getValueFromExcel -->
        <test-method signature="SetExpandAddFromFile_Test()[pri:7, instance:com.eagle.TestCases.SetTest@1530c739]" started-at="2021-12-15T12:40:45 IST" name="SetExpandAddFromFile_Test" description="Set - Expand and add items from File" finished-at="2021-12-15T12:40:45 IST" duration-ms="80" status="PASS">
          <reporter-output>
          </reporter-output>
        </test-method> <!-- SetExpandAddFromFile_Test -->
        <test-method is-config="true" signature="getValueFromExcel()[pri:0, instance:com.eagle.TestCases.SetTest@1530c739]" started-at="2021-12-15T12:40:45 IST" name="getValueFromExcel" finished-at="2021-12-15T12:40:45 IST" duration-ms="0" status="PASS">
          <reporter-output>
          </reporter-output>
        </test-method> <!-- getValueFromExcel -->
        <test-method signature="DeleteCardInSetExpand_Test()[pri:8, instance:com.eagle.TestCases.SetTest@1530c739]" started-at="2021-12-15T12:40:45 IST" name="DeleteCardInSetExpand_Test" description="Delete Card in Set Expand" finished-at="2021-12-15T12:40:45 IST" duration-ms="107" status="PASS">
          <reporter-output>
          </reporter-output>
        </test-method> <!-- DeleteCardInSetExpand_Test -->
        <test-method signature="RemoveItemsfromSet_Test()[pri:9, instance:com.eagle.TestCases.SetTest@1530c739]" started-at="2021-12-15T12:40:45 IST" name="RemoveItemsfromSet_Test" description="Remove items from Set Expand" finished-at="2021-12-15T12:40:45 IST" duration-ms="113" status="PASS">
          <reporter-output>
          </reporter-output>
        </test-method> <!-- RemoveItemsfromSet_Test -->
        <test-method is-config="true" signature="getValueFromExcel()[pri:0, instance:com.eagle.TestCases.SetTest@1530c739]" started-at="2021-12-15T12:40:45 IST" name="getValueFromExcel" finished-at="2021-12-15T12:40:45 IST" duration-ms="0" status="PASS">
          <reporter-output>
          </reporter-output>
        </test-method> <!-- getValueFromExcel -->
        <test-method signature="GridChangesInSet_Test()[pri:10, instance:com.eagle.TestCases.SetTest@1530c739]" started-at="2021-12-15T12:40:45 IST" name="GridChangesInSet_Test" description="Modify Grid Settings in Set Expand" finished-at="2021-12-15T12:40:45 IST" duration-ms="108" status="PASS">
          <reporter-output>
          </reporter-output>
        </test-method> <!-- GridChangesInSet_Test -->
        <test-method is-config="true" signature="getValueFromExcel()[pri:0, instance:com.eagle.TestCases.SetTest@1530c739]" started-at="2021-12-15T12:40:45 IST" name="getValueFromExcel" finished-at="2021-12-15T12:40:45 IST" duration-ms="0" status="PASS">
          <reporter-output>
          </reporter-output>
        </test-method> <!-- getValueFromExcel -->
        <test-method is-config="true" signature="getValueFromExcel()[pri:0, instance:com.eagle.TestCases.SetTest@1530c739]" started-at="2021-12-15T12:40:45 IST" name="getValueFromExcel" finished-at="2021-12-15T12:40:45 IST" duration-ms="0" status="PASS">
          <reporter-output>
          </reporter-output>
        </test-method> <!-- getValueFromExcel -->
        <test-method signature="CreateAndDeleteSet_Test()[pri:11, instance:com.eagle.TestCases.SetTest@1530c739]" started-at="2021-12-15T12:40:45 IST" name="CreateAndDeleteSet_Test" description="Create And Delete A Set" finished-at="2021-12-15T12:40:46 IST" duration-ms="99" status="PASS">
          <reporter-output>
          </reporter-output>
        </test-method> <!-- CreateAndDeleteSet_Test -->
        <test-method signature="CreateAndShareSet_Test()[pri:12, instance:com.eagle.TestCases.SetTest@1530c739]" started-at="2021-12-15T12:40:46 IST" name="CreateAndShareSet_Test" description="Create And Share A Set" finished-at="2021-12-15T12:40:46 IST" duration-ms="98" status="PASS">
          <reporter-output>
          </reporter-output>
        </test-method> <!-- CreateAndShareSet_Test -->
        <test-method is-config="true" signature="getValueFromExcel()[pri:0, instance:com.eagle.TestCases.SetTest@1530c739]" started-at="2021-12-15T12:40:46 IST" name="getValueFromExcel" finished-at="2021-12-15T12:40:46 IST" duration-ms="0" status="PASS">
          <reporter-output>
          </reporter-output>
        </test-method> <!-- getValueFromExcel -->
        <test-method is-config="true" signature="getValueFromExcel()[pri:0, instance:com.eagle.TestCases.SetTest@1530c739]" started-at="2021-12-15T12:40:46 IST" name="getValueFromExcel" finished-at="2021-12-15T12:40:46 IST" duration-ms="0" status="PASS">
          <reporter-output>
          </reporter-output>
        </test-method> <!-- getValueFromExcel -->
        <test-method signature="DeleteSet_Test()[pri:13, instance:com.eagle.TestCases.SetTest@1530c739]" started-at="2021-12-15T12:40:46 IST" name="DeleteSet_Test" description="Deleting A Set" finished-at="2021-12-15T12:40:46 IST" duration-ms="85" status="PASS">
          <reporter-output>
          </reporter-output>
        </test-method> <!-- DeleteSet_Test -->
        <test-method is-config="true" signature="getValueFromExcel()[pri:0, instance:com.eagle.TestCases.SetTest@1530c739]" started-at="2021-12-15T12:40:46 IST" name="getValueFromExcel" finished-at="2021-12-15T12:40:46 IST" duration-ms="1" status="PASS">
          <reporter-output>
          </reporter-output>
        </test-method> <!-- getValueFromExcel -->
        <test-method signature="ShareSet_Test()[pri:14, instance:com.eagle.TestCases.SetTest@1530c739]" started-at="2021-12-15T12:40:46 IST" name="ShareSet_Test" description="Sharing A Set" finished-at="2021-12-15T12:40:46 IST" duration-ms="96" status="PASS">
          <reporter-output>
          </reporter-output>
        </test-method> <!-- ShareSet_Test -->
        <test-method is-config="true" signature="getValueFromExcel()[pri:0, instance:com.eagle.TestCases.SetTest@1530c739]" started-at="2021-12-15T12:40:46 IST" name="getValueFromExcel" finished-at="2021-12-15T12:40:46 IST" duration-ms="1" status="PASS">
          <reporter-output>
          </reporter-output>
        </test-method> <!-- getValueFromExcel -->
        <test-method signature="SortColumnSet_Test()[pri:15, instance:com.eagle.TestCases.SetTest@1530c739]" started-at="2021-12-15T12:40:46 IST" name="SortColumnSet_Test" description="Sorting a column in a Set" finished-at="2021-12-15T12:40:46 IST" duration-ms="100" status="PASS">
          <reporter-output>
          </reporter-output>
        </test-method> <!-- SortColumnSet_Test -->
        <test-method is-config="true" signature="getValueFromExcel()[pri:0, instance:com.eagle.TestCases.SetTest@1530c739]" started-at="2021-12-15T12:40:46 IST" name="getValueFromExcel" finished-at="2021-12-15T12:40:46 IST" duration-ms="1" status="PASS">
          <reporter-output>
          </reporter-output>
        </test-method> <!-- getValueFromExcel -->
        <test-method signature="FilterSet_Test()[pri:16, instance:com.eagle.TestCases.SetTest@1530c739]" started-at="2021-12-15T12:40:46 IST" name="FilterSet_Test" description="Filtering a set with one filter" finished-at="2021-12-15T12:40:46 IST" duration-ms="102" status="PASS">
          <reporter-output>
          </reporter-output>
        </test-method> <!-- FilterSet_Test -->
        <test-method is-config="true" signature="getValueFromExcel()[pri:0, instance:com.eagle.TestCases.SetTest@1530c739]" started-at="2021-12-15T12:40:46 IST" name="getValueFromExcel" finished-at="2021-12-15T12:40:46 IST" duration-ms="0" status="PASS">
          <reporter-output>
          </reporter-output>
        </test-method> <!-- getValueFromExcel -->
        <test-method signature="FilterMultiSet_Test()[pri:17, instance:com.eagle.TestCases.SetTest@1530c739]" started-at="2021-12-15T12:40:46 IST" name="FilterMultiSet_Test" description="Filtering a set with 2 filters" finished-at="2021-12-15T12:40:46 IST" duration-ms="94" status="PASS">
          <reporter-output>
          </reporter-output>
        </test-method> <!-- FilterMultiSet_Test -->
      </class> <!-- com.eagle.TestCases.SetTest -->
      <class name="com.eagle.TestCases.LogoutTest">
        <test-method is-config="true" signature="launchApplication()[pri:0, instance:com.eagle.TestCases.LogoutTest@15bb5034]" started-at="2021-12-15T12:43:44 IST" name="launchApplication" finished-at="2021-12-15T12:43:44 IST" duration-ms="0" status="PASS">
          <reporter-output>
          </reporter-output>
        </test-method> <!-- launchApplication -->
        <test-method is-config="true" signature="beforeClass()[pri:0, instance:com.eagle.TestCases.LogoutTest@15bb5034]" started-at="2021-12-15T12:43:44 IST" name="beforeClass" finished-at="2021-12-15T12:43:44 IST" duration-ms="1" status="PASS">
          <reporter-output>
          </reporter-output>
        </test-method> <!-- beforeClass -->
        <test-method signature="VerifyLogout_Test()[pri:0, instance:com.eagle.TestCases.LogoutTest@15bb5034]" started-at="2021-12-15T12:43:44 IST" name="VerifyLogout_Test" description="Logout functionality verification" finished-at="2021-12-15T12:43:49 IST" duration-ms="4919" status="PASS">
          <reporter-output>
          </reporter-output>
        </test-method> <!-- VerifyLogout_Test -->
        <test-method is-config="true" signature="afterClass()[pri:0, instance:com.eagle.TestCases.LogoutTest@15bb5034]" started-at="2021-12-15T12:43:49 IST" name="afterClass" finished-at="2021-12-15T12:43:49 IST" duration-ms="632" status="PASS">
          <reporter-output>
          </reporter-output>
        </test-method> <!-- afterClass -->
      </class> <!-- com.eagle.TestCases.LogoutTest -->
      <class name="com.eagle.TestCases.HomeTest">
        <test-method is-config="true" signature="launchApplication()[pri:0, instance:com.eagle.TestCases.HomeTest@e350b40]" started-at="2021-12-15T12:39:58 IST" name="launchApplication" finished-at="2021-12-15T12:39:58 IST" duration-ms="0" status="PASS">
          <reporter-output>
          </reporter-output>
        </test-method> <!-- launchApplication -->
        <test-method is-config="true" signature="beforeClass()[pri:0, instance:com.eagle.TestCases.HomeTest@e350b40]" started-at="2021-12-15T12:39:58 IST" name="beforeClass" finished-at="2021-12-15T12:39:58 IST" duration-ms="5" status="PASS">
          <reporter-output>
          </reporter-output>
        </test-method> <!-- beforeClass -->
        <test-method signature="VerifyLogoVisibility_Test()[pri:0, instance:com.eagle.TestCases.HomeTest@e350b40]" started-at="2021-12-15T12:39:58 IST" name="VerifyLogoVisibility_Test" description="Check the visibility of Logo" finished-at="2021-12-15T12:39:58 IST" duration-ms="28" status="PASS">
          <reporter-output>
          </reporter-output>
        </test-method> <!-- VerifyLogoVisibility_Test -->
        <test-method signature="VerifyDashboard_Test()[pri:1, instance:com.eagle.TestCases.HomeTest@e350b40]" started-at="2021-12-15T12:39:58 IST" name="VerifyDashboard_Test" description="Check if dashBoard displays all the components" finished-at="2021-12-15T12:39:58 IST" duration-ms="133" status="PASS">
          <reporter-output>
          </reporter-output>
        </test-method> <!-- VerifyDashboard_Test -->
        <test-method signature="VerifyUserProfile()[pri:2, instance:com.eagle.TestCases.HomeTest@e350b40]" started-at="2021-12-15T12:39:58 IST" name="VerifyUserProfile" description="Check for user information in profile" finished-at="2021-12-15T12:39:59 IST" duration-ms="540" status="PASS">
          <reporter-output>
          </reporter-output>
        </test-method> <!-- VerifyUserProfile -->
        <test-method signature="VerifyCopyRights()[pri:3, instance:com.eagle.TestCases.HomeTest@e350b40]" started-at="2021-12-15T12:39:59 IST" name="VerifyCopyRights" description="Check for copyright and other links" finished-at="2021-12-15T12:39:59 IST" duration-ms="70" status="PASS">
          <reporter-output>
          </reporter-output>
        </test-method> <!-- VerifyCopyRights -->
        <test-method signature="CreateGlobalSearch_Test()[pri:4, instance:com.eagle.TestCases.HomeTest@e350b40]" started-at="2021-12-15T12:39:59 IST" name="CreateGlobalSearch_Test" description="Search and Save the Global search" finished-at="2021-12-15T12:40:03 IST" duration-ms="3643" status="PASS">
          <reporter-output>
          </reporter-output>
        </test-method> <!-- CreateGlobalSearch_Test -->
        <test-method signature="VerifySavedSearches_Test()[pri:5, instance:com.eagle.TestCases.HomeTest@e350b40]" started-at="2021-12-15T12:40:03 IST" name="VerifySavedSearches_Test" description="Verify Saved Searches" finished-at="2021-12-15T12:40:05 IST" duration-ms="2462" status="PASS">
          <reporter-output>
          </reporter-output>
        </test-method> <!-- VerifySavedSearches_Test -->
      </class> <!-- com.eagle.TestCases.HomeTest -->
      <class name="com.eagle.TestCases.InvestigationTest">
        <test-method is-config="true" signature="launchApplication()[pri:0, instance:com.eagle.TestCases.InvestigationTest@7d0b7e3c]" started-at="2021-12-15T12:43:38 IST" name="launchApplication" finished-at="2021-12-15T12:43:38 IST" duration-ms="0" status="PASS">
          <reporter-output>
          </reporter-output>
        </test-method> <!-- launchApplication -->
        <test-method is-config="true" signature="beforeClass()[pri:0, instance:com.eagle.TestCases.InvestigationTest@7d0b7e3c]" started-at="2021-12-15T12:43:38 IST" name="beforeClass" finished-at="2021-12-15T12:43:38 IST" duration-ms="3" status="PASS">
          <reporter-output>
          </reporter-output>
        </test-method> <!-- beforeClass -->
        <test-method signature="CreateInvestigation_Test()[pri:0, instance:com.eagle.TestCases.InvestigationTest@7d0b7e3c]" started-at="2021-12-15T12:43:38 IST" name="CreateInvestigation_Test" description="Create Investigation" finished-at="2021-12-15T12:43:40 IST" duration-ms="1286" status="PASS">
          <reporter-output>
          </reporter-output>
        </test-method> <!-- CreateInvestigation_Test -->
        <test-method signature="ViewInvestigation_Test()[pri:1, instance:com.eagle.TestCases.InvestigationTest@7d0b7e3c]" started-at="2021-12-15T12:43:40 IST" name="ViewInvestigation_Test" description="View Investigation" finished-at="2021-12-15T12:43:40 IST" duration-ms="105" status="PASS">
          <reporter-output>
          </reporter-output>
        </test-method> <!-- ViewInvestigation_Test -->
        <test-method signature="EditInvestigation_Test()[pri:2, instance:com.eagle.TestCases.InvestigationTest@7d0b7e3c]" started-at="2021-12-15T12:43:40 IST" name="EditInvestigation_Test" description="Edit Investigation" finished-at="2021-12-15T12:43:40 IST" duration-ms="101" status="PASS">
          <reporter-output>
          </reporter-output>
        </test-method> <!-- EditInvestigation_Test -->
        <test-method signature="LinkSetWithInvestigation_Test()[pri:3, instance:com.eagle.TestCases.InvestigationTest@7d0b7e3c]" started-at="2021-12-15T12:43:40 IST" name="LinkSetWithInvestigation_Test" description="Link Set With Investigation" finished-at="2021-12-15T12:43:40 IST" duration-ms="102" status="PASS">
          <reporter-output>
          </reporter-output>
        </test-method> <!-- LinkSetWithInvestigation_Test -->
        <test-method signature="LinkExplorationWithInvestigation_Test()[pri:4, instance:com.eagle.TestCases.InvestigationTest@7d0b7e3c]" started-at="2021-12-15T12:43:40 IST" name="LinkExplorationWithInvestigation_Test" description="Link Exploration With Investigation" finished-at="2021-12-15T12:43:40 IST" duration-ms="113" status="PASS">
          <reporter-output>
          </reporter-output>
        </test-method> <!-- LinkExplorationWithInvestigation_Test -->
        <test-method signature="LinkComparisonWithInvestigation_Test()[pri:5, instance:com.eagle.TestCases.InvestigationTest@7d0b7e3c]" started-at="2021-12-15T12:43:40 IST" name="LinkComparisonWithInvestigation_Test" description="Link Comparison With Investigation" finished-at="2021-12-15T12:43:40 IST" duration-ms="81" status="PASS">
          <reporter-output>
          </reporter-output>
        </test-method> <!-- LinkComparisonWithInvestigation_Test -->
        <test-method signature="ShareInvestigation_Test()[pri:6, instance:com.eagle.TestCases.InvestigationTest@7d0b7e3c]" started-at="2021-12-15T12:43:40 IST" name="ShareInvestigation_Test" description="Share Investigation" finished-at="2021-12-15T12:43:40 IST" duration-ms="64" status="PASS">
          <reporter-output>
          </reporter-output>
        </test-method> <!-- ShareInvestigation_Test -->
        <test-method signature="DeleteInvestigation_Test()[pri:7, instance:com.eagle.TestCases.InvestigationTest@7d0b7e3c]" started-at="2021-12-15T12:43:40 IST" name="DeleteInvestigation_Test" description="Delete Investigation" finished-at="2021-12-15T12:43:44 IST" duration-ms="3821" status="PASS">
          <reporter-output>
          </reporter-output>
        </test-method> <!-- DeleteInvestigation_Test -->
      </class> <!-- com.eagle.TestCases.InvestigationTest -->
      <class name="com.eagle.TestCases.ComparisonTest">
        <test-method is-config="true" signature="launchApplication()[pri:0, instance:com.eagle.TestCases.ComparisonTest@6e9175d8]" started-at="2021-12-15T12:42:06 IST" name="launchApplication" finished-at="2021-12-15T12:42:06 IST" duration-ms="0" status="PASS">
          <reporter-output>
          </reporter-output>
        </test-method> <!-- launchApplication -->
        <test-method is-config="true" signature="beforeClass()[pri:0, instance:com.eagle.TestCases.ComparisonTest@6e9175d8]" started-at="2021-12-15T12:42:06 IST" name="beforeClass" finished-at="2021-12-15T12:42:07 IST" duration-ms="296" status="PASS">
          <reporter-output>
          </reporter-output>
        </test-method> <!-- beforeClass -->
        <test-method signature="CreateComparisonWithContol_Test()[pri:0, instance:com.eagle.TestCases.ComparisonTest@6e9175d8]" started-at="2021-12-15T12:42:07 IST" name="CreateComparisonWithContol_Test" description="Create Comparison with a control and Verify" finished-at="2021-12-15T12:43:36 IST" duration-ms="89528" status="PASS">
          <reporter-output>
          </reporter-output>
        </test-method> <!-- CreateComparisonWithContol_Test -->
        <test-method signature="CreateComparisonFromSet_Test()[pri:1, instance:com.eagle.TestCases.ComparisonTest@6e9175d8]" started-at="2021-12-15T12:43:36 IST" name="CreateComparisonFromSet_Test" description="Create Comparison From Set" finished-at="2021-12-15T12:43:36 IST" duration-ms="77" status="PASS">
          <reporter-output>
          </reporter-output>
        </test-method> <!-- CreateComparisonFromSet_Test -->
        <test-method signature="CreateComparisonFromFile_Test()[pri:2, instance:com.eagle.TestCases.ComparisonTest@6e9175d8]" started-at="2021-12-15T12:43:36 IST" name="CreateComparisonFromFile_Test" description="Create Comparison From File" finished-at="2021-12-15T12:43:36 IST" duration-ms="74" status="PASS">
          <reporter-output>
          </reporter-output>
        </test-method> <!-- CreateComparisonFromFile_Test -->
        <test-method signature="CreateComparisonWithContolandCase_Test()[pri:3, instance:com.eagle.TestCases.ComparisonTest@6e9175d8]" started-at="2021-12-15T12:43:36 IST" name="CreateComparisonWithContolandCase_Test" description="Create Comparison with Control and Case and Verify" finished-at="2021-12-15T12:43:37 IST" duration-ms="86" status="PASS">
          <reporter-output>
          </reporter-output>
        </test-method> <!-- CreateComparisonWithContolandCase_Test -->
        <test-method signature="createComparisonWithControlandCaseRunComparison_Test()[pri:4, instance:com.eagle.TestCases.ComparisonTest@6e9175d8]" started-at="2021-12-15T12:43:37 IST" name="createComparisonWithControlandCaseRunComparison_Test" description="Create Comparison with Control &amp; Case and Run Comparison" finished-at="2021-12-15T12:43:37 IST" duration-ms="80" status="PASS">
          <reporter-output>
          </reporter-output>
        </test-method> <!-- createComparisonWithControlandCaseRunComparison_Test -->
        <test-method signature="updateComparisonWithCaseCard_Test()[pri:5, instance:com.eagle.TestCases.ComparisonTest@6e9175d8]" started-at="2021-12-15T12:43:37 IST" name="updateComparisonWithCaseCard_Test" description="Update an Existing Comparison with a case Card" finished-at="2021-12-15T12:43:37 IST" duration-ms="80" status="PASS">
          <reporter-output>
          </reporter-output>
        </test-method> <!-- updateComparisonWithCaseCard_Test -->
        <test-method signature="SearchInComparisonExpand_Test()[pri:6, instance:com.eagle.TestCases.ComparisonTest@6e9175d8]" started-at="2021-12-15T12:43:37 IST" name="SearchInComparisonExpand_Test" description="Search A Text In Comparison Expand" finished-at="2021-12-15T12:43:37 IST" duration-ms="84" status="PASS">
          <reporter-output>
          </reporter-output>
        </test-method> <!-- SearchInComparisonExpand_Test -->
        <test-method signature="DeleteCardInComparisonExpand_Test()[pri:7, instance:com.eagle.TestCases.ComparisonTest@6e9175d8]" started-at="2021-12-15T12:43:37 IST" name="DeleteCardInComparisonExpand_Test" description="Delete Card in Comparison Expand" finished-at="2021-12-15T12:43:37 IST" duration-ms="80" status="PASS">
          <reporter-output>
          </reporter-output>
        </test-method> <!-- DeleteCardInComparisonExpand_Test -->
        <test-method signature="DeleteComparisonFirstCard_Test()[pri:8, instance:com.eagle.TestCases.ComparisonTest@6e9175d8]" started-at="2021-12-15T12:43:37 IST" name="DeleteComparisonFirstCard_Test" description="Delete The first Card in Comparison" finished-at="2021-12-15T12:43:37 IST" duration-ms="78" status="PASS">
          <reporter-output>
          </reporter-output>
        </test-method> <!-- DeleteComparisonFirstCard_Test -->
        <test-method signature="DeleteComparisonSecondCard_Test()[pri:9, instance:com.eagle.TestCases.ComparisonTest@6e9175d8]" started-at="2021-12-15T12:43:37 IST" name="DeleteComparisonSecondCard_Test" description="Delete The Second Card in Comparison" finished-at="2021-12-15T12:43:37 IST" duration-ms="85" status="PASS">
          <reporter-output>
          </reporter-output>
        </test-method> <!-- DeleteComparisonSecondCard_Test -->
        <test-method signature="ComparisonExpandAddFromCatalog_Test()[pri:10, instance:com.eagle.TestCases.ComparisonTest@6e9175d8]" started-at="2021-12-15T12:43:37 IST" name="ComparisonExpandAddFromCatalog_Test" description="Comparison - Expand and add items from Catalog" finished-at="2021-12-15T12:43:37 IST" duration-ms="93" status="PASS">
          <reporter-output>
          </reporter-output>
        </test-method> <!-- ComparisonExpandAddFromCatalog_Test -->
        <test-method signature="ComparisonExpandAddFromSet_Test()[pri:11, instance:com.eagle.TestCases.ComparisonTest@6e9175d8]" started-at="2021-12-15T12:43:37 IST" name="ComparisonExpandAddFromSet_Test" description="Comparison - Expand and add items from Set" finished-at="2021-12-15T12:43:37 IST" duration-ms="68" status="PASS">
          <reporter-output>
          </reporter-output>
        </test-method> <!-- ComparisonExpandAddFromSet_Test -->
        <test-method signature="ComparisonExpandAddFromFile_Test()[pri:12, instance:com.eagle.TestCases.ComparisonTest@6e9175d8]" started-at="2021-12-15T12:43:37 IST" name="ComparisonExpandAddFromFile_Test" description="Comparison - Expand and add items from File" finished-at="2021-12-15T12:43:37 IST" duration-ms="84" status="PASS">
          <reporter-output>
          </reporter-output>
        </test-method> <!-- ComparisonExpandAddFromFile_Test -->
        <test-method signature="ComparisonCreateMultipleCaseCards_Test()[pri:13, instance:com.eagle.TestCases.ComparisonTest@6e9175d8]" started-at="2021-12-15T12:43:37 IST" name="ComparisonCreateMultipleCaseCards_Test" description="Comparison - Create with multiple Case Cards" finished-at="2021-12-15T12:43:37 IST" duration-ms="80" status="PASS">
          <reporter-output>
          </reporter-output>
        </test-method> <!-- ComparisonCreateMultipleCaseCards_Test -->
        <test-method signature="ComparisonCreateMultipleCaseCardsRunComparison_Test()[pri:14, instance:com.eagle.TestCases.ComparisonTest@6e9175d8]" started-at="2021-12-15T12:43:37 IST" name="ComparisonCreateMultipleCaseCardsRunComparison_Test" description="Comparison - Create with multiple Case Cards and Run Comparison" finished-at="2021-12-15T12:43:37 IST" duration-ms="104" status="PASS">
          <reporter-output>
          </reporter-output>
        </test-method> <!-- ComparisonCreateMultipleCaseCardsRunComparison_Test -->
        <test-method signature="CreateAndDeleteComparison_Test()[pri:15, instance:com.eagle.TestCases.ComparisonTest@6e9175d8]" started-at="2021-12-15T12:43:37 IST" name="CreateAndDeleteComparison_Test" description="Create And Delete An Comparison" finished-at="2021-12-15T12:43:38 IST" duration-ms="81" status="PASS">
          <reporter-output>
          </reporter-output>
        </test-method> <!-- CreateAndDeleteComparison_Test -->
        <test-method signature="CreateAndShareComparison_Test()[pri:16, instance:com.eagle.TestCases.ComparisonTest@6e9175d8]" started-at="2021-12-15T12:43:38 IST" name="CreateAndShareComparison_Test" description="Create And Share An Comparison" finished-at="2021-12-15T12:43:38 IST" duration-ms="79" status="PASS">
          <reporter-output>
          </reporter-output>
        </test-method> <!-- CreateAndShareComparison_Test -->
        <test-method signature="DeleteComparison_Test()[pri:17, instance:com.eagle.TestCases.ComparisonTest@6e9175d8]" started-at="2021-12-15T12:43:38 IST" name="DeleteComparison_Test" description="Delete A Comparison" finished-at="2021-12-15T12:43:38 IST" duration-ms="82" status="PASS">
          <reporter-output>
          </reporter-output>
        </test-method> <!-- DeleteComparison_Test -->
        <test-method signature="ShareComparison_Test()[pri:18, instance:com.eagle.TestCases.ComparisonTest@6e9175d8]" started-at="2021-12-15T12:43:38 IST" name="ShareComparison_Test" description="Sharing A Comparison" finished-at="2021-12-15T12:43:38 IST" duration-ms="82" status="PASS">
          <reporter-output>
          </reporter-output>
        </test-method> <!-- ShareComparison_Test -->
        <test-method signature="RemoveItemsfromComparison_Test()[pri:19, instance:com.eagle.TestCases.ComparisonTest@6e9175d8]" started-at="2021-12-15T12:43:38 IST" name="RemoveItemsfromComparison_Test" description="Remove items from Comparison Expand" finished-at="2021-12-15T12:43:38 IST" duration-ms="111" status="PASS">
          <reporter-output>
          </reporter-output>
        </test-method> <!-- RemoveItemsfromComparison_Test -->
        <test-method signature="ChangeControlAndCase_Test()[pri:20, instance:com.eagle.TestCases.ComparisonTest@6e9175d8]" started-at="2021-12-15T12:43:38 IST" name="ChangeControlAndCase_Test" description="Interchange Control and Case sets in the Comparison" finished-at="2021-12-15T12:43:38 IST" duration-ms="70" status="PASS">
          <reporter-output>
          </reporter-output>
        </test-method> <!-- ChangeControlAndCase_Test -->
        <test-method signature="SortColumnComparison_Test()[pri:21, instance:com.eagle.TestCases.ComparisonTest@6e9175d8]" started-at="2021-12-15T12:43:38 IST" name="SortColumnComparison_Test" description="Sorting a column in a Comparison" finished-at="2021-12-15T12:43:38 IST" duration-ms="105" status="PASS">
          <reporter-output>
          </reporter-output>
        </test-method> <!-- SortColumnComparison_Test -->
        <test-method signature="FilterComparison_Test()[pri:22, instance:com.eagle.TestCases.ComparisonTest@6e9175d8]" started-at="2021-12-15T12:43:38 IST" name="FilterComparison_Test" description="Filtering a Comparison with one filter" finished-at="2021-12-15T12:43:38 IST" duration-ms="79" status="PASS">
          <reporter-output>
          </reporter-output>
        </test-method> <!-- FilterComparison_Test -->
        <test-method signature="FilterMultiComparison_Test()[pri:23, instance:com.eagle.TestCases.ComparisonTest@6e9175d8]" started-at="2021-12-15T12:43:38 IST" name="FilterMultiComparison_Test" description="Filtering a Comparison with 2 filters" finished-at="2021-12-15T12:43:38 IST" duration-ms="78" status="PASS">
          <reporter-output>
          </reporter-output>
        </test-method> <!-- FilterMultiComparison_Test -->
      </class> <!-- com.eagle.TestCases.ComparisonTest -->
      <class name="com.eagle.TestCases.ExplorationTest">
        <test-method is-config="true" signature="launchApplication()[pri:0, instance:com.eagle.TestCases.ExplorationTest@78e4deb0]" started-at="2021-12-15T12:40:46 IST" name="launchApplication" finished-at="2021-12-15T12:40:46 IST" duration-ms="0" status="PASS">
          <reporter-output>
          </reporter-output>
        </test-method> <!-- launchApplication -->
        <test-method is-config="true" signature="beforeClass()[pri:0, instance:com.eagle.TestCases.ExplorationTest@78e4deb0]" started-at="2021-12-15T12:40:46 IST" name="beforeClass" finished-at="2021-12-15T12:40:46 IST" duration-ms="254" status="PASS">
          <reporter-output>
          </reporter-output>
        </test-method> <!-- beforeClass -->
        <test-method signature="CreateExplorationFromSearch_Test()[pri:0, instance:com.eagle.TestCases.ExplorationTest@78e4deb0]" started-at="2021-12-15T12:40:46 IST" name="CreateExplorationFromSearch_Test" description="Create Exploration From Search" finished-at="2021-12-15T12:42:05 IST" duration-ms="78390" status="PASS">
          <reporter-output>
          </reporter-output>
        </test-method> <!-- CreateExplorationFromSearch_Test -->
        <test-method signature="CreateExplorationFromSetInitally_Test()[pri:1, instance:com.eagle.TestCases.ExplorationTest@78e4deb0]" started-at="2021-12-15T12:42:05 IST" name="CreateExplorationFromSetInitally_Test" description="Create Exploration From Set Initally" finished-at="2021-12-15T12:42:05 IST" duration-ms="129" status="PASS">
          <reporter-output>
          </reporter-output>
        </test-method> <!-- CreateExplorationFromSetInitally_Test -->
        <test-method signature="CreateExplorationFromSet_Test()[pri:2, instance:com.eagle.TestCases.ExplorationTest@78e4deb0]" started-at="2021-12-15T12:42:05 IST" name="CreateExplorationFromSet_Test" description="Create Exploration From Set After clicking From Search" finished-at="2021-12-15T12:42:05 IST" duration-ms="126" status="PASS">
          <reporter-output>
          </reporter-output>
        </test-method> <!-- CreateExplorationFromSet_Test -->
        <test-method signature="CreateExplorationFromFile_Test()[pri:3, instance:com.eagle.TestCases.ExplorationTest@78e4deb0]" started-at="2021-12-15T12:42:05 IST" name="CreateExplorationFromFile_Test" description="Create Exploration From File After clicking From Search" finished-at="2021-12-15T12:42:05 IST" duration-ms="107" status="PASS">
          <reporter-output>
          </reporter-output>
        </test-method> <!-- CreateExplorationFromFile_Test -->
        <test-method signature="SearchInExplorationExpand_Test()[pri:4, instance:com.eagle.TestCases.ExplorationTest@78e4deb0]" started-at="2021-12-15T12:42:05 IST" name="SearchInExplorationExpand_Test" description="Search A Text In Exploration Expand" finished-at="2021-12-15T12:42:05 IST" duration-ms="81" status="PASS">
          <reporter-output>
          </reporter-output>
        </test-method> <!-- SearchInExplorationExpand_Test -->
        <test-method signature="DeleteCardInExplorationExpand_Test()[pri:5, instance:com.eagle.TestCases.ExplorationTest@78e4deb0]" started-at="2021-12-15T12:42:05 IST" name="DeleteCardInExplorationExpand_Test" description="Delete Card in Exploration Expand" finished-at="2021-12-15T12:42:05 IST" duration-ms="80" status="PASS">
          <reporter-output>
          </reporter-output>
        </test-method> <!-- DeleteCardInExplorationExpand_Test -->
        <test-method signature="DeleteExplorationFirstCard_Test()[pri:6, instance:com.eagle.TestCases.ExplorationTest@78e4deb0]" started-at="2021-12-15T12:42:05 IST" name="DeleteExplorationFirstCard_Test" description="Delete The first Card in Exploration" finished-at="2021-12-15T12:42:05 IST" duration-ms="76" status="PASS">
          <reporter-output>
          </reporter-output>
        </test-method> <!-- DeleteExplorationFirstCard_Test -->
        <test-method signature="DeleteExplorationSecondCard_Test()[pri:7, instance:com.eagle.TestCases.ExplorationTest@78e4deb0]" started-at="2021-12-15T12:42:05 IST" name="DeleteExplorationSecondCard_Test" description="Delete The Second Card in Exploration" finished-at="2021-12-15T12:42:05 IST" duration-ms="79" status="PASS">
          <reporter-output>
          </reporter-output>
        </test-method> <!-- DeleteExplorationSecondCard_Test -->
        <test-method signature="ExplorationExpandAddFromCatalog_Test()[pri:8, instance:com.eagle.TestCases.ExplorationTest@78e4deb0]" started-at="2021-12-15T12:42:05 IST" name="ExplorationExpandAddFromCatalog_Test" description="Exploration - Expand and add items from Catalog" finished-at="2021-12-15T12:42:06 IST" duration-ms="79" status="PASS">
          <reporter-output>
          </reporter-output>
        </test-method> <!-- ExplorationExpandAddFromCatalog_Test -->
        <test-method signature="ExplorationExpandAddFromSet_Test()[pri:9, instance:com.eagle.TestCases.ExplorationTest@78e4deb0]" started-at="2021-12-15T12:42:06 IST" name="ExplorationExpandAddFromSet_Test" description="Exploration - Expand and add items from Set" finished-at="2021-12-15T12:42:06 IST" duration-ms="84" status="PASS">
          <reporter-output>
          </reporter-output>
        </test-method> <!-- ExplorationExpandAddFromSet_Test -->
        <test-method signature="ExplorationExpandAddFromFile_Test()[pri:10, instance:com.eagle.TestCases.ExplorationTest@78e4deb0]" started-at="2021-12-15T12:42:06 IST" name="ExplorationExpandAddFromFile_Test" description="Exploration - Expand and add items from File" finished-at="2021-12-15T12:42:06 IST" duration-ms="78" status="PASS">
          <reporter-output>
          </reporter-output>
        </test-method> <!-- ExplorationExpandAddFromFile_Test -->
        <test-method signature="ExplorationCreateARelationCard_Test()[pri:11, instance:com.eagle.TestCases.ExplorationTest@78e4deb0]" started-at="2021-12-15T12:42:06 IST" name="ExplorationCreateARelationCard_Test" description="Exploration - Create with one additional relation Card" finished-at="2021-12-15T12:42:06 IST" duration-ms="74" status="PASS">
          <reporter-output>
          </reporter-output>
        </test-method> <!-- ExplorationCreateARelationCard_Test -->
        <test-method signature="ExplorationCreateTwoRelationCard_Test()[pri:12, instance:com.eagle.TestCases.ExplorationTest@78e4deb0]" started-at="2021-12-15T12:42:06 IST" name="ExplorationCreateTwoRelationCard_Test" description="Exploration - Create with 2 additional relation Card" finished-at="2021-12-15T12:42:06 IST" duration-ms="83" status="PASS">
          <reporter-output>
          </reporter-output>
        </test-method> <!-- ExplorationCreateTwoRelationCard_Test -->
        <test-method signature="CreateAndDeleteExploration_Test()[pri:13, instance:com.eagle.TestCases.ExplorationTest@78e4deb0]" started-at="2021-12-15T12:42:06 IST" name="CreateAndDeleteExploration_Test" description="Create And Delete An Exploration" finished-at="2021-12-15T12:42:06 IST" duration-ms="75" status="PASS">
          <reporter-output>
          </reporter-output>
        </test-method> <!-- CreateAndDeleteExploration_Test -->
        <test-method signature="CreateAndShareExploration_Test()[pri:14, instance:com.eagle.TestCases.ExplorationTest@78e4deb0]" started-at="2021-12-15T12:42:06 IST" name="CreateAndShareExploration_Test" description="Create And Share An Exploration" finished-at="2021-12-15T12:42:06 IST" duration-ms="78" status="PASS">
          <reporter-output>
          </reporter-output>
        </test-method> <!-- CreateAndShareExploration_Test -->
        <test-method signature="DeleteExploration_Test()[pri:15, instance:com.eagle.TestCases.ExplorationTest@78e4deb0]" started-at="2021-12-15T12:42:06 IST" name="DeleteExploration_Test" description="Delete An Exploration" finished-at="2021-12-15T12:42:06 IST" duration-ms="80" status="PASS">
          <reporter-output>
          </reporter-output>
        </test-method> <!-- DeleteExploration_Test -->
        <test-method signature="ShareExploration_Test()[pri:16, instance:com.eagle.TestCases.ExplorationTest@78e4deb0]" started-at="2021-12-15T12:42:06 IST" name="ShareExploration_Test" description="Sharing An Exploration" finished-at="2021-12-15T12:42:06 IST" duration-ms="77" status="PASS">
          <reporter-output>
          </reporter-output>
        </test-method> <!-- ShareExploration_Test -->
        <test-method signature="RemoveItemsfromExploration_Test()[pri:17, instance:com.eagle.TestCases.ExplorationTest@78e4deb0]" started-at="2021-12-15T12:42:06 IST" name="RemoveItemsfromExploration_Test" description="Remove items from Exploration Expand" finished-at="2021-12-15T12:42:06 IST" duration-ms="78" status="PASS">
          <reporter-output>
          </reporter-output>
        </test-method> <!-- RemoveItemsfromExploration_Test -->
        <test-method signature="SortColumnExploration_Test()[pri:18, instance:com.eagle.TestCases.ExplorationTest@78e4deb0]" started-at="2021-12-15T12:42:06 IST" name="SortColumnExploration_Test" description="Sorting a column in an Exploration" finished-at="2021-12-15T12:42:06 IST" duration-ms="80" status="PASS">
          <reporter-output>
          </reporter-output>
        </test-method> <!-- SortColumnExploration_Test -->
        <test-method signature="FilterExploration_Test()[pri:19, instance:com.eagle.TestCases.ExplorationTest@78e4deb0]" started-at="2021-12-15T12:42:06 IST" name="FilterExploration_Test" description="Filtering an Exploration with one filter" finished-at="2021-12-15T12:42:06 IST" duration-ms="86" status="PASS">
          <reporter-output>
          </reporter-output>
        </test-method> <!-- FilterExploration_Test -->
        <test-method signature="FilterMultiComparison_Test()[pri:20, instance:com.eagle.TestCases.ExplorationTest@78e4deb0]" started-at="2021-12-15T12:42:06 IST" name="FilterMultiComparison_Test" description="Filtering an Exploration with 2 filters" finished-at="2021-12-15T12:42:06 IST" duration-ms="87" status="PASS">
          <reporter-output>
          </reporter-output>
        </test-method> <!-- FilterMultiComparison_Test -->
      </class> <!-- com.eagle.TestCases.ExplorationTest -->
    </test> <!-- Smoke Test cases -->
  </suite> <!-- SmokeTestingSuite -->
</testng-results>
