<?xml version="1.0" encoding="UTF-8"?>
<testng-results ignored="0" total="3" passed="3" failed="0" skipped="0">
  <reporter-output>
  </reporter-output>
  <suite started-at="2021-12-02T14:45:21 IST" name="SmokeTestingSuite" finished-at="2021-12-02T14:51:02 IST" duration-ms="341280">
    <groups>
    </groups>
    <test started-at="2021-12-02T14:45:21 IST" name="Smoke Test cases" finished-at="2021-12-02T14:51:02 IST" duration-ms="341280">
      <class name="com.eagle.TestCases.LoginTest">
        <test-method is-config="true" signature="launchApplication()[pri:0, instance:com.eagle.TestCases.LoginTest@316bcf94]" started-at="2021-12-02T14:45:21 IST" name="launchApplication" finished-at="2021-12-02T14:45:27 IST" duration-ms="5857" status="PASS">
          <reporter-output>
          </reporter-output>
        </test-method> <!-- launchApplication -->
        <test-method is-config="true" signature="beforeClass()[pri:0, instance:com.eagle.TestCases.LoginTest@316bcf94]" started-at="2021-12-02T14:45:27 IST" name="beforeClass" finished-at="2021-12-02T14:45:27 IST" duration-ms="19" status="PASS">
          <reporter-output>
          </reporter-output>
        </test-method> <!-- beforeClass -->
        <test-method signature="VerifyLoginPage_Test()[pri:0, instance:com.eagle.TestCases.LoginTest@316bcf94]" started-at="2021-12-02T14:45:27 IST" name="VerifyLoginPage_Test" description="Login with valid credentials" finished-at="2021-12-02T14:46:26 IST" duration-ms="59194" status="PASS">
          <reporter-output>
          </reporter-output>
        </test-method> <!-- VerifyLoginPage_Test -->
      </class> <!-- com.eagle.TestCases.LoginTest -->
      <class name="com.eagle.TestCases.ComparisonTest">
        <test-method is-config="true" signature="beforeClass()[pri:0, instance:com.eagle.TestCases.ComparisonTest@21282ed8]" started-at="2021-12-02T14:48:34 IST" name="beforeClass" finished-at="2021-12-02T14:48:34 IST" duration-ms="271" status="PASS">
          <reporter-output>
          </reporter-output>
        </test-method> <!-- beforeClass -->
        <test-method is-config="true" signature="launchApplication()[pri:0, instance:com.eagle.TestCases.ComparisonTest@21282ed8]" started-at="2021-12-02T14:48:34 IST" name="launchApplication" finished-at="2021-12-02T14:48:34 IST" duration-ms="0" status="PASS">
          <reporter-output>
          </reporter-output>
        </test-method> <!-- launchApplication -->
        <test-method signature="SortColumnComparison_Test()[pri:21, instance:com.eagle.TestCases.ComparisonTest@21282ed8]" started-at="2021-12-02T14:48:34 IST" name="SortColumnComparison_Test" description="Sorting a column in a Comparison" finished-at="2021-12-02T14:51:02 IST" duration-ms="148232" status="PASS">
          <reporter-output>
          </reporter-output>
        </test-method> <!-- SortColumnComparison_Test -->
      </class> <!-- com.eagle.TestCases.ComparisonTest -->
      <class name="com.eagle.TestCases.ExplorationTest">
        <test-method is-config="true" signature="launchApplication()[pri:0, instance:com.eagle.TestCases.ExplorationTest@66f57048]" started-at="2021-12-02T14:46:26 IST" name="launchApplication" finished-at="2021-12-02T14:46:26 IST" duration-ms="0" status="PASS">
          <reporter-output>
          </reporter-output>
        </test-method> <!-- launchApplication -->
        <test-method is-config="true" signature="beforeClass()[pri:0, instance:com.eagle.TestCases.ExplorationTest@66f57048]" started-at="2021-12-02T14:46:26 IST" name="beforeClass" finished-at="2021-12-02T14:46:27 IST" duration-ms="411" status="PASS">
          <reporter-output>
          </reporter-output>
        </test-method> <!-- beforeClass -->
        <test-method signature="SortColumnExploration_Test()[pri:18, instance:com.eagle.TestCases.ExplorationTest@66f57048]" started-at="2021-12-02T14:46:27 IST" name="SortColumnExploration_Test" description="Sorting a column in an Exploration" finished-at="2021-12-02T14:48:34 IST" duration-ms="127268" status="PASS">
          <reporter-output>
          </reporter-output>
        </test-method> <!-- SortColumnExploration_Test -->
      </class> <!-- com.eagle.TestCases.ExplorationTest -->
    </test> <!-- Smoke Test cases -->
  </suite> <!-- SmokeTestingSuite -->
</testng-results>
