<?xml version="1.0" encoding="UTF-8"?>
<testng-results ignored="4" total="11" passed="7" failed="0" skipped="0">
  <reporter-output>
  </reporter-output>
  <suite started-at="2021-12-24T13:41:52 IST" name="SmokeTestingSuite" finished-at="2021-12-24T13:52:48 IST" duration-ms="655856">
    <groups>
    </groups>
    <test started-at="2021-12-24T13:41:52 IST" name="Smoke Test cases" finished-at="2021-12-24T13:52:48 IST" duration-ms="655856">
      <class name="com.eagle.TestCases.LoginTest">
        <test-method is-config="true" signature="launchApplication()[pri:0, instance:com.eagle.TestCases.LoginTest@3cebbb30]" started-at="2021-12-24T13:41:52 IST" name="launchApplication" finished-at="2021-12-24T13:42:00 IST" duration-ms="7318" status="PASS">
          <reporter-output>
          </reporter-output>
        </test-method> <!-- launchApplication -->
        <test-method is-config="true" signature="beforeClass()[pri:0, instance:com.eagle.TestCases.LoginTest@3cebbb30]" started-at="2021-12-24T13:42:00 IST" name="beforeClass" finished-at="2021-12-24T13:42:00 IST" duration-ms="17" status="PASS">
          <reporter-output>
          </reporter-output>
        </test-method> <!-- beforeClass -->
        <test-method signature="VerifyLoginPage_Test()[pri:0, instance:com.eagle.TestCases.LoginTest@3cebbb30]" started-at="2021-12-24T13:42:00 IST" name="VerifyLoginPage_Test" description="Login with valid credentials" finished-at="2021-12-24T13:42:26 IST" duration-ms="26508" status="PASS">
          <reporter-output>
          </reporter-output>
        </test-method> <!-- VerifyLoginPage_Test -->
        <test-method is-config="true" signature="closeApplication()[pri:0, instance:com.eagle.TestCases.LoginTest@3cebbb30]" started-at="2021-12-24T13:52:49 IST" name="closeApplication" finished-at="2021-12-24T13:52:49 IST" duration-ms="0" status="PASS">
          <reporter-output>
          </reporter-output>
        </test-method> <!-- closeApplication -->
      </class> <!-- com.eagle.TestCases.LoginTest -->
      <class name="com.eagle.TestCases.SetTest">
        <test-method is-config="true" signature="launchApplication()[pri:0, instance:com.eagle.TestCases.SetTest@4f80542f]" started-at="2021-12-24T13:42:26 IST" name="launchApplication" finished-at="2021-12-24T13:42:26 IST" duration-ms="0" status="PASS">
          <reporter-output>
          </reporter-output>
        </test-method> <!-- launchApplication -->
        <test-method is-config="true" signature="beforeClass()[pri:0, instance:com.eagle.TestCases.SetTest@4f80542f]" started-at="2021-12-24T13:42:26 IST" name="beforeClass" finished-at="2021-12-24T13:42:27 IST" duration-ms="394" status="PASS">
          <reporter-output>
          </reporter-output>
        </test-method> <!-- beforeClass -->
        <test-method signature="SetExpandAddFromFile_Test()[pri:7, instance:com.eagle.TestCases.SetTest@4f80542f]" started-at="2021-12-24T13:42:27 IST" name="SetExpandAddFromFile_Test" description="Set - Expand and add items from File" finished-at="2021-12-24T13:45:08 IST" duration-ms="161150" status="PASS">
          <reporter-output>
          </reporter-output>
        </test-method> <!-- SetExpandAddFromFile_Test -->
      </class> <!-- com.eagle.TestCases.SetTest -->
      <class name="com.eagle.TestCases.LogoutTest">
        <test-method is-config="true" signature="launchApplication()[pri:0, instance:com.eagle.TestCases.LogoutTest@5e600dd5]" started-at="2021-12-24T13:51:17 IST" name="launchApplication" finished-at="2021-12-24T13:51:17 IST" duration-ms="0" status="PASS">
          <reporter-output>
          </reporter-output>
        </test-method> <!-- launchApplication -->
        <test-method is-config="true" signature="beforeClass()[pri:0, instance:com.eagle.TestCases.LogoutTest@5e600dd5]" started-at="2021-12-24T13:51:17 IST" name="beforeClass" finished-at="2021-12-24T13:51:17 IST" duration-ms="4" status="PASS">
          <reporter-output>
          </reporter-output>
        </test-method> <!-- beforeClass -->
        <test-method signature="VerifyLogout_Test()[pri:0, instance:com.eagle.TestCases.LogoutTest@5e600dd5]" started-at="2021-12-24T13:51:17 IST" name="VerifyLogout_Test" description="Logout functionality verification" finished-at="2021-12-24T13:52:48 IST" duration-ms="90835" status="PASS">
          <reporter-output>
          </reporter-output>
        </test-method> <!-- VerifyLogout_Test -->
        <test-method is-config="true" signature="afterClass()[pri:0, instance:com.eagle.TestCases.LogoutTest@5e600dd5]" started-at="2021-12-24T13:52:48 IST" name="afterClass" finished-at="2021-12-24T13:52:48 IST" duration-ms="707" status="PASS">
          <reporter-output>
          </reporter-output>
        </test-method> <!-- afterClass -->
      </class> <!-- com.eagle.TestCases.LogoutTest -->
      <class name="com.eagle.TestCases.ComparisonTest">
        <test-method is-config="true" signature="launchApplication()[pri:0, instance:com.eagle.TestCases.ComparisonTest@130c12b7]" started-at="2021-12-24T13:48:05 IST" name="launchApplication" finished-at="2021-12-24T13:48:05 IST" duration-ms="1" status="PASS">
          <reporter-output>
          </reporter-output>
        </test-method> <!-- launchApplication -->
        <test-method is-config="true" signature="beforeClass()[pri:0, instance:com.eagle.TestCases.ComparisonTest@130c12b7]" started-at="2021-12-24T13:48:05 IST" name="beforeClass" finished-at="2021-12-24T13:48:05 IST" duration-ms="257" status="PASS">
          <reporter-output>
          </reporter-output>
        </test-method> <!-- beforeClass -->
        <test-method signature="CreateComparisonFromFile_Test()[pri:2, instance:com.eagle.TestCases.ComparisonTest@130c12b7]" started-at="2021-12-24T13:48:05 IST" name="CreateComparisonFromFile_Test" description="Create Comparison From File" finished-at="2021-12-24T13:48:30 IST" duration-ms="24254" status="PASS">
          <reporter-output>
          </reporter-output>
        </test-method> <!-- CreateComparisonFromFile_Test -->
        <test-method signature="ComparisonExpandAddFromFile_Test()[pri:12, instance:com.eagle.TestCases.ComparisonTest@130c12b7]" started-at="2021-12-24T13:48:30 IST" name="ComparisonExpandAddFromFile_Test" description="Comparison - Expand and add items from File" finished-at="2021-12-24T13:51:17 IST" duration-ms="167038" status="PASS">
          <reporter-output>
          </reporter-output>
        </test-method> <!-- ComparisonExpandAddFromFile_Test -->
      </class> <!-- com.eagle.TestCases.ComparisonTest -->
      <class name="com.eagle.TestCases.ExplorationTest">
        <test-method is-config="true" signature="launchApplication()[pri:0, instance:com.eagle.TestCases.ExplorationTest@121314f7]" started-at="2021-12-24T13:45:08 IST" name="launchApplication" finished-at="2021-12-24T13:45:08 IST" duration-ms="1" status="PASS">
          <reporter-output>
          </reporter-output>
        </test-method> <!-- launchApplication -->
        <test-method is-config="true" signature="beforeClass()[pri:0, instance:com.eagle.TestCases.ExplorationTest@121314f7]" started-at="2021-12-24T13:45:08 IST" name="beforeClass" finished-at="2021-12-24T13:45:08 IST" duration-ms="330" status="PASS">
          <reporter-output>
          </reporter-output>
        </test-method> <!-- beforeClass -->
        <test-method signature="CreateExplorationFromFile_Test()[pri:3, instance:com.eagle.TestCases.ExplorationTest@121314f7]" started-at="2021-12-24T13:45:08 IST" name="CreateExplorationFromFile_Test" description="Create Exploration From File After clicking From Search" finished-at="2021-12-24T13:45:30 IST" duration-ms="21500" status="PASS">
          <reporter-output>
          </reporter-output>
        </test-method> <!-- CreateExplorationFromFile_Test -->
        <test-method signature="ExplorationExpandAddFromFile_Test()[pri:10, instance:com.eagle.TestCases.ExplorationTest@121314f7]" started-at="2021-12-24T13:45:30 IST" name="ExplorationExpandAddFromFile_Test" description="Exploration - Expand and add items from File" finished-at="2021-12-24T13:48:05 IST" duration-ms="155504" status="PASS">
          <reporter-output>
          </reporter-output>
        </test-method> <!-- ExplorationExpandAddFromFile_Test -->
      </class> <!-- com.eagle.TestCases.ExplorationTest -->
    </test> <!-- Smoke Test cases -->
  </suite> <!-- SmokeTestingSuite -->
</testng-results>
