<?xml version="1.0" encoding="UTF-8"?>
<testng-results ignored="6" total="85" passed="79" failed="0" skipped="0">
  <reporter-output>
  </reporter-output>
  <suite started-at="2021-12-22T12:46:10 IST" name="SmokeTestingSuite" finished-at="2021-12-22T14:29:21 IST" duration-ms="6191564">
    <groups>
    </groups>
    <test started-at="2021-12-22T12:46:10 IST" name="Smoke Test cases" finished-at="2021-12-22T14:29:21 IST" duration-ms="6191564">
      <class name="com.eagle.TestCases.LoginTest">
        <test-method is-config="true" signature="launchApplication()[pri:0, instance:com.eagle.TestCases.LoginTest@4d154ccd]" started-at="2021-12-22T12:46:10 IST" name="launchApplication" finished-at="2021-12-22T12:46:18 IST" duration-ms="8562" status="PASS">
          <reporter-output>
          </reporter-output>
        </test-method> <!-- launchApplication -->
        <test-method is-config="true" signature="beforeClass()[pri:0, instance:com.eagle.TestCases.LoginTest@4d154ccd]" started-at="2021-12-22T12:46:18 IST" name="beforeClass" finished-at="2021-12-22T12:46:18 IST" duration-ms="42" status="PASS">
          <reporter-output>
          </reporter-output>
        </test-method> <!-- beforeClass -->
        <test-method signature="VerifyLoginPage_Test()[pri:0, instance:com.eagle.TestCases.LoginTest@4d154ccd]" started-at="2021-12-22T12:46:18 IST" name="VerifyLoginPage_Test" description="Login with valid credentials" finished-at="2021-12-22T12:46:45 IST" duration-ms="27020" status="PASS">
          <reporter-output>
          </reporter-output>
        </test-method> <!-- VerifyLoginPage_Test -->
        <test-method is-config="true" signature="closeApplication()[pri:0, instance:com.eagle.TestCases.LoginTest@4d154ccd]" started-at="2021-12-22T14:29:22 IST" name="closeApplication" finished-at="2021-12-22T14:29:22 IST" duration-ms="0" status="PASS">
          <reporter-output>
          </reporter-output>
        </test-method> <!-- closeApplication -->
      </class> <!-- com.eagle.TestCases.LoginTest -->
      <class name="com.eagle.TestCases.SetTest">
        <test-method is-config="true" signature="beforeClass()[pri:0, instance:com.eagle.TestCases.SetTest@5b1669c0]" started-at="2021-12-22T12:46:54 IST" name="beforeClass" finished-at="2021-12-22T12:46:56 IST" duration-ms="1712" status="PASS">
          <reporter-output>
          </reporter-output>
        </test-method> <!-- beforeClass -->
        <test-method is-config="true" signature="launchApplication()[pri:0, instance:com.eagle.TestCases.SetTest@5b1669c0]" started-at="2021-12-22T12:46:54 IST" name="launchApplication" finished-at="2021-12-22T12:46:54 IST" duration-ms="0" status="PASS">
          <reporter-output>
          </reporter-output>
        </test-method> <!-- launchApplication -->
        <test-method is-config="true" signature="getValueFromExcel()[pri:0, instance:com.eagle.TestCases.SetTest@5b1669c0]" started-at="2021-12-22T12:46:56 IST" name="getValueFromExcel" finished-at="2021-12-22T12:46:56 IST" duration-ms="3" status="PASS">
          <reporter-output>
          </reporter-output>
        </test-method> <!-- getValueFromExcel -->
        <test-method signature="CreateSet_Test()[pri:0, instance:com.eagle.TestCases.SetTest@5b1669c0]" started-at="2021-12-22T12:46:56 IST" name="CreateSet_Test" description="Create Set" finished-at="2021-12-22T12:47:25 IST" duration-ms="29099" status="PASS">
          <reporter-output>
          </reporter-output>
        </test-method> <!-- CreateSet_Test -->
        <test-method is-config="true" signature="getValueFromExcel()[pri:0, instance:com.eagle.TestCases.SetTest@5b1669c0]" started-at="2021-12-22T12:47:25 IST" name="getValueFromExcel" finished-at="2021-12-22T12:47:25 IST" duration-ms="1" status="PASS">
          <reporter-output>
          </reporter-output>
        </test-method> <!-- getValueFromExcel -->
        <test-method signature="ViewSet_Test()[pri:1, instance:com.eagle.TestCases.SetTest@5b1669c0]" started-at="2021-12-22T12:47:25 IST" name="ViewSet_Test" description="View Set" finished-at="2021-12-22T12:47:27 IST" duration-ms="1563" status="PASS">
          <reporter-output>
          </reporter-output>
        </test-method> <!-- ViewSet_Test -->
        <test-method is-config="true" signature="getValueFromExcel()[pri:0, instance:com.eagle.TestCases.SetTest@5b1669c0]" started-at="2021-12-22T12:47:27 IST" name="getValueFromExcel" finished-at="2021-12-22T12:47:27 IST" duration-ms="0" status="PASS">
          <reporter-output>
          </reporter-output>
        </test-method> <!-- getValueFromExcel -->
        <test-method signature="CreateSetFromFile_Test()[pri:2, instance:com.eagle.TestCases.SetTest@5b1669c0]" started-at="2021-12-22T12:47:27 IST" name="CreateSetFromFile_Test" description="Create Set From File" finished-at="2021-12-22T12:47:46 IST" duration-ms="19117" status="PASS">
          <reporter-output>
          </reporter-output>
        </test-method> <!-- CreateSetFromFile_Test -->
        <test-method is-config="true" signature="getValueFromExcel()[pri:0, instance:com.eagle.TestCases.SetTest@5b1669c0]" started-at="2021-12-22T12:47:46 IST" name="getValueFromExcel" finished-at="2021-12-22T12:47:46 IST" duration-ms="1" status="PASS">
          <reporter-output>
          </reporter-output>
        </test-method> <!-- getValueFromExcel -->
        <test-method signature="CreateSetFromSet_Test()[pri:3, instance:com.eagle.TestCases.SetTest@5b1669c0]" started-at="2021-12-22T12:47:46 IST" name="CreateSetFromSet_Test" description="Create Set From Another Set" finished-at="2021-12-22T12:48:35 IST" duration-ms="49103" status="PASS">
          <reporter-output>
          </reporter-output>
        </test-method> <!-- CreateSetFromSet_Test -->
        <test-method is-config="true" signature="getValueFromExcel()[pri:0, instance:com.eagle.TestCases.SetTest@5b1669c0]" started-at="2021-12-22T12:48:35 IST" name="getValueFromExcel" finished-at="2021-12-22T12:48:35 IST" duration-ms="1" status="PASS">
          <reporter-output>
          </reporter-output>
        </test-method> <!-- getValueFromExcel -->
        <test-method signature="SearchInSetExpand_Test()[pri:4, instance:com.eagle.TestCases.SetTest@5b1669c0]" started-at="2021-12-22T12:48:35 IST" name="SearchInSetExpand_Test" description="Search A Text In Set Expand" finished-at="2021-12-22T12:50:38 IST" duration-ms="122610" status="PASS">
          <reporter-output>
          </reporter-output>
        </test-method> <!-- SearchInSetExpand_Test -->
        <test-method is-config="true" signature="getValueFromExcel()[pri:0, instance:com.eagle.TestCases.SetTest@5b1669c0]" started-at="2021-12-22T12:50:38 IST" name="getValueFromExcel" finished-at="2021-12-22T12:50:38 IST" duration-ms="1" status="PASS">
          <reporter-output>
          </reporter-output>
        </test-method> <!-- getValueFromExcel -->
        <test-method signature="SetExpandAddFromCatalog_Test()[pri:5, instance:com.eagle.TestCases.SetTest@5b1669c0]" started-at="2021-12-22T12:50:38 IST" name="SetExpandAddFromCatalog_Test" description="Set - Expand and add items from Catalog" finished-at="2021-12-22T12:55:11 IST" duration-ms="273241" status="PASS">
          <reporter-output>
          </reporter-output>
        </test-method> <!-- SetExpandAddFromCatalog_Test -->
        <test-method signature="SetExpandAddFromSet_Test()[pri:6, instance:com.eagle.TestCases.SetTest@5b1669c0]" started-at="2021-12-22T12:55:11 IST" name="SetExpandAddFromSet_Test" description="Set - Expand and add items from Set" finished-at="2021-12-22T12:58:12 IST" duration-ms="180697" status="PASS">
          <reporter-output>
          </reporter-output>
        </test-method> <!-- SetExpandAddFromSet_Test -->
        <test-method is-config="true" signature="getValueFromExcel()[pri:0, instance:com.eagle.TestCases.SetTest@5b1669c0]" started-at="2021-12-22T12:55:11 IST" name="getValueFromExcel" finished-at="2021-12-22T12:55:11 IST" duration-ms="0" status="PASS">
          <reporter-output>
          </reporter-output>
        </test-method> <!-- getValueFromExcel -->
        <test-method is-config="true" signature="getValueFromExcel()[pri:0, instance:com.eagle.TestCases.SetTest@5b1669c0]" started-at="2021-12-22T12:58:12 IST" name="getValueFromExcel" finished-at="2021-12-22T12:58:12 IST" duration-ms="1" status="PASS">
          <reporter-output>
          </reporter-output>
        </test-method> <!-- getValueFromExcel -->
        <test-method signature="SetExpandAddFromFile_Test()[pri:7, instance:com.eagle.TestCases.SetTest@5b1669c0]" started-at="2021-12-22T12:58:12 IST" name="SetExpandAddFromFile_Test" description="Set - Expand and add items from File" finished-at="2021-12-22T13:00:49 IST" duration-ms="157055" status="PASS">
          <reporter-output>
          </reporter-output>
        </test-method> <!-- SetExpandAddFromFile_Test -->
        <test-method signature="DeleteCardInSetExpand_Test()[pri:8, instance:com.eagle.TestCases.SetTest@5b1669c0]" started-at="2021-12-22T13:00:49 IST" name="DeleteCardInSetExpand_Test" description="Delete Card in Set Expand" finished-at="2021-12-22T13:01:37 IST" duration-ms="47858" status="PASS">
          <reporter-output>
          </reporter-output>
        </test-method> <!-- DeleteCardInSetExpand_Test -->
        <test-method is-config="true" signature="getValueFromExcel()[pri:0, instance:com.eagle.TestCases.SetTest@5b1669c0]" started-at="2021-12-22T13:00:49 IST" name="getValueFromExcel" finished-at="2021-12-22T13:00:49 IST" duration-ms="0" status="PASS">
          <reporter-output>
          </reporter-output>
        </test-method> <!-- getValueFromExcel -->
        <test-method is-config="true" signature="getValueFromExcel()[pri:0, instance:com.eagle.TestCases.SetTest@5b1669c0]" started-at="2021-12-22T13:01:37 IST" name="getValueFromExcel" finished-at="2021-12-22T13:01:37 IST" duration-ms="1" status="PASS">
          <reporter-output>
          </reporter-output>
        </test-method> <!-- getValueFromExcel -->
        <test-method signature="RemoveItemsfromSet_Test()[pri:9, instance:com.eagle.TestCases.SetTest@5b1669c0]" started-at="2021-12-22T13:01:37 IST" name="RemoveItemsfromSet_Test" description="Remove items from Set Expand" finished-at="2021-12-22T13:02:40 IST" duration-ms="63507" status="PASS">
          <reporter-output>
          </reporter-output>
        </test-method> <!-- RemoveItemsfromSet_Test -->
        <test-method is-config="true" signature="getValueFromExcel()[pri:0, instance:com.eagle.TestCases.SetTest@5b1669c0]" started-at="2021-12-22T13:02:40 IST" name="getValueFromExcel" finished-at="2021-12-22T13:02:40 IST" duration-ms="0" status="PASS">
          <reporter-output>
          </reporter-output>
        </test-method> <!-- getValueFromExcel -->
        <test-method signature="GridChangesInSet_Test()[pri:10, instance:com.eagle.TestCases.SetTest@5b1669c0]" started-at="2021-12-22T13:02:40 IST" name="GridChangesInSet_Test" description="Modify Grid Settings in Set Expand" finished-at="2021-12-22T13:03:41 IST" duration-ms="61236" status="PASS">
          <reporter-output>
          </reporter-output>
        </test-method> <!-- GridChangesInSet_Test -->
        <test-method is-config="true" signature="getValueFromExcel()[pri:0, instance:com.eagle.TestCases.SetTest@5b1669c0]" started-at="2021-12-22T13:03:41 IST" name="getValueFromExcel" finished-at="2021-12-22T13:03:41 IST" duration-ms="0" status="PASS">
          <reporter-output>
          </reporter-output>
        </test-method> <!-- getValueFromExcel -->
        <test-method signature="CreateAndDeleteSet_Test()[pri:11, instance:com.eagle.TestCases.SetTest@5b1669c0]" started-at="2021-12-22T13:03:41 IST" name="CreateAndDeleteSet_Test" description="Create And Delete A Set" finished-at="2021-12-22T13:04:15 IST" duration-ms="33757" status="PASS">
          <reporter-output>
          </reporter-output>
        </test-method> <!-- CreateAndDeleteSet_Test -->
        <test-method signature="CreateAndShareSet_Test()[pri:12, instance:com.eagle.TestCases.SetTest@5b1669c0]" started-at="2021-12-22T13:04:15 IST" name="CreateAndShareSet_Test" description="Create And Share A Set" finished-at="2021-12-22T13:05:00 IST" duration-ms="44925" status="PASS">
          <reporter-output>
          </reporter-output>
        </test-method> <!-- CreateAndShareSet_Test -->
        <test-method is-config="true" signature="getValueFromExcel()[pri:0, instance:com.eagle.TestCases.SetTest@5b1669c0]" started-at="2021-12-22T13:04:15 IST" name="getValueFromExcel" finished-at="2021-12-22T13:04:15 IST" duration-ms="0" status="PASS">
          <reporter-output>
          </reporter-output>
        </test-method> <!-- getValueFromExcel -->
        <test-method signature="DeleteSet_Test()[pri:13, instance:com.eagle.TestCases.SetTest@5b1669c0]" started-at="2021-12-22T13:05:00 IST" name="DeleteSet_Test" description="Deleting A Set" finished-at="2021-12-22T13:05:06 IST" duration-ms="5673" status="PASS">
          <reporter-output>
          </reporter-output>
        </test-method> <!-- DeleteSet_Test -->
        <test-method is-config="true" signature="getValueFromExcel()[pri:0, instance:com.eagle.TestCases.SetTest@5b1669c0]" started-at="2021-12-22T13:05:00 IST" name="getValueFromExcel" finished-at="2021-12-22T13:05:00 IST" duration-ms="0" status="PASS">
          <reporter-output>
          </reporter-output>
        </test-method> <!-- getValueFromExcel -->
        <test-method is-config="true" signature="getValueFromExcel()[pri:0, instance:com.eagle.TestCases.SetTest@5b1669c0]" started-at="2021-12-22T13:05:06 IST" name="getValueFromExcel" finished-at="2021-12-22T13:05:06 IST" duration-ms="1" status="PASS">
          <reporter-output>
          </reporter-output>
        </test-method> <!-- getValueFromExcel -->
        <test-method signature="ShareSet_Test()[pri:14, instance:com.eagle.TestCases.SetTest@5b1669c0]" started-at="2021-12-22T13:05:06 IST" name="ShareSet_Test" description="Sharing A Set" finished-at="2021-12-22T13:05:12 IST" duration-ms="6000" status="PASS">
          <reporter-output>
          </reporter-output>
        </test-method> <!-- ShareSet_Test -->
        <test-method is-config="true" signature="getValueFromExcel()[pri:0, instance:com.eagle.TestCases.SetTest@5b1669c0]" started-at="2021-12-22T13:05:12 IST" name="getValueFromExcel" finished-at="2021-12-22T13:05:12 IST" duration-ms="1" status="PASS">
          <reporter-output>
          </reporter-output>
        </test-method> <!-- getValueFromExcel -->
        <test-method signature="SortColumnSet_Test()[pri:15, instance:com.eagle.TestCases.SetTest@5b1669c0]" started-at="2021-12-22T13:05:12 IST" name="SortColumnSet_Test" description="Sorting a column in a Set" finished-at="2021-12-22T13:06:44 IST" duration-ms="91855" status="PASS">
          <reporter-output>
          </reporter-output>
        </test-method> <!-- SortColumnSet_Test -->
        <test-method is-config="true" signature="getValueFromExcel()[pri:0, instance:com.eagle.TestCases.SetTest@5b1669c0]" started-at="2021-12-22T13:06:44 IST" name="getValueFromExcel" finished-at="2021-12-22T13:06:44 IST" duration-ms="0" status="PASS">
          <reporter-output>
          </reporter-output>
        </test-method> <!-- getValueFromExcel -->
        <test-method signature="FilterSet_Test()[pri:16, instance:com.eagle.TestCases.SetTest@5b1669c0]" started-at="2021-12-22T13:06:44 IST" name="FilterSet_Test" description="Filtering a set with one filter" finished-at="2021-12-22T13:08:54 IST" duration-ms="130808" status="PASS">
          <reporter-output>
          </reporter-output>
        </test-method> <!-- FilterSet_Test -->
        <test-method signature="FilterMultiSet_Test()[pri:17, instance:com.eagle.TestCases.SetTest@5b1669c0]" started-at="2021-12-22T13:08:54 IST" name="FilterMultiSet_Test" description="Filtering a set with 2 filters" finished-at="2021-12-22T13:12:08 IST" duration-ms="194148" status="PASS">
          <reporter-output>
          </reporter-output>
        </test-method> <!-- FilterMultiSet_Test -->
        <test-method is-config="true" signature="getValueFromExcel()[pri:0, instance:com.eagle.TestCases.SetTest@5b1669c0]" started-at="2021-12-22T13:08:54 IST" name="getValueFromExcel" finished-at="2021-12-22T13:08:54 IST" duration-ms="0" status="PASS">
          <reporter-output>
          </reporter-output>
        </test-method> <!-- getValueFromExcel -->
      </class> <!-- com.eagle.TestCases.SetTest -->
      <class name="com.eagle.TestCases.LogoutTest">
        <test-method is-config="true" signature="launchApplication()[pri:0, instance:com.eagle.TestCases.LogoutTest@4b741d6d]" started-at="2021-12-22T14:29:14 IST" name="launchApplication" finished-at="2021-12-22T14:29:14 IST" duration-ms="0" status="PASS">
          <reporter-output>
          </reporter-output>
        </test-method> <!-- launchApplication -->
        <test-method is-config="true" signature="beforeClass()[pri:0, instance:com.eagle.TestCases.LogoutTest@4b741d6d]" started-at="2021-12-22T14:29:14 IST" name="beforeClass" finished-at="2021-12-22T14:29:14 IST" duration-ms="1" status="PASS">
          <reporter-output>
          </reporter-output>
        </test-method> <!-- beforeClass -->
        <test-method signature="VerifyLogout_Test()[pri:0, instance:com.eagle.TestCases.LogoutTest@4b741d6d]" started-at="2021-12-22T14:29:14 IST" name="VerifyLogout_Test" description="Logout functionality verification" finished-at="2021-12-22T14:29:20 IST" duration-ms="6533" status="PASS">
          <reporter-output>
          </reporter-output>
        </test-method> <!-- VerifyLogout_Test -->
        <test-method is-config="true" signature="afterClass()[pri:0, instance:com.eagle.TestCases.LogoutTest@4b741d6d]" started-at="2021-12-22T14:29:20 IST" name="afterClass" finished-at="2021-12-22T14:29:21 IST" duration-ms="674" status="PASS">
          <reporter-output>
          </reporter-output>
        </test-method> <!-- afterClass -->
      </class> <!-- com.eagle.TestCases.LogoutTest -->
      <class name="com.eagle.TestCases.InvestigationTest">
        <test-method is-config="true" signature="launchApplication()[pri:0, instance:com.eagle.TestCases.InvestigationTest@15bb5034]" started-at="2021-12-22T14:27:22 IST" name="launchApplication" finished-at="2021-12-22T14:27:22 IST" duration-ms="1" status="PASS">
          <reporter-output>
          </reporter-output>
        </test-method> <!-- launchApplication -->
        <test-method is-config="true" signature="beforeClass()[pri:0, instance:com.eagle.TestCases.InvestigationTest@15bb5034]" started-at="2021-12-22T14:27:22 IST" name="beforeClass" finished-at="2021-12-22T14:27:22 IST" duration-ms="2" status="PASS">
          <reporter-output>
          </reporter-output>
        </test-method> <!-- beforeClass -->
        <test-method signature="CreateInvestigation_Test()[pri:0, instance:com.eagle.TestCases.InvestigationTest@15bb5034]" started-at="2021-12-22T14:27:22 IST" name="CreateInvestigation_Test" description="Create Investigation" finished-at="2021-12-22T14:27:23 IST" duration-ms="1419" status="PASS">
          <reporter-output>
          </reporter-output>
        </test-method> <!-- CreateInvestigation_Test -->
        <test-method signature="ViewInvestigation_Test()[pri:1, instance:com.eagle.TestCases.InvestigationTest@15bb5034]" started-at="2021-12-22T14:27:23 IST" name="ViewInvestigation_Test" description="View Investigation" finished-at="2021-12-22T14:27:27 IST" duration-ms="4393" status="PASS">
          <reporter-output>
          </reporter-output>
        </test-method> <!-- ViewInvestigation_Test -->
        <test-method signature="EditInvestigation_Test()[pri:2, instance:com.eagle.TestCases.InvestigationTest@15bb5034]" started-at="2021-12-22T14:27:27 IST" name="EditInvestigation_Test" description="Edit Investigation" finished-at="2021-12-22T14:27:27 IST" duration-ms="88" status="PASS">
          <reporter-output>
          </reporter-output>
        </test-method> <!-- EditInvestigation_Test -->
        <test-method signature="LinkSetWithInvestigation_Test()[pri:3, instance:com.eagle.TestCases.InvestigationTest@15bb5034]" started-at="2021-12-22T14:27:27 IST" name="LinkSetWithInvestigation_Test" description="Link Set With Investigation" finished-at="2021-12-22T14:28:04 IST" duration-ms="36973" status="PASS">
          <reporter-output>
          </reporter-output>
        </test-method> <!-- LinkSetWithInvestigation_Test -->
        <test-method signature="LinkExplorationWithInvestigation_Test()[pri:4, instance:com.eagle.TestCases.InvestigationTest@15bb5034]" started-at="2021-12-22T14:28:04 IST" name="LinkExplorationWithInvestigation_Test" description="Link Exploration With Investigation" finished-at="2021-12-22T14:28:35 IST" duration-ms="30678" status="PASS">
          <reporter-output>
          </reporter-output>
        </test-method> <!-- LinkExplorationWithInvestigation_Test -->
        <test-method signature="LinkComparisonWithInvestigation_Test()[pri:5, instance:com.eagle.TestCases.InvestigationTest@15bb5034]" started-at="2021-12-22T14:28:35 IST" name="LinkComparisonWithInvestigation_Test" description="Link Comparison With Investigation" finished-at="2021-12-22T14:29:11 IST" duration-ms="35481" status="PASS">
          <reporter-output>
          </reporter-output>
        </test-method> <!-- LinkComparisonWithInvestigation_Test -->
        <test-method signature="ShareInvestigation_Test()[pri:6, instance:com.eagle.TestCases.InvestigationTest@15bb5034]" started-at="2021-12-22T14:29:11 IST" name="ShareInvestigation_Test" description="Share Investigation" finished-at="2021-12-22T14:29:11 IST" duration-ms="83" status="PASS">
          <reporter-output>
          </reporter-output>
        </test-method> <!-- ShareInvestigation_Test -->
        <test-method signature="DeleteInvestigation_Test()[pri:7, instance:com.eagle.TestCases.InvestigationTest@15bb5034]" started-at="2021-12-22T14:29:11 IST" name="DeleteInvestigation_Test" description="Delete Investigation" finished-at="2021-12-22T14:29:14 IST" duration-ms="3318" status="PASS">
          <reporter-output>
          </reporter-output>
        </test-method> <!-- DeleteInvestigation_Test -->
      </class> <!-- com.eagle.TestCases.InvestigationTest -->
      <class name="com.eagle.TestCases.HomeTest">
        <test-method is-config="true" signature="launchApplication()[pri:0, instance:com.eagle.TestCases.HomeTest@41a0aa7d]" started-at="2021-12-22T12:46:45 IST" name="launchApplication" finished-at="2021-12-22T12:46:45 IST" duration-ms="0" status="PASS">
          <reporter-output>
          </reporter-output>
        </test-method> <!-- launchApplication -->
        <test-method is-config="true" signature="beforeClass()[pri:0, instance:com.eagle.TestCases.HomeTest@41a0aa7d]" started-at="2021-12-22T12:46:45 IST" name="beforeClass" finished-at="2021-12-22T12:46:45 IST" duration-ms="29" status="PASS">
          <reporter-output>
          </reporter-output>
        </test-method> <!-- beforeClass -->
        <test-method signature="VerifyLogoVisibility_Test()[pri:0, instance:com.eagle.TestCases.HomeTest@41a0aa7d]" started-at="2021-12-22T12:46:45 IST" name="VerifyLogoVisibility_Test" description="Check the visibility of Logo" finished-at="2021-12-22T12:46:45 IST" duration-ms="46" status="PASS">
          <reporter-output>
          </reporter-output>
        </test-method> <!-- VerifyLogoVisibility_Test -->
        <test-method signature="VerifyDashboard_Test()[pri:1, instance:com.eagle.TestCases.HomeTest@41a0aa7d]" started-at="2021-12-22T12:46:45 IST" name="VerifyDashboard_Test" description="Check if dashBoard displays all the components" finished-at="2021-12-22T12:46:46 IST" duration-ms="240" status="PASS">
          <reporter-output>
          </reporter-output>
        </test-method> <!-- VerifyDashboard_Test -->
        <test-method signature="VerifyUserProfile()[pri:2, instance:com.eagle.TestCases.HomeTest@41a0aa7d]" started-at="2021-12-22T12:46:46 IST" name="VerifyUserProfile" description="Check for user information in profile" finished-at="2021-12-22T12:46:46 IST" duration-ms="754" status="PASS">
          <reporter-output>
          </reporter-output>
        </test-method> <!-- VerifyUserProfile -->
        <test-method signature="VerifyCopyRights()[pri:3, instance:com.eagle.TestCases.HomeTest@41a0aa7d]" started-at="2021-12-22T12:46:46 IST" name="VerifyCopyRights" description="Check for copyright and other links" finished-at="2021-12-22T12:46:46 IST" duration-ms="86" status="PASS">
          <reporter-output>
          </reporter-output>
        </test-method> <!-- VerifyCopyRights -->
        <test-method signature="CreateGlobalSearch_Test()[pri:4, instance:com.eagle.TestCases.HomeTest@41a0aa7d]" started-at="2021-12-22T12:46:46 IST" name="CreateGlobalSearch_Test" description="Search and Save the Global search" finished-at="2021-12-22T12:46:51 IST" duration-ms="4829" status="PASS">
          <reporter-output>
          </reporter-output>
        </test-method> <!-- CreateGlobalSearch_Test -->
        <test-method signature="VerifySavedSearches_Test()[pri:5, instance:com.eagle.TestCases.HomeTest@41a0aa7d]" started-at="2021-12-22T12:46:51 IST" name="VerifySavedSearches_Test" description="Verify Saved Searches" finished-at="2021-12-22T12:46:54 IST" duration-ms="3203" status="PASS">
          <reporter-output>
          </reporter-output>
        </test-method> <!-- VerifySavedSearches_Test -->
      </class> <!-- com.eagle.TestCases.HomeTest -->
      <class name="com.eagle.TestCases.ComparisonTest">
        <test-method is-config="true" signature="launchApplication()[pri:0, instance:com.eagle.TestCases.ComparisonTest@7d0b7e3c]" started-at="2021-12-22T13:52:56 IST" name="launchApplication" finished-at="2021-12-22T13:52:56 IST" duration-ms="0" status="PASS">
          <reporter-output>
          </reporter-output>
        </test-method> <!-- launchApplication -->
        <test-method is-config="true" signature="beforeClass()[pri:0, instance:com.eagle.TestCases.ComparisonTest@7d0b7e3c]" started-at="2021-12-22T13:52:56 IST" name="beforeClass" finished-at="2021-12-22T13:52:57 IST" duration-ms="447" status="PASS">
          <reporter-output>
          </reporter-output>
        </test-method> <!-- beforeClass -->
        <test-method signature="CreateComparisonWithContol_Test()[pri:0, instance:com.eagle.TestCases.ComparisonTest@7d0b7e3c]" started-at="2021-12-22T13:52:57 IST" name="CreateComparisonWithContol_Test" description="Create Comparison with a control and Verify" finished-at="2021-12-22T13:53:19 IST" duration-ms="22224" status="PASS">
          <reporter-output>
          </reporter-output>
        </test-method> <!-- CreateComparisonWithContol_Test -->
        <test-method signature="CreateComparisonFromSet_Test()[pri:1, instance:com.eagle.TestCases.ComparisonTest@7d0b7e3c]" started-at="2021-12-22T13:53:19 IST" name="CreateComparisonFromSet_Test" description="Create Comparison From Set" finished-at="2021-12-22T13:54:22 IST" duration-ms="63545" status="PASS">
          <reporter-output>
          </reporter-output>
        </test-method> <!-- CreateComparisonFromSet_Test -->
        <test-method signature="CreateComparisonFromFile_Test()[pri:2, instance:com.eagle.TestCases.ComparisonTest@7d0b7e3c]" started-at="2021-12-22T13:54:22 IST" name="CreateComparisonFromFile_Test" description="Create Comparison From File" finished-at="2021-12-22T13:55:06 IST" duration-ms="43270" status="PASS">
          <reporter-output>
          </reporter-output>
        </test-method> <!-- CreateComparisonFromFile_Test -->
        <test-method signature="CreateComparisonWithContolandCase_Test()[pri:3, instance:com.eagle.TestCases.ComparisonTest@7d0b7e3c]" started-at="2021-12-22T13:55:06 IST" name="CreateComparisonWithContolandCase_Test" description="Create Comparison with Control and Case and Verify" finished-at="2021-12-22T13:56:07 IST" duration-ms="61245" status="PASS">
          <reporter-output>
          </reporter-output>
        </test-method> <!-- CreateComparisonWithContolandCase_Test -->
        <test-method signature="createComparisonWithControlandCaseRunComparison_Test()[pri:4, instance:com.eagle.TestCases.ComparisonTest@7d0b7e3c]" started-at="2021-12-22T13:56:07 IST" name="createComparisonWithControlandCaseRunComparison_Test" description="Create Comparison with Control &amp; Case and Run Comparison" finished-at="2021-12-22T13:57:18 IST" duration-ms="71037" status="PASS">
          <reporter-output>
          </reporter-output>
        </test-method> <!-- createComparisonWithControlandCaseRunComparison_Test -->
        <test-method signature="updateComparisonWithCaseCard_Test()[pri:5, instance:com.eagle.TestCases.ComparisonTest@7d0b7e3c]" started-at="2021-12-22T13:57:18 IST" name="updateComparisonWithCaseCard_Test" description="Update an Existing Comparison with a case Card" finished-at="2021-12-22T13:57:52 IST" duration-ms="33618" status="PASS">
          <reporter-output>
          </reporter-output>
        </test-method> <!-- updateComparisonWithCaseCard_Test -->
        <test-method signature="SearchInComparisonExpand_Test()[pri:6, instance:com.eagle.TestCases.ComparisonTest@7d0b7e3c]" started-at="2021-12-22T13:57:52 IST" name="SearchInComparisonExpand_Test" description="Search A Text In Comparison Expand" finished-at="2021-12-22T13:59:29 IST" duration-ms="97766" status="PASS">
          <reporter-output>
          </reporter-output>
        </test-method> <!-- SearchInComparisonExpand_Test -->
        <test-method signature="DeleteCardInComparisonExpand_Test()[pri:7, instance:com.eagle.TestCases.ComparisonTest@7d0b7e3c]" started-at="2021-12-22T13:59:29 IST" name="DeleteCardInComparisonExpand_Test" description="Delete Card in Comparison Expand" finished-at="2021-12-22T14:00:32 IST" duration-ms="62424" status="PASS">
          <reporter-output>
          </reporter-output>
        </test-method> <!-- DeleteCardInComparisonExpand_Test -->
        <test-method signature="DeleteComparisonFirstCard_Test()[pri:8, instance:com.eagle.TestCases.ComparisonTest@7d0b7e3c]" started-at="2021-12-22T14:00:32 IST" name="DeleteComparisonFirstCard_Test" description="Delete The first Card in Comparison" finished-at="2021-12-22T14:01:13 IST" duration-ms="41262" status="PASS">
          <reporter-output>
          </reporter-output>
        </test-method> <!-- DeleteComparisonFirstCard_Test -->
        <test-method signature="DeleteComparisonSecondCard_Test()[pri:9, instance:com.eagle.TestCases.ComparisonTest@7d0b7e3c]" started-at="2021-12-22T14:01:13 IST" name="DeleteComparisonSecondCard_Test" description="Delete The Second Card in Comparison" finished-at="2021-12-22T14:03:04 IST" duration-ms="111497" status="PASS">
          <reporter-output>
          </reporter-output>
        </test-method> <!-- DeleteComparisonSecondCard_Test -->
        <test-method signature="ComparisonExpandAddFromCatalog_Test()[pri:10, instance:com.eagle.TestCases.ComparisonTest@7d0b7e3c]" started-at="2021-12-22T14:03:04 IST" name="ComparisonExpandAddFromCatalog_Test" description="Comparison - Expand and add items from Catalog" finished-at="2021-12-22T14:04:14 IST" duration-ms="69665" status="PASS">
          <reporter-output>
          </reporter-output>
        </test-method> <!-- ComparisonExpandAddFromCatalog_Test -->
        <test-method signature="ComparisonExpandAddFromSet_Test()[pri:11, instance:com.eagle.TestCases.ComparisonTest@7d0b7e3c]" started-at="2021-12-22T14:04:14 IST" name="ComparisonExpandAddFromSet_Test" description="Comparison - Expand and add items from Set" finished-at="2021-12-22T14:10:44 IST" duration-ms="389456" status="PASS">
          <reporter-output>
          </reporter-output>
        </test-method> <!-- ComparisonExpandAddFromSet_Test -->
        <test-method signature="ComparisonExpandAddFromFile_Test()[pri:12, instance:com.eagle.TestCases.ComparisonTest@7d0b7e3c]" started-at="2021-12-22T14:10:44 IST" name="ComparisonExpandAddFromFile_Test" description="Comparison - Expand and add items from File" finished-at="2021-12-22T14:13:08 IST" duration-ms="144269" status="PASS">
          <reporter-output>
          </reporter-output>
        </test-method> <!-- ComparisonExpandAddFromFile_Test -->
        <test-method signature="ComparisonCreateMultipleCaseCards_Test()[pri:13, instance:com.eagle.TestCases.ComparisonTest@7d0b7e3c]" started-at="2021-12-22T14:13:08 IST" name="ComparisonCreateMultipleCaseCards_Test" description="Comparison - Create with multiple Case Cards" finished-at="2021-12-22T14:14:36 IST" duration-ms="88487" status="PASS">
          <reporter-output>
          </reporter-output>
        </test-method> <!-- ComparisonCreateMultipleCaseCards_Test -->
        <test-method signature="ComparisonCreateMultipleCaseCardsRunComparison_Test()[pri:14, instance:com.eagle.TestCases.ComparisonTest@7d0b7e3c]" started-at="2021-12-22T14:14:36 IST" name="ComparisonCreateMultipleCaseCardsRunComparison_Test" description="Comparison - Create with multiple Case Cards and Run Comparison" finished-at="2021-12-22T14:16:47 IST" duration-ms="130213" status="PASS">
          <reporter-output>
          </reporter-output>
        </test-method> <!-- ComparisonCreateMultipleCaseCardsRunComparison_Test -->
        <test-method signature="CreateAndDeleteComparison_Test()[pri:15, instance:com.eagle.TestCases.ComparisonTest@7d0b7e3c]" started-at="2021-12-22T14:16:47 IST" name="CreateAndDeleteComparison_Test" description="Create And Delete An Comparison" finished-at="2021-12-22T14:17:28 IST" duration-ms="41504" status="PASS">
          <reporter-output>
          </reporter-output>
        </test-method> <!-- CreateAndDeleteComparison_Test -->
        <test-method signature="CreateAndShareComparison_Test()[pri:16, instance:com.eagle.TestCases.ComparisonTest@7d0b7e3c]" started-at="2021-12-22T14:17:28 IST" name="CreateAndShareComparison_Test" description="Create And Share An Comparison" finished-at="2021-12-22T14:18:22 IST" duration-ms="54383" status="PASS">
          <reporter-output>
          </reporter-output>
        </test-method> <!-- CreateAndShareComparison_Test -->
        <test-method signature="DeleteComparison_Test()[pri:17, instance:com.eagle.TestCases.ComparisonTest@7d0b7e3c]" started-at="2021-12-22T14:18:22 IST" name="DeleteComparison_Test" description="Delete A Comparison" finished-at="2021-12-22T14:18:28 IST" duration-ms="5164" status="PASS">
          <reporter-output>
          </reporter-output>
        </test-method> <!-- DeleteComparison_Test -->
        <test-method signature="ShareComparison_Test()[pri:18, instance:com.eagle.TestCases.ComparisonTest@7d0b7e3c]" started-at="2021-12-22T14:18:28 IST" name="ShareComparison_Test" description="Sharing A Comparison" finished-at="2021-12-22T14:18:34 IST" duration-ms="6765" status="PASS">
          <reporter-output>
          </reporter-output>
        </test-method> <!-- ShareComparison_Test -->
        <test-method signature="RemoveItemsfromComparison_Test()[pri:19, instance:com.eagle.TestCases.ComparisonTest@7d0b7e3c]" started-at="2021-12-22T14:18:34 IST" name="RemoveItemsfromComparison_Test" description="Remove items from Comparison Expand" finished-at="2021-12-22T14:19:29 IST" duration-ms="54431" status="PASS">
          <reporter-output>
          </reporter-output>
        </test-method> <!-- RemoveItemsfromComparison_Test -->
        <test-method signature="ChangeControlAndCase_Test()[pri:20, instance:com.eagle.TestCases.ComparisonTest@7d0b7e3c]" started-at="2021-12-22T14:19:29 IST" name="ChangeControlAndCase_Test" description="Interchange Control and Case sets in the Comparison" finished-at="2021-12-22T14:20:52 IST" duration-ms="83048" status="PASS">
          <reporter-output>
          </reporter-output>
        </test-method> <!-- ChangeControlAndCase_Test -->
        <test-method signature="SortColumnComparison_Test()[pri:21, instance:com.eagle.TestCases.ComparisonTest@7d0b7e3c]" started-at="2021-12-22T14:20:52 IST" name="SortColumnComparison_Test" description="Sorting a column in a Comparison" finished-at="2021-12-22T14:22:16 IST" duration-ms="83944" status="PASS">
          <reporter-output>
          </reporter-output>
        </test-method> <!-- SortColumnComparison_Test -->
        <test-method signature="FilterComparison_Test()[pri:22, instance:com.eagle.TestCases.ComparisonTest@7d0b7e3c]" started-at="2021-12-22T14:22:16 IST" name="FilterComparison_Test" description="Filtering a Comparison with one filter" finished-at="2021-12-22T14:24:41 IST" duration-ms="145630" status="PASS">
          <reporter-output>
          </reporter-output>
        </test-method> <!-- FilterComparison_Test -->
        <test-method signature="FilterMultiComparison_Test()[pri:23, instance:com.eagle.TestCases.ComparisonTest@7d0b7e3c]" started-at="2021-12-22T14:24:41 IST" name="FilterMultiComparison_Test" description="Filtering a Comparison with 2 filters" finished-at="2021-12-22T14:27:22 IST" duration-ms="160059" status="PASS">
          <reporter-output>
          </reporter-output>
        </test-method> <!-- FilterMultiComparison_Test -->
      </class> <!-- com.eagle.TestCases.ComparisonTest -->
      <class name="com.eagle.TestCases.ExplorationTest">
        <test-method is-config="true" signature="launchApplication()[pri:0, instance:com.eagle.TestCases.ExplorationTest@6e9175d8]" started-at="2021-12-22T13:12:08 IST" name="launchApplication" finished-at="2021-12-22T13:12:08 IST" duration-ms="1" status="PASS">
          <reporter-output>
          </reporter-output>
        </test-method> <!-- launchApplication -->
        <test-method is-config="true" signature="beforeClass()[pri:0, instance:com.eagle.TestCases.ExplorationTest@6e9175d8]" started-at="2021-12-22T13:12:08 IST" name="beforeClass" finished-at="2021-12-22T13:12:09 IST" duration-ms="418" status="PASS">
          <reporter-output>
          </reporter-output>
        </test-method> <!-- beforeClass -->
        <test-method signature="CreateExplorationFromSearch_Test()[pri:0, instance:com.eagle.TestCases.ExplorationTest@6e9175d8]" started-at="2021-12-22T13:12:09 IST" name="CreateExplorationFromSearch_Test" description="Create Exploration From Search" finished-at="2021-12-22T13:12:50 IST" duration-ms="41441" status="PASS">
          <reporter-output>
          </reporter-output>
        </test-method> <!-- CreateExplorationFromSearch_Test -->
        <test-method signature="CreateExplorationFromSetInitally_Test()[pri:1, instance:com.eagle.TestCases.ExplorationTest@6e9175d8]" started-at="2021-12-22T13:12:50 IST" name="CreateExplorationFromSetInitally_Test" description="Create Exploration From Set Initally" finished-at="2021-12-22T13:14:28 IST" duration-ms="97220" status="PASS">
          <reporter-output>
          </reporter-output>
        </test-method> <!-- CreateExplorationFromSetInitally_Test -->
        <test-method signature="CreateExplorationFromSet_Test()[pri:2, instance:com.eagle.TestCases.ExplorationTest@6e9175d8]" started-at="2021-12-22T13:14:28 IST" name="CreateExplorationFromSet_Test" description="Create Exploration From Set After clicking From Search" finished-at="2021-12-22T13:15:34 IST" duration-ms="66787" status="PASS">
          <reporter-output>
          </reporter-output>
        </test-method> <!-- CreateExplorationFromSet_Test -->
        <test-method signature="CreateExplorationFromFile_Test()[pri:3, instance:com.eagle.TestCases.ExplorationTest@6e9175d8]" started-at="2021-12-22T13:15:34 IST" name="CreateExplorationFromFile_Test" description="Create Exploration From File After clicking From Search" finished-at="2021-12-22T13:16:16 IST" duration-ms="41205" status="PASS">
          <reporter-output>
          </reporter-output>
        </test-method> <!-- CreateExplorationFromFile_Test -->
        <test-method signature="SearchInExplorationExpand_Test()[pri:4, instance:com.eagle.TestCases.ExplorationTest@6e9175d8]" started-at="2021-12-22T13:16:16 IST" name="SearchInExplorationExpand_Test" description="Search A Text In Exploration Expand" finished-at="2021-12-22T13:18:37 IST" duration-ms="141887" status="PASS">
          <reporter-output>
          </reporter-output>
        </test-method> <!-- SearchInExplorationExpand_Test -->
        <test-method signature="DeleteCardInExplorationExpand_Test()[pri:5, instance:com.eagle.TestCases.ExplorationTest@6e9175d8]" started-at="2021-12-22T13:18:37 IST" name="DeleteCardInExplorationExpand_Test" description="Delete Card in Exploration Expand" finished-at="2021-12-22T13:20:13 IST" duration-ms="95183" status="PASS">
          <reporter-output>
          </reporter-output>
        </test-method> <!-- DeleteCardInExplorationExpand_Test -->
        <test-method signature="DeleteExplorationFirstCard_Test()[pri:6, instance:com.eagle.TestCases.ExplorationTest@6e9175d8]" started-at="2021-12-22T13:20:13 IST" name="DeleteExplorationFirstCard_Test" description="Delete The first Card in Exploration" finished-at="2021-12-22T13:20:48 IST" duration-ms="35489" status="PASS">
          <reporter-output>
          </reporter-output>
        </test-method> <!-- DeleteExplorationFirstCard_Test -->
        <test-method signature="DeleteExplorationSecondCard_Test()[pri:7, instance:com.eagle.TestCases.ExplorationTest@6e9175d8]" started-at="2021-12-22T13:20:48 IST" name="DeleteExplorationSecondCard_Test" description="Delete The Second Card in Exploration" finished-at="2021-12-22T13:21:50 IST" duration-ms="61785" status="PASS">
          <reporter-output>
          </reporter-output>
        </test-method> <!-- DeleteExplorationSecondCard_Test -->
        <test-method signature="ExplorationExpandAddFromCatalog_Test()[pri:8, instance:com.eagle.TestCases.ExplorationTest@6e9175d8]" started-at="2021-12-22T13:21:50 IST" name="ExplorationExpandAddFromCatalog_Test" description="Exploration - Expand and add items from Catalog" finished-at="2021-12-22T13:27:37 IST" duration-ms="347360" status="PASS">
          <reporter-output>
          </reporter-output>
        </test-method> <!-- ExplorationExpandAddFromCatalog_Test -->
        <test-method signature="ExplorationExpandAddFromSet_Test()[pri:9, instance:com.eagle.TestCases.ExplorationTest@6e9175d8]" started-at="2021-12-22T13:27:37 IST" name="ExplorationExpandAddFromSet_Test" description="Exploration - Expand and add items from Set" finished-at="2021-12-22T13:29:43 IST" duration-ms="125609" status="PASS">
          <reporter-output>
          </reporter-output>
        </test-method> <!-- ExplorationExpandAddFromSet_Test -->
        <test-method signature="ExplorationExpandAddFromFile_Test()[pri:10, instance:com.eagle.TestCases.ExplorationTest@6e9175d8]" started-at="2021-12-22T13:29:43 IST" name="ExplorationExpandAddFromFile_Test" description="Exploration - Expand and add items from File" finished-at="2021-12-22T13:31:24 IST" duration-ms="101592" status="PASS">
          <reporter-output>
          </reporter-output>
        </test-method> <!-- ExplorationExpandAddFromFile_Test -->
        <test-method signature="ExplorationCreateARelationCard_Test()[pri:11, instance:com.eagle.TestCases.ExplorationTest@6e9175d8]" started-at="2021-12-22T13:31:24 IST" name="ExplorationCreateARelationCard_Test" description="Exploration - Create with one additional relation Card" finished-at="2021-12-22T13:32:21 IST" duration-ms="56913" status="PASS">
          <reporter-output>
          </reporter-output>
        </test-method> <!-- ExplorationCreateARelationCard_Test -->
        <test-method signature="ExplorationCreateTwoRelationCard_Test()[pri:12, instance:com.eagle.TestCases.ExplorationTest@6e9175d8]" started-at="2021-12-22T13:32:21 IST" name="ExplorationCreateTwoRelationCard_Test" description="Exploration - Create with 2 additional relation Card" finished-at="2021-12-22T13:35:04 IST" duration-ms="163005" status="PASS">
          <reporter-output>
          </reporter-output>
        </test-method> <!-- ExplorationCreateTwoRelationCard_Test -->
        <test-method signature="CreateAndDeleteExploration_Test()[pri:13, instance:com.eagle.TestCases.ExplorationTest@6e9175d8]" started-at="2021-12-22T13:35:04 IST" name="CreateAndDeleteExploration_Test" description="Create And Delete An Exploration" finished-at="2021-12-22T13:35:45 IST" duration-ms="40219" status="PASS">
          <reporter-output>
          </reporter-output>
        </test-method> <!-- CreateAndDeleteExploration_Test -->
        <test-method signature="CreateAndShareExploration_Test()[pri:14, instance:com.eagle.TestCases.ExplorationTest@6e9175d8]" started-at="2021-12-22T13:35:45 IST" name="CreateAndShareExploration_Test" description="Create And Share An Exploration" finished-at="2021-12-22T13:36:36 IST" duration-ms="50875" status="PASS">
          <reporter-output>
          </reporter-output>
        </test-method> <!-- CreateAndShareExploration_Test -->
        <test-method signature="DeleteExploration_Test()[pri:15, instance:com.eagle.TestCases.ExplorationTest@6e9175d8]" started-at="2021-12-22T13:36:36 IST" name="DeleteExploration_Test" description="Delete An Exploration" finished-at="2021-12-22T13:36:40 IST" duration-ms="4880" status="PASS">
          <reporter-output>
          </reporter-output>
        </test-method> <!-- DeleteExploration_Test -->
        <test-method signature="ShareExploration_Test()[pri:16, instance:com.eagle.TestCases.ExplorationTest@6e9175d8]" started-at="2021-12-22T13:36:40 IST" name="ShareExploration_Test" description="Sharing An Exploration" finished-at="2021-12-22T13:36:49 IST" duration-ms="8192" status="PASS">
          <reporter-output>
          </reporter-output>
        </test-method> <!-- ShareExploration_Test -->
        <test-method signature="RemoveItemsfromExploration_Test()[pri:17, instance:com.eagle.TestCases.ExplorationTest@6e9175d8]" started-at="2021-12-22T13:36:49 IST" name="RemoveItemsfromExploration_Test" description="Remove items from Exploration Expand" finished-at="2021-12-22T13:37:36 IST" duration-ms="47686" status="PASS">
          <reporter-output>
          </reporter-output>
        </test-method> <!-- RemoveItemsfromExploration_Test -->
        <test-method signature="SortColumnExploration_Test()[pri:18, instance:com.eagle.TestCases.ExplorationTest@6e9175d8]" started-at="2021-12-22T13:37:36 IST" name="SortColumnExploration_Test" description="Sorting a column in an Exploration" finished-at="2021-12-22T13:47:52 IST" duration-ms="615275" status="PASS">
          <reporter-output>
          </reporter-output>
        </test-method> <!-- SortColumnExploration_Test -->
        <test-method signature="FilterExploration_Test()[pri:19, instance:com.eagle.TestCases.ExplorationTest@6e9175d8]" started-at="2021-12-22T13:47:52 IST" name="FilterExploration_Test" description="Filtering an Exploration with one filter" finished-at="2021-12-22T13:49:51 IST" duration-ms="119340" status="PASS">
          <reporter-output>
          </reporter-output>
        </test-method> <!-- FilterExploration_Test -->
        <test-method signature="FilterMultiExploration_Test()[pri:20, instance:com.eagle.TestCases.ExplorationTest@6e9175d8]" started-at="2021-12-22T13:49:51 IST" name="FilterMultiExploration_Test" description="Filtering an Exploration with 2 filters" finished-at="2021-12-22T13:52:56 IST" duration-ms="185212" status="PASS">
          <reporter-output>
          </reporter-output>
        </test-method> <!-- FilterMultiExploration_Test -->
      </class> <!-- com.eagle.TestCases.ExplorationTest -->
    </test> <!-- Smoke Test cases -->
  </suite> <!-- SmokeTestingSuite -->
</testng-results>
