<?xml version="1.0" encoding="UTF-8"?>
<testng-results ignored="1" total="3" passed="2" failed="0" skipped="0">
  <reporter-output>
  </reporter-output>
  <suite started-at="2021-12-14T20:32:29 IST" name="SmokeTestingSuite" finished-at="2021-12-14T20:33:50 IST" duration-ms="81814">
    <groups>
    </groups>
    <test started-at="2021-12-14T20:32:29 IST" name="Smoke Test cases" finished-at="2021-12-14T20:33:50 IST" duration-ms="81814">
      <class name="com.eagle.TestCases.LoginTest">
        <test-method is-config="true" signature="launchApplication()[pri:0, instance:com.eagle.TestCases.LoginTest@2c1b194a]" started-at="2021-12-14T20:32:29 IST" name="launchApplication" finished-at="2021-12-14T20:32:36 IST" duration-ms="7458" status="PASS">
          <reporter-output>
          </reporter-output>
        </test-method> <!-- launchApplication -->
        <test-method is-config="true" signature="beforeClass()[pri:0, instance:com.eagle.TestCases.LoginTest@2c1b194a]" started-at="2021-12-14T20:32:36 IST" name="beforeClass" finished-at="2021-12-14T20:32:36 IST" duration-ms="19" status="PASS">
          <reporter-output>
          </reporter-output>
        </test-method> <!-- beforeClass -->
        <test-method signature="VerifyLoginPage_Test()[pri:0, instance:com.eagle.TestCases.LoginTest@2c1b194a]" started-at="2021-12-14T20:32:36 IST" name="VerifyLoginPage_Test" description="Login with valid credentials" finished-at="2021-12-14T20:33:07 IST" duration-ms="31046" status="PASS">
          <reporter-output>
          </reporter-output>
        </test-method> <!-- VerifyLoginPage_Test -->
        <test-method is-config="true" signature="closeApplication()[pri:0, instance:com.eagle.TestCases.LoginTest@2c1b194a]" started-at="2021-12-14T20:33:51 IST" name="closeApplication" finished-at="2021-12-14T20:33:51 IST" duration-ms="682" status="PASS">
          <reporter-output>
          </reporter-output>
        </test-method> <!-- closeApplication -->
      </class> <!-- com.eagle.TestCases.LoginTest -->
      <class name="com.eagle.TestCases.SetTest">
        <test-method is-config="true" signature="launchApplication()[pri:0, instance:com.eagle.TestCases.SetTest@73e9cf30]" started-at="2021-12-14T20:33:07 IST" name="launchApplication" finished-at="2021-12-14T20:33:07 IST" duration-ms="1" status="PASS">
          <reporter-output>
          </reporter-output>
        </test-method> <!-- launchApplication -->
        <test-method is-config="true" signature="beforeClass()[pri:0, instance:com.eagle.TestCases.SetTest@73e9cf30]" started-at="2021-12-14T20:33:07 IST" name="beforeClass" finished-at="2021-12-14T20:33:07 IST" duration-ms="421" status="PASS">
          <reporter-output>
          </reporter-output>
        </test-method> <!-- beforeClass -->
        <test-method signature="CreateSet_Test()[pri:0, instance:com.eagle.TestCases.SetTest@73e9cf30]" started-at="2021-12-14T20:33:07 IST" name="CreateSet_Test" description="Create Set" finished-at="2021-12-14T20:33:50 IST" duration-ms="42841" status="PASS">
          <reporter-output>
          </reporter-output>
        </test-method> <!-- CreateSet_Test -->
      </class> <!-- com.eagle.TestCases.SetTest -->
    </test> <!-- Smoke Test cases -->
  </suite> <!-- SmokeTestingSuite -->
</testng-results>
