<?xml version="1.0" encoding="UTF-8"?>
<testng-results ignored="0" total="4" passed="4" failed="0" skipped="0">
  <reporter-output>
  </reporter-output>
  <suite started-at="2021-12-02T19:06:32 IST" name="SmokeTestingSuite" finished-at="2021-12-02T19:11:50 IST" duration-ms="317991">
    <groups>
    </groups>
    <test started-at="2021-12-02T19:06:32 IST" name="Smoke Test cases" finished-at="2021-12-02T19:11:50 IST" duration-ms="317991">
      <class name="com.eagle.TestCases.LoginTest">
        <test-method is-config="true" signature="launchApplication()[pri:0, instance:com.eagle.TestCases.LoginTest@3e11f9e9]" started-at="2021-12-02T19:06:32 IST" name="launchApplication" finished-at="2021-12-02T19:06:40 IST" duration-ms="7345" status="PASS">
          <reporter-output>
          </reporter-output>
        </test-method> <!-- launchApplication -->
        <test-method is-config="true" signature="beforeClass()[pri:0, instance:com.eagle.TestCases.LoginTest@3e11f9e9]" started-at="2021-12-02T19:06:40 IST" name="beforeClass" finished-at="2021-12-02T19:06:40 IST" duration-ms="17" status="PASS">
          <reporter-output>
          </reporter-output>
        </test-method> <!-- beforeClass -->
        <test-method signature="VerifyLoginPage_Test()[pri:0, instance:com.eagle.TestCases.LoginTest@3e11f9e9]" started-at="2021-12-02T19:06:40 IST" name="VerifyLoginPage_Test" description="Login with valid credentials" finished-at="2021-12-02T19:07:22 IST" duration-ms="42239" status="PASS">
          <reporter-output>
          </reporter-output>
        </test-method> <!-- VerifyLoginPage_Test -->
      </class> <!-- com.eagle.TestCases.LoginTest -->
      <class name="com.eagle.TestCases.SetTest">
        <test-method is-config="true" signature="beforeClass()[pri:0, instance:com.eagle.TestCases.SetTest@21282ed8]" started-at="2021-12-02T19:07:22 IST" name="beforeClass" finished-at="2021-12-02T19:07:22 IST" duration-ms="467" status="PASS">
          <reporter-output>
          </reporter-output>
        </test-method> <!-- beforeClass -->
        <test-method is-config="true" signature="launchApplication()[pri:0, instance:com.eagle.TestCases.SetTest@21282ed8]" started-at="2021-12-02T19:07:22 IST" name="launchApplication" finished-at="2021-12-02T19:07:22 IST" duration-ms="0" status="PASS">
          <reporter-output>
          </reporter-output>
        </test-method> <!-- launchApplication -->
        <test-method signature="RemoveItemsfromSet_Test()[pri:9, instance:com.eagle.TestCases.SetTest@21282ed8]" started-at="2021-12-02T19:07:22 IST" name="RemoveItemsfromSet_Test" description="Remove items from Set Expand" finished-at="2021-12-02T19:08:53 IST" duration-ms="91013" status="PASS">
          <reporter-output>
          </reporter-output>
        </test-method> <!-- RemoveItemsfromSet_Test -->
      </class> <!-- com.eagle.TestCases.SetTest -->
      <class name="com.eagle.TestCases.ComparisonTest">
        <test-method is-config="true" signature="beforeClass()[pri:0, instance:com.eagle.TestCases.ComparisonTest@23c30a20]" started-at="2021-12-02T19:10:11 IST" name="beforeClass" finished-at="2021-12-02T19:10:12 IST" duration-ms="364" status="PASS">
          <reporter-output>
          </reporter-output>
        </test-method> <!-- beforeClass -->
        <test-method is-config="true" signature="launchApplication()[pri:0, instance:com.eagle.TestCases.ComparisonTest@23c30a20]" started-at="2021-12-02T19:10:11 IST" name="launchApplication" finished-at="2021-12-02T19:10:11 IST" duration-ms="0" status="PASS">
          <reporter-output>
          </reporter-output>
        </test-method> <!-- launchApplication -->
        <test-method signature="RemoveItemsfromComparison_Test()[pri:19, instance:com.eagle.TestCases.ComparisonTest@23c30a20]" started-at="2021-12-02T19:10:12 IST" name="RemoveItemsfromComparison_Test" description="Remove items from Comparison Expand" finished-at="2021-12-02T19:11:50 IST" duration-ms="98594" status="PASS">
          <reporter-output>
          </reporter-output>
        </test-method> <!-- RemoveItemsfromComparison_Test -->
      </class> <!-- com.eagle.TestCases.ComparisonTest -->
      <class name="com.eagle.TestCases.ExplorationTest">
        <test-method is-config="true" signature="beforeClass()[pri:0, instance:com.eagle.TestCases.ExplorationTest@7bab3f1a]" started-at="2021-12-02T19:08:53 IST" name="beforeClass" finished-at="2021-12-02T19:08:54 IST" duration-ms="373" status="PASS">
          <reporter-output>
          </reporter-output>
        </test-method> <!-- beforeClass -->
        <test-method is-config="true" signature="launchApplication()[pri:0, instance:com.eagle.TestCases.ExplorationTest@7bab3f1a]" started-at="2021-12-02T19:08:53 IST" name="launchApplication" finished-at="2021-12-02T19:08:53 IST" duration-ms="0" status="PASS">
          <reporter-output>
          </reporter-output>
        </test-method> <!-- launchApplication -->
        <test-method signature="RemoveItemsfromExploration_Test()[pri:17, instance:com.eagle.TestCases.ExplorationTest@7bab3f1a]" started-at="2021-12-02T19:08:54 IST" name="RemoveItemsfromExploration_Test" description="Remove items from Exploration Expand" finished-at="2021-12-02T19:10:11 IST" duration-ms="77541" status="PASS">
          <reporter-output>
          </reporter-output>
        </test-method> <!-- RemoveItemsfromExploration_Test -->
      </class> <!-- com.eagle.TestCases.ExplorationTest -->
    </test> <!-- Smoke Test cases -->
  </suite> <!-- SmokeTestingSuite -->
</testng-results>
