<?xml version="1.0" encoding="UTF-8"?>
<testng-results ignored="2" total="20" passed="18" failed="0" skipped="0">
  <reporter-output>
  </reporter-output>
  <suite started-at="2022-04-26T08:29:05 UTC" name="SmokeTestingSuite" finished-at="2022-04-26T08:45:38 UTC" duration-ms="992672">
    <groups>
    </groups>
    <test started-at="2022-04-26T08:29:05 UTC" name="Smoke Test cases" finished-at="2022-04-26T08:45:38 UTC" duration-ms="992672">
      <class name="com.eagle.TestCases.LoginTest">
        <test-method is-config="true" signature="launchApplication()[pri:0, instance:com.eagle.TestCases.LoginTest@5a56cdac]" started-at="2022-04-26T08:29:05 UTC" name="launchApplication" finished-at="2022-04-26T08:29:12 UTC" duration-ms="6997" status="PASS">
          <reporter-output>
          </reporter-output>
        </test-method> <!-- launchApplication -->
        <test-method is-config="true" signature="beforeClass()[pri:0, instance:com.eagle.TestCases.LoginTest@5a56cdac]" started-at="2022-04-26T08:29:12 UTC" name="beforeClass" finished-at="2022-04-26T08:29:12 UTC" duration-ms="46" status="PASS">
          <reporter-output>
          </reporter-output>
        </test-method> <!-- beforeClass -->
        <test-method signature="VerifyLoginPage_Test()[pri:0, instance:com.eagle.TestCases.LoginTest@5a56cdac]" started-at="2022-04-26T08:29:12 UTC" name="VerifyLoginPage_Test" description="Login with valid credentials" finished-at="2022-04-26T08:30:03 UTC" duration-ms="50383" status="PASS">
          <reporter-output>
          </reporter-output>
        </test-method> <!-- VerifyLoginPage_Test -->
        <test-method is-config="true" signature="closeApplication()[pri:0, instance:com.eagle.TestCases.LoginTest@5a56cdac]" started-at="2022-04-26T08:45:39 UTC" name="closeApplication" finished-at="2022-04-26T08:45:40 UTC" duration-ms="604" status="PASS">
          <reporter-output>
          </reporter-output>
        </test-method> <!-- closeApplication -->
      </class> <!-- com.eagle.TestCases.LoginTest -->
      <class name="com.eagle.TestCases.AnalysisTest">
        <test-method is-config="true" signature="launchApplication()[pri:0, instance:com.eagle.TestCases.AnalysisTest@18df8434]" started-at="2022-04-26T08:30:03 UTC" name="launchApplication" finished-at="2022-04-26T08:30:03 UTC" duration-ms="1" status="PASS">
          <reporter-output>
          </reporter-output>
        </test-method> <!-- launchApplication -->
        <test-method is-config="true" signature="beforeClass()[pri:0, instance:com.eagle.TestCases.AnalysisTest@18df8434]" started-at="2022-04-26T08:30:03 UTC" name="beforeClass" finished-at="2022-04-26T08:30:05 UTC" duration-ms="2437" status="PASS">
          <reporter-output>
          </reporter-output>
        </test-method> <!-- beforeClass -->
        <test-method signature="CreateAnalysis_Test()[pri:0, instance:com.eagle.TestCases.AnalysisTest@18df8434]" started-at="2022-04-26T08:30:05 UTC" name="CreateAnalysis_Test" description="Create Analysis" finished-at="2022-04-26T08:30:20 UTC" duration-ms="14511" status="PASS">
          <reporter-output>
          </reporter-output>
        </test-method> <!-- CreateAnalysis_Test -->
        <test-method signature="CreateAnalysisMandatoryCheck_Test()[pri:1, instance:com.eagle.TestCases.AnalysisTest@18df8434]" started-at="2022-04-26T08:30:20 UTC" name="CreateAnalysisMandatoryCheck_Test" description="Check mandatory fields before create Analysis" finished-at="2022-04-26T08:30:27 UTC" duration-ms="6996" status="PASS">
          <reporter-output>
          </reporter-output>
        </test-method> <!-- CreateAnalysisMandatoryCheck_Test -->
        <test-method signature="AnalysisNameAndDescEditInList_Test()[pri:2, instance:com.eagle.TestCases.AnalysisTest@18df8434]" started-at="2022-04-26T08:30:27 UTC" name="AnalysisNameAndDescEditInList_Test" description="Edit Analysis Name and Description from Analysis List" finished-at="2022-04-26T08:30:46 UTC" duration-ms="19060" status="PASS">
          <reporter-output>
          </reporter-output>
        </test-method> <!-- AnalysisNameAndDescEditInList_Test -->
        <test-method signature="AnalysisNameAndDescEditInPage_Test()[pri:3, instance:com.eagle.TestCases.AnalysisTest@18df8434]" started-at="2022-04-26T08:30:46 UTC" name="AnalysisNameAndDescEditInPage_Test" description="Edit Analysis Name and Description from Analysis Page" finished-at="2022-04-26T08:32:17 UTC" duration-ms="91177" status="PASS">
          <reporter-output>
          </reporter-output>
        </test-method> <!-- AnalysisNameAndDescEditInPage_Test -->
        <test-method signature="CreateAndDeleteAnalysis_Test()[pri:4, instance:com.eagle.TestCases.AnalysisTest@18df8434]" started-at="2022-04-26T08:32:17 UTC" name="CreateAndDeleteAnalysis_Test" description="Create and Delete Analysis" finished-at="2022-04-26T08:32:31 UTC" duration-ms="14227" status="PASS">
          <reporter-output>
          </reporter-output>
        </test-method> <!-- CreateAndDeleteAnalysis_Test -->
        <test-method signature="VerifyGraphCanvas_Test()[pri:5, instance:com.eagle.TestCases.AnalysisTest@18df8434]" started-at="2022-04-26T08:32:31 UTC" name="VerifyGraphCanvas_Test" description="Verifying the graph canvas" finished-at="2022-04-26T08:32:45 UTC" duration-ms="14354" status="PASS">
          <reporter-output>
          </reporter-output>
        </test-method> <!-- VerifyGraphCanvas_Test -->
        <test-method signature="VerifyResizingOfGraph_Test()[pri:6, instance:com.eagle.TestCases.AnalysisTest@18df8434]" started-at="2022-04-26T08:32:45 UTC" name="VerifyResizingOfGraph_Test" description="Verifying resizing of graph canvas" finished-at="2022-04-26T08:33:01 UTC" duration-ms="15239" status="PASS">
          <reporter-output>
          </reporter-output>
        </test-method> <!-- VerifyResizingOfGraph_Test -->
        <test-method signature="EntitiesAndFeatureSelectionVerificationInGraph_Test()[pri:7, instance:com.eagle.TestCases.AnalysisTest@18df8434]" started-at="2022-04-26T08:33:01 UTC" name="EntitiesAndFeatureSelectionVerificationInGraph_Test" description="Verify Graph - entities and features selection and verifying the same in My Selection and Dataframe" finished-at="2022-04-26T08:33:59 UTC" duration-ms="58717" status="PASS">
          <reporter-output>
          </reporter-output>
        </test-method> <!-- EntitiesAndFeatureSelectionVerificationInGraph_Test -->
        <test-method signature="PlotWithOneNumericalFeature_Test()[pri:8, instance:com.eagle.TestCases.AnalysisTest@18df8434]" started-at="2022-04-26T08:33:59 UTC" name="PlotWithOneNumericalFeature_Test" description="Verify Graph with one numeric value" finished-at="2022-04-26T08:35:26 UTC" duration-ms="87042" status="PASS">
          <reporter-output>
          </reporter-output>
        </test-method> <!-- PlotWithOneNumericalFeature_Test -->
        <test-method signature="PlotWithOneCategoricalFeature_Test()[pri:9, instance:com.eagle.TestCases.AnalysisTest@18df8434]" started-at="2022-04-26T08:35:26 UTC" name="PlotWithOneCategoricalFeature_Test" description="Verify Graph with one categorical value" finished-at="2022-04-26T08:36:44 UTC" duration-ms="77555" status="PASS">
          <reporter-output>
          </reporter-output>
        </test-method> <!-- PlotWithOneCategoricalFeature_Test -->
        <test-method signature="PlotWithOneCategoricalandOneNumericalFeature_Test()[pri:10, instance:com.eagle.TestCases.AnalysisTest@18df8434]" started-at="2022-04-26T08:36:44 UTC" name="PlotWithOneCategoricalandOneNumericalFeature_Test" description="Verify Graph with one categorical and one numerical value" finished-at="2022-04-26T08:38:09 UTC" duration-ms="84772" status="PASS">
          <reporter-output>
          </reporter-output>
        </test-method> <!-- PlotWithOneCategoricalandOneNumericalFeature_Test -->
        <test-method signature="PlotWithTwoNumericalFeature_Test()[pri:11, instance:com.eagle.TestCases.AnalysisTest@18df8434]" started-at="2022-04-26T08:38:09 UTC" name="PlotWithTwoNumericalFeature_Test" description="Verify Graph with two numerical values" finished-at="2022-04-26T08:39:23 UTC" duration-ms="73976" status="PASS">
          <reporter-output>
          </reporter-output>
        </test-method> <!-- PlotWithTwoNumericalFeature_Test -->
        <test-method signature="PlotWithTwoCategoricalFeature_Test()[pri:12, instance:com.eagle.TestCases.AnalysisTest@18df8434]" started-at="2022-04-26T08:39:23 UTC" name="PlotWithTwoCategoricalFeature_Test" description="Verify Graph with two categorical values" finished-at="2022-04-26T08:41:14 UTC" duration-ms="111036" status="PASS">
          <reporter-output>
          </reporter-output>
        </test-method> <!-- PlotWithTwoCategoricalFeature_Test -->
        <test-method signature="PlotWithTwoNumericalandOneCategoricalFeatures_Test()[pri:13, instance:com.eagle.TestCases.AnalysisTest@18df8434]" started-at="2022-04-26T08:41:14 UTC" name="PlotWithTwoNumericalandOneCategoricalFeatures_Test" description="Verify Graph with two categorical and one numerical values" finished-at="2022-04-26T08:42:46 UTC" duration-ms="92238" status="PASS">
          <reporter-output>
          </reporter-output>
        </test-method> <!-- PlotWithTwoNumericalandOneCategoricalFeatures_Test -->
        <test-method signature="PlotWithThreeNumericalFeatures_Test()[pri:14, instance:com.eagle.TestCases.AnalysisTest@18df8434]" started-at="2022-04-26T08:42:46 UTC" name="PlotWithThreeNumericalFeatures_Test" description="Verify Graph with three numerical values" finished-at="2022-04-26T08:44:03 UTC" duration-ms="76864" status="PASS">
          <reporter-output>
          </reporter-output>
        </test-method> <!-- PlotWithThreeNumericalFeatures_Test -->
        <test-method signature="PlotWithThreeNumericalandOneCategoricalFeatures_Test()[pri:15, instance:com.eagle.TestCases.AnalysisTest@18df8434]" started-at="2022-04-26T08:44:03 UTC" name="PlotWithThreeNumericalandOneCategoricalFeatures_Test" description="Verify Graph with three numerical and one Categorical values" finished-at="2022-04-26T08:45:34 UTC" duration-ms="91479" status="PASS">
          <reporter-output>
          </reporter-output>
        </test-method> <!-- PlotWithThreeNumericalandOneCategoricalFeatures_Test -->
      </class> <!-- com.eagle.TestCases.AnalysisTest -->
      <class name="com.eagle.TestCases.LogoutTest">
        <test-method is-config="true" signature="beforeClass()[pri:0, instance:com.eagle.TestCases.LogoutTest@65c7a252]" started-at="2022-04-26T08:45:34 UTC" name="beforeClass" finished-at="2022-04-26T08:45:34 UTC" duration-ms="4" status="PASS">
          <reporter-output>
          </reporter-output>
        </test-method> <!-- beforeClass -->
        <test-method is-config="true" signature="launchApplication()[pri:0, instance:com.eagle.TestCases.LogoutTest@65c7a252]" started-at="2022-04-26T08:45:34 UTC" name="launchApplication" finished-at="2022-04-26T08:45:34 UTC" duration-ms="0" status="PASS">
          <reporter-output>
          </reporter-output>
        </test-method> <!-- launchApplication -->
        <test-method signature="VerifyLogout_Test()[pri:0, instance:com.eagle.TestCases.LogoutTest@65c7a252]" started-at="2022-04-26T08:45:34 UTC" name="VerifyLogout_Test" description="Logout functionality verification" finished-at="2022-04-26T08:45:38 UTC" duration-ms="3459" status="PASS">
          <reporter-output>
          </reporter-output>
        </test-method> <!-- VerifyLogout_Test -->
      </class> <!-- com.eagle.TestCases.LogoutTest -->
    </test> <!-- Smoke Test cases -->
  </suite> <!-- SmokeTestingSuite -->
</testng-results>
