<?xml version="1.0" encoding="UTF-8"?>
<testng-results ignored="2" total="5" passed="3" failed="0" skipped="0">
  <reporter-output>
  </reporter-output>
  <suite started-at="2022-04-26T17:43:12 IST" name="SmokeTestingSuite" finished-at="2022-04-26T17:50:47 IST" duration-ms="455727">
    <groups>
    </groups>
    <test started-at="2022-04-26T17:43:12 IST" name="Smoke Test cases" finished-at="2022-04-26T17:50:47 IST" duration-ms="455727">
      <class name="com.eagle.TestCases.LoginTest">
        <test-method is-config="true" signature="launchApplication()[pri:0, instance:com.eagle.TestCases.LoginTest@550dbc7a]" started-at="2022-04-26T17:43:12 IST" name="launchApplication" finished-at="2022-04-26T17:43:19 IST" duration-ms="7138" status="PASS">
          <reporter-output>
          </reporter-output>
        </test-method> <!-- launchApplication -->
        <test-method is-config="true" signature="beforeClass()[pri:0, instance:com.eagle.TestCases.LoginTest@550dbc7a]" started-at="2022-04-26T17:43:19 IST" name="beforeClass" finished-at="2022-04-26T17:43:19 IST" duration-ms="38" status="PASS">
          <reporter-output>
          </reporter-output>
        </test-method> <!-- beforeClass -->
        <test-method signature="VerifyLoginPage_Test()[pri:0, instance:com.eagle.TestCases.LoginTest@550dbc7a]" started-at="2022-04-26T17:43:19 IST" name="VerifyLoginPage_Test" description="Login with valid credentials" finished-at="2022-04-26T17:47:40 IST" duration-ms="261065" status="PASS">
          <reporter-output>
          </reporter-output>
        </test-method> <!-- VerifyLoginPage_Test -->
        <test-method is-config="true" signature="closeApplication()[pri:0, instance:com.eagle.TestCases.LoginTest@550dbc7a]" started-at="2022-04-26T17:50:48 IST" name="closeApplication" finished-at="2022-04-26T17:50:48 IST" duration-ms="681" status="PASS">
          <reporter-output>
          </reporter-output>
        </test-method> <!-- closeApplication -->
      </class> <!-- com.eagle.TestCases.LoginTest -->
      <class name="com.eagle.TestCases.AnalysisTest">
        <test-method is-config="true" signature="launchApplication()[pri:0, instance:com.eagle.TestCases.AnalysisTest@2d52216b]" started-at="2022-04-26T17:47:40 IST" name="launchApplication" finished-at="2022-04-26T17:47:40 IST" duration-ms="0" status="PASS">
          <reporter-output>
          </reporter-output>
        </test-method> <!-- launchApplication -->
        <test-method is-config="true" signature="beforeClass()[pri:0, instance:com.eagle.TestCases.AnalysisTest@2d52216b]" started-at="2022-04-26T17:47:40 IST" name="beforeClass" finished-at="2022-04-26T17:47:43 IST" duration-ms="2629" status="PASS">
          <reporter-output>
          </reporter-output>
        </test-method> <!-- beforeClass -->
        <test-method signature="AnalysisNameAndDescEditInPage_Test()[pri:3, instance:com.eagle.TestCases.AnalysisTest@2d52216b]" started-at="2022-04-26T17:47:43 IST" name="AnalysisNameAndDescEditInPage_Test" description="Edit Analysis Name and Description from Analysis Page" finished-at="2022-04-26T17:50:42 IST" duration-ms="179383" status="PASS">
          <reporter-output>
          </reporter-output>
        </test-method> <!-- AnalysisNameAndDescEditInPage_Test -->
      </class> <!-- com.eagle.TestCases.AnalysisTest -->
      <class name="com.eagle.TestCases.LogoutTest">
        <test-method is-config="true" signature="launchApplication()[pri:0, instance:com.eagle.TestCases.LogoutTest@242b836]" started-at="2022-04-26T17:50:42 IST" name="launchApplication" finished-at="2022-04-26T17:50:42 IST" duration-ms="0" status="PASS">
          <reporter-output>
          </reporter-output>
        </test-method> <!-- launchApplication -->
        <test-method is-config="true" signature="beforeClass()[pri:0, instance:com.eagle.TestCases.LogoutTest@242b836]" started-at="2022-04-26T17:50:42 IST" name="beforeClass" finished-at="2022-04-26T17:50:42 IST" duration-ms="9" status="PASS">
          <reporter-output>
          </reporter-output>
        </test-method> <!-- beforeClass -->
        <test-method signature="VerifyLogout_Test()[pri:0, instance:com.eagle.TestCases.LogoutTest@242b836]" started-at="2022-04-26T17:50:42 IST" name="VerifyLogout_Test" description="Logout functionality verification" finished-at="2022-04-26T17:50:47 IST" duration-ms="5420" status="PASS">
          <reporter-output>
          </reporter-output>
        </test-method> <!-- VerifyLogout_Test -->
      </class> <!-- com.eagle.TestCases.LogoutTest -->
    </test> <!-- Smoke Test cases -->
  </suite> <!-- SmokeTestingSuite -->
</testng-results>
