<?xml version="1.0" encoding="UTF-8"?>
<testng-results ignored="0" total="6" passed="6" failed="0" skipped="0">
  <reporter-output>
  </reporter-output>
  <suite started-at="2021-11-15T13:30:24 IST" name="SmokeTestingSuite" finished-at="2021-11-15T13:31:08 IST" duration-ms="44051">
    <groups>
    </groups>
    <test started-at="2021-11-15T13:30:24 IST" name="Smoke Test cases" finished-at="2021-11-15T13:31:08 IST" duration-ms="44051">
      <class name="com.eagle.TestCases.LoginTest">
        <test-method is-config="true" signature="launchApplication()[pri:0, instance:com.eagle.TestCases.LoginTest@957e06]" started-at="2021-11-15T13:30:24 IST" name="launchApplication" finished-at="2021-11-15T13:30:31 IST" duration-ms="6227" status="PASS">
          <reporter-output>
          </reporter-output>
        </test-method> <!-- launchApplication -->
        <test-method is-config="true" signature="beforeClass()[pri:0, instance:com.eagle.TestCases.LoginTest@957e06]" started-at="2021-11-15T13:30:31 IST" name="beforeClass" finished-at="2021-11-15T13:30:31 IST" duration-ms="17" status="PASS">
          <reporter-output>
          </reporter-output>
        </test-method> <!-- beforeClass -->
        <test-method signature="VerifyLogin_Test()[pri:0, instance:com.eagle.TestCases.LoginTest@957e06]" started-at="2021-11-15T13:30:31 IST" name="VerifyLogin_Test" description="Login with valid credentials" finished-at="2021-11-15T13:31:02 IST" duration-ms="31316" status="PASS">
          <reporter-output>
          </reporter-output>
        </test-method> <!-- VerifyLogin_Test -->
      </class> <!-- com.eagle.TestCases.LoginTest -->
      <class name="com.eagle.TestCases.LogoutTest">
        <test-method is-config="true" signature="launchApplication()[pri:0, instance:com.eagle.TestCases.LogoutTest@1e1a0406]" started-at="2021-11-15T13:31:03 IST" name="launchApplication" finished-at="2021-11-15T13:31:03 IST" duration-ms="1" status="PASS">
          <reporter-output>
          </reporter-output>
        </test-method> <!-- launchApplication -->
        <test-method signature="VerifyLogout_Test()[pri:0, instance:com.eagle.TestCases.LogoutTest@1e1a0406]" started-at="2021-11-15T13:31:03 IST" name="VerifyLogout_Test" description="Logout functionality verification" finished-at="2021-11-15T13:31:08 IST" duration-ms="4354" status="PASS">
          <reporter-output>
          </reporter-output>
        </test-method> <!-- VerifyLogout_Test -->
        <test-method is-config="true" signature="beforeClass()[pri:0, instance:com.eagle.TestCases.LogoutTest@1e1a0406]" started-at="2021-11-15T13:31:03 IST" name="beforeClass" finished-at="2021-11-15T13:31:03 IST" duration-ms="0" status="PASS">
          <reporter-output>
          </reporter-output>
        </test-method> <!-- beforeClass -->
        <test-method is-config="true" signature="afterClass()[pri:0, instance:com.eagle.TestCases.LogoutTest@1e1a0406]" started-at="2021-11-15T13:31:08 IST" name="afterClass" finished-at="2021-11-15T13:31:08 IST" duration-ms="603" status="PASS">
          <reporter-output>
          </reporter-output>
        </test-method> <!-- afterClass -->
      </class> <!-- com.eagle.TestCases.LogoutTest -->
      <class name="com.eagle.TestCases.HomeTest">
        <test-method is-config="true" signature="launchApplication()[pri:0, instance:com.eagle.TestCases.HomeTest@23c30a20]" started-at="2021-11-15T13:31:02 IST" name="launchApplication" finished-at="2021-11-15T13:31:02 IST" duration-ms="0" status="PASS">
          <reporter-output>
          </reporter-output>
        </test-method> <!-- launchApplication -->
        <test-method is-config="true" signature="beforeClass()[pri:0, instance:com.eagle.TestCases.HomeTest@23c30a20]" started-at="2021-11-15T13:31:02 IST" name="beforeClass" finished-at="2021-11-15T13:31:02 IST" duration-ms="2" status="PASS">
          <reporter-output>
          </reporter-output>
        </test-method> <!-- beforeClass -->
        <test-method signature="VerifyLogoVisibility_Test()[pri:0, instance:com.eagle.TestCases.HomeTest@23c30a20]" started-at="2021-11-15T13:31:02 IST" name="VerifyLogoVisibility_Test" description="Check the visibility of Logo" finished-at="2021-11-15T13:31:02 IST" duration-ms="30" status="PASS">
          <reporter-output>
          </reporter-output>
        </test-method> <!-- VerifyLogoVisibility_Test -->
        <test-method signature="VerifyDashboard_Test()[pri:1, instance:com.eagle.TestCases.HomeTest@23c30a20]" started-at="2021-11-15T13:31:02 IST" name="VerifyDashboard_Test" description="Check if dashBoard displays all the components" finished-at="2021-11-15T13:31:02 IST" duration-ms="258" status="PASS">
          <reporter-output>
          </reporter-output>
        </test-method> <!-- VerifyDashboard_Test -->
        <test-method signature="VerifyUserProfile()[pri:2, instance:com.eagle.TestCases.HomeTest@23c30a20]" started-at="2021-11-15T13:31:02 IST" name="VerifyUserProfile" description="Check for user information in profile" finished-at="2021-11-15T13:31:03 IST" duration-ms="1142" status="PASS">
          <reporter-output>
          </reporter-output>
        </test-method> <!-- VerifyUserProfile -->
        <test-method signature="VerifyCopyRights()[pri:3, instance:com.eagle.TestCases.HomeTest@23c30a20]" started-at="2021-11-15T13:31:03 IST" name="VerifyCopyRights" description="Check for copyright and other links" finished-at="2021-11-15T13:31:03 IST" duration-ms="70" status="PASS">
          <reporter-output>
          </reporter-output>
        </test-method> <!-- VerifyCopyRights -->
      </class> <!-- com.eagle.TestCases.HomeTest -->
    </test> <!-- Smoke Test cases -->
  </suite> <!-- SmokeTestingSuite -->
</testng-results>
