<?xml version="1.0" encoding="UTF-8"?>
<testng-results ignored="0" total="3" passed="3" failed="0" skipped="0">
  <reporter-output>
  </reporter-output>
  <suite started-at="2021-11-19T22:20:11 IST" name="SmokeTestingSuite" finished-at="2021-11-19T22:23:58 IST" duration-ms="227818">
    <groups>
    </groups>
    <test started-at="2021-11-19T22:20:11 IST" name="Smoke Test cases" finished-at="2021-11-19T22:23:58 IST" duration-ms="227818">
      <class name="com.eagle.TestCases.LoginTest">
        <test-method is-config="true" signature="launchApplication()[pri:0, instance:com.eagle.TestCases.LoginTest@ffaa6af]" started-at="2021-11-19T22:20:11 IST" name="launchApplication" finished-at="2021-11-19T22:20:17 IST" duration-ms="6789" status="PASS">
          <reporter-output>
          </reporter-output>
        </test-method> <!-- launchApplication -->
        <test-method is-config="true" signature="beforeClass()[pri:0, instance:com.eagle.TestCases.LoginTest@ffaa6af]" started-at="2021-11-19T22:20:17 IST" name="beforeClass" finished-at="2021-11-19T22:20:17 IST" duration-ms="17" status="PASS">
          <reporter-output>
          </reporter-output>
        </test-method> <!-- beforeClass -->
        <test-method signature="VerifyLoginPage_Test()[pri:0, instance:com.eagle.TestCases.LoginTest@ffaa6af]" started-at="2021-11-19T22:20:17 IST" name="VerifyLoginPage_Test" description="Login functionality verification" finished-at="2021-11-19T22:20:55 IST" duration-ms="37404" status="PASS">
          <reporter-output>
          </reporter-output>
        </test-method> <!-- VerifyLoginPage_Test -->
      </class> <!-- com.eagle.TestCases.LoginTest -->
      <class name="com.eagle.TestCases.ComparisonTest">
        <test-method is-config="true" signature="beforeClass()[pri:0, instance:com.eagle.TestCases.ComparisonTest@2c1b194a]" started-at="2021-11-19T22:20:55 IST" name="beforeClass" finished-at="2021-11-19T22:20:55 IST" duration-ms="390" status="PASS">
          <reporter-output>
          </reporter-output>
        </test-method> <!-- beforeClass -->
        <test-method is-config="true" signature="launchApplication()[pri:0, instance:com.eagle.TestCases.ComparisonTest@2c1b194a]" started-at="2021-11-19T22:20:55 IST" name="launchApplication" finished-at="2021-11-19T22:20:55 IST" duration-ms="0" status="PASS">
          <reporter-output>
          </reporter-output>
        </test-method> <!-- launchApplication -->
        <test-method signature="DeleteComparisonFirstCard_Test()[pri:8, instance:com.eagle.TestCases.ComparisonTest@2c1b194a]" started-at="2021-11-19T22:20:55 IST" name="DeleteComparisonFirstCard_Test" description="Delete The first Card in Comparison" finished-at="2021-11-19T22:22:11 IST" duration-ms="75463" status="PASS">
          <reporter-output>
          </reporter-output>
        </test-method> <!-- DeleteComparisonFirstCard_Test -->
        <test-method signature="DeleteComparisonSecondCard_Test()[pri:9, instance:com.eagle.TestCases.ComparisonTest@2c1b194a]" started-at="2021-11-19T22:22:11 IST" name="DeleteComparisonSecondCard_Test" description="Delete The Second Card in Comparison" finished-at="2021-11-19T22:23:58 IST" duration-ms="107726" status="PASS">
          <reporter-output>
          </reporter-output>
        </test-method> <!-- DeleteComparisonSecondCard_Test -->
      </class> <!-- com.eagle.TestCases.ComparisonTest -->
    </test> <!-- Smoke Test cases -->
  </suite> <!-- SmokeTestingSuite -->
</testng-results>
