<?xml version="1.0" encoding="UTF-8"?>
<testng-results ignored="0" total="2" passed="2" failed="0" skipped="0">
  <reporter-output>
  </reporter-output>
  <suite started-at="2021-11-25T10:28:42 IST" name="SmokeTestingSuite" finished-at="2021-11-25T10:32:32 IST" duration-ms="230000">
    <groups>
    </groups>
    <test started-at="2021-11-25T10:28:42 IST" name="Smoke Test cases" finished-at="2021-11-25T10:32:32 IST" duration-ms="230000">
      <class name="com.eagle.TestCases.LoginTest">
        <test-method is-config="true" signature="launchApplication()[pri:0, instance:com.eagle.TestCases.LoginTest@4803b726]" started-at="2021-11-25T10:28:42 IST" name="launchApplication" finished-at="2021-11-25T10:28:49 IST" duration-ms="7461" status="PASS">
          <reporter-output>
          </reporter-output>
        </test-method> <!-- launchApplication -->
        <test-method is-config="true" signature="beforeClass()[pri:0, instance:com.eagle.TestCases.LoginTest@4803b726]" started-at="2021-11-25T10:28:49 IST" name="beforeClass" finished-at="2021-11-25T10:28:49 IST" duration-ms="20" status="PASS">
          <reporter-output>
          </reporter-output>
        </test-method> <!-- beforeClass -->
        <test-method signature="VerifyLoginPage_Test()[pri:0, instance:com.eagle.TestCases.LoginTest@4803b726]" started-at="2021-11-25T10:28:49 IST" name="VerifyLoginPage_Test" description="Login functionality verification" finished-at="2021-11-25T10:29:37 IST" duration-ms="47278" status="PASS">
          <reporter-output>
          </reporter-output>
        </test-method> <!-- VerifyLoginPage_Test -->
      </class> <!-- com.eagle.TestCases.LoginTest -->
      <class name="com.eagle.TestCases.ComparisonTest">
        <test-method is-config="true" signature="launchApplication()[pri:0, instance:com.eagle.TestCases.ComparisonTest@32502377]" started-at="2021-11-25T10:29:37 IST" name="launchApplication" finished-at="2021-11-25T10:29:37 IST" duration-ms="0" status="PASS">
          <reporter-output>
          </reporter-output>
        </test-method> <!-- launchApplication -->
        <test-method is-config="true" signature="beforeClass()[pri:0, instance:com.eagle.TestCases.ComparisonTest@32502377]" started-at="2021-11-25T10:29:37 IST" name="beforeClass" finished-at="2021-11-25T10:29:37 IST" duration-ms="544" status="PASS">
          <reporter-output>
          </reporter-output>
        </test-method> <!-- beforeClass -->
        <test-method signature="ChangeControlAndCase_Test()[pri:20, instance:com.eagle.TestCases.ComparisonTest@32502377]" started-at="2021-11-25T10:29:37 IST" name="ChangeControlAndCase_Test" description="Interchange Control and Case sets in the Comparison" finished-at="2021-11-25T10:32:32 IST" duration-ms="174660" status="PASS">
          <reporter-output>
          </reporter-output>
        </test-method> <!-- ChangeControlAndCase_Test -->
      </class> <!-- com.eagle.TestCases.ComparisonTest -->
    </test> <!-- Smoke Test cases -->
  </suite> <!-- SmokeTestingSuite -->
</testng-results>
