<?xml version="1.0" encoding="UTF-8"?>
<testng-results ignored="0" total="2" passed="2" failed="0" skipped="0">
  <reporter-output>
  </reporter-output>
  <suite started-at="2021-11-18T11:39:57 IST" name="SmokeTestingSuite" finished-at="2021-11-18T11:42:24 IST" duration-ms="146722">
    <groups>
    </groups>
    <test started-at="2021-11-18T11:39:57 IST" name="Smoke Test cases" finished-at="2021-11-18T11:42:24 IST" duration-ms="146722">
      <class name="com.eagle.TestCases.LoginTest">
        <test-method is-config="true" signature="launchApplication()[pri:0, instance:com.eagle.TestCases.LoginTest@4803b726]" started-at="2021-11-18T11:39:58 IST" name="launchApplication" finished-at="2021-11-18T11:40:04 IST" duration-ms="6776" status="PASS">
          <reporter-output>
          </reporter-output>
        </test-method> <!-- launchApplication -->
        <test-method is-config="true" signature="beforeClass()[pri:0, instance:com.eagle.TestCases.LoginTest@4803b726]" started-at="2021-11-18T11:40:04 IST" name="beforeClass" finished-at="2021-11-18T11:40:04 IST" duration-ms="18" status="PASS">
          <reporter-output>
          </reporter-output>
        </test-method> <!-- beforeClass -->
        <test-method signature="VerifyLoginPage_Test()[pri:0, instance:com.eagle.TestCases.LoginTest@4803b726]" started-at="2021-11-18T11:40:04 IST" name="VerifyLoginPage_Test" description="Login functionality verification" finished-at="2021-11-18T11:40:42 IST" duration-ms="37882" status="PASS">
          <reporter-output>
          </reporter-output>
        </test-method> <!-- VerifyLoginPage_Test -->
      </class> <!-- com.eagle.TestCases.LoginTest -->
      <class name="com.eagle.TestCases.ExplorationTest">
        <test-method is-config="true" signature="launchApplication()[pri:0, instance:com.eagle.TestCases.ExplorationTest@32502377]" started-at="2021-11-18T11:40:42 IST" name="launchApplication" finished-at="2021-11-18T11:40:42 IST" duration-ms="0" status="PASS">
          <reporter-output>
          </reporter-output>
        </test-method> <!-- launchApplication -->
        <test-method is-config="true" signature="beforeClass()[pri:0, instance:com.eagle.TestCases.ExplorationTest@32502377]" started-at="2021-11-18T11:40:42 IST" name="beforeClass" finished-at="2021-11-18T11:40:43 IST" duration-ms="405" status="PASS">
          <reporter-output>
          </reporter-output>
        </test-method> <!-- beforeClass -->
        <test-method signature="ExplorationExpandAddFromSet_Test()[pri:9, instance:com.eagle.TestCases.ExplorationTest@32502377]" started-at="2021-11-18T11:40:43 IST" name="ExplorationExpandAddFromSet_Test" description="Exploration - Expand and add items from Set" finished-at="2021-11-18T11:42:24 IST" duration-ms="101614" status="PASS">
          <reporter-output>
          </reporter-output>
        </test-method> <!-- ExplorationExpandAddFromSet_Test -->
      </class> <!-- com.eagle.TestCases.ExplorationTest -->
    </test> <!-- Smoke Test cases -->
  </suite> <!-- SmokeTestingSuite -->
</testng-results>
