<?xml version="1.0" encoding="UTF-8"?>
<testng-results ignored="0" total="2" passed="2" failed="0" skipped="0">
  <reporter-output>
  </reporter-output>
  <suite started-at="2021-12-08T17:19:45 IST" name="SmokeTestingSuite" finished-at="2021-12-08T17:27:08 IST" duration-ms="442656">
    <groups>
    </groups>
    <test started-at="2021-12-08T17:19:45 IST" name="Smoke Test cases" finished-at="2021-12-08T17:27:08 IST" duration-ms="442656">
      <class name="com.eagle.TestCases.LoginTest">
        <test-method is-config="true" signature="launchApplication()[pri:0, instance:com.eagle.TestCases.LoginTest@4803b726]" started-at="2021-12-08T17:19:45 IST" name="launchApplication" finished-at="2021-12-08T17:19:52 IST" duration-ms="7376" status="PASS">
          <reporter-output>
          </reporter-output>
        </test-method> <!-- launchApplication -->
        <test-method is-config="true" signature="beforeClass()[pri:0, instance:com.eagle.TestCases.LoginTest@4803b726]" started-at="2021-12-08T17:19:52 IST" name="beforeClass" finished-at="2021-12-08T17:19:52 IST" duration-ms="20" status="PASS">
          <reporter-output>
          </reporter-output>
        </test-method> <!-- beforeClass -->
        <test-method signature="VerifyLoginPage_Test()[pri:0, instance:com.eagle.TestCases.LoginTest@4803b726]" started-at="2021-12-08T17:19:52 IST" name="VerifyLoginPage_Test" description="Login with valid credentials" finished-at="2021-12-08T17:21:10 IST" duration-ms="77390" status="PASS">
          <reporter-output>
          </reporter-output>
        </test-method> <!-- VerifyLoginPage_Test -->
      </class> <!-- com.eagle.TestCases.LoginTest -->
      <class name="com.eagle.TestCases.ComparisonTest">
        <test-method is-config="true" signature="launchApplication()[pri:0, instance:com.eagle.TestCases.ComparisonTest@32502377]" started-at="2021-12-08T17:21:10 IST" name="launchApplication" finished-at="2021-12-08T17:21:10 IST" duration-ms="0" status="PASS">
          <reporter-output>
          </reporter-output>
        </test-method> <!-- launchApplication -->
        <test-method is-config="true" signature="beforeClass()[pri:0, instance:com.eagle.TestCases.ComparisonTest@32502377]" started-at="2021-12-08T17:21:10 IST" name="beforeClass" finished-at="2021-12-08T17:21:10 IST" duration-ms="434" status="PASS">
          <reporter-output>
          </reporter-output>
        </test-method> <!-- beforeClass -->
        <test-method signature="ComparisonExpandAddFromFile_Test()[pri:12, instance:com.eagle.TestCases.ComparisonTest@32502377]" started-at="2021-12-08T17:21:10 IST" name="ComparisonExpandAddFromFile_Test" description="Comparison - Expand and add items from File" finished-at="2021-12-08T17:27:08 IST" duration-ms="357406" status="PASS">
          <reporter-output>
          </reporter-output>
        </test-method> <!-- ComparisonExpandAddFromFile_Test -->
      </class> <!-- com.eagle.TestCases.ComparisonTest -->
    </test> <!-- Smoke Test cases -->
  </suite> <!-- SmokeTestingSuite -->
</testng-results>
