<?xml version="1.0" encoding="UTF-8"?>
<testng-results ignored="1" total="3" passed="2" failed="0" skipped="0">
  <reporter-output>
  </reporter-output>
  <suite started-at="2021-12-21T23:14:44 IST" name="SmokeTestingSuite" finished-at="2021-12-21T23:16:20 IST" duration-ms="95491">
    <groups>
    </groups>
    <test started-at="2021-12-21T23:14:44 IST" name="Smoke Test cases" finished-at="2021-12-21T23:16:20 IST" duration-ms="95491">
      <class name="com.eagle.TestCases.LoginTest">
        <test-method is-config="true" signature="launchApplication()[pri:0, instance:com.eagle.TestCases.LoginTest@2c1b194a]" started-at="2021-12-21T23:14:44 IST" name="launchApplication" finished-at="2021-12-21T23:14:52 IST" duration-ms="7500" status="PASS">
          <reporter-output>
          </reporter-output>
        </test-method> <!-- launchApplication -->
        <test-method is-config="true" signature="beforeClass()[pri:0, instance:com.eagle.TestCases.LoginTest@2c1b194a]" started-at="2021-12-21T23:14:52 IST" name="beforeClass" finished-at="2021-12-21T23:14:52 IST" duration-ms="32" status="PASS">
          <reporter-output>
          </reporter-output>
        </test-method> <!-- beforeClass -->
        <test-method signature="VerifyLoginPage_Test()[pri:0, instance:com.eagle.TestCases.LoginTest@2c1b194a]" started-at="2021-12-21T23:14:52 IST" name="VerifyLoginPage_Test" description="Login with valid credentials" finished-at="2021-12-21T23:15:17 IST" duration-ms="25009" status="PASS">
          <reporter-output>
          </reporter-output>
        </test-method> <!-- VerifyLoginPage_Test -->
        <test-method is-config="true" signature="closeApplication()[pri:0, instance:com.eagle.TestCases.LoginTest@2c1b194a]" started-at="2021-12-21T23:16:20 IST" name="closeApplication" finished-at="2021-12-21T23:16:21 IST" duration-ms="632" status="PASS">
          <reporter-output>
          </reporter-output>
        </test-method> <!-- closeApplication -->
      </class> <!-- com.eagle.TestCases.LoginTest -->
      <class name="com.eagle.TestCases.ComparisonTest">
        <test-method is-config="true" signature="beforeClass()[pri:0, instance:com.eagle.TestCases.ComparisonTest@73e9cf30]" started-at="2021-12-21T23:15:17 IST" name="beforeClass" finished-at="2021-12-21T23:15:17 IST" duration-ms="372" status="PASS">
          <reporter-output>
          </reporter-output>
        </test-method> <!-- beforeClass -->
        <test-method is-config="true" signature="launchApplication()[pri:0, instance:com.eagle.TestCases.ComparisonTest@73e9cf30]" started-at="2021-12-21T23:15:17 IST" name="launchApplication" finished-at="2021-12-21T23:15:17 IST" duration-ms="0" status="PASS">
          <reporter-output>
          </reporter-output>
        </test-method> <!-- launchApplication -->
        <test-method signature="updateComparisonWithCaseCard_Test()[pri:5, instance:com.eagle.TestCases.ComparisonTest@73e9cf30]" started-at="2021-12-21T23:15:17 IST" name="updateComparisonWithCaseCard_Test" description="Update an Existing Comparison with a case Card" finished-at="2021-12-21T23:16:20 IST" duration-ms="62541" status="PASS">
          <reporter-output>
          </reporter-output>
        </test-method> <!-- updateComparisonWithCaseCard_Test -->
      </class> <!-- com.eagle.TestCases.ComparisonTest -->
    </test> <!-- Smoke Test cases -->
  </suite> <!-- SmokeTestingSuite -->
</testng-results>
