<?xml version="1.0" encoding="UTF-8"?>
<testng-results ignored="0" total="1" passed="1" failed="0" skipped="0">
  <reporter-output>
  </reporter-output>
  <suite started-at="2021-09-17T14:56:10 IST" name="Default suite" finished-at="2021-09-17T14:56:41 IST" duration-ms="30775">
    <groups>
    </groups>
    <test started-at="2021-09-17T14:56:10 IST" name="Default test" finished-at="2021-09-17T14:56:41 IST" duration-ms="30775">
      <class name="com.eagle.TestCases.SetTest">
        <test-method is-config="true" signature="launchApplication()[pri:0, instance:com.eagle.TestCases.SetTest@8462f31]" started-at="2021-09-17T14:56:10 IST" name="launchApplication" finished-at="2021-09-17T14:56:17 IST" duration-ms="7018" status="PASS">
          <reporter-output>
          </reporter-output>
        </test-method> <!-- launchApplication -->
        <test-method signature="test_Set_Correct()[pri:0, instance:com.eagle.TestCases.SetTest@8462f31]" started-at="2021-09-17T14:56:17 IST" name="test_Set_Correct" finished-at="2021-09-17T14:56:41 IST" duration-ms="23732" status="PASS">
          <reporter-output>
          </reporter-output>
        </test-method> <!-- test_Set_Correct -->
      </class> <!-- com.eagle.TestCases.SetTest -->
    </test> <!-- Default test -->
  </suite> <!-- Default suite -->
</testng-results>
