<?xml version="1.0" encoding="UTF-8"?>
<testng-results ignored="4" total="16" passed="12" failed="0" skipped="0">
  <reporter-output>
  </reporter-output>
  <suite started-at="2021-12-23T11:42:53 IST" name="SmokeTestingSuite" finished-at="2021-12-23T11:57:11 IST" duration-ms="857949">
    <groups>
    </groups>
    <test started-at="2021-12-23T11:42:53 IST" name="Smoke Test cases" finished-at="2021-12-23T11:57:11 IST" duration-ms="857949">
      <class name="com.eagle.TestCases.LoginTest">
        <test-method is-config="true" signature="launchApplication()[pri:0, instance:com.eagle.TestCases.LoginTest@27462a88]" started-at="2021-12-23T11:42:53 IST" name="launchApplication" finished-at="2021-12-23T11:43:04 IST" duration-ms="11037" status="PASS">
          <reporter-output>
          </reporter-output>
        </test-method> <!-- launchApplication -->
        <test-method is-config="true" signature="beforeClass()[pri:0, instance:com.eagle.TestCases.LoginTest@27462a88]" started-at="2021-12-23T11:43:04 IST" name="beforeClass" finished-at="2021-12-23T11:43:04 IST" duration-ms="28" status="PASS">
          <reporter-output>
          </reporter-output>
        </test-method> <!-- beforeClass -->
        <test-method signature="VerifyLoginPage_Test()[pri:0, instance:com.eagle.TestCases.LoginTest@27462a88]" started-at="2021-12-23T11:43:04 IST" name="VerifyLoginPage_Test" description="Login with valid credentials" finished-at="2021-12-23T11:43:32 IST" duration-ms="27675" status="PASS">
          <reporter-output>
          </reporter-output>
        </test-method> <!-- VerifyLoginPage_Test -->
        <test-method is-config="true" signature="closeApplication()[pri:0, instance:com.eagle.TestCases.LoginTest@27462a88]" started-at="2021-12-23T11:57:12 IST" name="closeApplication" finished-at="2021-12-23T11:57:12 IST" duration-ms="1" status="PASS">
          <reporter-output>
          </reporter-output>
        </test-method> <!-- closeApplication -->
      </class> <!-- com.eagle.TestCases.LoginTest -->
      <class name="com.eagle.TestCases.SetTest">
        <test-method is-config="true" signature="beforeClass()[pri:0, instance:com.eagle.TestCases.SetTest@5d534f5d]" started-at="2021-12-23T11:43:32 IST" name="beforeClass" finished-at="2021-12-23T11:43:32 IST" duration-ms="486" status="PASS">
          <reporter-output>
          </reporter-output>
        </test-method> <!-- beforeClass -->
        <test-method is-config="true" signature="launchApplication()[pri:0, instance:com.eagle.TestCases.SetTest@5d534f5d]" started-at="2021-12-23T11:43:32 IST" name="launchApplication" finished-at="2021-12-23T11:43:32 IST" duration-ms="0" status="PASS">
          <reporter-output>
          </reporter-output>
        </test-method> <!-- launchApplication -->
        <test-method signature="CreateSet_Test()[pri:0, instance:com.eagle.TestCases.SetTest@5d534f5d]" started-at="2021-12-23T11:43:32 IST" name="CreateSet_Test" description="Create Set" finished-at="2021-12-23T11:44:06 IST" duration-ms="33332" status="PASS">
          <reporter-output>
          </reporter-output>
        </test-method> <!-- CreateSet_Test -->
        <test-method signature="CreateSetFromSet_Test()[pri:3, instance:com.eagle.TestCases.SetTest@5d534f5d]" started-at="2021-12-23T11:44:06 IST" name="CreateSetFromSet_Test" description="Create Set From Another Set" finished-at="2021-12-23T11:45:03 IST" duration-ms="57621" status="PASS">
          <reporter-output>
          </reporter-output>
        </test-method> <!-- CreateSetFromSet_Test -->
        <test-method signature="SearchInSetExpand_Test()[pri:4, instance:com.eagle.TestCases.SetTest@5d534f5d]" started-at="2021-12-23T11:45:03 IST" name="SearchInSetExpand_Test" description="Search A Text In Set Expand" finished-at="2021-12-23T11:47:08 IST" duration-ms="124471" status="PASS">
          <reporter-output>
          </reporter-output>
        </test-method> <!-- SearchInSetExpand_Test -->
        <test-method signature="CreateAndDeleteSet_Test()[pri:11, instance:com.eagle.TestCases.SetTest@5d534f5d]" started-at="2021-12-23T11:47:08 IST" name="CreateAndDeleteSet_Test" description="Create And Delete A Set" finished-at="2021-12-23T11:47:44 IST" duration-ms="35951" status="PASS">
          <reporter-output>
          </reporter-output>
        </test-method> <!-- CreateAndDeleteSet_Test -->
        <test-method signature="CreateAndShareSet_Test()[pri:12, instance:com.eagle.TestCases.SetTest@5d534f5d]" started-at="2021-12-23T11:47:44 IST" name="CreateAndShareSet_Test" description="Create And Share A Set" finished-at="2021-12-23T11:48:32 IST" duration-ms="48536" status="PASS">
          <reporter-output>
          </reporter-output>
        </test-method> <!-- CreateAndShareSet_Test -->
      </class> <!-- com.eagle.TestCases.SetTest -->
      <class name="com.eagle.TestCases.LogoutTest">
        <test-method is-config="true" signature="launchApplication()[pri:0, instance:com.eagle.TestCases.LogoutTest@51c668e3]" started-at="2021-12-23T11:57:05 IST" name="launchApplication" finished-at="2021-12-23T11:57:05 IST" duration-ms="0" status="PASS">
          <reporter-output>
          </reporter-output>
        </test-method> <!-- launchApplication -->
        <test-method is-config="true" signature="beforeClass()[pri:0, instance:com.eagle.TestCases.LogoutTest@51c668e3]" started-at="2021-12-23T11:57:05 IST" name="beforeClass" finished-at="2021-12-23T11:57:05 IST" duration-ms="2" status="PASS">
          <reporter-output>
          </reporter-output>
        </test-method> <!-- beforeClass -->
        <test-method signature="VerifyLogout_Test()[pri:0, instance:com.eagle.TestCases.LogoutTest@51c668e3]" started-at="2021-12-23T11:57:05 IST" name="VerifyLogout_Test" description="Logout functionality verification" finished-at="2021-12-23T11:57:10 IST" duration-ms="4896" status="PASS">
          <reporter-output>
          </reporter-output>
        </test-method> <!-- VerifyLogout_Test -->
        <test-method is-config="true" signature="afterClass()[pri:0, instance:com.eagle.TestCases.LogoutTest@51c668e3]" started-at="2021-12-23T11:57:10 IST" name="afterClass" finished-at="2021-12-23T11:57:11 IST" duration-ms="732" status="PASS">
          <reporter-output>
          </reporter-output>
        </test-method> <!-- afterClass -->
      </class> <!-- com.eagle.TestCases.LogoutTest -->
      <class name="com.eagle.TestCases.ComparisonTest">
        <test-method is-config="true" signature="launchApplication()[pri:0, instance:com.eagle.TestCases.ComparisonTest@6fdbe764]" started-at="2021-12-23T11:53:39 IST" name="launchApplication" finished-at="2021-12-23T11:53:39 IST" duration-ms="0" status="PASS">
          <reporter-output>
          </reporter-output>
        </test-method> <!-- launchApplication -->
        <test-method is-config="true" signature="beforeClass()[pri:0, instance:com.eagle.TestCases.ComparisonTest@6fdbe764]" started-at="2021-12-23T11:53:39 IST" name="beforeClass" finished-at="2021-12-23T11:53:40 IST" duration-ms="296" status="PASS">
          <reporter-output>
          </reporter-output>
        </test-method> <!-- beforeClass -->
        <test-method signature="ComparisonCreateMultipleCaseCards_Test()[pri:13, instance:com.eagle.TestCases.ComparisonTest@6fdbe764]" started-at="2021-12-23T11:53:40 IST" name="ComparisonCreateMultipleCaseCards_Test" description="Comparison - Create with multiple Case Cards" finished-at="2021-12-23T11:55:09 IST" duration-ms="89107" status="PASS">
          <reporter-output>
          </reporter-output>
        </test-method> <!-- ComparisonCreateMultipleCaseCards_Test -->
        <test-method signature="ComparisonCreateMultipleCaseCardsRunComparison_Test()[pri:14, instance:com.eagle.TestCases.ComparisonTest@6fdbe764]" started-at="2021-12-23T11:55:09 IST" name="ComparisonCreateMultipleCaseCardsRunComparison_Test" description="Comparison - Create with multiple Case Cards and Run Comparison" finished-at="2021-12-23T11:57:05 IST" duration-ms="116801" status="PASS">
          <reporter-output>
          </reporter-output>
        </test-method> <!-- ComparisonCreateMultipleCaseCardsRunComparison_Test -->
      </class> <!-- com.eagle.TestCases.ComparisonTest -->
      <class name="com.eagle.TestCases.ExplorationTest">
        <test-method is-config="true" signature="launchApplication()[pri:0, instance:com.eagle.TestCases.ExplorationTest@a38c7fe]" started-at="2021-12-23T11:48:32 IST" name="launchApplication" finished-at="2021-12-23T11:48:32 IST" duration-ms="0" status="PASS">
          <reporter-output>
          </reporter-output>
        </test-method> <!-- launchApplication -->
        <test-method is-config="true" signature="beforeClass()[pri:0, instance:com.eagle.TestCases.ExplorationTest@a38c7fe]" started-at="2021-12-23T11:48:32 IST" name="beforeClass" finished-at="2021-12-23T11:48:33 IST" duration-ms="256" status="PASS">
          <reporter-output>
          </reporter-output>
        </test-method> <!-- beforeClass -->
        <test-method signature="ExplorationExpandAddFromSet_Test()[pri:9, instance:com.eagle.TestCases.ExplorationTest@a38c7fe]" started-at="2021-12-23T11:48:33 IST" name="ExplorationExpandAddFromSet_Test" description="Exploration - Expand and add items from Set" finished-at="2021-12-23T11:50:08 IST" duration-ms="95790" status="PASS">
          <reporter-output>
          </reporter-output>
        </test-method> <!-- ExplorationExpandAddFromSet_Test -->
        <test-method signature="ExplorationExpandAddFromFile_Test()[pri:10, instance:com.eagle.TestCases.ExplorationTest@a38c7fe]" started-at="2021-12-23T11:50:08 IST" name="ExplorationExpandAddFromFile_Test" description="Exploration - Expand and add items from File" finished-at="2021-12-23T11:52:42 IST" duration-ms="153217" status="PASS">
          <reporter-output>
          </reporter-output>
        </test-method> <!-- ExplorationExpandAddFromFile_Test -->
        <test-method signature="ExplorationCreateARelationCard_Test()[pri:11, instance:com.eagle.TestCases.ExplorationTest@a38c7fe]" started-at="2021-12-23T11:52:42 IST" name="ExplorationCreateARelationCard_Test" description="Exploration - Create with one additional relation Card" finished-at="2021-12-23T11:53:39 IST" duration-ms="57650" status="PASS">
          <reporter-output>
          </reporter-output>
        </test-method> <!-- ExplorationCreateARelationCard_Test -->
      </class> <!-- com.eagle.TestCases.ExplorationTest -->
    </test> <!-- Smoke Test cases -->
  </suite> <!-- SmokeTestingSuite -->
</testng-results>
