<?xml version="1.0" encoding="UTF-8"?>
<testng-results ignored="0" total="2" passed="2" failed="0" skipped="0">
  <reporter-output>
  </reporter-output>
  <suite started-at="2021-12-07T21:01:12 IST" name="SmokeTestingSuite" finished-at="2021-12-07T21:08:06 IST" duration-ms="414287">
    <groups>
    </groups>
    <test started-at="2021-12-07T21:01:12 IST" name="Smoke Test cases" finished-at="2021-12-07T21:08:06 IST" duration-ms="414287">
      <class name="com.eagle.TestCases.LoginTest">
        <test-method is-config="true" signature="launchApplication()[pri:0, instance:com.eagle.TestCases.LoginTest@ffaa6af]" started-at="2021-12-07T21:01:12 IST" name="launchApplication" finished-at="2021-12-07T21:01:19 IST" duration-ms="7385" status="PASS">
          <reporter-output>
          </reporter-output>
        </test-method> <!-- launchApplication -->
        <test-method is-config="true" signature="beforeClass()[pri:0, instance:com.eagle.TestCases.LoginTest@ffaa6af]" started-at="2021-12-07T21:01:19 IST" name="beforeClass" finished-at="2021-12-07T21:01:19 IST" duration-ms="21" status="PASS">
          <reporter-output>
          </reporter-output>
        </test-method> <!-- beforeClass -->
        <test-method signature="VerifyLoginPage_Test()[pri:0, instance:com.eagle.TestCases.LoginTest@ffaa6af]" started-at="2021-12-07T21:01:19 IST" name="VerifyLoginPage_Test" description="Login with valid credentials" finished-at="2021-12-07T21:01:42 IST" duration-ms="23088" status="PASS">
          <reporter-output>
          </reporter-output>
        </test-method> <!-- VerifyLoginPage_Test -->
      </class> <!-- com.eagle.TestCases.LoginTest -->
      <class name="com.eagle.TestCases.ComparisonTest">
        <test-method is-config="true" signature="launchApplication()[pri:0, instance:com.eagle.TestCases.ComparisonTest@2c1b194a]" started-at="2021-12-07T21:01:42 IST" name="launchApplication" finished-at="2021-12-07T21:01:42 IST" duration-ms="0" status="PASS">
          <reporter-output>
          </reporter-output>
        </test-method> <!-- launchApplication -->
        <test-method is-config="true" signature="beforeClass()[pri:0, instance:com.eagle.TestCases.ComparisonTest@2c1b194a]" started-at="2021-12-07T21:01:42 IST" name="beforeClass" finished-at="2021-12-07T21:01:43 IST" duration-ms="395" status="PASS">
          <reporter-output>
          </reporter-output>
        </test-method> <!-- beforeClass -->
        <test-method signature="ComparisonExpandAddFromSet_Test()[pri:11, instance:com.eagle.TestCases.ComparisonTest@2c1b194a]" started-at="2021-12-07T21:01:43 IST" name="ComparisonExpandAddFromSet_Test" description="Comparison - Expand and add items from Set" finished-at="2021-12-07T21:08:06 IST" duration-ms="383364" status="PASS">
          <reporter-output>
          </reporter-output>
        </test-method> <!-- ComparisonExpandAddFromSet_Test -->
      </class> <!-- com.eagle.TestCases.ComparisonTest -->
    </test> <!-- Smoke Test cases -->
  </suite> <!-- SmokeTestingSuite -->
</testng-results>
