<?xml version="1.0" encoding="UTF-8"?>
<testng-results ignored="1" total="3" passed="2" failed="0" skipped="0">
  <reporter-output>
  </reporter-output>
  <suite started-at="2021-12-22T19:51:54 IST" name="SmokeTestingSuite" finished-at="2021-12-22T19:54:29 IST" duration-ms="155186">
    <groups>
    </groups>
    <test started-at="2021-12-22T19:51:54 IST" name="Smoke Test cases" finished-at="2021-12-22T19:54:29 IST" duration-ms="155186">
      <class name="com.eagle.TestCases.LoginTest">
        <test-method is-config="true" signature="launchApplication()[pri:0, instance:com.eagle.TestCases.LoginTest@2c1b194a]" started-at="2021-12-22T19:51:54 IST" name="launchApplication" finished-at="2021-12-22T19:52:01 IST" duration-ms="7449" status="PASS">
          <reporter-output>
          </reporter-output>
        </test-method> <!-- launchApplication -->
        <test-method is-config="true" signature="beforeClass()[pri:0, instance:com.eagle.TestCases.LoginTest@2c1b194a]" started-at="2021-12-22T19:52:01 IST" name="beforeClass" finished-at="2021-12-22T19:52:01 IST" duration-ms="36" status="PASS">
          <reporter-output>
          </reporter-output>
        </test-method> <!-- beforeClass -->
        <test-method signature="VerifyLoginPage_Test()[pri:0, instance:com.eagle.TestCases.LoginTest@2c1b194a]" started-at="2021-12-22T19:52:01 IST" name="VerifyLoginPage_Test" description="Login with valid credentials" finished-at="2021-12-22T19:52:30 IST" duration-ms="28304" status="PASS">
          <reporter-output>
          </reporter-output>
        </test-method> <!-- VerifyLoginPage_Test -->
        <test-method is-config="true" signature="closeApplication()[pri:0, instance:com.eagle.TestCases.LoginTest@2c1b194a]" started-at="2021-12-22T19:54:30 IST" name="closeApplication" finished-at="2021-12-22T19:54:30 IST" duration-ms="701" status="PASS">
          <reporter-output>
          </reporter-output>
        </test-method> <!-- closeApplication -->
      </class> <!-- com.eagle.TestCases.LoginTest -->
      <class name="com.eagle.TestCases.ExplorationTest">
        <test-method is-config="true" signature="launchApplication()[pri:0, instance:com.eagle.TestCases.ExplorationTest@73e9cf30]" started-at="2021-12-22T19:52:30 IST" name="launchApplication" finished-at="2021-12-22T19:52:30 IST" duration-ms="0" status="PASS">
          <reporter-output>
          </reporter-output>
        </test-method> <!-- launchApplication -->
        <test-method is-config="true" signature="beforeClass()[pri:0, instance:com.eagle.TestCases.ExplorationTest@73e9cf30]" started-at="2021-12-22T19:52:30 IST" name="beforeClass" finished-at="2021-12-22T19:52:30 IST" duration-ms="364" status="PASS">
          <reporter-output>
          </reporter-output>
        </test-method> <!-- beforeClass -->
        <test-method signature="ExplorationCreateTwoRelationCard_Test()[pri:12, instance:com.eagle.TestCases.ExplorationTest@73e9cf30]" started-at="2021-12-22T19:52:30 IST" name="ExplorationCreateTwoRelationCard_Test" description="Exploration - Create with 2 additional relation Card" finished-at="2021-12-22T19:54:29 IST" duration-ms="118997" status="PASS">
          <reporter-output>
          </reporter-output>
        </test-method> <!-- ExplorationCreateTwoRelationCard_Test -->
      </class> <!-- com.eagle.TestCases.ExplorationTest -->
    </test> <!-- Smoke Test cases -->
  </suite> <!-- SmokeTestingSuite -->
</testng-results>
