<?xml version="1.0" encoding="UTF-8"?>
<testng-results ignored="0" total="2" passed="2" failed="0" skipped="0">
  <reporter-output>
  </reporter-output>
  <suite started-at="2021-12-01T15:10:11 IST" name="SmokeTestingSuite" finished-at="2021-12-01T15:17:32 IST" duration-ms="440734">
    <groups>
    </groups>
    <test started-at="2021-12-01T15:10:11 IST" name="Smoke Test cases" finished-at="2021-12-01T15:17:32 IST" duration-ms="440734">
      <class name="com.eagle.TestCases.LoginTest">
        <test-method is-config="true" signature="launchApplication()[pri:0, instance:com.eagle.TestCases.LoginTest@4803b726]" started-at="2021-12-01T15:10:11 IST" name="launchApplication" finished-at="2021-12-01T15:10:26 IST" duration-ms="14546" status="PASS">
          <reporter-output>
          </reporter-output>
        </test-method> <!-- launchApplication -->
        <test-method is-config="true" signature="beforeClass()[pri:0, instance:com.eagle.TestCases.LoginTest@4803b726]" started-at="2021-12-01T15:10:26 IST" name="beforeClass" finished-at="2021-12-01T15:10:26 IST" duration-ms="42" status="PASS">
          <reporter-output>
          </reporter-output>
        </test-method> <!-- beforeClass -->
        <test-method signature="VerifyLoginPage_Test()[pri:0, instance:com.eagle.TestCases.LoginTest@4803b726]" started-at="2021-12-01T15:10:26 IST" name="VerifyLoginPage_Test" description="Login with valid credentials" finished-at="2021-12-01T15:11:18 IST" duration-ms="52377" status="PASS">
          <reporter-output>
          </reporter-output>
        </test-method> <!-- VerifyLoginPage_Test -->
      </class> <!-- com.eagle.TestCases.LoginTest -->
      <class name="com.eagle.TestCases.SetTest">
        <test-method is-config="true" signature="launchApplication()[pri:0, instance:com.eagle.TestCases.SetTest@32502377]" started-at="2021-12-01T15:11:18 IST" name="launchApplication" finished-at="2021-12-01T15:11:18 IST" duration-ms="0" status="PASS">
          <reporter-output>
          </reporter-output>
        </test-method> <!-- launchApplication -->
        <test-method is-config="true" signature="beforeClass()[pri:0, instance:com.eagle.TestCases.SetTest@32502377]" started-at="2021-12-01T15:11:18 IST" name="beforeClass" finished-at="2021-12-01T15:11:19 IST" duration-ms="528" status="PASS">
          <reporter-output>
          </reporter-output>
        </test-method> <!-- beforeClass -->
        <test-method signature="RemoveItemsfromSet_Test()[pri:9, instance:com.eagle.TestCases.SetTest@32502377]" started-at="2021-12-01T15:11:19 IST" name="RemoveItemsfromSet_Test" description="Remove items from Set Expand" finished-at="2021-12-01T15:17:32 IST" duration-ms="373206" status="PASS">
          <reporter-output>
          </reporter-output>
        </test-method> <!-- RemoveItemsfromSet_Test -->
      </class> <!-- com.eagle.TestCases.SetTest -->
    </test> <!-- Smoke Test cases -->
  </suite> <!-- SmokeTestingSuite -->
</testng-results>
