<?xml version="1.0" encoding="UTF-8"?>
<testng-results ignored="1" total="5" passed="4" failed="0" skipped="0">
  <reporter-output>
  </reporter-output>
  <suite started-at="2022-01-09T12:34:25 IST" name="SmokeTestingSuite" finished-at="2022-01-09T12:39:01 IST" duration-ms="275615">
    <groups>
    </groups>
    <test started-at="2022-01-09T12:34:25 IST" name="Smoke Test cases" finished-at="2022-01-09T12:39:01 IST" duration-ms="275615">
      <class name="com.eagle.TestCases.LoginTest">
        <test-method is-config="true" signature="launchApplication()[pri:0, instance:com.eagle.TestCases.LoginTest@4dbb42b7]" started-at="2022-01-09T12:34:25 IST" name="launchApplication" finished-at="2022-01-09T12:34:35 IST" duration-ms="9995" status="PASS">
          <reporter-output>
          </reporter-output>
        </test-method> <!-- launchApplication -->
        <test-method is-config="true" signature="beforeClass()[pri:0, instance:com.eagle.TestCases.LoginTest@4dbb42b7]" started-at="2022-01-09T12:34:35 IST" name="beforeClass" finished-at="2022-01-09T12:34:35 IST" duration-ms="59" status="PASS">
          <reporter-output>
          </reporter-output>
        </test-method> <!-- beforeClass -->
        <test-method signature="VerifyLoginPage_Test()[pri:0, instance:com.eagle.TestCases.LoginTest@4dbb42b7]" started-at="2022-01-09T12:34:35 IST" name="VerifyLoginPage_Test" description="Login with valid credentials" finished-at="2022-01-09T12:35:55 IST" duration-ms="80016" status="PASS">
          <reporter-output>
          </reporter-output>
        </test-method> <!-- VerifyLoginPage_Test -->
        <test-method is-config="true" signature="closeApplication()[pri:0, instance:com.eagle.TestCases.LoginTest@4dbb42b7]" started-at="2022-01-09T12:39:01 IST" name="closeApplication" finished-at="2022-01-09T12:39:02 IST" duration-ms="691" status="PASS">
          <reporter-output>
          </reporter-output>
        </test-method> <!-- closeApplication -->
      </class> <!-- com.eagle.TestCases.LoginTest -->
      <class name="com.eagle.TestCases.HomeTest">
        <test-method is-config="true" signature="launchApplication()[pri:0, instance:com.eagle.TestCases.HomeTest@73e9cf30]" started-at="2022-01-09T12:35:55 IST" name="launchApplication" finished-at="2022-01-09T12:35:55 IST" duration-ms="0" status="PASS">
          <reporter-output>
          </reporter-output>
        </test-method> <!-- launchApplication -->
        <test-method is-config="true" signature="beforeClass()[pri:0, instance:com.eagle.TestCases.HomeTest@73e9cf30]" started-at="2022-01-09T12:35:55 IST" name="beforeClass" finished-at="2022-01-09T12:35:55 IST" duration-ms="19" status="PASS">
          <reporter-output>
          </reporter-output>
        </test-method> <!-- beforeClass -->
        <test-method signature="VerifyContactHelpDesk_Test()[pri:6, instance:com.eagle.TestCases.HomeTest@73e9cf30]" started-at="2022-01-09T12:35:55 IST" name="VerifyContactHelpDesk_Test" description="Verify Contact help Desk" finished-at="2022-01-09T12:36:11 IST" duration-ms="15734" status="PASS">
          <reporter-output>
          </reporter-output>
        </test-method> <!-- VerifyContactHelpDesk_Test -->
        <test-method signature="VerifyUserManual_Test()[pri:7, instance:com.eagle.TestCases.HomeTest@73e9cf30]" started-at="2022-01-09T12:36:11 IST" name="VerifyUserManual_Test" description="Verify User Manual" finished-at="2022-01-09T12:37:29 IST" duration-ms="77336" status="PASS">
          <reporter-output>
          </reporter-output>
        </test-method> <!-- VerifyUserManual_Test -->
        <test-method signature="VerifyFAQ_Test()[pri:8, instance:com.eagle.TestCases.HomeTest@73e9cf30]" started-at="2022-01-09T12:37:29 IST" name="VerifyFAQ_Test" description="Verify FAQ" finished-at="2022-01-09T12:39:01 IST" duration-ms="92399" status="PASS">
          <reporter-output>
          </reporter-output>
        </test-method> <!-- VerifyFAQ_Test -->
      </class> <!-- com.eagle.TestCases.HomeTest -->
    </test> <!-- Smoke Test cases -->
  </suite> <!-- SmokeTestingSuite -->
</testng-results>
