<?xml version="1.0" encoding="UTF-8"?>
<testng-results ignored="0" total="2" passed="2" failed="0" skipped="0">
  <reporter-output>
  </reporter-output>
  <suite started-at="2021-11-22T22:35:12 IST" name="SmokeTestingSuite" finished-at="2021-11-22T22:38:53 IST" duration-ms="221192">
    <groups>
    </groups>
    <test started-at="2021-11-22T22:35:12 IST" name="Smoke Test cases" finished-at="2021-11-22T22:38:53 IST" duration-ms="221192">
      <class name="com.eagle.TestCases.LoginTest">
        <test-method is-config="true" signature="launchApplication()[pri:0, instance:com.eagle.TestCases.LoginTest@4803b726]" started-at="2021-11-22T22:35:12 IST" name="launchApplication" finished-at="2021-11-22T22:35:18 IST" duration-ms="6132" status="PASS">
          <reporter-output>
          </reporter-output>
        </test-method> <!-- launchApplication -->
        <test-method is-config="true" signature="beforeClass()[pri:0, instance:com.eagle.TestCases.LoginTest@4803b726]" started-at="2021-11-22T22:35:18 IST" name="beforeClass" finished-at="2021-11-22T22:35:18 IST" duration-ms="19" status="PASS">
          <reporter-output>
          </reporter-output>
        </test-method> <!-- beforeClass -->
        <test-method signature="VerifyLoginPage_Test()[pri:0, instance:com.eagle.TestCases.LoginTest@4803b726]" started-at="2021-11-22T22:35:18 IST" name="VerifyLoginPage_Test" description="Login functionality verification" finished-at="2021-11-22T22:35:49 IST" duration-ms="30963" status="PASS">
          <reporter-output>
          </reporter-output>
        </test-method> <!-- VerifyLoginPage_Test -->
      </class> <!-- com.eagle.TestCases.LoginTest -->
      <class name="com.eagle.TestCases.ComparisonTest">
        <test-method is-config="true" signature="launchApplication()[pri:0, instance:com.eagle.TestCases.ComparisonTest@32502377]" started-at="2021-11-22T22:35:49 IST" name="launchApplication" finished-at="2021-11-22T22:35:49 IST" duration-ms="0" status="PASS">
          <reporter-output>
          </reporter-output>
        </test-method> <!-- launchApplication -->
        <test-method is-config="true" signature="beforeClass()[pri:0, instance:com.eagle.TestCases.ComparisonTest@32502377]" started-at="2021-11-22T22:35:49 IST" name="beforeClass" finished-at="2021-11-22T22:35:49 IST" duration-ms="424" status="PASS">
          <reporter-output>
          </reporter-output>
        </test-method> <!-- beforeClass -->
        <test-method signature="ComparisonCreateMultipleCaseCardsRunComparison_Test()[pri:14, instance:com.eagle.TestCases.ComparisonTest@32502377]" started-at="2021-11-22T22:35:49 IST" name="ComparisonCreateMultipleCaseCardsRunComparison_Test" description="Comparison - Create with multiple Case Cards and Run Comparison" finished-at="2021-11-22T22:38:53 IST" duration-ms="183627" status="PASS">
          <reporter-output>
          </reporter-output>
        </test-method> <!-- ComparisonCreateMultipleCaseCardsRunComparison_Test -->
      </class> <!-- com.eagle.TestCases.ComparisonTest -->
    </test> <!-- Smoke Test cases -->
  </suite> <!-- SmokeTestingSuite -->
</testng-results>
