<?xml version="1.0" encoding="UTF-8"?>
<testng-results ignored="4" total="10" passed="6" failed="0" skipped="0">
  <reporter-output>
  </reporter-output>
  <suite started-at="2021-12-24T13:15:10 IST" name="SmokeTestingSuite" finished-at="2021-12-24T13:22:17 IST" duration-ms="426888">
    <groups>
    </groups>
    <test started-at="2021-12-24T13:15:10 IST" name="Smoke Test cases" finished-at="2021-12-24T13:22:17 IST" duration-ms="426888">
      <class name="com.eagle.TestCases.LoginTest">
        <test-method is-config="true" signature="launchApplication()[pri:0, instance:com.eagle.TestCases.LoginTest@1e1a0406]" started-at="2021-12-24T13:15:10 IST" name="launchApplication" finished-at="2021-12-24T13:15:20 IST" duration-ms="9152" status="PASS">
          <reporter-output>
          </reporter-output>
        </test-method> <!-- launchApplication -->
        <test-method is-config="true" signature="beforeClass()[pri:0, instance:com.eagle.TestCases.LoginTest@1e1a0406]" started-at="2021-12-24T13:15:20 IST" name="beforeClass" finished-at="2021-12-24T13:15:20 IST" duration-ms="27" status="PASS">
          <reporter-output>
          </reporter-output>
        </test-method> <!-- beforeClass -->
        <test-method signature="VerifyLoginPage_Test()[pri:0, instance:com.eagle.TestCases.LoginTest@1e1a0406]" started-at="2021-12-24T13:15:20 IST" name="VerifyLoginPage_Test" description="Login with valid credentials" finished-at="2021-12-24T13:15:46 IST" duration-ms="26842" status="PASS">
          <reporter-output>
          </reporter-output>
        </test-method> <!-- VerifyLoginPage_Test -->
        <test-method is-config="true" signature="closeApplication()[pri:0, instance:com.eagle.TestCases.LoginTest@1e1a0406]" started-at="2021-12-24T13:22:18 IST" name="closeApplication" finished-at="2021-12-24T13:22:18 IST" duration-ms="0" status="PASS">
          <reporter-output>
          </reporter-output>
        </test-method> <!-- closeApplication -->
      </class> <!-- com.eagle.TestCases.LoginTest -->
      <class name="com.eagle.TestCases.SetTest">
        <test-method is-config="true" signature="beforeClass()[pri:0, instance:com.eagle.TestCases.SetTest@534a5a98]" started-at="2021-12-24T13:15:46 IST" name="beforeClass" finished-at="2021-12-24T13:15:47 IST" duration-ms="405" status="PASS">
          <reporter-output>
          </reporter-output>
        </test-method> <!-- beforeClass -->
        <test-method is-config="true" signature="launchApplication()[pri:0, instance:com.eagle.TestCases.SetTest@534a5a98]" started-at="2021-12-24T13:15:46 IST" name="launchApplication" finished-at="2021-12-24T13:15:46 IST" duration-ms="0" status="PASS">
          <reporter-output>
          </reporter-output>
        </test-method> <!-- launchApplication -->
        <test-method signature="SetExpandAddFromFile_Test()[pri:7, instance:com.eagle.TestCases.SetTest@534a5a98]" started-at="2021-12-24T13:15:47 IST" name="SetExpandAddFromFile_Test" description="Set - Expand and add items from File" finished-at="2021-12-24T13:18:38 IST" duration-ms="170941" status="PASS">
          <reporter-output>
          </reporter-output>
        </test-method> <!-- SetExpandAddFromFile_Test -->
      </class> <!-- com.eagle.TestCases.SetTest -->
      <class name="com.eagle.TestCases.LogoutTest">
        <test-method is-config="true" signature="launchApplication()[pri:0, instance:com.eagle.TestCases.LogoutTest@130c12b7]" started-at="2021-12-24T13:22:10 IST" name="launchApplication" finished-at="2021-12-24T13:22:10 IST" duration-ms="1" status="PASS">
          <reporter-output>
          </reporter-output>
        </test-method> <!-- launchApplication -->
        <test-method is-config="true" signature="beforeClass()[pri:0, instance:com.eagle.TestCases.LogoutTest@130c12b7]" started-at="2021-12-24T13:22:10 IST" name="beforeClass" finished-at="2021-12-24T13:22:10 IST" duration-ms="10" status="PASS">
          <reporter-output>
          </reporter-output>
        </test-method> <!-- beforeClass -->
        <test-method signature="VerifyLogout_Test()[pri:0, instance:com.eagle.TestCases.LogoutTest@130c12b7]" started-at="2021-12-24T13:22:10 IST" name="VerifyLogout_Test" description="Logout functionality verification" finished-at="2021-12-24T13:22:17 IST" duration-ms="6690" status="PASS">
          <reporter-output>
          </reporter-output>
        </test-method> <!-- VerifyLogout_Test -->
        <test-method is-config="true" signature="afterClass()[pri:0, instance:com.eagle.TestCases.LogoutTest@130c12b7]" started-at="2021-12-24T13:22:17 IST" name="afterClass" finished-at="2021-12-24T13:22:17 IST" duration-ms="648" status="PASS">
          <reporter-output>
          </reporter-output>
        </test-method> <!-- afterClass -->
      </class> <!-- com.eagle.TestCases.LogoutTest -->
      <class name="com.eagle.TestCases.ComparisonTest">
        <test-method is-config="true" signature="beforeClass()[pri:0, instance:com.eagle.TestCases.ComparisonTest@121314f7]" started-at="2021-12-24T13:18:59 IST" name="beforeClass" finished-at="2021-12-24T13:19:00 IST" duration-ms="262" status="PASS">
          <reporter-output>
          </reporter-output>
        </test-method> <!-- beforeClass -->
        <test-method is-config="true" signature="launchApplication()[pri:0, instance:com.eagle.TestCases.ComparisonTest@121314f7]" started-at="2021-12-24T13:18:59 IST" name="launchApplication" finished-at="2021-12-24T13:18:59 IST" duration-ms="0" status="PASS">
          <reporter-output>
          </reporter-output>
        </test-method> <!-- launchApplication -->
        <test-method signature="CreateComparisonFromFile_Test()[pri:2, instance:com.eagle.TestCases.ComparisonTest@121314f7]" started-at="2021-12-24T13:19:00 IST" name="CreateComparisonFromFile_Test" description="Create Comparison From File" finished-at="2021-12-24T13:19:23 IST" duration-ms="23921" status="PASS">
          <reporter-output>
          </reporter-output>
        </test-method> <!-- CreateComparisonFromFile_Test -->
        <test-method signature="ComparisonExpandAddFromFile_Test()[pri:12, instance:com.eagle.TestCases.ComparisonTest@121314f7]" started-at="2021-12-24T13:19:23 IST" name="ComparisonExpandAddFromFile_Test" description="Comparison - Expand and add items from File" finished-at="2021-12-24T13:22:10 IST" duration-ms="166437" status="PASS">
          <reporter-output>
          </reporter-output>
        </test-method> <!-- ComparisonExpandAddFromFile_Test -->
      </class> <!-- com.eagle.TestCases.ComparisonTest -->
      <class name="com.eagle.TestCases.ExplorationTest">
        <test-method is-config="true" signature="beforeClass()[pri:0, instance:com.eagle.TestCases.ExplorationTest@60bd273d]" started-at="2021-12-24T13:18:38 IST" name="beforeClass" finished-at="2021-12-24T13:18:38 IST" duration-ms="287" status="PASS">
          <reporter-output>
          </reporter-output>
        </test-method> <!-- beforeClass -->
        <test-method is-config="true" signature="launchApplication()[pri:0, instance:com.eagle.TestCases.ExplorationTest@60bd273d]" started-at="2021-12-24T13:18:38 IST" name="launchApplication" finished-at="2021-12-24T13:18:38 IST" duration-ms="0" status="PASS">
          <reporter-output>
          </reporter-output>
        </test-method> <!-- launchApplication -->
        <test-method signature="CreateExplorationFromFile_Test()[pri:3, instance:com.eagle.TestCases.ExplorationTest@60bd273d]" started-at="2021-12-24T13:18:38 IST" name="CreateExplorationFromFile_Test" description="Create Exploration From File After clicking From Search" finished-at="2021-12-24T13:18:59 IST" duration-ms="21219" status="PASS">
          <reporter-output>
          </reporter-output>
        </test-method> <!-- CreateExplorationFromFile_Test -->
      </class> <!-- com.eagle.TestCases.ExplorationTest -->
    </test> <!-- Smoke Test cases -->
  </suite> <!-- SmokeTestingSuite -->
</testng-results>
