<?xml version="1.0" encoding="UTF-8"?>
<testng-results ignored="2" total="6" passed="4" failed="0" skipped="0">
  <reporter-output>
  </reporter-output>
  <suite started-at="2022-01-05T22:24:06 IST" name="SmokeTestingSuite" finished-at="2022-01-05T22:31:05 IST" duration-ms="419134">
    <groups>
    </groups>
    <test started-at="2022-01-05T22:24:06 IST" name="Smoke Test cases" finished-at="2022-01-05T22:31:05 IST" duration-ms="419134">
      <class name="com.eagle.TestCases.LoginTest">
        <test-method is-config="true" signature="launchApplication()[pri:0, instance:com.eagle.TestCases.LoginTest@36916eb0]" started-at="2022-01-05T22:24:06 IST" name="launchApplication" finished-at="2022-01-05T22:24:15 IST" duration-ms="9175" status="PASS">
          <reporter-output>
          </reporter-output>
        </test-method> <!-- launchApplication -->
        <test-method is-config="true" signature="beforeClass()[pri:0, instance:com.eagle.TestCases.LoginTest@36916eb0]" started-at="2022-01-05T22:24:15 IST" name="beforeClass" finished-at="2022-01-05T22:24:15 IST" duration-ms="37" status="PASS">
          <reporter-output>
          </reporter-output>
        </test-method> <!-- beforeClass -->
        <test-method signature="VerifyLoginPage_Test()[pri:0, instance:com.eagle.TestCases.LoginTest@36916eb0]" started-at="2022-01-05T22:24:15 IST" name="VerifyLoginPage_Test" description="Login with valid credentials" finished-at="2022-01-05T22:25:46 IST" duration-ms="90452" status="PASS">
          <reporter-output>
          </reporter-output>
        </test-method> <!-- VerifyLoginPage_Test -->
        <test-method is-config="true" signature="closeApplication()[pri:0, instance:com.eagle.TestCases.LoginTest@36916eb0]" started-at="2022-01-05T22:31:06 IST" name="closeApplication" finished-at="2022-01-05T22:31:06 IST" duration-ms="0" status="PASS">
          <reporter-output>
          </reporter-output>
        </test-method> <!-- closeApplication -->
      </class> <!-- com.eagle.TestCases.LoginTest -->
      <class name="com.eagle.TestCases.LogoutTest">
        <test-method is-config="true" signature="launchApplication()[pri:0, instance:com.eagle.TestCases.LogoutTest@942a29c]" started-at="2022-01-05T22:30:58 IST" name="launchApplication" finished-at="2022-01-05T22:30:58 IST" duration-ms="0" status="PASS">
          <reporter-output>
          </reporter-output>
        </test-method> <!-- launchApplication -->
        <test-method is-config="true" signature="beforeClass()[pri:0, instance:com.eagle.TestCases.LogoutTest@942a29c]" started-at="2022-01-05T22:30:58 IST" name="beforeClass" finished-at="2022-01-05T22:30:58 IST" duration-ms="3" status="PASS">
          <reporter-output>
          </reporter-output>
        </test-method> <!-- beforeClass -->
        <test-method signature="VerifyLogout_Test()[pri:0, instance:com.eagle.TestCases.LogoutTest@942a29c]" started-at="2022-01-05T22:30:58 IST" name="VerifyLogout_Test" description="Logout functionality verification" finished-at="2022-01-05T22:31:05 IST" duration-ms="6187" status="PASS">
          <reporter-output>
          </reporter-output>
        </test-method> <!-- VerifyLogout_Test -->
        <test-method is-config="true" signature="afterClass()[pri:0, instance:com.eagle.TestCases.LogoutTest@942a29c]" started-at="2022-01-05T22:31:05 IST" name="afterClass" finished-at="2022-01-05T22:31:05 IST" duration-ms="697" status="PASS">
          <reporter-output>
          </reporter-output>
        </test-method> <!-- afterClass -->
      </class> <!-- com.eagle.TestCases.LogoutTest -->
      <class name="com.eagle.TestCases.ExplorationTest">
        <test-method is-config="true" signature="launchApplication()[pri:0, instance:com.eagle.TestCases.ExplorationTest@3527942a]" started-at="2022-01-05T22:25:46 IST" name="launchApplication" finished-at="2022-01-05T22:25:46 IST" duration-ms="0" status="PASS">
          <reporter-output>
          </reporter-output>
        </test-method> <!-- launchApplication -->
        <test-method is-config="true" signature="beforeClass()[pri:0, instance:com.eagle.TestCases.ExplorationTest@3527942a]" started-at="2022-01-05T22:25:46 IST" name="beforeClass" finished-at="2022-01-05T22:25:46 IST" duration-ms="375" status="PASS">
          <reporter-output>
          </reporter-output>
        </test-method> <!-- beforeClass -->
        <test-method signature="ExplorationCreateARelationCard_Test()[pri:11, instance:com.eagle.TestCases.ExplorationTest@3527942a]" started-at="2022-01-05T22:25:46 IST" name="ExplorationCreateARelationCard_Test" description="Exploration - Create with one additional relation Card" finished-at="2022-01-05T22:27:18 IST" duration-ms="91418" status="PASS">
          <reporter-output>
          </reporter-output>
        </test-method> <!-- ExplorationCreateARelationCard_Test -->
        <test-method signature="ExplorationCreateTwoRelationCard_Test()[pri:12, instance:com.eagle.TestCases.ExplorationTest@3527942a]" started-at="2022-01-05T22:27:18 IST" name="ExplorationCreateTwoRelationCard_Test" description="Exploration - Create with 2 additional relation Card" finished-at="2022-01-05T22:30:58 IST" duration-ms="220754" status="PASS">
          <reporter-output>
          </reporter-output>
        </test-method> <!-- ExplorationCreateTwoRelationCard_Test -->
      </class> <!-- com.eagle.TestCases.ExplorationTest -->
    </test> <!-- Smoke Test cases -->
  </suite> <!-- SmokeTestingSuite -->
</testng-results>
