<?xml version="1.0" encoding="UTF-8"?>
<!-- Generated by org.testng.reporters.JUnitReportReporter -->
<testsuite hostname="Mugunth-DESKTOP-8V8CNVQ" failures="0" tests="17" name="com.eagle.TestCases.ExplorationTest" time="0.002" errors="1" timestamp="2021-11-18T12:54:44 IST" skipped="16">
  <testcase classname="com.eagle.TestCases.ExplorationTest" name="CreateExplorationFromSearch_Test" time="0.000">
    <skipped/>
  </testcase> <!-- CreateExplorationFromSearch_Test -->
  <system-out/>
  <testcase classname="com.eagle.TestCases.ExplorationTest" name="beforeClass" time="0.002">
    <error type="java.lang.NullPointerException">
      <![CDATA[java.lang.NullPointerException
at java.base/java.util.Objects.requireNonNull(Objects.java:208)
at org.openqa.selenium.support.ui.FluentWait.<init>(FluentWait.java:115)
at org.openqa.selenium.support.ui.WebDriverWait.<init>(WebDriverWait.java:102)
at org.openqa.selenium.support.ui.WebDriverWait.<init>(WebDriverWait.java:45)
at com.eagle.pages.ExplorationPage.<init>(ExplorationPage.java:264)
at com.eagle.TestCases.ExplorationTest.beforeClass(ExplorationTest.java:18)
at java.base/jdk.internal.reflect.NativeMethodAccessorImpl.invoke0(Native Method)
at java.base/jdk.internal.reflect.NativeMethodAccessorImpl.invoke(NativeMethodAccessorImpl.java:64)
at java.base/jdk.internal.reflect.DelegatingMethodAccessorImpl.invoke(DelegatingMethodAccessorImpl.java:43)
at java.base/java.lang.reflect.Method.invoke(Method.java:564)
at org.testng.internal.MethodInvocationHelper.invokeMethod(MethodInvocationHelper.java:133)
at org.testng.internal.MethodInvocationHelper.invokeMethodConsideringTimeout(MethodInvocationHelper.java:62)
at org.testng.internal.ConfigInvoker.invokeConfigurationMethod(ConfigInvoker.java:385)
at org.testng.internal.ConfigInvoker.invokeConfigurations(ConfigInvoker.java:321)
at org.testng.internal.TestMethodWorker.invokeBeforeClassMethods(TestMethodWorker.java:176)
at org.testng.internal.TestMethodWorker.run(TestMethodWorker.java:122)
at java.base/java.util.ArrayList.forEach(ArrayList.java:1511)
at org.testng.TestRunner.privateRun(TestRunner.java:794)
at org.testng.TestRunner.run(TestRunner.java:596)
at org.testng.SuiteRunner.runTest(SuiteRunner.java:377)
at org.testng.SuiteRunner.runSequentially(SuiteRunner.java:371)
at org.testng.SuiteRunner.privateRun(SuiteRunner.java:332)
at org.testng.SuiteRunner.run(SuiteRunner.java:276)
at org.testng.SuiteRunnerWorker.runSuite(SuiteRunnerWorker.java:53)
at org.testng.SuiteRunnerWorker.run(SuiteRunnerWorker.java:96)
at org.testng.TestNG.runSuitesSequentially(TestNG.java:1212)
at org.testng.TestNG.runSuitesLocally(TestNG.java:1134)
at org.testng.TestNG.runSuites(TestNG.java:1063)
at org.testng.TestNG.run(TestNG.java:1031)
at org.testng.remote.AbstractRemoteTestNG.run(AbstractRemoteTestNG.java:115)
at org.testng.remote.RemoteTestNG.initAndRun(RemoteTestNG.java:251)
at org.testng.remote.RemoteTestNG.main(RemoteTestNG.java:77)
]]>
    </error>
  </testcase> <!-- beforeClass -->
  <system-out/>
  <testcase classname="com.eagle.TestCases.ExplorationTest" name="CreateExplorationFromSetInitally_Test" time="0.000">
    <skipped/>
  </testcase> <!-- CreateExplorationFromSetInitally_Test -->
  <system-out/>
  <testcase classname="com.eagle.TestCases.ExplorationTest" name="CreateExplorationFromSet_Test" time="0.000">
    <skipped/>
  </testcase> <!-- CreateExplorationFromSet_Test -->
  <system-out/>
  <testcase classname="com.eagle.TestCases.ExplorationTest" name="CreateExplorationFromFile_Test" time="0.000">
    <skipped/>
  </testcase> <!-- CreateExplorationFromFile_Test -->
  <system-out/>
  <testcase classname="com.eagle.TestCases.ExplorationTest" name="SearchInExplorationExpand_Test" time="0.000">
    <skipped/>
  </testcase> <!-- SearchInExplorationExpand_Test -->
  <system-out/>
  <testcase classname="com.eagle.TestCases.ExplorationTest" name="DeleteCardInExplorationExpand_Test" time="0.000">
    <skipped/>
  </testcase> <!-- DeleteCardInExplorationExpand_Test -->
  <system-out/>
  <testcase classname="com.eagle.TestCases.ExplorationTest" name="DeleteExplorationFirstCard_Test" time="0.000">
    <skipped/>
  </testcase> <!-- DeleteExplorationFirstCard_Test -->
  <system-out/>
  <testcase classname="com.eagle.TestCases.ExplorationTest" name="DeleteExplorationSecondCard_Test" time="0.000">
    <skipped/>
  </testcase> <!-- DeleteExplorationSecondCard_Test -->
  <system-out/>
  <testcase classname="com.eagle.TestCases.ExplorationTest" name="ExplorationExpandAddFromCatalog_Test" time="0.000">
    <skipped/>
  </testcase> <!-- ExplorationExpandAddFromCatalog_Test -->
  <system-out/>
  <testcase classname="com.eagle.TestCases.ExplorationTest" name="ExplorationExpandAddFromSet_Test" time="0.000">
    <skipped/>
  </testcase> <!-- ExplorationExpandAddFromSet_Test -->
  <system-out/>
  <testcase classname="com.eagle.TestCases.ExplorationTest" name="ExplorationExpandAddFromFile_Test" time="0.000">
    <skipped/>
  </testcase> <!-- ExplorationExpandAddFromFile_Test -->
  <system-out/>
  <testcase classname="com.eagle.TestCases.ExplorationTest" name="ExplorationCreateARelationCard_Test" time="0.000">
    <skipped/>
  </testcase> <!-- ExplorationCreateARelationCard_Test -->
  <system-out/>
  <testcase classname="com.eagle.TestCases.ExplorationTest" name="CreateAndDeleteExploration_Test" time="0.000">
    <skipped/>
  </testcase> <!-- CreateAndDeleteExploration_Test -->
  <system-out/>
  <testcase classname="com.eagle.TestCases.ExplorationTest" name="CreateAndShareExploration_Test" time="0.000">
    <skipped/>
  </testcase> <!-- CreateAndShareExploration_Test -->
  <system-out/>
  <testcase classname="com.eagle.TestCases.ExplorationTest" name="DeleteExploration_Test" time="0.000">
    <skipped/>
  </testcase> <!-- DeleteExploration_Test -->
  <system-out/>
  <testcase classname="com.eagle.TestCases.ExplorationTest" name="ShareExploration_Test" time="0.000">
    <skipped/>
  </testcase> <!-- ShareExploration_Test -->
  <system-out/>
</testsuite> <!-- com.eagle.TestCases.ExplorationTest -->
